#
# There is insufficient memory for the Java Runtime Environment to continue.
# Native memory allocation (malloc) failed to allocate 2026736 bytes for Chunk::new
# Possible reasons:
#   The system is out of physical RAM or swap space
#   The process is running with CompressedOops enabled, and the Java Heap may be blocking the growth of the native heap
# Possible solutions:
#   Reduce memory load on the system
#   Increase physical memory or swap space
#   Check if swap backing store is full
#   Decrease Java heap size (-Xmx/-Xms)
#   Decrease number of Java threads
#   Decrease Java thread stack sizes (-Xss)
#   Set larger code cache with -XX:ReservedCodeCacheSize=
#   JVM is running with Unscaled Compressed Oops mode in which the Java heap is
#     placed in the first 4GB address space. The Java Heap base address is the
#     maximum limit for the native heap growth. Please use -XX:HeapBaseMinAddress
#     to set the Java Heap base and to place the Java Heap above 4GB virtual address.
# This output file may be truncated or incomplete.
#
#  Out of Memory Error (arena.cpp:189), pid=7700, tid=2100
#
# JRE version: Java(TM) SE Runtime Environment (17.0.12+8) (build 17.0.12+8-LTS-286)
# Java VM: Java HotSpot(TM) 64-Bit Server VM (17.0.12+8-LTS-286, mixed mode, sharing, tiered, compressed oops, compressed class ptrs, g1 gc, windows-amd64)
# No core dump will be written. Minidumps are not enabled by default on client versions of Windows
#

---------------  S U M M A R Y ------------

Command Line: --add-opens=java.base/java.lang=ALL-UNNAMED --add-opens=java.base/java.lang.invoke=ALL-UNNAMED --add-opens=java.base/java.util=ALL-UNNAMED --add-opens=java.prefs/java.util.prefs=ALL-UNNAMED --add-exports=jdk.compiler/com.sun.tools.javac.api=ALL-UNNAMED --add-exports=jdk.compiler/com.sun.tools.javac.util=ALL-UNNAMED --add-opens=java.base/java.util=ALL-UNNAMED --add-opens=java.prefs/java.util.prefs=ALL-UNNAMED --add-opens=java.base/java.nio.charset=ALL-UNNAMED --add-opens=java.base/java.net=ALL-UNNAMED --add-opens=java.base/java.util.concurrent.atomic=ALL-UNNAMED --add-opens=java.xml/javax.xml.namespace=ALL-UNNAMED -Xmx2048m -Dfile.encoding=UTF-8 -Duser.country=ID -Duser.language=en -Duser.variant -javaagent:C:\Users\Ari Awaludin\.gradle\wrapper\dists\gradle-8.11.1-bin\bpt9gzteqjrbo1mjrsomdt32c\gradle-8.11.1\lib\agents\gradle-instrumentation-agent-8.11.1.jar org.gradle.launcher.daemon.bootstrap.GradleDaemon 8.11.1

Host: AMD Ryzen 5 5500U with Radeon Graphics         , 12 cores, 7G,  Windows 11 , 64 bit Build 26100 (10.0.26100.3775)
Time: Sun Apr 13 23:26:11 2025 SE Asia Standard Time elapsed time: 7.605288 seconds (0d 0h 0m 7s)

---------------  T H R E A D  ---------------

Current thread (0x0000029a7b39e890):  JavaThread "C2 CompilerThread1" daemon [_thread_in_native, id=2100, stack(0x000000c545200000,0x000000c545300000)]


Current CompileTask:
C2:   7605 2452   !   4       java.lang.ClassLoader::loadClass (121 bytes)

Stack: [0x000000c545200000,0x000000c545300000]
Native frames: (J=compiled Java code, j=interpreted, Vv=VM code, C=native code)
V  [jvm.dll+0x67a04a]
V  [jvm.dll+0x7da4ed]
V  [jvm.dll+0x7dbe33]
V  [jvm.dll+0x7dc4a3]
V  [jvm.dll+0x24508f]
V  [jvm.dll+0xab773]
V  [jvm.dll+0xabd3c]
V  [jvm.dll+0x361b9f]
V  [jvm.dll+0x32c431]
V  [jvm.dll+0x32b8ca]
V  [jvm.dll+0x21683f]
V  [jvm.dll+0x215c6f]
V  [jvm.dll+0x1a2960]
V  [jvm.dll+0x22610b]
V  [jvm.dll+0x2242ab]
V  [jvm.dll+0x79075c]
V  [jvm.dll+0x78abea]
V  [jvm.dll+0x678f35]
C  [ucrtbase.dll+0x37b0]
C  [KERNEL32.DLL+0x2e8d7]
C  [ntdll.dll+0xb14fc]


---------------  P R O C E S S  ---------------

Threads class SMR info:
_java_thread_list=0x0000029a7c044010, length=26, elements={
0x0000029a15dcc050, 0x0000029a34c640b0, 0x0000029a34c64b80, 0x0000029a34c7e3c0,
0x0000029a34c80ca0, 0x0000029a34c81570, 0x0000029a34c81e40, 0x0000029a34c85310,
0x0000029a34c85cd0, 0x0000029a34c875f0, 0x0000029a34c527d0, 0x0000029a7a231c00,
0x0000029a7b39e890, 0x0000029a7bee4290, 0x0000029a7ac5e990, 0x0000029a7b792550,
0x0000029a7bb17df0, 0x0000029a7beae860, 0x0000029a7beade40, 0x0000029a7bead930,
0x0000029a7beae350, 0x0000029a7beaed70, 0x0000029a7beaf280, 0x0000029a7beaf790,
0x0000029a7bead420, 0x0000029a7beabfe0
}

Java Threads: ( => current thread )
  0x0000029a15dcc050 JavaThread "main" [_thread_blocked, id=21136, stack(0x000000c543f00000,0x000000c544000000)]
  0x0000029a34c640b0 JavaThread "Reference Handler" daemon [_thread_blocked, id=13284, stack(0x000000c544600000,0x000000c544700000)]
  0x0000029a34c64b80 JavaThread "Finalizer" daemon [_thread_blocked, id=20976, stack(0x000000c544700000,0x000000c544800000)]
  0x0000029a34c7e3c0 JavaThread "Signal Dispatcher" daemon [_thread_blocked, id=22952, stack(0x000000c544800000,0x000000c544900000)]
  0x0000029a34c80ca0 JavaThread "Attach Listener" daemon [_thread_blocked, id=20392, stack(0x000000c544900000,0x000000c544a00000)]
  0x0000029a34c81570 JavaThread "Service Thread" daemon [_thread_blocked, id=22144, stack(0x000000c544a00000,0x000000c544b00000)]
  0x0000029a34c81e40 JavaThread "Monitor Deflation Thread" daemon [_thread_blocked, id=20736, stack(0x000000c544b00000,0x000000c544c00000)]
  0x0000029a34c85310 JavaThread "C2 CompilerThread0" daemon [_thread_blocked, id=6192, stack(0x000000c544c00000,0x000000c544d00000)]
  0x0000029a34c85cd0 JavaThread "C1 CompilerThread0" daemon [_thread_blocked, id=23040, stack(0x000000c544d00000,0x000000c544e00000)]
  0x0000029a34c875f0 JavaThread "Sweeper thread" daemon [_thread_blocked, id=9176, stack(0x000000c544e00000,0x000000c544f00000)]
  0x0000029a34c527d0 JavaThread "Common-Cleaner" daemon [_thread_blocked, id=2212, stack(0x000000c544f00000,0x000000c545000000)]
  0x0000029a7a231c00 JavaThread "Notification Thread" daemon [_thread_blocked, id=21268, stack(0x000000c545000000,0x000000c545100000)]
=>0x0000029a7b39e890 JavaThread "C2 CompilerThread1" daemon [_thread_in_native, id=2100, stack(0x000000c545200000,0x000000c545300000)]
  0x0000029a7bee4290 JavaThread "Daemon health stats" [_thread_blocked, id=12172, stack(0x000000c545700000,0x000000c545800000)]
  0x0000029a7ac5e990 JavaThread "Incoming local TCP Connector on port 60589" [_thread_in_native, id=21836, stack(0x000000c545800000,0x000000c545900000)]
  0x0000029a7b792550 JavaThread "Daemon periodic checks" [_thread_blocked, id=16932, stack(0x000000c545900000,0x000000c545a00000)]
  0x0000029a7bb17df0 JavaThread "Daemon" [_thread_blocked, id=18296, stack(0x000000c545a00000,0x000000c545b00000)]
  0x0000029a7beae860 JavaThread "Handler for socket connection from /127.0.0.1:60589 to /127.0.0.1:60590" [_thread_in_native, id=4188, stack(0x000000c545b00000,0x000000c545c00000)]
  0x0000029a7beade40 JavaThread "Cancel handler" [_thread_blocked, id=18640, stack(0x000000c545c00000,0x000000c545d00000)]
  0x0000029a7bead930 JavaThread "Daemon worker" [_thread_in_vm, id=16632, stack(0x000000c545d00000,0x000000c545e00000)] _threads_hazard_ptr=0x0000029a7c044010
  0x0000029a7beae350 JavaThread "Asynchronous log dispatcher for DefaultDaemonConnection: socket connection from /127.0.0.1:60589 to /127.0.0.1:60590" [_thread_blocked, id=19208, stack(0x000000c545e00000,0x000000c545f00000)]
  0x0000029a7beaed70 JavaThread "Stdin handler" [_thread_blocked, id=2208, stack(0x000000c545f00000,0x000000c546000000)]
  0x0000029a7beaf280 JavaThread "Daemon client event forwarder" [_thread_blocked, id=19584, stack(0x000000c546000000,0x000000c546100000)]
  0x0000029a7beaf790 JavaThread "Cache worker for journal cache (C:\Users\Ari Awaludin\.gradle\caches\journal-1)" [_thread_blocked, id=7268, stack(0x000000c546100000,0x000000c546200000)]
  0x0000029a7bead420 JavaThread "File lock request listener" [_thread_in_native, id=22232, stack(0x000000c546200000,0x000000c546300000)]
  0x0000029a7beabfe0 JavaThread "Cache worker for file hash cache (C:\Users\Ari Awaludin\.gradle\caches\8.11.1\fileHashes)" [_thread_blocked, id=1876, stack(0x000000c546300000,0x000000c546400000)]

Other Threads:
  0x0000029a34c61a40 VMThread "VM Thread" [stack: 0x000000c544500000,0x000000c544600000] [id=15456]
  0x0000029a15e4f910 WatcherThread [stack: 0x000000c545100000,0x000000c545200000] [id=8824]
  0x0000029a143fe870 GCTaskThread "GC Thread#0" [stack: 0x000000c544000000,0x000000c544100000] [id=13104]
  0x0000029a7a239300 GCTaskThread "GC Thread#1" [stack: 0x000000c545300000,0x000000c545400000] [id=17400]
  0x0000029a7a7aeaa0 GCTaskThread "GC Thread#2" [stack: 0x000000c545400000,0x000000c545500000] [id=5400]
  0x0000029a7b6eb1e0 GCTaskThread "GC Thread#3" [stack: 0x000000c545500000,0x000000c545600000] [id=8]
  0x0000029a7b524f00 GCTaskThread "GC Thread#4" [stack: 0x000000c545600000,0x000000c545700000] [id=23128]
  0x0000029a15e37a20 ConcurrentGCThread "G1 Main Marker" [stack: 0x000000c544100000,0x000000c544200000] [id=20256]
  0x0000029a15e38340 ConcurrentGCThread "G1 Conc#0" [stack: 0x000000c544200000,0x000000c544300000] [id=5648]
  0x0000029a34b130d0 ConcurrentGCThread "G1 Refine#0" [stack: 0x000000c544300000,0x000000c544400000] [id=8472]
  0x0000029a34b138b0 ConcurrentGCThread "G1 Service" [stack: 0x000000c544400000,0x000000c544500000] [id=2680]

Threads with active compile tasks:
C2 CompilerThread1     7631 2452   !   4       java.lang.ClassLoader::loadClass (121 bytes)

VM state: not at safepoint (normal execution)

VM Mutex/Monitor currently owned by a thread: None

Heap address: 0x0000000080000000, size: 2048 MB, Compressed Oops mode: 32-bit

CDS archive(s) mapped at: [0x0000029a35000000-0x0000029a35bd0000-0x0000029a35bd0000), size 12386304, SharedBaseAddress: 0x0000029a35000000, ArchiveRelocationMode: 1.
Compressed class space mapped at: 0x0000029a36000000-0x0000029a76000000, reserved size: 1073741824
Narrow klass base: 0x0000029a35000000, Narrow klass shift: 0, Narrow klass range: 0x100000000

GC Precious Log:
 CPUs: 12 total, 12 available
 Memory: 7502M
 Large Page Support: Disabled
 NUMA Support: Disabled
 Compressed Oops: Enabled (32-bit)
 Heap Region Size: 1M
 Heap Min Capacity: 8M
 Heap Initial Capacity: 118M
 Heap Max Capacity: 2G
 Pre-touch: Disabled
 Parallel Workers: 10
 Concurrent Workers: 3
 Concurrent Refinement Workers: 10
 Periodic GC: Disabled

Heap:
 garbage-first heap   total 120832K, used 81782K [0x0000000080000000, 0x0000000100000000)
  region size 1024K, 69 young (70656K), 5 survivors (5120K)
 Metaspace       used 16066K, committed 16320K, reserved 1114112K
  class space    used 2231K, committed 2368K, reserved 1048576K

Heap Regions: E=young(eden), S=young(survivor), O=old, HS=humongous(starts), HC=humongous(continues), CS=collection set, F=free, OA=open archive, CA=closed archive, TAMS=top-at-mark-start (previous, next)
|   0|0x0000000080000000, 0x0000000080100000, 0x0000000080100000|100%| O|  |TAMS 0x0000000080000000, 0x0000000080000000| Untracked 
|   1|0x0000000080100000, 0x0000000080200000, 0x0000000080200000|100%|HS|  |TAMS 0x0000000080100000, 0x0000000080100000| Complete 
|   2|0x0000000080200000, 0x0000000080300000, 0x0000000080300000|100%|HC|  |TAMS 0x0000000080200000, 0x0000000080200000| Complete 
|   3|0x0000000080300000, 0x0000000080400000, 0x0000000080400000|100%|HC|  |TAMS 0x0000000080300000, 0x0000000080300000| Complete 
|   4|0x0000000080400000, 0x0000000080500000, 0x0000000080500000|100%| O|  |TAMS 0x0000000080400000, 0x0000000080400000| Untracked 
|   5|0x0000000080500000, 0x0000000080600000, 0x0000000080600000|100%| O|  |TAMS 0x0000000080500000, 0x0000000080500000| Untracked 
|   6|0x0000000080600000, 0x0000000080700000, 0x0000000080700000|100%| O|  |TAMS 0x0000000080600000, 0x0000000080600000| Untracked 
|   7|0x0000000080700000, 0x0000000080800000, 0x0000000080800000|100%|HS|  |TAMS 0x0000000080700000, 0x0000000080700000| Complete 
|   8|0x0000000080800000, 0x0000000080800000, 0x0000000080900000|  0%| F|  |TAMS 0x0000000080800000, 0x0000000080800000| Untracked 
|   9|0x0000000080900000, 0x0000000080a00000, 0x0000000080a00000|100%| O|  |TAMS 0x0000000080900000, 0x0000000080900000| Untracked 
|  10|0x0000000080a00000, 0x0000000080b00000, 0x0000000080b00000|100%| O|  |TAMS 0x0000000080a00000, 0x0000000080a00000| Untracked 
|  11|0x0000000080b00000, 0x0000000080c00000, 0x0000000080c00000|100%| O|  |TAMS 0x0000000080b00000, 0x0000000080b00000| Untracked 
|  12|0x0000000080c00000, 0x0000000080d00000, 0x0000000080d00000|100%| O|  |TAMS 0x0000000080c00000, 0x0000000080c00000| Untracked 
|  13|0x0000000080d00000, 0x0000000080d3e400, 0x0000000080e00000| 24%| O|  |TAMS 0x0000000080d00000, 0x0000000080d00000| Untracked 
|  14|0x0000000080e00000, 0x0000000080e00000, 0x0000000080f00000|  0%| F|  |TAMS 0x0000000080e00000, 0x0000000080e00000| Untracked 
|  15|0x0000000080f00000, 0x0000000080f00000, 0x0000000081000000|  0%| F|  |TAMS 0x0000000080f00000, 0x0000000080f00000| Untracked 
|  16|0x0000000081000000, 0x0000000081000000, 0x0000000081100000|  0%| F|  |TAMS 0x0000000081000000, 0x0000000081000000| Untracked 
|  17|0x0000000081100000, 0x0000000081100000, 0x0000000081200000|  0%| F|  |TAMS 0x0000000081100000, 0x0000000081100000| Untracked 
|  18|0x0000000081200000, 0x0000000081200000, 0x0000000081300000|  0%| F|  |TAMS 0x0000000081200000, 0x0000000081200000| Untracked 
|  19|0x0000000081300000, 0x0000000081300000, 0x0000000081400000|  0%| F|  |TAMS 0x0000000081300000, 0x0000000081300000| Untracked 
|  20|0x0000000081400000, 0x0000000081400000, 0x0000000081500000|  0%| F|  |TAMS 0x0000000081400000, 0x0000000081400000| Untracked 
|  21|0x0000000081500000, 0x0000000081500000, 0x0000000081600000|  0%| F|  |TAMS 0x0000000081500000, 0x0000000081500000| Untracked 
|  22|0x0000000081600000, 0x0000000081600000, 0x0000000081700000|  0%| F|  |TAMS 0x0000000081600000, 0x0000000081600000| Untracked 
|  23|0x0000000081700000, 0x0000000081700000, 0x0000000081800000|  0%| F|  |TAMS 0x0000000081700000, 0x0000000081700000| Untracked 
|  24|0x0000000081800000, 0x0000000081800000, 0x0000000081900000|  0%| F|  |TAMS 0x0000000081800000, 0x0000000081800000| Untracked 
|  25|0x0000000081900000, 0x0000000081900000, 0x0000000081a00000|  0%| F|  |TAMS 0x0000000081900000, 0x0000000081900000| Untracked 
|  26|0x0000000081a00000, 0x0000000081a00000, 0x0000000081b00000|  0%| F|  |TAMS 0x0000000081a00000, 0x0000000081a00000| Untracked 
|  27|0x0000000081b00000, 0x0000000081b00000, 0x0000000081c00000|  0%| F|  |TAMS 0x0000000081b00000, 0x0000000081b00000| Untracked 
|  28|0x0000000081c00000, 0x0000000081c00000, 0x0000000081d00000|  0%| F|  |TAMS 0x0000000081c00000, 0x0000000081c00000| Untracked 
|  29|0x0000000081d00000, 0x0000000081d00000, 0x0000000081e00000|  0%| F|  |TAMS 0x0000000081d00000, 0x0000000081d00000| Untracked 
|  30|0x0000000081e00000, 0x0000000081e00000, 0x0000000081f00000|  0%| F|  |TAMS 0x0000000081e00000, 0x0000000081e00000| Untracked 
|  31|0x0000000081f00000, 0x0000000081f00000, 0x0000000082000000|  0%| F|  |TAMS 0x0000000081f00000, 0x0000000081f00000| Untracked 
|  32|0x0000000082000000, 0x0000000082000000, 0x0000000082100000|  0%| F|  |TAMS 0x0000000082000000, 0x0000000082000000| Untracked 
|  33|0x0000000082100000, 0x0000000082100000, 0x0000000082200000|  0%| F|  |TAMS 0x0000000082100000, 0x0000000082100000| Untracked 
|  34|0x0000000082200000, 0x0000000082200000, 0x0000000082300000|  0%| F|  |TAMS 0x0000000082200000, 0x0000000082200000| Untracked 
|  35|0x0000000082300000, 0x0000000082300000, 0x0000000082400000|  0%| F|  |TAMS 0x0000000082300000, 0x0000000082300000| Untracked 
|  36|0x0000000082400000, 0x0000000082400000, 0x0000000082500000|  0%| F|  |TAMS 0x0000000082400000, 0x0000000082400000| Untracked 
|  37|0x0000000082500000, 0x0000000082500000, 0x0000000082600000|  0%| F|  |TAMS 0x0000000082500000, 0x0000000082500000| Untracked 
|  38|0x0000000082600000, 0x0000000082600000, 0x0000000082700000|  0%| F|  |TAMS 0x0000000082600000, 0x0000000082600000| Untracked 
|  39|0x0000000082700000, 0x0000000082700000, 0x0000000082800000|  0%| F|  |TAMS 0x0000000082700000, 0x0000000082700000| Untracked 
|  40|0x0000000082800000, 0x0000000082800000, 0x0000000082900000|  0%| F|  |TAMS 0x0000000082800000, 0x0000000082800000| Untracked 
|  41|0x0000000082900000, 0x0000000082900000, 0x0000000082a00000|  0%| F|  |TAMS 0x0000000082900000, 0x0000000082900000| Untracked 
|  42|0x0000000082a00000, 0x0000000082a00000, 0x0000000082b00000|  0%| F|  |TAMS 0x0000000082a00000, 0x0000000082a00000| Untracked 
|  43|0x0000000082b00000, 0x0000000082b00000, 0x0000000082c00000|  0%| F|  |TAMS 0x0000000082b00000, 0x0000000082b00000| Untracked 
|  44|0x0000000082c00000, 0x0000000082c00000, 0x0000000082d00000|  0%| F|  |TAMS 0x0000000082c00000, 0x0000000082c00000| Untracked 
|  45|0x0000000082d00000, 0x0000000082d00000, 0x0000000082e00000|  0%| F|  |TAMS 0x0000000082d00000, 0x0000000082d00000| Untracked 
|  46|0x0000000082e00000, 0x0000000082e00000, 0x0000000082f00000|  0%| F|  |TAMS 0x0000000082e00000, 0x0000000082e00000| Untracked 
|  47|0x0000000082f00000, 0x0000000082f00000, 0x0000000083000000|  0%| F|  |TAMS 0x0000000082f00000, 0x0000000082f00000| Untracked 
|  48|0x0000000083000000, 0x0000000083000000, 0x0000000083100000|  0%| F|  |TAMS 0x0000000083000000, 0x0000000083000000| Untracked 
|  49|0x0000000083100000, 0x0000000083180800, 0x0000000083200000| 50%| E|  |TAMS 0x0000000083100000, 0x0000000083100000| Complete 
|  50|0x0000000083200000, 0x0000000083300000, 0x0000000083300000|100%| E|CS|TAMS 0x0000000083200000, 0x0000000083200000| Complete 
|  51|0x0000000083300000, 0x0000000083400000, 0x0000000083400000|100%| E|CS|TAMS 0x0000000083300000, 0x0000000083300000| Complete 
|  52|0x0000000083400000, 0x0000000083500000, 0x0000000083500000|100%| E|CS|TAMS 0x0000000083400000, 0x0000000083400000| Complete 
|  53|0x0000000083500000, 0x0000000083600000, 0x0000000083600000|100%| E|CS|TAMS 0x0000000083500000, 0x0000000083500000| Complete 
|  54|0x0000000083600000, 0x0000000083700000, 0x0000000083700000|100%| E|CS|TAMS 0x0000000083600000, 0x0000000083600000| Complete 
|  55|0x0000000083700000, 0x0000000083800000, 0x0000000083800000|100%| E|CS|TAMS 0x0000000083700000, 0x0000000083700000| Complete 
|  56|0x0000000083800000, 0x0000000083900000, 0x0000000083900000|100%| E|CS|TAMS 0x0000000083800000, 0x0000000083800000| Complete 
|  57|0x0000000083900000, 0x0000000083a00000, 0x0000000083a00000|100%| E|CS|TAMS 0x0000000083900000, 0x0000000083900000| Complete 
|  58|0x0000000083a00000, 0x0000000083b00000, 0x0000000083b00000|100%| E|CS|TAMS 0x0000000083a00000, 0x0000000083a00000| Complete 
|  59|0x0000000083b00000, 0x0000000083c00000, 0x0000000083c00000|100%| E|CS|TAMS 0x0000000083b00000, 0x0000000083b00000| Complete 
|  60|0x0000000083c00000, 0x0000000083d00000, 0x0000000083d00000|100%| E|CS|TAMS 0x0000000083c00000, 0x0000000083c00000| Complete 
|  61|0x0000000083d00000, 0x0000000083e00000, 0x0000000083e00000|100%| E|CS|TAMS 0x0000000083d00000, 0x0000000083d00000| Complete 
|  62|0x0000000083e00000, 0x0000000083f00000, 0x0000000083f00000|100%| E|CS|TAMS 0x0000000083e00000, 0x0000000083e00000| Complete 
|  63|0x0000000083f00000, 0x0000000083f9f798, 0x0000000084000000| 62%| S|CS|TAMS 0x0000000083f00000, 0x0000000083f00000| Complete 
|  64|0x0000000084000000, 0x0000000084100000, 0x0000000084100000|100%| S|CS|TAMS 0x0000000084000000, 0x0000000084000000| Complete 
|  65|0x0000000084100000, 0x0000000084200000, 0x0000000084200000|100%| S|CS|TAMS 0x0000000084100000, 0x0000000084100000| Complete 
|  66|0x0000000084200000, 0x0000000084300000, 0x0000000084300000|100%| S|CS|TAMS 0x0000000084200000, 0x0000000084200000| Complete 
|  67|0x0000000084300000, 0x0000000084400000, 0x0000000084400000|100%| S|CS|TAMS 0x0000000084300000, 0x0000000084300000| Complete 
|  68|0x0000000084400000, 0x0000000084500000, 0x0000000084500000|100%| E|CS|TAMS 0x0000000084400000, 0x0000000084400000| Complete 
|  69|0x0000000084500000, 0x0000000084600000, 0x0000000084600000|100%| E|CS|TAMS 0x0000000084500000, 0x0000000084500000| Complete 
|  70|0x0000000084600000, 0x0000000084700000, 0x0000000084700000|100%| E|CS|TAMS 0x0000000084600000, 0x0000000084600000| Complete 
|  71|0x0000000084700000, 0x0000000084800000, 0x0000000084800000|100%| E|CS|TAMS 0x0000000084700000, 0x0000000084700000| Complete 
|  72|0x0000000084800000, 0x0000000084900000, 0x0000000084900000|100%| E|CS|TAMS 0x0000000084800000, 0x0000000084800000| Complete 
|  73|0x0000000084900000, 0x0000000084a00000, 0x0000000084a00000|100%| E|CS|TAMS 0x0000000084900000, 0x0000000084900000| Complete 
|  74|0x0000000084a00000, 0x0000000084b00000, 0x0000000084b00000|100%| E|CS|TAMS 0x0000000084a00000, 0x0000000084a00000| Complete 
|  75|0x0000000084b00000, 0x0000000084c00000, 0x0000000084c00000|100%| E|CS|TAMS 0x0000000084b00000, 0x0000000084b00000| Complete 
|  76|0x0000000084c00000, 0x0000000084d00000, 0x0000000084d00000|100%| E|CS|TAMS 0x0000000084c00000, 0x0000000084c00000| Complete 
|  77|0x0000000084d00000, 0x0000000084e00000, 0x0000000084e00000|100%| E|CS|TAMS 0x0000000084d00000, 0x0000000084d00000| Complete 
|  78|0x0000000084e00000, 0x0000000084f00000, 0x0000000084f00000|100%| E|CS|TAMS 0x0000000084e00000, 0x0000000084e00000| Complete 
|  79|0x0000000084f00000, 0x0000000085000000, 0x0000000085000000|100%| E|CS|TAMS 0x0000000084f00000, 0x0000000084f00000| Complete 
|  80|0x0000000085000000, 0x0000000085100000, 0x0000000085100000|100%| E|CS|TAMS 0x0000000085000000, 0x0000000085000000| Complete 
|  81|0x0000000085100000, 0x0000000085200000, 0x0000000085200000|100%| E|CS|TAMS 0x0000000085100000, 0x0000000085100000| Complete 
|  82|0x0000000085200000, 0x0000000085300000, 0x0000000085300000|100%| E|CS|TAMS 0x0000000085200000, 0x0000000085200000| Complete 
|  83|0x0000000085300000, 0x0000000085400000, 0x0000000085400000|100%| E|CS|TAMS 0x0000000085300000, 0x0000000085300000| Complete 
|  84|0x0000000085400000, 0x0000000085500000, 0x0000000085500000|100%| E|CS|TAMS 0x0000000085400000, 0x0000000085400000| Complete 
|  85|0x0000000085500000, 0x0000000085600000, 0x0000000085600000|100%| E|CS|TAMS 0x0000000085500000, 0x0000000085500000| Complete 
|  86|0x0000000085600000, 0x0000000085700000, 0x0000000085700000|100%| E|CS|TAMS 0x0000000085600000, 0x0000000085600000| Complete 
|  87|0x0000000085700000, 0x0000000085800000, 0x0000000085800000|100%| E|CS|TAMS 0x0000000085700000, 0x0000000085700000| Complete 
|  88|0x0000000085800000, 0x0000000085900000, 0x0000000085900000|100%| E|CS|TAMS 0x0000000085800000, 0x0000000085800000| Complete 
|  89|0x0000000085900000, 0x0000000085a00000, 0x0000000085a00000|100%| E|CS|TAMS 0x0000000085900000, 0x0000000085900000| Complete 
|  90|0x0000000085a00000, 0x0000000085b00000, 0x0000000085b00000|100%| E|CS|TAMS 0x0000000085a00000, 0x0000000085a00000| Complete 
|  91|0x0000000085b00000, 0x0000000085c00000, 0x0000000085c00000|100%| E|CS|TAMS 0x0000000085b00000, 0x0000000085b00000| Complete 
|  92|0x0000000085c00000, 0x0000000085d00000, 0x0000000085d00000|100%| E|CS|TAMS 0x0000000085c00000, 0x0000000085c00000| Complete 
|  93|0x0000000085d00000, 0x0000000085e00000, 0x0000000085e00000|100%| E|CS|TAMS 0x0000000085d00000, 0x0000000085d00000| Complete 
|  94|0x0000000085e00000, 0x0000000085f00000, 0x0000000085f00000|100%| E|CS|TAMS 0x0000000085e00000, 0x0000000085e00000| Complete 
|  95|0x0000000085f00000, 0x0000000086000000, 0x0000000086000000|100%| E|CS|TAMS 0x0000000085f00000, 0x0000000085f00000| Complete 
|  96|0x0000000086000000, 0x0000000086100000, 0x0000000086100000|100%| E|CS|TAMS 0x0000000086000000, 0x0000000086000000| Complete 
|  97|0x0000000086100000, 0x0000000086200000, 0x0000000086200000|100%| E|CS|TAMS 0x0000000086100000, 0x0000000086100000| Complete 
|  98|0x0000000086200000, 0x0000000086300000, 0x0000000086300000|100%| E|CS|TAMS 0x0000000086200000, 0x0000000086200000| Complete 
|  99|0x0000000086300000, 0x0000000086400000, 0x0000000086400000|100%| E|CS|TAMS 0x0000000086300000, 0x0000000086300000| Complete 
| 100|0x0000000086400000, 0x0000000086500000, 0x0000000086500000|100%| E|CS|TAMS 0x0000000086400000, 0x0000000086400000| Complete 
| 101|0x0000000086500000, 0x0000000086600000, 0x0000000086600000|100%| E|CS|TAMS 0x0000000086500000, 0x0000000086500000| Complete 
| 102|0x0000000086600000, 0x0000000086700000, 0x0000000086700000|100%| E|CS|TAMS 0x0000000086600000, 0x0000000086600000| Complete 
| 103|0x0000000086700000, 0x0000000086800000, 0x0000000086800000|100%| E|CS|TAMS 0x0000000086700000, 0x0000000086700000| Complete 
| 104|0x0000000086800000, 0x0000000086900000, 0x0000000086900000|100%| E|CS|TAMS 0x0000000086800000, 0x0000000086800000| Complete 
| 105|0x0000000086900000, 0x0000000086a00000, 0x0000000086a00000|100%| E|CS|TAMS 0x0000000086900000, 0x0000000086900000| Complete 
| 106|0x0000000086a00000, 0x0000000086b00000, 0x0000000086b00000|100%| E|CS|TAMS 0x0000000086a00000, 0x0000000086a00000| Complete 
| 107|0x0000000086b00000, 0x0000000086c00000, 0x0000000086c00000|100%| E|CS|TAMS 0x0000000086b00000, 0x0000000086b00000| Complete 
| 108|0x0000000086c00000, 0x0000000086d00000, 0x0000000086d00000|100%| E|CS|TAMS 0x0000000086c00000, 0x0000000086c00000| Complete 
| 109|0x0000000086d00000, 0x0000000086e00000, 0x0000000086e00000|100%| E|CS|TAMS 0x0000000086d00000, 0x0000000086d00000| Complete 
| 110|0x0000000086e00000, 0x0000000086f00000, 0x0000000086f00000|100%| E|CS|TAMS 0x0000000086e00000, 0x0000000086e00000| Complete 
| 111|0x0000000086f00000, 0x0000000087000000, 0x0000000087000000|100%| E|CS|TAMS 0x0000000086f00000, 0x0000000086f00000| Complete 
| 112|0x0000000087000000, 0x0000000087100000, 0x0000000087100000|100%| E|CS|TAMS 0x0000000087000000, 0x0000000087000000| Complete 
| 113|0x0000000087100000, 0x0000000087200000, 0x0000000087200000|100%| E|CS|TAMS 0x0000000087100000, 0x0000000087100000| Complete 
| 114|0x0000000087200000, 0x0000000087300000, 0x0000000087300000|100%| E|CS|TAMS 0x0000000087200000, 0x0000000087200000| Complete 
| 115|0x0000000087300000, 0x0000000087400000, 0x0000000087400000|100%| E|CS|TAMS 0x0000000087300000, 0x0000000087300000| Complete 
| 116|0x0000000087400000, 0x0000000087500000, 0x0000000087500000|100%| E|CS|TAMS 0x0000000087400000, 0x0000000087400000| Complete 
| 117|0x0000000087500000, 0x0000000087600000, 0x0000000087600000|100%| E|CS|TAMS 0x0000000087500000, 0x0000000087500000| Complete 

Card table byte_map: [0x0000029a2d7a0000,0x0000029a2dba0000] _byte_map_base: 0x0000029a2d3a0000

Marking Bits (Prev, Next): (CMBitMap*) 0x0000029a15e27330, (CMBitMap*) 0x0000029a15e27370
 Prev Bits: [0x0000029a2dfa0000, 0x0000029a2ffa0000)
 Next Bits: [0x0000029a2ffa0000, 0x0000029a31fa0000)

Polling page: 0x0000029a14580000

Metaspace:

Usage:
  Non-class:     13.54 MB used.
      Class:      2.18 MB used.
       Both:     15.72 MB used.

Virtual space:
  Non-class space:       64.00 MB reserved,      13.69 MB ( 21%) committed,  1 nodes.
      Class space:        1.00 GB reserved,       2.31 MB ( <1%) committed,  1 nodes.
             Both:        1.06 GB reserved,      16.00 MB (  1%) committed. 

Chunk freelists:
   Non-Class:  2.34 MB
       Class:  13.72 MB
        Both:  16.06 MB

MaxMetaspaceSize: unlimited
CompressedClassSpaceSize: 1.00 GB
Initial GC threshold: 21.00 MB
Current GC threshold: 21.00 MB
CDS: on
MetaspaceReclaimPolicy: balanced
 - commit_granule_bytes: 65536.
 - commit_granule_words: 8192.
 - virtual_space_node_default_size: 8388608.
 - enlarge_chunks_in_place: 1.
 - new_chunks_are_fully_committed: 0.
 - uncommit_free_chunks: 1.
 - use_allocation_guard: 0.
 - handle_deallocations: 1.


Internal statistics:

num_allocs_failed_limit: 0.
num_arena_births: 212.
num_arena_deaths: 0.
num_vsnodes_births: 2.
num_vsnodes_deaths: 0.
num_space_committed: 256.
num_space_uncommitted: 0.
num_chunks_returned_to_freelist: 0.
num_chunks_taken_from_freelist: 722.
num_chunk_merges: 0.
num_chunk_splits: 478.
num_chunks_enlarged: 355.
num_inconsistent_stats: 0.

CodeHeap 'non-profiled nmethods': size=120000Kb used=1371Kb max_used=1371Kb free=118628Kb
 bounds [0x0000029a251e0000, 0x0000029a25450000, 0x0000029a2c710000]
CodeHeap 'profiled nmethods': size=120000Kb used=5151Kb max_used=5151Kb free=114848Kb
 bounds [0x0000029a1d710000, 0x0000029a1dc20000, 0x0000029a24c40000]
CodeHeap 'non-nmethods': size=5760Kb used=1225Kb max_used=1266Kb free=4534Kb
 bounds [0x0000029a24c40000, 0x0000029a24eb0000, 0x0000029a251e0000]
 total_blobs=3036 nmethods=2506 adapters=442
 compilation: enabled
              stopped_count=0, restarted_count=0
 full_count=0

Compilation events (20 events):
Event: 6.594 Thread 0x0000029a34c85cd0 2497       3       java.lang.invoke.MemberName::isVarargs (23 bytes)
Event: 6.594 Thread 0x0000029a34c85cd0 nmethod 2497 0x0000029a1dc14010 code [0x0000029a1dc141e0, 0x0000029a1dc14678]
Event: 6.856 Thread 0x0000029a34c85cd0 2498       3       java.util.concurrent.locks.ReentrantLock::unlock (10 bytes)
Event: 6.856 Thread 0x0000029a34c85cd0 nmethod 2498 0x0000029a1dc14810 code [0x0000029a1dc149e0, 0x0000029a1dc14cb8]
Event: 7.121 Thread 0x0000029a34c85cd0 2499       3       java.util.concurrent.locks.ReentrantLock$NonfairSync::initialTryLock (58 bytes)
Event: 7.121 Thread 0x0000029a34c85cd0 nmethod 2499 0x0000029a1dc14e10 code [0x0000029a1dc14fe0, 0x0000029a1dc153f8]
Event: 7.274 Thread 0x0000029a34c85cd0 2500       3       jdk.internal.misc.Unsafe::putReferenceOpaque (9 bytes)
Event: 7.275 Thread 0x0000029a34c85cd0 nmethod 2500 0x0000029a1dc15510 code [0x0000029a1dc156a0, 0x0000029a1dc157f8]
Event: 7.275 Thread 0x0000029a34c85cd0 2501       3       java.util.concurrent.locks.AbstractQueuedSynchronizer$ConditionObject::canReacquire (28 bytes)
Event: 7.275 Thread 0x0000029a34c85cd0 nmethod 2501 0x0000029a1dc15890 code [0x0000029a1dc15a40, 0x0000029a1dc15d98]
Event: 7.337 Thread 0x0000029a34c85cd0 2502       3       java.util.concurrent.locks.LockSupport::setBlocker (12 bytes)
Event: 7.337 Thread 0x0000029a34c85cd0 nmethod 2502 0x0000029a1dc15f10 code [0x0000029a1dc160c0, 0x0000029a1dc162c8]
Event: 7.383 Thread 0x0000029a34c85cd0 2503       1       org.gradle.launcher.daemon.server.exec.DaemonConnectionBackedEventConsumer::access$000 (5 bytes)
Event: 7.384 Thread 0x0000029a34c85cd0 nmethod 2503 0x0000029a25335a90 code [0x0000029a25335c20, 0x0000029a25335cd8]
Event: 7.384 Thread 0x0000029a34c85cd0 2504       3       java.lang.String::compareTo (9 bytes)
Event: 7.384 Thread 0x0000029a34c85cd0 nmethod 2504 0x0000029a1dc16390 code [0x0000029a1dc16540, 0x0000029a1dc16768]
Event: 7.384 Thread 0x0000029a34c85cd0 2505       3       java.util.stream.StreamOpFlag::fromCharacteristics (37 bytes)
Event: 7.384 Thread 0x0000029a34c85cd0 nmethod 2505 0x0000029a1dc16810 code [0x0000029a1dc169c0, 0x0000029a1dc16cf8]
Event: 7.384 Thread 0x0000029a34c85cd0 2506       3       java.util.stream.AbstractPipeline::<init> (55 bytes)
Event: 7.384 Thread 0x0000029a34c85cd0 nmethod 2506 0x0000029a1dc16e10 code [0x0000029a1dc16fc0, 0x0000029a1dc17298]

GC Heap History (6 events):
Event: 0.509 GC heap before
{Heap before GC invocations=0 (full 0):
 garbage-first heap   total 120832K, used 23552K [0x0000000080000000, 0x0000000100000000)
  region size 1024K, 23 young (23552K), 0 survivors (0K)
 Metaspace       used 1071K, committed 1216K, reserved 1114112K
  class space    used 73K, committed 128K, reserved 1048576K
}
Event: 0.514 GC heap after
{Heap after GC invocations=1 (full 0):
 garbage-first heap   total 120832K, used 3192K [0x0000000080000000, 0x0000000100000000)
  region size 1024K, 3 young (3072K), 3 survivors (3072K)
 Metaspace       used 1071K, committed 1216K, reserved 1114112K
  class space    used 73K, committed 128K, reserved 1048576K
}
Event: 1.300 GC heap before
{Heap before GC invocations=1 (full 0):
 garbage-first heap   total 120832K, used 40056K [0x0000000080000000, 0x0000000100000000)
  region size 1024K, 36 young (36864K), 3 survivors (3072K)
 Metaspace       used 4382K, committed 4544K, reserved 1114112K
  class space    used 541K, committed 640K, reserved 1048576K
}
Event: 1.307 GC heap after
{Heap after GC invocations=2 (full 0):
 garbage-first heap   total 120832K, used 11441K [0x0000000080000000, 0x0000000100000000)
  region size 1024K, 5 young (5120K), 5 survivors (5120K)
 Metaspace       used 4382K, committed 4544K, reserved 1114112K
  class space    used 541K, committed 640K, reserved 1048576K
}
Event: 4.023 GC heap before
{Heap before GC invocations=2 (full 0):
 garbage-first heap   total 120832K, used 59569K [0x0000000080000000, 0x0000000100000000)
  region size 1024K, 50 young (51200K), 5 survivors (5120K)
 Metaspace       used 4583K, committed 4736K, reserved 1114112K
  class space    used 560K, committed 640K, reserved 1048576K
}
Event: 4.028 GC heap after
{Heap after GC invocations=3 (full 0):
 garbage-first heap   total 120832K, used 17270K [0x0000000080000000, 0x0000000100000000)
  region size 1024K, 5 young (5120K), 5 survivors (5120K)
 Metaspace       used 4583K, committed 4736K, reserved 1114112K
  class space    used 560K, committed 640K, reserved 1048576K
}

Deoptimization events (20 events):
Event: 5.415 Thread 0x0000029a7bead930 Uncommon trap: trap_request=0xffffff45 fr.pc=0x0000029a251fe6b4 relative=0x0000000000000194
Event: 5.415 Thread 0x0000029a7bead930 Uncommon trap: reason=unstable_if action=reinterpret pc=0x0000029a251fe6b4 method=java.util.regex.Matcher.reset()Ljava/util/regex/Matcher; @ 47 c2
Event: 5.415 Thread 0x0000029a7bead930 DEOPT PACKING pc=0x0000029a251fe6b4 sp=0x000000c545dfa8c0
Event: 5.415 Thread 0x0000029a7bead930 DEOPT UNPACKING pc=0x0000029a24c923a3 sp=0x000000c545dfa848 mode 2
Event: 5.449 Thread 0x0000029a7bead930 Uncommon trap: trap_request=0xffffff45 fr.pc=0x0000029a252ea7f4 relative=0x0000000000000074
Event: 5.449 Thread 0x0000029a7bead930 Uncommon trap: reason=unstable_if action=reinterpret pc=0x0000029a252ea7f4 method=jdk.internal.misc.Unsafe.convEndian(ZI)I @ 4 c2
Event: 5.449 Thread 0x0000029a7bead930 DEOPT PACKING pc=0x0000029a252ea7f4 sp=0x000000c545dfab90
Event: 5.449 Thread 0x0000029a7bead930 DEOPT UNPACKING pc=0x0000029a24c923a3 sp=0x000000c545dfaa98 mode 2
Event: 6.503 Thread 0x0000029a7bead930 Uncommon trap: trap_request=0xffffff45 fr.pc=0x0000029a2520258c relative=0x0000000000000a8c
Event: 6.503 Thread 0x0000029a7bead930 Uncommon trap: reason=unstable_if action=reinterpret pc=0x0000029a2520258c method=java.io.WinNTFileSystem.resolve(Ljava/lang/String;Ljava/lang/String;)Ljava/lang/String; @ 19 c2
Event: 6.503 Thread 0x0000029a7bead930 DEOPT PACKING pc=0x0000029a2520258c sp=0x000000c545dfb0b0
Event: 6.503 Thread 0x0000029a7bead930 DEOPT UNPACKING pc=0x0000029a24c923a3 sp=0x000000c545dfb058 mode 2
Event: 6.505 Thread 0x0000029a7bead930 Uncommon trap: trap_request=0xffffff45 fr.pc=0x0000029a2527bca0 relative=0x00000000000005e0
Event: 6.505 Thread 0x0000029a7bead930 Uncommon trap: reason=unstable_if action=reinterpret pc=0x0000029a2527bca0 method=java.io.File.getName()Ljava/lang/String; @ 16 c2
Event: 6.505 Thread 0x0000029a7bead930 DEOPT PACKING pc=0x0000029a2527bca0 sp=0x000000c545dfb060
Event: 6.505 Thread 0x0000029a7bead930 DEOPT UNPACKING pc=0x0000029a24c923a3 sp=0x000000c545dfb030 mode 2
Event: 6.560 Thread 0x0000029a7bead930 Uncommon trap: trap_request=0xffffff45 fr.pc=0x0000029a252e08f8 relative=0x00000000000000d8
Event: 6.560 Thread 0x0000029a7bead930 Uncommon trap: reason=unstable_if action=reinterpret pc=0x0000029a252e08f8 method=java.util.HashMap.hash(Ljava/lang/Object;)I @ 1 c2
Event: 6.560 Thread 0x0000029a7bead930 DEOPT PACKING pc=0x0000029a252e08f8 sp=0x000000c545dfc070
Event: 6.560 Thread 0x0000029a7bead930 DEOPT UNPACKING pc=0x0000029a24c923a3 sp=0x000000c545dfbfb0 mode 2

Classes unloaded (0 events):
No events

Classes redefined (0 events):
No events

Internal exceptions (20 events):
Event: 4.922 Thread 0x0000029a7beae860 Exception <a 'java/lang/NoSuchMethodError'{0x0000000085ad23b8}: static Lorg/gradle/tooling/internal/provider/serialization/ClassLoaderDetails;.<clinit>()V> (0x0000000085ad23b8) 
thrown [s\open\src\hotspot\share\prims\jni.cpp, line 1112]
Event: 4.925 Thread 0x0000029a7beae860 Exception <a 'java/lang/NoSuchMethodError'{0x0000000085aec568}: static Lorg/gradle/internal/classloader/ClassLoaderSpec;.<clinit>()V> (0x0000000085aec568) 
thrown [s\open\src\hotspot\share\prims\jni.cpp, line 1112]
Event: 4.926 Thread 0x0000029a7beae860 Exception <a 'java/lang/NoSuchMethodError'{0x0000000085af5d58}: static Lorg/gradle/tooling/internal/provider/serialization/WellKnownClassLoaderRegistry$KnownClassLoaderSpec;.<clinit>()V> (0x0000000085af5d58) 
thrown [s\open\src\hotspot\share\prims\jni.cpp, line 1112]
Event: 4.928 Thread 0x0000029a7beae860 Exception <a 'java/lang/NoSuchMethodError'{0x000000008590d360}: static Lorg/gradle/tooling/internal/provider/serialization/ClientOwnedClassLoaderSpec;.<clinit>()V> (0x000000008590d360) 
thrown [s\open\src\hotspot\share\prims\jni.cpp, line 1112]
Event: 4.944 Thread 0x0000029a7bb17df0 Exception <a 'java/lang/NoSuchMethodError'{0x0000000085cf7360}: 'void java.lang.invoke.DirectMethodHandle$Holder.invokeSpecial(java.lang.Object, java.lang.Object, java.lang.Object)'> (0x0000000085cf7360) 
thrown [s\open\src\hotspot\share\interpreter\linkResolver.cpp, line 759]
Event: 5.008 Thread 0x0000029a7bead930 Exception <a 'java/lang/NoSuchMethodError'{0x00000000856e1368}: 'long java.lang.invoke.DirectMethodHandle$Holder.invokeInterface(java.lang.Object, java.lang.Object)'> (0x00000000856e1368) 
thrown [s\open\src\hotspot\share\interpreter\linkResolver.cpp, line 759]
Event: 5.091 Thread 0x0000029a7bead930 Exception <a 'java/lang/NoSuchMethodError'{0x0000000085154c78}: 'void java.lang.invoke.DirectMethodHandle$Holder.invokeStatic(java.lang.Object, java.lang.Object)'> (0x0000000085154c78) 
thrown [s\open\src\hotspot\share\interpreter\linkResolver.cpp, line 759]
Event: 5.140 Thread 0x0000029a7bead930 Exception <a 'java/lang/NoSuchMethodError'{0x0000000084f6bc90}: 'int java.lang.invoke.DirectMethodHandle$Holder.invokeVirtual(java.lang.Object, java.lang.Object, java.lang.Object)'> (0x0000000084f6bc90) 
thrown [s\open\src\hotspot\share\interpreter\linkResolver.cpp, line 759]
Event: 5.183 Thread 0x0000029a7bead930 Exception <a 'java/lang/NoSuchMethodError'{0x0000000084dfc150}: 'java.lang.Object java.lang.invoke.DirectMethodHandle$Holder.newInvokeSpecial(java.lang.Object, java.lang.Object, java.lang.Object, java.lang.Object, java.lang.Object, java.lang.Object)'> (0x0000000084dfc150) 
thrown [s\open\src\hotspot\share\interpreter\linkResolver.cpp, line 759]
Event: 5.241 Thread 0x0000029a7bead930 Exception <a 'java/lang/NoSuchMethodError'{0x0000000084af6af0}: 'void java.lang.invoke.DelegatingMethodHandle$Holder.reinvoke_L(java.lang.Object, java.lang.Object, java.lang.Object, java.lang.Object, java.lang.Object, java.lang.Object, java.lang.Object, java.lang.Object, java.lang.Object, java.lang.Object)'> (0x0000000084af6af0) 
thrown [s\open\src\hotspot\share\interpreter\linkResolver.cpp, line 759]
Event: 5.241 Thread 0x0000029a7bead930 Exception <a 'java/lang/NoSuchMethodError'{0x0000000084afef60}: 'java.lang.Object java.lang.invoke.DirectMethodHandle$Holder.invokeSpecial(java.lang.Object, java.lang.Object, java.lang.Object, java.lang.Object, java.lang.Object, java.lang.Object, java.lang.Object, java.lang.Object, java.lang.Object, java.lang.Object)'> (0x0000000084afef60) 
thrown [s\open\src\hotspot\share\interpreter\linkResolver.cpp, line 759]
Event: 5.242 Thread 0x0000029a7bead930 Exception <a 'java/lang/NoSuchMethodError'{0x0000000084904028}: 'java.lang.Object java.lang.invoke.Invokers$Holder.invoker(java.lang.Object, java.lang.Object, java.lang.Object, java.lang.Object, java.lang.Object, java.lang.Object, java.lang.Object, java.lang.Object, java.lang.Object, java.lang.Object)'> (0x0000000084904028) 
thrown [s\open\src\hotspot\share\interpreter\linkResolver.cpp, line 759]
Event: 5.242 Thread 0x0000029a7bead930 Exception <a 'java/lang/NoSuchMethodError'{0x0000000084909c30}: 'java.lang.Object java.lang.invoke.DirectMethodHandle$Holder.invokeSpecial(java.lang.Object, java.lang.Object, java.lang.Object, java.lang.Object, java.lang.Object, java.lang.Object, java.lang.Object, java.lang.Object, java.lang.Object, java.lang.Object, java.lang.Object)'> (0x0000000084909c30) 
thrown [s\open\src\hotspot\share\interpreter\linkResolver.cpp, line 759]
Event: 5.399 Thread 0x0000029a7bead930 Exception <a 'java/lang/NoSuchMethodError'{0x0000000083dd4fc8}: 'java.lang.Object java.lang.invoke.DirectMethodHandle$Holder.newInvokeSpecial(java.lang.Object, java.lang.Object, int)'> (0x0000000083dd4fc8) 
thrown [s\open\src\hotspot\share\interpreter\linkResolver.cpp, line 759]
Event: 6.536 Thread 0x0000029a7bead930 Exception <a 'java/lang/NoSuchMethodError'{0x000000008364f1d8}: 'int java.lang.invoke.DirectMethodHandle$Holder.invokeSpecialIFC(java.lang.Object, java.lang.Object, java.lang.Object, java.lang.Object)'> (0x000000008364f1d8) 
thrown [s\open\src\hotspot\share\interpreter\linkResolver.cpp, line 759]
Event: 6.537 Thread 0x0000029a7bead930 Exception <a 'java/lang/NoSuchMethodError'{0x000000008365e2f0}: 'java.lang.Object java.lang.invoke.DirectMethodHandle$Holder.invokeInterface(java.lang.Object, java.lang.Object, java.lang.Object)'> (0x000000008365e2f0) 
thrown [s\open\src\hotspot\share\interpreter\linkResolver.cpp, line 759]
Event: 6.537 Thread 0x0000029a7bead930 Exception <a 'java/lang/IncompatibleClassChangeError'{0x00000000836621b0}: Found class java.lang.Object, but interface was expected> (0x00000000836621b0) 
thrown [s\open\src\hotspot\share\interpreter\linkResolver.cpp, line 826]
Event: 6.560 Thread 0x0000029a7bead930 Implicit null exception at 0x0000029a252e0858 to 0x0000029a252e08ee
Event: 6.574 Thread 0x0000029a7bead930 Exception <a 'java/lang/NoSuchMethodError'{0x0000000083457ee0}: 'int java.lang.invoke.DirectMethodHandle$Holder.invokeStatic(java.lang.Object, java.lang.Object, java.lang.Object, java.lang.Object)'> (0x0000000083457ee0) 
thrown [s\open\src\hotspot\share\interpreter\linkResolver.cpp, line 759]
Event: 6.574 Thread 0x0000029a7bead930 Exception <a 'java/lang/NoSuchMethodError'{0x000000008345bdb0}: 'java.lang.Object java.lang.invoke.Invokers$Holder.invokeExact_MT(java.lang.Object, java.lang.Object, java.lang.Object, java.lang.Object, java.lang.Object, java.lang.Object)'> (0x000000008345bdb0) 
thrown [s\open\src\hotspot\share\interpreter\linkResolver.cpp, line 759]

VM Operations (20 events):
Event: 4.352 Executing VM operation: HandshakeAllThreads
Event: 4.352 Executing VM operation: HandshakeAllThreads done
Event: 4.390 Executing VM operation: HandshakeAllThreads
Event: 4.390 Executing VM operation: HandshakeAllThreads done
Event: 4.461 Executing VM operation: HandshakeAllThreads
Event: 4.461 Executing VM operation: HandshakeAllThreads done
Event: 4.490 Executing VM operation: HandshakeAllThreads
Event: 4.490 Executing VM operation: HandshakeAllThreads done
Event: 4.549 Executing VM operation: HandshakeAllThreads
Event: 4.549 Executing VM operation: HandshakeAllThreads done
Event: 4.760 Executing VM operation: HandshakeAllThreads
Event: 4.760 Executing VM operation: HandshakeAllThreads done
Event: 4.831 Executing VM operation: HandshakeAllThreads
Event: 4.831 Executing VM operation: HandshakeAllThreads done
Event: 5.025 Executing VM operation: ICBufferFull
Event: 5.025 Executing VM operation: ICBufferFull done
Event: 6.031 Executing VM operation: Cleanup
Event: 6.483 Executing VM operation: Cleanup done
Event: 7.493 Executing VM operation: Cleanup
Event: 7.493 Executing VM operation: Cleanup done

Events (20 events):
Event: 5.446 loading class sun/security/provider/MD5
Event: 5.446 loading class sun/security/provider/MD5 done
Event: 5.447 loading class sun/security/provider/SHA5$SHA512
Event: 5.447 loading class sun/security/provider/SHA5
Event: 5.447 loading class sun/security/provider/SHA5 done
Event: 5.447 loading class sun/security/provider/SHA5$SHA512 done
Event: 5.449 loading class sun/security/provider/ByteArrayAccess$LE
Event: 5.449 loading class sun/security/provider/ByteArrayAccess$LE done
Event: 6.504 loading class java/io/File$TempDirectory
Event: 6.505 loading class java/io/File$TempDirectory done
Event: 6.509 loading class java/io/PrintWriter
Event: 6.510 loading class java/io/PrintWriter done
Event: 6.531 loading class java/util/concurrent/Semaphore
Event: 6.532 loading class java/util/concurrent/Semaphore done
Event: 6.534 loading class java/nio/file/FileVisitOption
Event: 6.535 loading class java/nio/file/FileVisitOption done
Event: 6.537 loading class java/util/stream/ReduceOps$1
Event: 6.538 loading class java/util/stream/ReduceOps$1 done
Event: 6.538 loading class java/util/stream/ReduceOps$1ReducingSink
Event: 6.538 loading class java/util/stream/ReduceOps$1ReducingSink done


Dynamic libraries:
0x00007ff6f8c10000 - 0x00007ff6f8c20000 	C:\Program Files\Java\jdk-17\bin\java.exe
0x00007fff4c6a0000 - 0x00007fff4c900000 	C:\WINDOWS\SYSTEM32\ntdll.dll
0x00007fff4b8a0000 - 0x00007fff4b967000 	C:\WINDOWS\System32\KERNEL32.DLL
0x00007fff49a90000 - 0x00007fff49e5a000 	C:\WINDOWS\System32\KERNELBASE.dll
0x00007fff4a0a0000 - 0x00007fff4a1eb000 	C:\WINDOWS\System32\ucrtbase.dll
0x00007fff21c90000 - 0x00007fff21ca9000 	C:\Program Files\Java\jdk-17\bin\jli.dll
0x00007fff4bb50000 - 0x00007fff4bc02000 	C:\WINDOWS\System32\ADVAPI32.dll
0x00007fff21800000 - 0x00007fff2181b000 	C:\Program Files\Java\jdk-17\bin\VCRUNTIME140.dll
0x00007fff4ade0000 - 0x00007fff4ae89000 	C:\WINDOWS\System32\msvcrt.dll
0x00007fff4c4c0000 - 0x00007fff4c566000 	C:\WINDOWS\System32\sechost.dll
0x00007fff4aca0000 - 0x00007fff4adb6000 	C:\WINDOWS\System32\RPCRT4.dll
0x00007fff4c2e0000 - 0x00007fff4c4ac000 	C:\WINDOWS\System32\USER32.dll
0x00007fff4a1f0000 - 0x00007fff4a217000 	C:\WINDOWS\System32\win32u.dll
0x00007fff4b970000 - 0x00007fff4b99a000 	C:\WINDOWS\System32\GDI32.dll
0x00007fff4a360000 - 0x00007fff4a491000 	C:\WINDOWS\System32\gdi32full.dll
0x00007fff4a220000 - 0x00007fff4a2c3000 	C:\WINDOWS\System32\msvcp_win.dll
0x00007fff30bb0000 - 0x00007fff30e47000 	C:\WINDOWS\WinSxS\amd64_microsoft.windows.common-controls_6595b64144ccf1df_6.0.26100.3624_none_3e086962e3345f24\COMCTL32.dll
0x00007fff41dc0000 - 0x00007fff41dcb000 	C:\WINDOWS\SYSTEM32\VERSION.dll
0x00007fff4bd40000 - 0x00007fff4bd6f000 	C:\WINDOWS\System32\IMM32.DLL
0x00007fff3fb50000 - 0x00007fff3fb5c000 	C:\Program Files\Java\jdk-17\bin\vcruntime140_1.dll
0x00007fff1b250000 - 0x00007fff1b2de000 	C:\Program Files\Java\jdk-17\bin\msvcp140.dll
0x00007ffeb2ea0000 - 0x00007ffeb3a80000 	C:\Program Files\Java\jdk-17\bin\server\jvm.dll
0x00007fff4c4b0000 - 0x00007fff4c4b8000 	C:\WINDOWS\System32\PSAPI.DLL
0x00007fff41d80000 - 0x00007fff41db6000 	C:\WINDOWS\SYSTEM32\WINMM.dll
0x00007fff26910000 - 0x00007fff2691a000 	C:\WINDOWS\SYSTEM32\WSOCK32.dll
0x00007fff4ae90000 - 0x00007fff4af04000 	C:\WINDOWS\System32\WS2_32.dll
0x00007fff48690000 - 0x00007fff486aa000 	C:\WINDOWS\SYSTEM32\kernel.appcore.dll
0x00007fff268a0000 - 0x00007fff268aa000 	C:\Program Files\Java\jdk-17\bin\jimage.dll
0x00007fff3d260000 - 0x00007fff3d4a1000 	C:\WINDOWS\SYSTEM32\DBGHELP.DLL
0x00007fff4a910000 - 0x00007fff4ac92000 	C:\WINDOWS\System32\combase.dll
0x00007fff4a640000 - 0x00007fff4a716000 	C:\WINDOWS\System32\OLEAUT32.dll
0x00007fff2f530000 - 0x00007fff2f569000 	C:\WINDOWS\SYSTEM32\dbgcore.DLL
0x00007fff499f0000 - 0x00007fff49a89000 	C:\WINDOWS\System32\bcryptPrimitives.dll
0x00007fff26430000 - 0x00007fff2643e000 	C:\Program Files\Java\jdk-17\bin\instrument.dll
0x00007fff18300000 - 0x00007fff18325000 	C:\Program Files\Java\jdk-17\bin\java.dll
0x00007fff18220000 - 0x00007fff182f7000 	C:\Program Files\Java\jdk-17\bin\jsvml.dll
0x00007fff4b170000 - 0x00007fff4b899000 	C:\WINDOWS\System32\SHELL32.dll
0x00007fff49880000 - 0x00007fff499e8000 	C:\WINDOWS\System32\wintypes.dll
0x00007fff47540000 - 0x00007fff47d92000 	C:\WINDOWS\SYSTEM32\windows.storage.dll
0x00007fff4c570000 - 0x00007fff4c65d000 	C:\WINDOWS\System32\SHCORE.dll
0x00007fff4bdc0000 - 0x00007fff4be24000 	C:\WINDOWS\System32\shlwapi.dll
0x00007fff49790000 - 0x00007fff497bf000 	C:\WINDOWS\SYSTEM32\profapi.dll
0x00007fff21410000 - 0x00007fff21428000 	C:\Program Files\Java\jdk-17\bin\zip.dll
0x00007fff1d330000 - 0x00007fff1d349000 	C:\Program Files\Java\jdk-17\bin\net.dll
0x00007fff41c20000 - 0x00007fff41d3d000 	C:\WINDOWS\SYSTEM32\WINHTTP.dll
0x00007fff48bb0000 - 0x00007fff48c1a000 	C:\WINDOWS\system32\mswsock.dll
0x00007fff1b650000 - 0x00007fff1b666000 	C:\Program Files\Java\jdk-17\bin\nio.dll
0x00007fff25b30000 - 0x00007fff25b40000 	C:\Program Files\Java\jdk-17\bin\verify.dll
0x00007fff1db60000 - 0x00007fff1db87000 	C:\Users\Ari Awaludin\.gradle\native\c067742578af261105cb4f569cf0c3c89f3d7b1fecec35dd04571415982c5e48\windows-amd64\native-platform.dll
0x00007fff08980000 - 0x00007fff08ac4000 	C:\Users\Ari Awaludin\.gradle\native\100fb08df4bc3b14c8652ba06237920a3bd2aa13389f12d3474272988ae205f9\windows-amd64\native-platform-file-events.dll
0x00007fff1df00000 - 0x00007fff1df0a000 	C:\Program Files\Java\jdk-17\bin\management.dll
0x00007fff1b240000 - 0x00007fff1b24b000 	C:\Program Files\Java\jdk-17\bin\management_ext.dll
0x00007fff48ec0000 - 0x00007fff48edc000 	C:\WINDOWS\SYSTEM32\CRYPTSP.dll
0x00007fff485f0000 - 0x00007fff4862a000 	C:\WINDOWS\system32\rsaenh.dll
0x00007fff48c50000 - 0x00007fff48c7b000 	C:\WINDOWS\SYSTEM32\USERENV.dll
0x00007fff49760000 - 0x00007fff49786000 	C:\WINDOWS\SYSTEM32\bcrypt.dll
0x00007fff48ee0000 - 0x00007fff48eec000 	C:\WINDOWS\SYSTEM32\CRYPTBASE.dll
0x00007fff48170000 - 0x00007fff481a3000 	C:\WINDOWS\SYSTEM32\IPHLPAPI.DLL
0x00007fff4bd80000 - 0x00007fff4bd8a000 	C:\WINDOWS\System32\NSI.dll
0x00007fff42590000 - 0x00007fff425af000 	C:\WINDOWS\SYSTEM32\dhcpcsvc6.DLL
0x00007fff42560000 - 0x00007fff42585000 	C:\WINDOWS\SYSTEM32\dhcpcsvc.DLL
0x00007fff481b0000 - 0x00007fff482d5000 	C:\WINDOWS\SYSTEM32\DNSAPI.dll
0x00007fff1b1a0000 - 0x00007fff1b1ae000 	C:\Program Files\Java\jdk-17\bin\sunmscapi.dll
0x00007fff49f20000 - 0x00007fff4a097000 	C:\WINDOWS\System32\CRYPT32.dll
0x00007fff490c0000 - 0x00007fff490f0000 	C:\WINDOWS\SYSTEM32\ncrypt.dll
0x00007fff49070000 - 0x00007fff490af000 	C:\WINDOWS\SYSTEM32\NTASN1.dll
0x00007fff0e250000 - 0x00007fff0e258000 	C:\WINDOWS\system32\wshunix.dll

dbghelp: loaded successfully - version: 4.0.5 - missing functions: none
symbol engine: initialized successfully - sym options: 0x614 - pdb path: .;C:\Program Files\Java\jdk-17\bin;C:\WINDOWS\SYSTEM32;C:\WINDOWS\WinSxS\amd64_microsoft.windows.common-controls_6595b64144ccf1df_6.0.26100.3624_none_3e086962e3345f24;C:\Program Files\Java\jdk-17\bin\server;C:\Users\Ari Awaludin\.gradle\native\c067742578af261105cb4f569cf0c3c89f3d7b1fecec35dd04571415982c5e48\windows-amd64;C:\Users\Ari Awaludin\.gradle\native\100fb08df4bc3b14c8652ba06237920a3bd2aa13389f12d3474272988ae205f9\windows-amd64

VM Arguments:
jvm_args: --add-opens=java.base/java.lang=ALL-UNNAMED --add-opens=java.base/java.lang.invoke=ALL-UNNAMED --add-opens=java.base/java.util=ALL-UNNAMED --add-opens=java.prefs/java.util.prefs=ALL-UNNAMED --add-exports=jdk.compiler/com.sun.tools.javac.api=ALL-UNNAMED --add-exports=jdk.compiler/com.sun.tools.javac.util=ALL-UNNAMED --add-opens=java.base/java.util=ALL-UNNAMED --add-opens=java.prefs/java.util.prefs=ALL-UNNAMED --add-opens=java.base/java.nio.charset=ALL-UNNAMED --add-opens=java.base/java.net=ALL-UNNAMED --add-opens=java.base/java.util.concurrent.atomic=ALL-UNNAMED --add-opens=java.xml/javax.xml.namespace=ALL-UNNAMED -Xmx2048m -Dfile.encoding=UTF-8 -Duser.country=ID -Duser.language=en -Duser.variant -javaagent:C:\Users\Ari Awaludin\.gradle\wrapper\dists\gradle-8.11.1-bin\bpt9gzteqjrbo1mjrsomdt32c\gradle-8.11.1\lib\agents\gradle-instrumentation-agent-8.11.1.jar 
java_command: org.gradle.launcher.daemon.bootstrap.GradleDaemon 8.11.1
java_class_path (initial): C:\Users\Ari Awaludin\.gradle\wrapper\dists\gradle-8.11.1-bin\bpt9gzteqjrbo1mjrsomdt32c\gradle-8.11.1\lib\gradle-daemon-main-8.11.1.jar
Launcher Type: SUN_STANDARD

[Global flags]
     intx CICompilerCount                          = 4                                         {product} {ergonomic}
     uint ConcGCThreads                            = 3                                         {product} {ergonomic}
     uint G1ConcRefinementThreads                  = 10                                        {product} {ergonomic}
   size_t G1HeapRegionSize                         = 1048576                                   {product} {ergonomic}
    uintx GCDrainStackTargetSize                   = 64                                        {product} {ergonomic}
   size_t InitialHeapSize                          = 123731968                                 {product} {ergonomic}
   size_t MarkStackSize                            = 4194304                                   {product} {ergonomic}
   size_t MaxHeapSize                              = 2147483648                                {product} {command line}
   size_t MaxNewSize                               = 1287651328                                {product} {ergonomic}
   size_t MinHeapDeltaBytes                        = 1048576                                   {product} {ergonomic}
   size_t MinHeapSize                              = 8388608                                   {product} {ergonomic}
    uintx NonNMethodCodeHeapSize                   = 5839372                                {pd product} {ergonomic}
    uintx NonProfiledCodeHeapSize                  = 122909434                              {pd product} {ergonomic}
    uintx ProfiledCodeHeapSize                     = 122909434                              {pd product} {ergonomic}
    uintx ReservedCodeCacheSize                    = 251658240                              {pd product} {ergonomic}
     bool SegmentedCodeCache                       = true                                      {product} {ergonomic}
   size_t SoftMaxHeapSize                          = 2147483648                             {manageable} {ergonomic}
     bool UseCompressedClassPointers               = true                           {product lp64_product} {ergonomic}
     bool UseCompressedOops                        = true                           {product lp64_product} {ergonomic}
     bool UseG1GC                                  = true                                      {product} {ergonomic}
     bool UseLargePagesIndividualAllocation        = false                                  {pd product} {ergonomic}

Logging:
Log output configuration:
 #0: stdout all=warning uptime,level,tags
 #1: stderr all=off uptime,level,tags

Environment Variables:
JAVA_HOME=C:\Program Files\Java\jdk-17\bin
PATH=C:\Program Files (x86)\Common Files\Intel\Shared Libraries\redist\intel64\compiler;C:\WINDOWS\system32;C:\WINDOWS;C:\WINDOWS\System32\Wbem;C:\WINDOWS\System32\WindowsPowerShell\v1.0\;C:\WINDOWS\System32\OpenSSH\;C:\Program Files\dotnet\;C:\Program Files\HP\HP One Agent;C:\Program Files\Git\cmd;C:\ProgramData\ComposerSetup\bin;C:\Users\Ari Awaludin\AppData\Local\Packages\PythonSoftwareFoundation.Python.3.11_qbz5n2kfra8p0\LocalCache\local-packages\Python311\Scripts;C:\WINDOWS\system32;C:\WINDOWS;C:\WINDOWS\System32\Wbem;C:\WINDOWS\System32\WindowsPowerShell\v1.0\;C:\WINDOWS\System32\OpenSSH\;C:\Users\Ari Awaludin\AppData\Local\Microsoft\WindowsApps\PythonSoftwareFoundation.Python.3.11_qbz5n2kfra8p0;C:\xampp\php;C:\Program Files\Go\bin;C:\Program Files\nodejs\;C:\ProgramData\chocolatey\bin;C:\Program Files\Java\jdk-17\bin\bin;C:\adb\platform-tools;C:\Android\Sdk;C:\flutter\src\flutter\bin;C:\Program Files\Java\jdk-11\bin;C:\Program Files (x86)\Microsoft SQL Server\160\DTS\Binn\;C:\Program Files (x86)\Microsoft SQL Server\160\Tools\Binn\;C:\Program Files\Microsoft SQL Server\160\Tools\Binn\;C:\Program Files\Microsoft SQL Server\Client SDK\ODBC\170\Tools\Binn\;C:\Program Files\Microsoft SQL Server\160\DTS\Binn\;C:\Program Files\Microsoft SQL Server\Client SDK\ODBC\170\Tools\Binn\;C:\Android\Sdk\emulator;C:\Program Files\Java\jdk-17\bin;%PNPM_HOME%;C:\laragon\bin;C:\laragon\bin\apache\httpd-2.4.54-win64-VS16\bin;C:\laragon\bin\composer;C:\laragon\bin\git\bin;C:\laragon\bin\git\cmd;C:\laragon\bin\git\mingw64\bin;C:\laragon\bin\git\usr\bin;C:\laragon\bin\laragon\utils;C:\laragon\bin\mysql\mysql-8.0.30-winx64\bin;C:\laragon\bin\nginx\nginx-1.22.0;C:\laragon\bin\ngrok;C:\laragon\bin\notepad++;C:\laragon\bin\python\python-3.10;C:\laragon\bin\python\python-3.10\Scripts;C:\laragon\bin\redis\redis-x64-5.0.14.1;C:\laragon\bin\telnet;C:\laragon\usr\bin;C:\Users\Ari Awaludin\AppData\Local\Yarn\config\global\node_modules\.bin;C:\Users\Ari Awaludin\AppData\Roaming\Composer\vendor\bi
USERNAME=Ari Awaludin
OS=Windows_NT
PROCESSOR_IDENTIFIER=AMD64 Family 23 Model 104 Stepping 1, AuthenticAMD



---------------  S Y S T E M  ---------------

OS:
 Windows 11 , 64 bit Build 26100 (10.0.26100.3775)
OS uptime: 3 days 10:03 hours

CPU: total 12 (initial active 12) (12 cores per cpu, 2 threads per core) family 23 model 104 stepping 1 microcode 0x8608104, cx8, cmov, fxsr, ht, mmx, 3dnowpref, sse, sse2, sse3, ssse3, sse4a, sse4.1, sse4.2, popcnt, lzcnt, tsc, tscinvbit, avx, avx2, aes, clmul, bmi1, bmi2, adx, sha, fma, vzeroupper, clflush, clflushopt

Memory: 4k page, system-wide physical 7502M (448M free)
TotalPageFile size 19790M (AvailPageFile size 13M)
current process WorkingSet (physical memory assigned to process): 191M, peak: 191M
current process commit charge ("private bytes"): 277M, peak: 278M

vm_info: Java HotSpot(TM) 64-Bit Server VM (17.0.12+8-LTS-286) for windows-amd64 JRE (17.0.12+8-LTS-286), built on Jun  5 2024 06:46:59 by "mach5one" with MS VC++ 17.6 (VS2022)

END.
