#
# There is insufficient memory for the Java Runtime Environment to continue.
# Native memory allocation (malloc) failed to allocate 1950896 bytes for Chunk::new
# Possible reasons:
#   The system is out of physical RAM or swap space
#   The process is running with CompressedOops enabled, and the Java Heap may be blocking the growth of the native heap
# Possible solutions:
#   Reduce memory load on the system
#   Increase physical memory or swap space
#   Check if swap backing store is full
#   Decrease Java heap size (-Xmx/-Xms)
#   Decrease number of Java threads
#   Decrease Java thread stack sizes (-Xss)
#   Set larger code cache with -XX:ReservedCodeCacheSize=
#   JVM is running with Unscaled Compressed Oops mode in which the Java heap is
#     placed in the first 4GB address space. The Java Heap base address is the
#     maximum limit for the native heap growth. Please use -XX:HeapBaseMinAddress
#     to set the Java Heap base and to place the Java Heap above 4GB virtual address.
# This output file may be truncated or incomplete.
#
#  Out of Memory Error (arena.cpp:189), pid=8576, tid=7960
#
# JRE version: Java(TM) SE Runtime Environment (17.0.12+8) (build 17.0.12+8-LTS-286)
# Java VM: Java HotSpot(TM) 64-Bit Server VM (17.0.12+8-LTS-286, mixed mode, sharing, tiered, compressed oops, compressed class ptrs, g1 gc, windows-amd64)
# No core dump will be written. Minidumps are not enabled by default on client versions of Windows
#

---------------  S U M M A R Y ------------

Command Line: --add-opens=java.base/java.lang=ALL-UNNAMED --add-opens=java.base/java.lang.invoke=ALL-UNNAMED --add-opens=java.base/java.util=ALL-UNNAMED --add-opens=java.prefs/java.util.prefs=ALL-UNNAMED --add-exports=jdk.compiler/com.sun.tools.javac.api=ALL-UNNAMED --add-exports=jdk.compiler/com.sun.tools.javac.util=ALL-UNNAMED --add-opens=java.base/java.util=ALL-UNNAMED --add-opens=java.prefs/java.util.prefs=ALL-UNNAMED --add-opens=java.base/java.nio.charset=ALL-UNNAMED --add-opens=java.base/java.net=ALL-UNNAMED --add-opens=java.base/java.util.concurrent.atomic=ALL-UNNAMED --add-opens=java.xml/javax.xml.namespace=ALL-UNNAMED -Xmx2048m -Dfile.encoding=UTF-8 -Duser.country=ID -Duser.language=en -Duser.variant -javaagent:C:\Users\Ari Awaludin\.gradle\wrapper\dists\gradle-8.11.1-bin\bpt9gzteqjrbo1mjrsomdt32c\gradle-8.11.1\lib\agents\gradle-instrumentation-agent-8.11.1.jar org.gradle.launcher.daemon.bootstrap.GradleDaemon 8.11.1

Host: AMD Ryzen 5 5500U with Radeon Graphics         , 12 cores, 7G,  Windows 11 , 64 bit Build 26100 (10.0.26100.3775)
Time: Sun Apr 13 23:30:02 2025 SE Asia Standard Time elapsed time: 9.183656 seconds (0d 0h 0m 9s)

---------------  T H R E A D  ---------------

Current thread (0x00000140e5aa9970):  JavaThread "C2 CompilerThread1" daemon [_thread_in_native, id=7960, stack(0x00000016c5f00000,0x00000016c6000000)]


Current CompileTask:
C2:   9183 5588   !   4       java.net.URLClassLoader::findClass (47 bytes)

Stack: [0x00000016c5f00000,0x00000016c6000000]
Native frames: (J=compiled Java code, j=interpreted, Vv=VM code, C=native code)
V  [jvm.dll+0x67a04a]
V  [jvm.dll+0x7da4ed]
V  [jvm.dll+0x7dbe33]
V  [jvm.dll+0x7dc4a3]
V  [jvm.dll+0x24508f]
V  [jvm.dll+0xab773]
V  [jvm.dll+0xabd3c]
V  [jvm.dll+0x361b9f]
V  [jvm.dll+0x32c431]
V  [jvm.dll+0x32b8ca]
V  [jvm.dll+0x21683f]
V  [jvm.dll+0x215c6f]
V  [jvm.dll+0x1a2960]
V  [jvm.dll+0x22610b]
V  [jvm.dll+0x2242ab]
V  [jvm.dll+0x79075c]
V  [jvm.dll+0x78abea]
V  [jvm.dll+0x678f35]
C  [ucrtbase.dll+0x37b0]
C  [KERNEL32.DLL+0x2e8d7]
C  [ntdll.dll+0xb14fc]


---------------  P R O C E S S  ---------------

Threads class SMR info:
_java_thread_list=0x00000140e9618bc0, length=65, elements={
0x00000140fed477a0, 0x000001409f037da0, 0x000001409f0393e0, 0x000001409f04de90,
0x000001409f050770, 0x000001409f05b060, 0x000001409f05bb40, 0x000001409f05cc00,
0x000001409f06ff40, 0x000001409f072480, 0x000001409f24d000, 0x000001409f386ba0,
0x00000140e5aa9970, 0x00000140e60c4700, 0x00000140e6141a40, 0x00000140e60c1860,
0x00000140e643c5f0, 0x00000140e622d150, 0x00000140e6246d90, 0x00000140e6245950,
0x00000140e6246880, 0x00000140e62472a0, 0x00000140e6246370, 0x00000140e68ed050,
0x00000140e68ed560, 0x00000140e68ee9a0, 0x00000140e68ec120, 0x00000140e68eda70,
0x00000140e68ebc10, 0x00000140e68efde0, 0x00000140e68edf80, 0x00000140e68ecb40,
0x00000140e68ee490, 0x00000140e68ef3c0, 0x00000140e68ef8d0, 0x00000140e68ec630,
0x00000140e68f1730, 0x00000140e68f1220, 0x00000140e68f0800, 0x00000140e68f3590,
0x00000140e68f3080, 0x00000140e68f1c40, 0x00000140e68f0d10, 0x00000140e68f2150,
0x00000140e68f02f0, 0x00000140e68f2660, 0x00000140e858df70, 0x00000140e858c620,
0x00000140e858bc00, 0x00000140e858cb30, 0x00000140e858f8c0, 0x00000140e858f3b0,
0x00000140e858fdd0, 0x00000140e85902e0, 0x00000140e858e990, 0x00000140e85907f0,
0x00000140e858e480, 0x00000140e8590d00, 0x00000140e858eea0, 0x00000140e8591210,
0x00000140e858da60, 0x00000140e8591720, 0x00000140e8591c30, 0x00000140e8592140,
0x00000140e68f2b70
}

Java Threads: ( => current thread )
  0x00000140fed477a0 JavaThread "main" [_thread_blocked, id=12136, stack(0x00000016c4c00000,0x00000016c4d00000)]
  0x000001409f037da0 JavaThread "Reference Handler" daemon [_thread_blocked, id=23764, stack(0x00000016c5300000,0x00000016c5400000)]
  0x000001409f0393e0 JavaThread "Finalizer" daemon [_thread_blocked, id=20600, stack(0x00000016c5400000,0x00000016c5500000)]
  0x000001409f04de90 JavaThread "Signal Dispatcher" daemon [_thread_blocked, id=12908, stack(0x00000016c5500000,0x00000016c5600000)]
  0x000001409f050770 JavaThread "Attach Listener" daemon [_thread_blocked, id=9288, stack(0x00000016c5600000,0x00000016c5700000)]
  0x000001409f05b060 JavaThread "Service Thread" daemon [_thread_blocked, id=21072, stack(0x00000016c5700000,0x00000016c5800000)]
  0x000001409f05bb40 JavaThread "Monitor Deflation Thread" daemon [_thread_blocked, id=11092, stack(0x00000016c5800000,0x00000016c5900000)]
  0x000001409f05cc00 JavaThread "C2 CompilerThread0" daemon [_thread_blocked, id=18788, stack(0x00000016c5900000,0x00000016c5a00000)]
  0x000001409f06ff40 JavaThread "C1 CompilerThread0" daemon [_thread_blocked, id=24528, stack(0x00000016c5a00000,0x00000016c5b00000)]
  0x000001409f072480 JavaThread "Sweeper thread" daemon [_thread_blocked, id=12584, stack(0x00000016c5b00000,0x00000016c5c00000)]
  0x000001409f24d000 JavaThread "Common-Cleaner" daemon [_thread_blocked, id=23808, stack(0x00000016c5c00000,0x00000016c5d00000)]
  0x000001409f386ba0 JavaThread "Notification Thread" daemon [_thread_blocked, id=12896, stack(0x00000016c5d00000,0x00000016c5e00000)]
=>0x00000140e5aa9970 JavaThread "C2 CompilerThread1" daemon [_thread_in_native, id=7960, stack(0x00000016c5f00000,0x00000016c6000000)]
  0x00000140e60c4700 JavaThread "Daemon health stats" [_thread_blocked, id=20632, stack(0x00000016c6400000,0x00000016c6500000)]
  0x00000140e6141a40 JavaThread "Incoming local TCP Connector on port 60745" [_thread_in_native, id=19004, stack(0x00000016c6500000,0x00000016c6600000)]
  0x00000140e60c1860 JavaThread "Daemon periodic checks" [_thread_blocked, id=3372, stack(0x00000016c6600000,0x00000016c6700000)]
  0x00000140e643c5f0 JavaThread "Daemon" [_thread_blocked, id=9452, stack(0x00000016c6700000,0x00000016c6800000)]
  0x00000140e622d150 JavaThread "Handler for socket connection from /127.0.0.1:60745 to /127.0.0.1:60746" [_thread_in_native, id=8732, stack(0x00000016c6800000,0x00000016c6900000)]
  0x00000140e6246d90 JavaThread "Cancel handler" [_thread_blocked, id=23356, stack(0x00000016c6900000,0x00000016c6a00000)]
  0x00000140e6245950 JavaThread "Daemon worker" [_thread_in_native, id=7428, stack(0x00000016c6a00000,0x00000016c6b00000)]
  0x00000140e6246880 JavaThread "Asynchronous log dispatcher for DefaultDaemonConnection: socket connection from /127.0.0.1:60745 to /127.0.0.1:60746" [_thread_blocked, id=10220, stack(0x00000016c6b00000,0x00000016c6c00000)]
  0x00000140e62472a0 JavaThread "Stdin handler" [_thread_blocked, id=18632, stack(0x00000016c6c00000,0x00000016c6d00000)]
  0x00000140e6246370 JavaThread "Daemon client event forwarder" [_thread_blocked, id=8400, stack(0x00000016c6d00000,0x00000016c6e00000)]
  0x00000140e68ed050 JavaThread "Cache worker for journal cache (C:\Users\Ari Awaludin\.gradle\caches\journal-1)" [_thread_blocked, id=18292, stack(0x00000016c6e00000,0x00000016c6f00000)]
  0x00000140e68ed560 JavaThread "File lock request listener" [_thread_in_native, id=9660, stack(0x00000016c6f00000,0x00000016c7000000)]
  0x00000140e68ee9a0 JavaThread "Cache worker for file hash cache (C:\Users\Ari Awaludin\.gradle\caches\8.11.1\fileHashes)" [_thread_blocked, id=1212, stack(0x00000016c7000000,0x00000016c7100000)]
  0x00000140e68ec120 JavaThread "Cache worker for file content cache (C:\Users\Ari Awaludin\.gradle\caches\8.11.1\fileContent)" [_thread_blocked, id=20304, stack(0x00000016c7600000,0x00000016c7700000)]
  0x00000140e68eda70 JavaThread "Cache worker for file hash cache (C:\Project\MyApplication3\.gradle\8.11.1\fileHashes)" [_thread_blocked, id=3156, stack(0x00000016c7700000,0x00000016c7800000)]
  0x00000140e68ebc10 JavaThread "Cache worker for Build Output Cleanup Cache (C:\Project\MyApplication3\.gradle\buildOutputCleanup)" [_thread_blocked, id=18740, stack(0x00000016c7800000,0x00000016c7900000)]
  0x00000140e68efde0 JavaThread "File watcher server" daemon [_thread_in_native, id=24276, stack(0x00000016c7b00000,0x00000016c7c00000)]
  0x00000140e68edf80 JavaThread "File watcher consumer" daemon [_thread_blocked, id=22220, stack(0x00000016c7c00000,0x00000016c7d00000)]
  0x00000140e68ecb40 JavaThread "jar transforms" [_thread_blocked, id=19832, stack(0x00000016c7d00000,0x00000016c7e00000)]
  0x00000140e68ee490 JavaThread "jar transforms Thread 2" [_thread_blocked, id=8132, stack(0x00000016c7e00000,0x00000016c7f00000)]
  0x00000140e68ef3c0 JavaThread "jar transforms Thread 3" [_thread_blocked, id=22488, stack(0x00000016c7f00000,0x00000016c8000000)]
  0x00000140e68ef8d0 JavaThread "jar transforms Thread 4" [_thread_blocked, id=24460, stack(0x00000016c8000000,0x00000016c8100000)]
  0x00000140e68ec630 JavaThread "jar transforms Thread 5" [_thread_blocked, id=8136, stack(0x00000016c8100000,0x00000016c8200000)]
  0x00000140e68f1730 JavaThread "jar transforms Thread 6" [_thread_blocked, id=16748, stack(0x00000016c8200000,0x00000016c8300000)]
  0x00000140e68f1220 JavaThread "jar transforms Thread 7" [_thread_blocked, id=18820, stack(0x00000016c8300000,0x00000016c8400000)]
  0x00000140e68f0800 JavaThread "jar transforms Thread 8" [_thread_blocked, id=19260, stack(0x00000016c8400000,0x00000016c8500000)]
  0x00000140e68f3590 JavaThread "jar transforms Thread 9" [_thread_blocked, id=3860, stack(0x00000016c8500000,0x00000016c8600000)]
  0x00000140e68f3080 JavaThread "jar transforms Thread 10" [_thread_blocked, id=2768, stack(0x00000016c8600000,0x00000016c8700000)]
  0x00000140e68f1c40 JavaThread "jar transforms Thread 11" [_thread_blocked, id=11828, stack(0x00000016c8700000,0x00000016c8800000)]
  0x00000140e68f0d10 JavaThread "jar transforms Thread 12" [_thread_blocked, id=15240, stack(0x00000016c8800000,0x00000016c8900000)]
  0x00000140e68f2150 JavaThread "Cache worker for checksums cache (C:\Project\MyApplication3\.gradle\8.11.1\checksums)" [_thread_blocked, id=21432, stack(0x00000016c8900000,0x00000016c8a00000)]
  0x00000140e68f02f0 JavaThread "Cache worker for cache directory md-rule (C:\Users\Ari Awaludin\.gradle\caches\8.11.1\md-rule)" [_thread_blocked, id=17736, stack(0x00000016c8a00000,0x00000016c8b00000)]
  0x00000140e68f2660 JavaThread "Cache worker for cache directory md-supplier (C:\Users\Ari Awaludin\.gradle\caches\8.11.1\md-supplier)" [_thread_blocked, id=16908, stack(0x00000016c8b00000,0x00000016c8c00000)]
  0x00000140e858df70 JavaThread "Unconstrained build operations" [_thread_blocked, id=13868, stack(0x00000016c8c00000,0x00000016c8d00000)]
  0x00000140e858c620 JavaThread "Unconstrained build operations Thread 2" [_thread_blocked, id=21828, stack(0x00000016c8d00000,0x00000016c8e00000)]
  0x00000140e858bc00 JavaThread "Unconstrained build operations Thread 3" [_thread_blocked, id=13032, stack(0x00000016c8e00000,0x00000016c8f00000)]
  0x00000140e858cb30 JavaThread "Unconstrained build operations Thread 4" [_thread_blocked, id=22860, stack(0x00000016c8f00000,0x00000016c9000000)]
  0x00000140e858f8c0 JavaThread "Unconstrained build operations Thread 5" [_thread_blocked, id=14296, stack(0x00000016c9000000,0x00000016c9100000)]
  0x00000140e858f3b0 JavaThread "Unconstrained build operations Thread 6" [_thread_blocked, id=6308, stack(0x00000016c9100000,0x00000016c9200000)]
  0x00000140e858fdd0 JavaThread "Unconstrained build operations Thread 7" [_thread_blocked, id=2808, stack(0x00000016c9200000,0x00000016c9300000)]
  0x00000140e85902e0 JavaThread "Unconstrained build operations Thread 8" [_thread_blocked, id=10096, stack(0x00000016c9300000,0x00000016c9400000)]
  0x00000140e858e990 JavaThread "Unconstrained build operations Thread 9" [_thread_blocked, id=13760, stack(0x00000016c9400000,0x00000016c9500000)]
  0x00000140e85907f0 JavaThread "Unconstrained build operations Thread 10" [_thread_blocked, id=14632, stack(0x00000016c9500000,0x00000016c9600000)]
  0x00000140e858e480 JavaThread "Unconstrained build operations Thread 11" [_thread_blocked, id=5724, stack(0x00000016c9600000,0x00000016c9700000)]
  0x00000140e8590d00 JavaThread "Unconstrained build operations Thread 12" [_thread_blocked, id=23712, stack(0x00000016c9700000,0x00000016c9800000)]
  0x00000140e858eea0 JavaThread "Unconstrained build operations Thread 13" [_thread_blocked, id=14640, stack(0x00000016c9800000,0x00000016c9900000)]
  0x00000140e8591210 JavaThread "Unconstrained build operations Thread 14" [_thread_blocked, id=17876, stack(0x00000016c9900000,0x00000016c9a00000)]
  0x00000140e858da60 JavaThread "Unconstrained build operations Thread 15" [_thread_blocked, id=6492, stack(0x00000016c9a00000,0x00000016c9b00000)]
  0x00000140e8591720 JavaThread "Unconstrained build operations Thread 16" [_thread_blocked, id=18516, stack(0x00000016c9b00000,0x00000016c9c00000)]
  0x00000140e8591c30 JavaThread "Unconstrained build operations Thread 17" [_thread_blocked, id=18160, stack(0x00000016c9c00000,0x00000016c9d00000)]
  0x00000140e8592140 JavaThread "Unconstrained build operations Thread 18" [_thread_blocked, id=15728, stack(0x00000016c9d00000,0x00000016c9e00000)]
  0x00000140e68f2b70 JavaThread "Unconstrained build operations Thread 19" [_thread_blocked, id=4652, stack(0x00000016c9e00000,0x00000016c9f00000)]

Other Threads:
  0x000001409f032bd0 VMThread "VM Thread" [stack: 0x00000016c5200000,0x00000016c5300000] [id=17684]
  0x00000140fedb06d0 WatcherThread [stack: 0x00000016c5e00000,0x00000016c5f00000] [id=5652]
  0x00000140feda1830 GCTaskThread "GC Thread#0" [stack: 0x00000016c4d00000,0x00000016c4e00000] [id=2824]
  0x000001409f80fcc0 GCTaskThread "GC Thread#1" [stack: 0x00000016c6000000,0x00000016c6100000] [id=10276]
  0x000001409f957620 GCTaskThread "GC Thread#2" [stack: 0x00000016c6100000,0x00000016c6200000] [id=2000]
  0x00000140e52bc4b0 GCTaskThread "GC Thread#3" [stack: 0x00000016c6200000,0x00000016c6300000] [id=16884]
  0x000001409f7bede0 GCTaskThread "GC Thread#4" [stack: 0x00000016c6300000,0x00000016c6400000] [id=2124]
  0x00000140e622c670 GCTaskThread "GC Thread#5" [stack: 0x00000016c7100000,0x00000016c7200000] [id=11884]
  0x00000140e6060d10 GCTaskThread "GC Thread#6" [stack: 0x00000016c7200000,0x00000016c7300000] [id=23916]
  0x00000140e62af860 GCTaskThread "GC Thread#7" [stack: 0x00000016c7300000,0x00000016c7400000] [id=17600]
  0x00000140e64e23f0 GCTaskThread "GC Thread#8" [stack: 0x00000016c7400000,0x00000016c7500000] [id=204]
  0x00000140e6498910 GCTaskThread "GC Thread#9" [stack: 0x00000016c7500000,0x00000016c7600000] [id=1104]
  0x00000140fedac750 ConcurrentGCThread "G1 Main Marker" [stack: 0x00000016c4e00000,0x00000016c4f00000] [id=11448]
  0x00000140fedad070 ConcurrentGCThread "G1 Conc#0" [stack: 0x00000016c4f00000,0x00000016c5000000] [id=2272]
  0x00000140e9124ec0 ConcurrentGCThread "G1 Conc#1" [stack: 0x00000016c7900000,0x00000016c7a00000] [id=24516]
  0x00000140e5cebb70 ConcurrentGCThread "G1 Conc#2" [stack: 0x00000016c7a00000,0x00000016c7b00000] [id=10584]
  0x000001409eeec550 ConcurrentGCThread "G1 Refine#0" [stack: 0x00000016c5000000,0x00000016c5100000] [id=24312]
  0x000001409eeece90 ConcurrentGCThread "G1 Service" [stack: 0x00000016c5100000,0x00000016c5200000] [id=24560]

Threads with active compile tasks:
C2 CompilerThread0     9211 5632       4       java.util.jar.JarFile::getEntry (35 bytes)
C2 CompilerThread1     9211 5588   !   4       java.net.URLClassLoader::findClass (47 bytes)

VM state: not at safepoint (normal execution)

VM Mutex/Monitor currently owned by a thread: None

Heap address: 0x0000000080000000, size: 2048 MB, Compressed Oops mode: 32-bit

CDS archive(s) mapped at: [0x00000140a0000000-0x00000140a0bd0000-0x00000140a0bd0000), size 12386304, SharedBaseAddress: 0x00000140a0000000, ArchiveRelocationMode: 1.
Compressed class space mapped at: 0x00000140a1000000-0x00000140e1000000, reserved size: 1073741824
Narrow klass base: 0x00000140a0000000, Narrow klass shift: 0, Narrow klass range: 0x100000000

GC Precious Log:
 CPUs: 12 total, 12 available
 Memory: 7502M
 Large Page Support: Disabled
 NUMA Support: Disabled
 Compressed Oops: Enabled (32-bit)
 Heap Region Size: 1M
 Heap Min Capacity: 8M
 Heap Initial Capacity: 118M
 Heap Max Capacity: 2G
 Pre-touch: Disabled
 Parallel Workers: 10
 Concurrent Workers: 3
 Concurrent Refinement Workers: 10
 Periodic GC: Disabled

Heap:
 garbage-first heap   total 130048K, used 79758K [0x0000000080000000, 0x0000000100000000)
  region size 1024K, 8 young (8192K), 2 survivors (2048K)
 Metaspace       used 45788K, committed 46464K, reserved 1114112K
  class space    used 6393K, committed 6656K, reserved 1048576K

Heap Regions: E=young(eden), S=young(survivor), O=old, HS=humongous(starts), HC=humongous(continues), CS=collection set, F=free, OA=open archive, CA=closed archive, TAMS=top-at-mark-start (previous, next)
|   0|0x0000000080000000, 0x0000000080100000, 0x0000000080100000|100%| O|  |TAMS 0x0000000080100000, 0x0000000080000000| Untracked 
|   1|0x0000000080100000, 0x0000000080200000, 0x0000000080200000|100%|HS|  |TAMS 0x0000000080200000, 0x0000000080100000| Complete 
|   2|0x0000000080200000, 0x0000000080300000, 0x0000000080300000|100%|HC|  |TAMS 0x0000000080300000, 0x0000000080200000| Complete 
|   3|0x0000000080300000, 0x0000000080400000, 0x0000000080400000|100%|HC|  |TAMS 0x0000000080400000, 0x0000000080300000| Complete 
|   4|0x0000000080400000, 0x0000000080500000, 0x0000000080500000|100%| O|  |TAMS 0x0000000080500000, 0x0000000080400000| Untracked 
|   5|0x0000000080500000, 0x0000000080600000, 0x0000000080600000|100%| O|  |TAMS 0x0000000080600000, 0x0000000080500000| Untracked 
|   6|0x0000000080600000, 0x0000000080700000, 0x0000000080700000|100%| O|  |TAMS 0x0000000080700000, 0x0000000080600000| Untracked 
|   7|0x0000000080700000, 0x0000000080800000, 0x0000000080800000|100%|HS|  |TAMS 0x0000000080800000, 0x0000000080700000| Complete 
|   8|0x0000000080800000, 0x0000000080900000, 0x0000000080900000|100%| O|  |TAMS 0x0000000080900000, 0x0000000080800000| Untracked 
|   9|0x0000000080900000, 0x0000000080a00000, 0x0000000080a00000|100%| O|  |TAMS 0x0000000080a00000, 0x0000000080900000| Untracked 
|  10|0x0000000080a00000, 0x0000000080b00000, 0x0000000080b00000|100%| O|  |TAMS 0x0000000080b00000, 0x0000000080a00000| Untracked 
|  11|0x0000000080b00000, 0x0000000080c00000, 0x0000000080c00000|100%| O|  |TAMS 0x0000000080c00000, 0x0000000080b00000| Untracked 
|  12|0x0000000080c00000, 0x0000000080d00000, 0x0000000080d00000|100%| O|  |TAMS 0x0000000080d00000, 0x0000000080c00000| Untracked 
|  13|0x0000000080d00000, 0x0000000080e00000, 0x0000000080e00000|100%| O|  |TAMS 0x0000000080e00000, 0x0000000080d00000| Untracked 
|  14|0x0000000080e00000, 0x0000000080f00000, 0x0000000080f00000|100%| O|  |TAMS 0x0000000080f00000, 0x0000000080e00000| Untracked 
|  15|0x0000000080f00000, 0x0000000081000000, 0x0000000081000000|100%| O|  |TAMS 0x0000000081000000, 0x0000000080f00000| Untracked 
|  16|0x0000000081000000, 0x00000000810ce600, 0x0000000081100000| 80%| O|  |TAMS 0x00000000810ce600, 0x0000000081000000| Untracked 
|  17|0x0000000081100000, 0x0000000081200000, 0x0000000081200000|100%|HS|  |TAMS 0x0000000081200000, 0x0000000081100000| Complete 
|  18|0x0000000081200000, 0x0000000081300000, 0x0000000081300000|100%|HC|  |TAMS 0x0000000081300000, 0x0000000081200000| Complete 
|  19|0x0000000081300000, 0x0000000081400000, 0x0000000081400000|100%|HC|  |TAMS 0x0000000081400000, 0x0000000081300000| Complete 
|  20|0x0000000081400000, 0x0000000081500000, 0x0000000081500000|100%|HC|  |TAMS 0x0000000081500000, 0x0000000081400000| Complete 
|  21|0x0000000081500000, 0x0000000081600000, 0x0000000081600000|100%|HC|  |TAMS 0x0000000081600000, 0x0000000081500000| Complete 
|  22|0x0000000081600000, 0x0000000081700000, 0x0000000081700000|100%|HC|  |TAMS 0x0000000081700000, 0x0000000081600000| Complete 
|  23|0x0000000081700000, 0x0000000081800000, 0x0000000081800000|100%|HS|  |TAMS 0x0000000081800000, 0x0000000081700000| Complete 
|  24|0x0000000081800000, 0x0000000081900000, 0x0000000081900000|100%|HC|  |TAMS 0x0000000081900000, 0x0000000081800000| Complete 
|  25|0x0000000081900000, 0x0000000081a00000, 0x0000000081a00000|100%|HC|  |TAMS 0x0000000081a00000, 0x0000000081900000| Complete 
|  26|0x0000000081a00000, 0x0000000081b00000, 0x0000000081b00000|100%|HC|  |TAMS 0x0000000081b00000, 0x0000000081a00000| Complete 
|  27|0x0000000081b00000, 0x0000000081c00000, 0x0000000081c00000|100%|HS|  |TAMS 0x0000000081c00000, 0x0000000081b00000| Complete 
|  28|0x0000000081c00000, 0x0000000081d00000, 0x0000000081d00000|100%|HC|  |TAMS 0x0000000081d00000, 0x0000000081c00000| Complete 
|  29|0x0000000081d00000, 0x0000000081e00000, 0x0000000081e00000|100%|HS|  |TAMS 0x0000000081e00000, 0x0000000081d00000| Complete 
|  30|0x0000000081e00000, 0x0000000081f00000, 0x0000000081f00000|100%| O|  |TAMS 0x0000000081f00000, 0x0000000081e00000| Untracked 
|  31|0x0000000081f00000, 0x0000000082000000, 0x0000000082000000|100%| O|  |TAMS 0x0000000082000000, 0x0000000081f00000| Untracked 
|  32|0x0000000082000000, 0x0000000082100000, 0x0000000082100000|100%| O|  |TAMS 0x0000000082100000, 0x0000000082000000| Untracked 
|  33|0x0000000082100000, 0x0000000082200000, 0x0000000082200000|100%| O|  |TAMS 0x0000000082200000, 0x0000000082100000| Untracked 
|  34|0x0000000082200000, 0x0000000082300000, 0x0000000082300000|100%| O|  |TAMS 0x0000000082300000, 0x0000000082200000| Untracked 
|  35|0x0000000082300000, 0x0000000082400000, 0x0000000082400000|100%| O|  |TAMS 0x0000000082400000, 0x0000000082300000| Untracked 
|  36|0x0000000082400000, 0x0000000082500000, 0x0000000082500000|100%| O|  |TAMS 0x0000000082500000, 0x0000000082400000| Untracked 
|  37|0x0000000082500000, 0x0000000082600000, 0x0000000082600000|100%| O|  |TAMS 0x0000000082600000, 0x0000000082500000| Untracked 
|  38|0x0000000082600000, 0x0000000082700000, 0x0000000082700000|100%| O|  |TAMS 0x0000000082700000, 0x0000000082600000| Untracked 
|  39|0x0000000082700000, 0x0000000082800000, 0x0000000082800000|100%| O|  |TAMS 0x0000000082800000, 0x0000000082700000| Complete 
|  40|0x0000000082800000, 0x0000000082900000, 0x0000000082900000|100%| O|  |TAMS 0x0000000082900000, 0x0000000082800000| Untracked 
|  41|0x0000000082900000, 0x0000000082a00000, 0x0000000082a00000|100%| O|  |TAMS 0x0000000082a00000, 0x0000000082900000| Untracked 
|  42|0x0000000082a00000, 0x0000000082b00000, 0x0000000082b00000|100%| O|  |TAMS 0x0000000082b00000, 0x0000000082a00000| Untracked 
|  43|0x0000000082b00000, 0x0000000082c00000, 0x0000000082c00000|100%| O|  |TAMS 0x0000000082c00000, 0x0000000082b00000| Untracked 
|  44|0x0000000082c00000, 0x0000000082d00000, 0x0000000082d00000|100%| O|  |TAMS 0x0000000082d00000, 0x0000000082c00000| Untracked 
|  45|0x0000000082d00000, 0x0000000082e00000, 0x0000000082e00000|100%| O|  |TAMS 0x0000000082e00000, 0x0000000082d00000| Untracked 
|  46|0x0000000082e00000, 0x0000000082f00000, 0x0000000082f00000|100%| O|  |TAMS 0x0000000082f00000, 0x0000000082e00000| Untracked 
|  47|0x0000000082f00000, 0x0000000083000000, 0x0000000083000000|100%| O|  |TAMS 0x0000000083000000, 0x0000000082f00000| Untracked 
|  48|0x0000000083000000, 0x0000000083000000, 0x0000000083100000|  0%| F|  |TAMS 0x0000000083000000, 0x0000000083000000| Untracked 
|  49|0x0000000083100000, 0x0000000083200000, 0x0000000083200000|100%|HS|  |TAMS 0x0000000083200000, 0x0000000083100000| Complete 
|  50|0x0000000083200000, 0x0000000083300000, 0x0000000083300000|100%|HC|  |TAMS 0x0000000083300000, 0x0000000083200000| Complete 
|  51|0x0000000083300000, 0x0000000083400000, 0x0000000083400000|100%| O|  |TAMS 0x0000000083400000, 0x0000000083300000| Untracked 
|  52|0x0000000083400000, 0x0000000083500000, 0x0000000083500000|100%| O|  |TAMS 0x0000000083500000, 0x0000000083400000| Untracked 
|  53|0x0000000083500000, 0x0000000083600000, 0x0000000083600000|100%| O|  |TAMS 0x0000000083600000, 0x0000000083500000| Untracked 
|  54|0x0000000083600000, 0x0000000083700000, 0x0000000083700000|100%| O|  |TAMS 0x0000000083700000, 0x0000000083600000| Untracked 
|  55|0x0000000083700000, 0x0000000083800000, 0x0000000083800000|100%|HS|  |TAMS 0x0000000083800000, 0x0000000083700000| Complete 
|  56|0x0000000083800000, 0x0000000083900000, 0x0000000083900000|100%|HC|  |TAMS 0x0000000083900000, 0x0000000083800000| Complete 
|  57|0x0000000083900000, 0x0000000083a00000, 0x0000000083a00000|100%|HC|  |TAMS 0x0000000083a00000, 0x0000000083900000| Complete 
|  58|0x0000000083a00000, 0x0000000083b00000, 0x0000000083b00000|100%|HC|  |TAMS 0x0000000083b00000, 0x0000000083a00000| Complete 
|  59|0x0000000083b00000, 0x0000000083c00000, 0x0000000083c00000|100%|HC|  |TAMS 0x0000000083c00000, 0x0000000083b00000| Complete 
|  60|0x0000000083c00000, 0x0000000083d00000, 0x0000000083d00000|100%|HC|  |TAMS 0x0000000083d00000, 0x0000000083c00000| Complete 
|  61|0x0000000083d00000, 0x0000000083e00000, 0x0000000083e00000|100%| O|  |TAMS 0x0000000083e00000, 0x0000000083d00000| Untracked 
|  62|0x0000000083e00000, 0x0000000083f00000, 0x0000000083f00000|100%| O|  |TAMS 0x0000000083f00000, 0x0000000083e00000| Untracked 
|  63|0x0000000083f00000, 0x0000000084000000, 0x0000000084000000|100%| O|  |TAMS 0x0000000084000000, 0x0000000083f00000| Untracked 
|  64|0x0000000084000000, 0x0000000084100000, 0x0000000084100000|100%|HS|  |TAMS 0x0000000084100000, 0x0000000084000000| Complete 
|  65|0x0000000084100000, 0x0000000084200000, 0x0000000084200000|100%|HC|  |TAMS 0x0000000084200000, 0x0000000084100000| Complete 
|  66|0x0000000084200000, 0x0000000084300000, 0x0000000084300000|100%|HC|  |TAMS 0x0000000084300000, 0x0000000084200000| Complete 
|  67|0x0000000084300000, 0x0000000084400000, 0x0000000084400000|100%|HC|  |TAMS 0x0000000084400000, 0x0000000084300000| Complete 
|  68|0x0000000084400000, 0x0000000084500000, 0x0000000084500000|100%|HC|  |TAMS 0x0000000084500000, 0x0000000084400000| Complete 
|  69|0x0000000084500000, 0x0000000084600000, 0x0000000084600000|100%|HC|  |TAMS 0x0000000084600000, 0x0000000084500000| Complete 
|  70|0x0000000084600000, 0x00000000846b4c00, 0x0000000084700000| 70%| O|  |TAMS 0x00000000846b4c00, 0x0000000084600000| Untracked 
|  71|0x0000000084700000, 0x0000000084700000, 0x0000000084800000|  0%| F|  |TAMS 0x0000000084700000, 0x0000000084700000| Untracked 
|  72|0x0000000084800000, 0x0000000084900000, 0x0000000084900000|100%| O|  |TAMS 0x0000000084900000, 0x0000000084800000| Untracked 
|  73|0x0000000084900000, 0x0000000084a00000, 0x0000000084a00000|100%| O|  |TAMS 0x0000000084a00000, 0x0000000084900000| Untracked 
|  74|0x0000000084a00000, 0x0000000084a00000, 0x0000000084b00000|  0%| F|  |TAMS 0x0000000084a00000, 0x0000000084a00000| Untracked 
|  75|0x0000000084b00000, 0x0000000084b00000, 0x0000000084c00000|  0%| F|  |TAMS 0x0000000084b00000, 0x0000000084b00000| Untracked 
|  76|0x0000000084c00000, 0x0000000084c00000, 0x0000000084d00000|  0%| F|  |TAMS 0x0000000084c00000, 0x0000000084c00000| Untracked 
|  77|0x0000000084d00000, 0x0000000084d00000, 0x0000000084e00000|  0%| F|  |TAMS 0x0000000084d00000, 0x0000000084d00000| Untracked 
|  78|0x0000000084e00000, 0x0000000084e00000, 0x0000000084f00000|  0%| F|  |TAMS 0x0000000084e00000, 0x0000000084e00000| Untracked 
|  79|0x0000000084f00000, 0x0000000084f00000, 0x0000000085000000|  0%| F|  |TAMS 0x0000000084f00000, 0x0000000084f00000| Untracked 
|  80|0x0000000085000000, 0x0000000085000000, 0x0000000085100000|  0%| F|  |TAMS 0x0000000085000000, 0x0000000085000000| Untracked 
|  81|0x0000000085100000, 0x0000000085100000, 0x0000000085200000|  0%| F|  |TAMS 0x0000000085100000, 0x0000000085100000| Untracked 
|  82|0x0000000085200000, 0x0000000085200000, 0x0000000085300000|  0%| F|  |TAMS 0x0000000085200000, 0x0000000085200000| Untracked 
|  83|0x0000000085300000, 0x0000000085300000, 0x0000000085400000|  0%| F|  |TAMS 0x0000000085300000, 0x0000000085300000| Untracked 
|  84|0x0000000085400000, 0x0000000085400000, 0x0000000085500000|  0%| F|  |TAMS 0x0000000085400000, 0x0000000085400000| Untracked 
|  85|0x0000000085500000, 0x0000000085500000, 0x0000000085600000|  0%| F|  |TAMS 0x0000000085500000, 0x0000000085500000| Untracked 
|  86|0x0000000085600000, 0x0000000085600000, 0x0000000085700000|  0%| F|  |TAMS 0x0000000085600000, 0x0000000085600000| Untracked 
|  87|0x0000000085700000, 0x0000000085700000, 0x0000000085800000|  0%| F|  |TAMS 0x0000000085700000, 0x0000000085700000| Untracked 
|  88|0x0000000085800000, 0x0000000085800000, 0x0000000085900000|  0%| F|  |TAMS 0x0000000085800000, 0x0000000085800000| Untracked 
|  89|0x0000000085900000, 0x0000000085900000, 0x0000000085a00000|  0%| F|  |TAMS 0x0000000085900000, 0x0000000085900000| Untracked 
|  90|0x0000000085a00000, 0x0000000085a00000, 0x0000000085b00000|  0%| F|  |TAMS 0x0000000085a00000, 0x0000000085a00000| Untracked 
|  91|0x0000000085b00000, 0x0000000085b00000, 0x0000000085c00000|  0%| F|  |TAMS 0x0000000085b00000, 0x0000000085b00000| Untracked 
|  92|0x0000000085c00000, 0x0000000085c00000, 0x0000000085d00000|  0%| F|  |TAMS 0x0000000085c00000, 0x0000000085c00000| Untracked 
|  93|0x0000000085d00000, 0x0000000085d00000, 0x0000000085e00000|  0%| F|  |TAMS 0x0000000085d00000, 0x0000000085d00000| Untracked 
|  94|0x0000000085e00000, 0x0000000085e00000, 0x0000000085f00000|  0%| F|  |TAMS 0x0000000085e00000, 0x0000000085e00000| Untracked 
|  95|0x0000000085f00000, 0x0000000085f00000, 0x0000000086000000|  0%| F|  |TAMS 0x0000000085f00000, 0x0000000085f00000| Untracked 
|  96|0x0000000086000000, 0x0000000086000000, 0x0000000086100000|  0%| F|  |TAMS 0x0000000086000000, 0x0000000086000000| Untracked 
|  97|0x0000000086100000, 0x0000000086100000, 0x0000000086200000|  0%| F|  |TAMS 0x0000000086100000, 0x0000000086100000| Untracked 
|  98|0x0000000086200000, 0x0000000086200000, 0x0000000086300000|  0%| F|  |TAMS 0x0000000086200000, 0x0000000086200000| Untracked 
|  99|0x0000000086300000, 0x0000000086300000, 0x0000000086400000|  0%| F|  |TAMS 0x0000000086300000, 0x0000000086300000| Untracked 
| 100|0x0000000086400000, 0x0000000086400000, 0x0000000086500000|  0%| F|  |TAMS 0x0000000086400000, 0x0000000086400000| Untracked 
| 101|0x0000000086500000, 0x0000000086500000, 0x0000000086600000|  0%| F|  |TAMS 0x0000000086500000, 0x0000000086500000| Untracked 
| 102|0x0000000086600000, 0x00000000866609a0, 0x0000000086700000| 37%| S|CS|TAMS 0x0000000086600000, 0x0000000086600000| Complete 
| 103|0x0000000086700000, 0x0000000086800000, 0x0000000086800000|100%| S|CS|TAMS 0x0000000086700000, 0x0000000086700000| Complete 
| 104|0x0000000086800000, 0x0000000086800000, 0x0000000086900000|  0%| F|  |TAMS 0x0000000086800000, 0x0000000086800000| Untracked 
| 105|0x0000000086900000, 0x0000000086900000, 0x0000000086a00000|  0%| F|  |TAMS 0x0000000086900000, 0x0000000086900000| Untracked 
| 106|0x0000000086a00000, 0x0000000086a00000, 0x0000000086b00000|  0%| F|  |TAMS 0x0000000086a00000, 0x0000000086a00000| Untracked 
| 107|0x0000000086b00000, 0x0000000086b00000, 0x0000000086c00000|  0%| F|  |TAMS 0x0000000086b00000, 0x0000000086b00000| Untracked 
| 108|0x0000000086c00000, 0x0000000086c00000, 0x0000000086d00000|  0%| F|  |TAMS 0x0000000086c00000, 0x0000000086c00000| Untracked 
| 109|0x0000000086d00000, 0x0000000086d00000, 0x0000000086e00000|  0%| F|  |TAMS 0x0000000086d00000, 0x0000000086d00000| Untracked 
| 110|0x0000000086e00000, 0x0000000086e00000, 0x0000000086f00000|  0%| F|  |TAMS 0x0000000086e00000, 0x0000000086e00000| Untracked 
| 111|0x0000000086f00000, 0x0000000086f00000, 0x0000000087000000|  0%| F|  |TAMS 0x0000000086f00000, 0x0000000086f00000| Untracked 
| 112|0x0000000087000000, 0x0000000087000000, 0x0000000087100000|  0%| F|  |TAMS 0x0000000087000000, 0x0000000087000000| Untracked 
| 113|0x0000000087100000, 0x0000000087100000, 0x0000000087200000|  0%| F|  |TAMS 0x0000000087100000, 0x0000000087100000| Untracked 
| 114|0x0000000087200000, 0x0000000087200000, 0x0000000087300000|  0%| F|  |TAMS 0x0000000087200000, 0x0000000087200000| Untracked 
| 115|0x0000000087300000, 0x0000000087300000, 0x0000000087400000|  0%| F|  |TAMS 0x0000000087300000, 0x0000000087300000| Untracked 
| 116|0x0000000087400000, 0x0000000087400000, 0x0000000087500000|  0%| F|  |TAMS 0x0000000087400000, 0x0000000087400000| Untracked 
| 117|0x0000000087500000, 0x0000000087500000, 0x0000000087600000|  0%| F|  |TAMS 0x0000000087500000, 0x0000000087500000| Untracked 
| 118|0x0000000087600000, 0x0000000087600000, 0x0000000087700000|  0%| F|  |TAMS 0x0000000087600000, 0x0000000087600000| Untracked 
| 119|0x0000000087700000, 0x0000000087700000, 0x0000000087800000|  0%| F|  |TAMS 0x0000000087700000, 0x0000000087700000| Untracked 
| 120|0x0000000087800000, 0x0000000087800000, 0x0000000087900000|  0%| F|  |TAMS 0x0000000087800000, 0x0000000087800000| Untracked 
| 121|0x0000000087900000, 0x0000000087975f90, 0x0000000087a00000| 46%| E|  |TAMS 0x0000000087900000, 0x0000000087900000| Complete 
| 122|0x0000000087a00000, 0x0000000087b00000, 0x0000000087b00000|100%| E|CS|TAMS 0x0000000087a00000, 0x0000000087a00000| Complete 
| 123|0x0000000087b00000, 0x0000000087c00000, 0x0000000087c00000|100%| E|CS|TAMS 0x0000000087b00000, 0x0000000087b00000| Complete 
| 124|0x0000000087c00000, 0x0000000087d00000, 0x0000000087d00000|100%| E|CS|TAMS 0x0000000087c00000, 0x0000000087c00000| Complete 
| 125|0x0000000087d00000, 0x0000000087e00000, 0x0000000087e00000|100%| E|CS|TAMS 0x0000000087d00000, 0x0000000087d00000| Complete 
| 126|0x0000000087e00000, 0x0000000087f00000, 0x0000000087f00000|100%| E|CS|TAMS 0x0000000087e00000, 0x0000000087e00000| Complete 

Card table byte_map: [0x0000014097c00000,0x0000014098000000] _byte_map_base: 0x0000014097800000

Marking Bits (Prev, Next): (CMBitMap*) 0x00000140feda31b0, (CMBitMap*) 0x00000140feda3170
 Prev Bits: [0x000001409a400000, 0x000001409c400000)
 Next Bits: [0x0000014098400000, 0x000001409a400000)

Polling page: 0x00000140fe890000

Metaspace:

Usage:
  Non-class:     38.47 MB used.
      Class:      6.24 MB used.
       Both:     44.72 MB used.

Virtual space:
  Non-class space:       64.00 MB reserved,      38.88 MB ( 61%) committed,  1 nodes.
      Class space:        1.00 GB reserved,       6.50 MB ( <1%) committed,  1 nodes.
             Both:        1.06 GB reserved,      45.38 MB (  4%) committed. 

Chunk freelists:
   Non-Class:  9.09 MB
       Class:  9.30 MB
        Both:  18.39 MB

MaxMetaspaceSize: unlimited
CompressedClassSpaceSize: 1.00 GB
Initial GC threshold: 21.00 MB
Current GC threshold: 74.62 MB
CDS: on
MetaspaceReclaimPolicy: balanced
 - commit_granule_bytes: 65536.
 - commit_granule_words: 8192.
 - virtual_space_node_default_size: 8388608.
 - enlarge_chunks_in_place: 1.
 - new_chunks_are_fully_committed: 0.
 - uncommit_free_chunks: 1.
 - use_allocation_guard: 0.
 - handle_deallocations: 1.


Internal statistics:

num_allocs_failed_limit: 3.
num_arena_births: 758.
num_arena_deaths: 0.
num_vsnodes_births: 2.
num_vsnodes_deaths: 0.
num_space_committed: 726.
num_space_uncommitted: 0.
num_chunks_returned_to_freelist: 3.
num_chunks_taken_from_freelist: 2645.
num_chunk_merges: 3.
num_chunk_splits: 1692.
num_chunks_enlarged: 1116.
num_inconsistent_stats: 0.

CodeHeap 'non-profiled nmethods': size=120000Kb used=2662Kb max_used=3027Kb free=117337Kb
 bounds [0x00000140906d0000, 0x00000140909e0000, 0x0000014097c00000]
CodeHeap 'profiled nmethods': size=120000Kb used=9503Kb max_used=9754Kb free=110496Kb
 bounds [0x0000014088c00000, 0x0000014089590000, 0x0000014090130000]
CodeHeap 'non-nmethods': size=5760Kb used=2319Kb max_used=2378Kb free=3440Kb
 bounds [0x0000014090130000, 0x00000140903a0000, 0x00000140906d0000]
 total_blobs=5685 nmethods=4853 adapters=744
 compilation: enabled
              stopped_count=0, restarted_count=0
 full_count=0

Compilation events (20 events):
Event: 8.105 Thread 0x000001409f06ff40 5613       3       com.google.common.collect.RegularImmutableMap$KeySet::size (8 bytes)
Event: 8.105 Thread 0x000001409f06ff40 nmethod 5613 0x0000014088d4f810 code [0x0000014088d4f9a0, 0x0000014088d4fb18]
Event: 8.105 Thread 0x000001409f06ff40 5614       3       com.google.common.collect.ImmutableMapEntrySet$RegularEntrySet::<init> (10 bytes)
Event: 8.106 Thread 0x000001409f06ff40 nmethod 5614 0x0000014088d4ef10 code [0x0000014088d4f100, 0x0000014088d4f628]
Event: 8.108 Thread 0x000001409f06ff40 5615       3       org.gradle.api.internal.attributes.DefaultImmutableAttributes::keySet (8 bytes)
Event: 8.108 Thread 0x000001409f06ff40 nmethod 5615 0x0000014088d4ea90 code [0x0000014088d4ec40, 0x0000014088d4ee08]
Event: 8.120 Thread 0x000001409f06ff40 5616       3       java.lang.invoke.LambdaFormBuffer::insertExpression (30 bytes)
Event: 8.120 Thread 0x000001409f06ff40 nmethod 5616 0x0000014088d4e690 code [0x0000014088d4e840, 0x0000014088d4e9a8]
Event: 8.121 Thread 0x000001409f06ff40 5618       3       java.lang.invoke.LambdaForm$Name::withConstraint (20 bytes)
Event: 8.121 Thread 0x000001409f06ff40 nmethod 5618 0x0000014088d4e210 code [0x0000014088d4e3c0, 0x0000014088d4e5e8]
Event: 8.121 Thread 0x000001409f06ff40 5619       3       java.lang.invoke.BoundMethodHandle$SpeciesData::extendWith (62 bytes)
Event: 8.122 Thread 0x000001409f06ff40 nmethod 5619 0x0000014088d4d190 code [0x0000014088d4d400, 0x0000014088d4de98]
Event: 8.122 Thread 0x000001409f06ff40 5620       3       java.lang.invoke.BoundMethodHandle::speciesDataFor (32 bytes)
Event: 8.122 Thread 0x000001409f06ff40 nmethod 5620 0x0000014088d4cb10 code [0x0000014088d4ccc0, 0x0000014088d4d058]
Event: 8.155 Thread 0x000001409f05cc00 nmethod 5601 0x000001409071d110 code [0x000001409071d3c0, 0x0000014090720150]
Event: 8.155 Thread 0x000001409f05cc00 5602   !   4       java.lang.ClassLoader::loadClass (121 bytes)
Event: 8.165 Thread 0x000001409f05cc00 nmethod 5602 0x0000014090729690 code [0x00000140907298a0, 0x000001409072a888]
Event: 8.165 Thread 0x000001409f05cc00 5617       4       jdk.internal.org.objectweb.asm.MethodWriter::visitVarInsn (302 bytes)
Event: 8.173 Thread 0x000001409f05cc00 nmethod 5617 0x00000140907e9e10 code [0x00000140907e9fe0, 0x00000140907eab68]
Event: 8.173 Thread 0x000001409f05cc00 5605       4       org.objectweb.asm.Frame::getAbstractTypeFromDescriptor (432 bytes)

GC Heap History (20 events):
Event: 6.174 GC heap before
{Heap before GC invocations=10 (full 0):
 garbage-first heap   total 89088K, used 69473K [0x0000000080000000, 0x0000000100000000)
  region size 1024K, 28 young (28672K), 4 survivors (4096K)
 Metaspace       used 35322K, committed 35840K, reserved 1114112K
  class space    used 5065K, committed 5312K, reserved 1048576K
}
Event: 6.177 GC heap after
{Heap after GC invocations=11 (full 0):
 garbage-first heap   total 89088K, used 48654K [0x0000000080000000, 0x0000000100000000)
  region size 1024K, 4 young (4096K), 4 survivors (4096K)
 Metaspace       used 35322K, committed 35840K, reserved 1114112K
  class space    used 5065K, committed 5312K, reserved 1048576K
}
Event: 6.279 GC heap before
{Heap before GC invocations=11 (full 0):
 garbage-first heap   total 89088K, used 65038K [0x0000000080000000, 0x0000000100000000)
  region size 1024K, 22 young (22528K), 4 survivors (4096K)
 Metaspace       used 35817K, committed 36352K, reserved 1114112K
  class space    used 5115K, committed 5376K, reserved 1048576K
}
Event: 6.282 GC heap after
{Heap after GC invocations=12 (full 0):
 garbage-first heap   total 89088K, used 50913K [0x0000000080000000, 0x0000000100000000)
  region size 1024K, 3 young (3072K), 3 survivors (3072K)
 Metaspace       used 35817K, committed 36352K, reserved 1114112K
  class space    used 5115K, committed 5376K, reserved 1048576K
}
Event: 6.680 GC heap before
{Heap before GC invocations=13 (full 0):
 garbage-first heap   total 97280K, used 76513K [0x0000000080000000, 0x0000000100000000)
  region size 1024K, 23 young (23552K), 3 survivors (3072K)
 Metaspace       used 38791K, committed 39296K, reserved 1114112K
  class space    used 5463K, committed 5696K, reserved 1048576K
}
Event: 6.683 GC heap after
{Heap after GC invocations=14 (full 0):
 garbage-first heap   total 116736K, used 51887K [0x0000000080000000, 0x0000000100000000)
  region size 1024K, 2 young (2048K), 2 survivors (2048K)
 Metaspace       used 38791K, committed 39296K, reserved 1114112K
  class space    used 5463K, committed 5696K, reserved 1048576K
}
Event: 7.228 GC heap before
{Heap before GC invocations=14 (full 0):
 garbage-first heap   total 116736K, used 82607K [0x0000000080000000, 0x0000000100000000)
  region size 1024K, 33 young (33792K), 2 survivors (2048K)
 Metaspace       used 41659K, committed 42176K, reserved 1114112K
  class space    used 5946K, committed 6208K, reserved 1048576K
}
Event: 7.231 GC heap after
{Heap after GC invocations=15 (full 0):
 garbage-first heap   total 116736K, used 54198K [0x0000000080000000, 0x0000000100000000)
  region size 1024K, 4 young (4096K), 4 survivors (4096K)
 Metaspace       used 41659K, committed 42176K, reserved 1114112K
  class space    used 5946K, committed 6208K, reserved 1048576K
}
Event: 7.438 GC heap before
{Heap before GC invocations=15 (full 0):
 garbage-first heap   total 116736K, used 69558K [0x0000000080000000, 0x0000000100000000)
  region size 1024K, 18 young (18432K), 4 survivors (4096K)
 Metaspace       used 42013K, committed 42624K, reserved 1114112K
  class space    used 5965K, committed 6272K, reserved 1048576K
}
Event: 7.441 GC heap after
{Heap after GC invocations=16 (full 0):
 garbage-first heap   total 116736K, used 59577K [0x0000000080000000, 0x0000000100000000)
  region size 1024K, 6 young (6144K), 6 survivors (6144K)
 Metaspace       used 42013K, committed 42624K, reserved 1114112K
  class space    used 5965K, committed 6272K, reserved 1048576K
}
Event: 7.597 GC heap before
{Heap before GC invocations=17 (full 0):
 garbage-first heap   total 116736K, used 70841K [0x0000000080000000, 0x0000000100000000)
  region size 1024K, 12 young (12288K), 6 survivors (6144K)
 Metaspace       used 42214K, committed 42816K, reserved 1114112K
  class space    used 6008K, committed 6272K, reserved 1048576K
}
Event: 7.600 GC heap after
{Heap after GC invocations=18 (full 0):
 garbage-first heap   total 116736K, used 67387K [0x0000000080000000, 0x0000000100000000)
  region size 1024K, 3 young (3072K), 3 survivors (3072K)
 Metaspace       used 42214K, committed 42816K, reserved 1114112K
  class space    used 6008K, committed 6272K, reserved 1048576K
}
Event: 7.680 GC heap before
{Heap before GC invocations=19 (full 0):
 garbage-first heap   total 126976K, used 77627K [0x0000000080000000, 0x0000000100000000)
  region size 1024K, 8 young (8192K), 3 survivors (3072K)
 Metaspace       used 42553K, committed 43200K, reserved 1114112K
  class space    used 6031K, committed 6336K, reserved 1048576K
}
Event: 7.683 GC heap after
{Heap after GC invocations=20 (full 0):
 garbage-first heap   total 126976K, used 74380K [0x0000000080000000, 0x0000000100000000)
  region size 1024K, 3 young (3072K), 3 survivors (3072K)
 Metaspace       used 42553K, committed 43200K, reserved 1114112K
  class space    used 6031K, committed 6336K, reserved 1048576K
}
Event: 7.899 GC heap before
{Heap before GC invocations=21 (full 0):
 garbage-first heap   total 130048K, used 93836K [0x0000000080000000, 0x0000000100000000)
  region size 1024K, 21 young (21504K), 3 survivors (3072K)
 Metaspace       used 44283K, committed 44928K, reserved 1114112K
  class space    used 6170K, committed 6464K, reserved 1048576K
}
Event: 7.900 GC heap after
{Heap after GC invocations=22 (full 0):
 garbage-first heap   total 130048K, used 74228K [0x0000000080000000, 0x0000000100000000)
  region size 1024K, 2 young (2048K), 2 survivors (2048K)
 Metaspace       used 44283K, committed 44928K, reserved 1114112K
  class space    used 6170K, committed 6464K, reserved 1048576K
}
Event: 7.908 GC heap before
{Heap before GC invocations=22 (full 0):
 garbage-first heap   total 130048K, used 78324K [0x0000000080000000, 0x0000000100000000)
  region size 1024K, 6 young (6144K), 2 survivors (2048K)
 Metaspace       used 44283K, committed 44928K, reserved 1114112K
  class space    used 6170K, committed 6464K, reserved 1048576K
}
Event: 7.909 GC heap after
{Heap after GC invocations=23 (full 0):
 garbage-first heap   total 130048K, used 73755K [0x0000000080000000, 0x0000000100000000)
  region size 1024K, 1 young (1024K), 1 survivors (1024K)
 Metaspace       used 44283K, committed 44928K, reserved 1114112K
  class space    used 6170K, committed 6464K, reserved 1048576K
}
Event: 8.088 GC heap before
{Heap before GC invocations=23 (full 0):
 garbage-first heap   total 130048K, used 96283K [0x0000000080000000, 0x0000000100000000)
  region size 1024K, 23 young (23552K), 1 survivors (1024K)
 Metaspace       used 45088K, committed 45760K, reserved 1114112K
  class space    used 6310K, committed 6592K, reserved 1048576K
}
Event: 8.091 GC heap after
{Heap after GC invocations=24 (full 0):
 garbage-first heap   total 130048K, used 74638K [0x0000000080000000, 0x0000000100000000)
  region size 1024K, 2 young (2048K), 2 survivors (2048K)
 Metaspace       used 45088K, committed 45760K, reserved 1114112K
  class space    used 6310K, committed 6592K, reserved 1048576K
}

Deoptimization events (20 events):
Event: 7.494 Thread 0x00000140e6245950 Uncommon trap: trap_request=0xffffff45 fr.pc=0x000001409098c1a8 relative=0x0000000000000188
Event: 7.494 Thread 0x00000140e6245950 Uncommon trap: reason=unstable_if action=reinterpret pc=0x000001409098c1a8 method=sun.instrument.TransformerManager.transform(Ljava/lang/Module;Ljava/lang/ClassLoader;Ljava/lang/String;Ljava/lang/Class;Ljava/security/ProtectionDomain;[B)[B @ 66 c2
Event: 7.494 Thread 0x00000140e6245950 DEOPT PACKING pc=0x000001409098c1a8 sp=0x00000016c6af5d60
Event: 7.494 Thread 0x00000140e6245950 DEOPT UNPACKING pc=0x00000140901823a3 sp=0x00000016c6af5cd8 mode 2
Event: 7.592 Thread 0x00000140e6245950 Uncommon trap: trap_request=0xffffffde fr.pc=0x0000014090987e88 relative=0x0000000000001488
Event: 7.592 Thread 0x00000140e6245950 Uncommon trap: reason=class_check action=maybe_recompile pc=0x0000014090987e88 method=org.codehaus.groovy.reflection.ParameterTypes.getParametersTypes0()V @ 15 c2
Event: 7.592 Thread 0x00000140e6245950 DEOPT PACKING pc=0x0000014090987e88 sp=0x00000016c6af7df0
Event: 7.592 Thread 0x00000140e6245950 DEOPT UNPACKING pc=0x00000140901823a3 sp=0x00000016c6af7db8 mode 2
Event: 7.660 Thread 0x00000140e6245950 DEOPT PACKING pc=0x0000014089018c5c sp=0x00000016c6af5b10
Event: 7.660 Thread 0x00000140e6245950 DEOPT UNPACKING pc=0x0000014090182b43 sp=0x00000016c6af5090 mode 0
Event: 7.788 Thread 0x00000140e6245950 Uncommon trap: trap_request=0xffffffde fr.pc=0x0000014090701f7c relative=0x000000000000005c
Event: 7.788 Thread 0x00000140e6245950 Uncommon trap: reason=class_check action=maybe_recompile pc=0x0000014090701f7c method=java.util.stream.StreamOpFlag.fromCharacteristics(Ljava/util/Spliterator;)I @ 14 c2
Event: 7.788 Thread 0x00000140e6245950 DEOPT PACKING pc=0x0000014090701f7c sp=0x00000016c6af8970
Event: 7.788 Thread 0x00000140e6245950 DEOPT UNPACKING pc=0x00000140901823a3 sp=0x00000016c6af8908 mode 2
Event: 7.874 Thread 0x00000140e6245950 DEOPT PACKING pc=0x00000140893d5be6 sp=0x00000016c6af7be0
Event: 7.874 Thread 0x00000140e6245950 DEOPT UNPACKING pc=0x0000014090182b43 sp=0x00000016c6af70a8 mode 0
Event: 7.880 Thread 0x00000140e6245950 DEOPT PACKING pc=0x00000140893d5be6 sp=0x00000016c6af7be0
Event: 7.880 Thread 0x00000140e6245950 DEOPT UNPACKING pc=0x0000014090182b43 sp=0x00000016c6af70a8 mode 0
Event: 7.968 Thread 0x00000140e68ee9a0 DEOPT PACKING pc=0x00000140892a6d38 sp=0x00000016c70fe000
Event: 7.968 Thread 0x00000140e68ee9a0 DEOPT UNPACKING pc=0x0000014090182b43 sp=0x00000016c70fd4d0 mode 0

Classes unloaded (0 events):
No events

Classes redefined (0 events):
No events

Internal exceptions (20 events):
Event: 7.554 Thread 0x00000140e6245950 Exception <a 'java/lang/ClassNotFoundException'{0x0000000086d2c0b8}: org/gradle/internal/service/DefaultServiceRegistryCustomizer> (0x0000000086d2c0b8) 
thrown [s\open\src\hotspot\share\classfile\systemDictionary.cpp, line 256]
Event: 7.556 Thread 0x00000140e6245950 Exception <a 'java/lang/ClassNotFoundException'{0x0000000086d50618}: org/gradle/internal/service/ScopedServiceRegistryCustomizer> (0x0000000086d50618) 
thrown [s\open\src\hotspot\share\classfile\systemDictionary.cpp, line 256]
Event: 7.561 Thread 0x00000140e6245950 Exception <a 'java/lang/ClassNotFoundException'{0x0000000086d9cdd8}: org/gradle/internal/extensibility/DefaultConventionBeanInfo> (0x0000000086d9cdd8) 
thrown [s\open\src\hotspot\share\classfile\systemDictionary.cpp, line 256]
Event: 7.562 Thread 0x00000140e6245950 Exception <a 'java/lang/ClassNotFoundException'{0x0000000086db2ef8}: org/gradle/internal/extensibility/DefaultConventionCustomizer> (0x0000000086db2ef8) 
thrown [s\open\src\hotspot\share\classfile\systemDictionary.cpp, line 256]
Event: 7.591 Thread 0x00000140e6245950 Exception <a 'java/lang/ClassNotFoundException'{0x0000000086c4de50}: com/intellij/gradle/toolingExtension/impl/modelBuilder/ExtraModelBuilderBeanInfo> (0x0000000086c4de50) 
thrown [s\open\src\hotspot\share\classfile\systemDictionary.cpp, line 256]
Event: 7.592 Thread 0x00000140e6245950 Exception <a 'java/lang/ClassNotFoundException'{0x0000000086c59bf0}: com/intellij/gradle/toolingExtension/impl/modelBuilder/ExtraModelBuilderCustomizer> (0x0000000086c59bf0) 
thrown [s\open\src\hotspot\share\classfile\systemDictionary.cpp, line 256]
Event: 7.796 Thread 0x00000140e6245950 Exception <a 'sun/nio/fs/WindowsException'{0x0000000087806510}> (0x0000000087806510) 
thrown [s\open\src\hotspot\share\prims\jni.cpp, line 516]
Event: 7.797 Thread 0x00000140e6245950 Exception <a 'sun/nio/fs/WindowsException'{0x0000000087807da8}> (0x0000000087807da8) 
thrown [s\open\src\hotspot\share\prims\jni.cpp, line 516]
Event: 7.798 Thread 0x00000140e6245950 Exception <a 'sun/nio/fs/WindowsException'{0x0000000087809610}> (0x0000000087809610) 
thrown [s\open\src\hotspot\share\prims\jni.cpp, line 516]
Event: 7.799 Thread 0x00000140e6245950 Exception <a 'sun/nio/fs/WindowsException'{0x000000008780aa88}> (0x000000008780aa88) 
thrown [s\open\src\hotspot\share\prims\jni.cpp, line 516]
Event: 7.801 Thread 0x00000140e6245950 Exception <a 'java/lang/NoSuchMethodError'{0x000000008781cda8}: 'java.lang.Object java.lang.invoke.Invokers$Holder.invoker(java.lang.Object, java.lang.Object, java.lang.Object, java.lang.Object, java.lang.Object, java.lang.Object)'> (0x000000008781cda8) 
thrown [s\open\src\hotspot\share\interpreter\linkResolver.cpp, line 759]
Event: 7.807 Thread 0x00000140e6245950 Exception <a 'java/lang/NoSuchMethodError'{0x000000008787e7d8}: 'java.lang.Object java.lang.invoke.Invokers$Holder.invoker(java.lang.Object, java.lang.Object, java.lang.Object, java.lang.Object)'> (0x000000008787e7d8) 
thrown [s\open\src\hotspot\share\interpreter\linkResolver.cpp, line 759]
Event: 7.824 Thread 0x00000140e6245950 Exception <a 'java/lang/NoSuchMethodError'{0x000000008753c8d8}: 'java.lang.Object java.lang.invoke.DelegatingMethodHandle$Holder.reinvoke_L(java.lang.Object, java.lang.Object, java.lang.Object, java.lang.Object, java.lang.Object, java.lang.Object, java.lang.Object, java.lang.Object, java.lang.Object, java.lang.Object, java.lang.Object, java.lang.Object, java.lang.Object, java.lang.Object, java.lang.Object, java.lang.Object, java.lang.Object, java.lang.Object, java.lang.Object, java.lang.Object, java.lang.O
Event: 7.824 Thread 0x00000140e6245950 Exception <a 'java/lang/NoSuchMethodError'{0x0000000087548e88}: 'java.lang.Object java.lang.invoke.Invokers$Holder.invoker(java.lang.Object, java.lang.Object, java.lang.Object, java.lang.Object, java.lang.Object, java.lang.Object, java.lang.Object, java.lang.Object, java.lang.Object, java.lang.Object, java.lang.Object, java.lang.Object, java.lang.Object, java.lang.Object, java.lang.Object, java.lang.Object, java.lang.Object, java.lang.Object, java.lang.Object, java.lang.Object, java.lang.Object, java.lang.
Event: 7.824 Thread 0x00000140e6245950 Exception <a 'java/lang/NoSuchMethodError'{0x000000008754fd50}: 'java.lang.Object java.lang.invoke.DelegatingMethodHandle$Holder.delegate(java.lang.Object, java.lang.Object, java.lang.Object, java.lang.Object, java.lang.Object, java.lang.Object, java.lang.Object, java.lang.Object, java.lang.Object, java.lang.Object, java.lang.Object, java.lang.Object, java.lang.Object, java.lang.Object, java.lang.Object, java.lang.Object, java.lang.Object, java.lang.Object, java.lang.Object, java.lang.Object, java.lang.Obj
Event: 7.833 Thread 0x00000140e6245950 Exception <a 'java/lang/NoSuchMethodError'{0x0000000087320c18}: 'java.lang.Object java.lang.invoke.DirectMethodHandle$Holder.invokeStatic(java.lang.Object, java.lang.Object, java.lang.Object, java.lang.Object, java.lang.Object, java.lang.Object, java.lang.Object, java.lang.Object, java.lang.Object, java.lang.Object, java.lang.Object, java.lang.Object, java.lang.Object, java.lang.Object, java.lang.Object, java.lang.Object, java.lang.Object, java.lang.Object, java.lang.Object, java.lang.Object, java.lang.Obj
Event: 7.836 Thread 0x00000140e6245950 Exception <a 'java/lang/NoSuchMethodError'{0x00000000873555c8}: 'java.lang.Object java.lang.invoke.DirectMethodHandle$Holder.invokeStatic(java.lang.Object, java.lang.Object, java.lang.Object, java.lang.Object, java.lang.Object, java.lang.Object, java.lang.Object, java.lang.Object, java.lang.Object, java.lang.Object, java.lang.Object, java.lang.Object, java.lang.Object, java.lang.Object, java.lang.Object, java.lang.Object, java.lang.Object, java.lang.Object, java.lang.Object, java.lang.Object, java.lang.Obj
Event: 7.838 Thread 0x00000140e6245950 Exception <a 'java/lang/NoSuchMethodError'{0x000000008738b6a8}: 'java.lang.Object java.lang.invoke.DirectMethodHandle$Holder.invokeStatic(java.lang.Object, java.lang.Object, java.lang.Object, java.lang.Object, java.lang.Object, java.lang.Object, java.lang.Object, java.lang.Object, java.lang.Object, java.lang.Object, java.lang.Object, java.lang.Object, java.lang.Object, java.lang.Object, java.lang.Object, java.lang.Object, java.lang.Object, java.lang.Object, java.lang.Object, java.lang.Object, java.lang.Obj
Event: 8.096 Thread 0x00000140e6245950 Exception <a 'java/lang/NoSuchMethodError'{0x0000000087e221f8}: 'void java.lang.invoke.DirectMethodHandle$Holder.invokeInterface(java.lang.Object, java.lang.Object)'> (0x0000000087e221f8) 
thrown [s\open\src\hotspot\share\interpreter\linkResolver.cpp, line 759]
Event: 8.098 Thread 0x00000140e6245950 Exception <a 'java/lang/IncompatibleClassChangeError'{0x0000000087e2d6f8}: Found class java.lang.Object, but interface was expected> (0x0000000087e2d6f8) 
thrown [s\open\src\hotspot\share\interpreter\linkResolver.cpp, line 826]

VM Operations (20 events):
Event: 7.630 Executing VM operation: G1Concurrent
Event: 7.631 Executing VM operation: G1Concurrent done
Event: 7.680 Executing VM operation: G1TryInitiateConcMark
Event: 7.683 Executing VM operation: G1TryInitiateConcMark done
Event: 7.702 Executing VM operation: G1Concurrent
Event: 7.703 Executing VM operation: G1Concurrent done
Event: 7.713 Executing VM operation: G1Concurrent
Event: 7.713 Executing VM operation: G1Concurrent done
Event: 7.899 Executing VM operation: G1CollectForAllocation
Event: 7.901 Executing VM operation: G1CollectForAllocation done
Event: 7.907 Executing VM operation: G1CollectForAllocation
Event: 7.909 Executing VM operation: G1CollectForAllocation done
Event: 8.088 Executing VM operation: G1CollectForAllocation
Event: 8.091 Executing VM operation: G1CollectForAllocation done
Event: 8.115 Executing VM operation: G1Concurrent
Event: 8.119 Executing VM operation: G1Concurrent done
Event: 8.129 Executing VM operation: G1Concurrent
Event: 8.130 Executing VM operation: G1Concurrent done
Event: 9.133 Executing VM operation: Cleanup
Event: 9.134 Executing VM operation: Cleanup done

Events (20 events):
Event: 7.504 loading class jdk/internal/vm/annotation/ForceInline
Event: 7.504 loading class jdk/internal/vm/annotation/ForceInline done
Event: 7.787 loading class java/util/BitSet$1BitSetSpliterator
Event: 7.788 loading class java/util/BitSet$1BitSetSpliterator done
Event: 7.809 loading class java/util/Collections$SynchronizedRandomAccessList
Event: 7.810 loading class java/util/Collections$SynchronizedList
Event: 7.810 loading class java/util/Collections$SynchronizedList done
Event: 7.810 loading class java/util/Collections$SynchronizedRandomAccessList done
Event: 7.832 loading class java/lang/invoke/BoundMethodHandle$Species_LLLLLLLLLLLLLLLLLLLLLLLL
Event: 7.832 loading class java/lang/invoke/BoundMethodHandle$Species_LLLLLLLLLLLLLLLLLLLLLLLL done
Event: 7.835 loading class java/lang/invoke/BoundMethodHandle$Species_LLLLLLLLLLLLLLLLLLLLLLLLL
Event: 7.835 loading class java/lang/invoke/BoundMethodHandle$Species_LLLLLLLLLLLLLLLLLLLLLLLLL done
Event: 7.837 loading class java/lang/invoke/BoundMethodHandle$Species_LLLLLLLLLLLLLLLLLLLLLLLLLL
Event: 7.837 loading class java/lang/invoke/BoundMethodHandle$Species_LLLLLLLLLLLLLLLLLLLLLLLLLL done
Event: 8.034 loading class java/util/concurrent/atomic/AtomicReferenceFieldUpdater
Event: 8.034 loading class java/util/concurrent/atomic/AtomicReferenceFieldUpdater done
Event: 8.034 loading class java/util/concurrent/atomic/AtomicReferenceFieldUpdater$AtomicReferenceFieldUpdaterImpl
Event: 8.034 loading class java/util/concurrent/atomic/AtomicReferenceFieldUpdater$AtomicReferenceFieldUpdaterImpl done
Event: 8.034 loading class java/util/concurrent/atomic/AtomicReferenceFieldUpdater$AtomicReferenceFieldUpdaterImpl$1
Event: 8.034 loading class java/util/concurrent/atomic/AtomicReferenceFieldUpdater$AtomicReferenceFieldUpdaterImpl$1 done


Dynamic libraries:
0x00007ff6129a0000 - 0x00007ff6129b0000 	C:\Program Files\Java\jdk-17\bin\java.exe
0x00007fff4c6a0000 - 0x00007fff4c900000 	C:\WINDOWS\SYSTEM32\ntdll.dll
0x00007fff4b8a0000 - 0x00007fff4b967000 	C:\WINDOWS\System32\KERNEL32.DLL
0x00007fff49a90000 - 0x00007fff49e5a000 	C:\WINDOWS\System32\KERNELBASE.dll
0x00007fff4a0a0000 - 0x00007fff4a1eb000 	C:\WINDOWS\System32\ucrtbase.dll
0x00007fff1d330000 - 0x00007fff1d34b000 	C:\Program Files\Java\jdk-17\bin\VCRUNTIME140.dll
0x00007fff1b650000 - 0x00007fff1b669000 	C:\Program Files\Java\jdk-17\bin\jli.dll
0x00007fff4bb50000 - 0x00007fff4bc02000 	C:\WINDOWS\System32\ADVAPI32.dll
0x00007fff4ade0000 - 0x00007fff4ae89000 	C:\WINDOWS\System32\msvcrt.dll
0x00007fff4c4c0000 - 0x00007fff4c566000 	C:\WINDOWS\System32\sechost.dll
0x00007fff4aca0000 - 0x00007fff4adb6000 	C:\WINDOWS\System32\RPCRT4.dll
0x00007fff4c2e0000 - 0x00007fff4c4ac000 	C:\WINDOWS\System32\USER32.dll
0x00007fff4a1f0000 - 0x00007fff4a217000 	C:\WINDOWS\System32\win32u.dll
0x00007fff30bb0000 - 0x00007fff30e47000 	C:\WINDOWS\WinSxS\amd64_microsoft.windows.common-controls_6595b64144ccf1df_6.0.26100.3624_none_3e086962e3345f24\COMCTL32.dll
0x00007fff4b970000 - 0x00007fff4b99a000 	C:\WINDOWS\System32\GDI32.dll
0x00007fff4a360000 - 0x00007fff4a491000 	C:\WINDOWS\System32\gdi32full.dll
0x00007fff4a220000 - 0x00007fff4a2c3000 	C:\WINDOWS\System32\msvcp_win.dll
0x00007fff41dc0000 - 0x00007fff41dcb000 	C:\WINDOWS\SYSTEM32\VERSION.dll
0x00007fff4bd40000 - 0x00007fff4bd6f000 	C:\WINDOWS\System32\IMM32.DLL
0x00007fff26910000 - 0x00007fff2691c000 	C:\Program Files\Java\jdk-17\bin\vcruntime140_1.dll
0x00007fff1b250000 - 0x00007fff1b2de000 	C:\Program Files\Java\jdk-17\bin\msvcp140.dll
0x00007ffeb2ea0000 - 0x00007ffeb3a80000 	C:\Program Files\Java\jdk-17\bin\server\jvm.dll
0x00007fff4c4b0000 - 0x00007fff4c4b8000 	C:\WINDOWS\System32\PSAPI.DLL
0x00007fff41d80000 - 0x00007fff41db6000 	C:\WINDOWS\SYSTEM32\WINMM.dll
0x00007fff268a0000 - 0x00007fff268aa000 	C:\WINDOWS\SYSTEM32\WSOCK32.dll
0x00007fff4ae90000 - 0x00007fff4af04000 	C:\WINDOWS\System32\WS2_32.dll
0x00007fff48690000 - 0x00007fff486aa000 	C:\WINDOWS\SYSTEM32\kernel.appcore.dll
0x00007fff26430000 - 0x00007fff2643a000 	C:\Program Files\Java\jdk-17\bin\jimage.dll
0x00007fff3d260000 - 0x00007fff3d4a1000 	C:\WINDOWS\SYSTEM32\DBGHELP.DLL
0x00007fff4a910000 - 0x00007fff4ac92000 	C:\WINDOWS\System32\combase.dll
0x00007fff4a640000 - 0x00007fff4a716000 	C:\WINDOWS\System32\OLEAUT32.dll
0x00007fff2f530000 - 0x00007fff2f569000 	C:\WINDOWS\SYSTEM32\dbgcore.DLL
0x00007fff499f0000 - 0x00007fff49a89000 	C:\WINDOWS\System32\bcryptPrimitives.dll
0x00007fff25b30000 - 0x00007fff25b3e000 	C:\Program Files\Java\jdk-17\bin\instrument.dll
0x00007fff18300000 - 0x00007fff18325000 	C:\Program Files\Java\jdk-17\bin\java.dll
0x00007fff18220000 - 0x00007fff182f7000 	C:\Program Files\Java\jdk-17\bin\jsvml.dll
0x00007fff4b170000 - 0x00007fff4b899000 	C:\WINDOWS\System32\SHELL32.dll
0x00007fff49880000 - 0x00007fff499e8000 	C:\WINDOWS\System32\wintypes.dll
0x00007fff47540000 - 0x00007fff47d92000 	C:\WINDOWS\SYSTEM32\windows.storage.dll
0x00007fff4c570000 - 0x00007fff4c65d000 	C:\WINDOWS\System32\SHCORE.dll
0x00007fff4bdc0000 - 0x00007fff4be24000 	C:\WINDOWS\System32\shlwapi.dll
0x00007fff49790000 - 0x00007fff497bf000 	C:\WINDOWS\SYSTEM32\profapi.dll
0x00007fff19c00000 - 0x00007fff19c18000 	C:\Program Files\Java\jdk-17\bin\zip.dll
0x00007fff18200000 - 0x00007fff18219000 	C:\Program Files\Java\jdk-17\bin\net.dll
0x00007fff41c20000 - 0x00007fff41d3d000 	C:\WINDOWS\SYSTEM32\WINHTTP.dll
0x00007fff48bb0000 - 0x00007fff48c1a000 	C:\WINDOWS\system32\mswsock.dll
0x00007fff181e0000 - 0x00007fff181f6000 	C:\Program Files\Java\jdk-17\bin\nio.dll
0x00007fff1df00000 - 0x00007fff1df10000 	C:\Program Files\Java\jdk-17\bin\verify.dll
0x00007fff1db60000 - 0x00007fff1db87000 	C:\Users\Ari Awaludin\.gradle\native\c067742578af261105cb4f569cf0c3c89f3d7b1fecec35dd04571415982c5e48\windows-amd64\native-platform.dll
0x00007fff08980000 - 0x00007fff08ac4000 	C:\Users\Ari Awaludin\.gradle\native\100fb08df4bc3b14c8652ba06237920a3bd2aa13389f12d3474272988ae205f9\windows-amd64\native-platform-file-events.dll
0x00007fff1b240000 - 0x00007fff1b24a000 	C:\Program Files\Java\jdk-17\bin\management.dll
0x00007fff1b1a0000 - 0x00007fff1b1ab000 	C:\Program Files\Java\jdk-17\bin\management_ext.dll
0x00007fff48ec0000 - 0x00007fff48edc000 	C:\WINDOWS\SYSTEM32\CRYPTSP.dll
0x00007fff485f0000 - 0x00007fff4862a000 	C:\WINDOWS\system32\rsaenh.dll
0x00007fff48c50000 - 0x00007fff48c7b000 	C:\WINDOWS\SYSTEM32\USERENV.dll
0x00007fff49760000 - 0x00007fff49786000 	C:\WINDOWS\SYSTEM32\bcrypt.dll
0x00007fff48ee0000 - 0x00007fff48eec000 	C:\WINDOWS\SYSTEM32\CRYPTBASE.dll
0x00007fff48170000 - 0x00007fff481a3000 	C:\WINDOWS\SYSTEM32\IPHLPAPI.DLL
0x00007fff4bd80000 - 0x00007fff4bd8a000 	C:\WINDOWS\System32\NSI.dll
0x00007fff42590000 - 0x00007fff425af000 	C:\WINDOWS\SYSTEM32\dhcpcsvc6.DLL
0x00007fff42560000 - 0x00007fff42585000 	C:\WINDOWS\SYSTEM32\dhcpcsvc.DLL
0x00007fff481b0000 - 0x00007fff482d5000 	C:\WINDOWS\SYSTEM32\DNSAPI.dll
0x00007fff181d0000 - 0x00007fff181de000 	C:\Program Files\Java\jdk-17\bin\sunmscapi.dll
0x00007fff49f20000 - 0x00007fff4a097000 	C:\WINDOWS\System32\CRYPT32.dll
0x00007fff490c0000 - 0x00007fff490f0000 	C:\WINDOWS\SYSTEM32\ncrypt.dll
0x00007fff49070000 - 0x00007fff490af000 	C:\WINDOWS\SYSTEM32\NTASN1.dll
0x00007fff0e250000 - 0x00007fff0e258000 	C:\WINDOWS\system32\wshunix.dll

dbghelp: loaded successfully - version: 4.0.5 - missing functions: none
symbol engine: initialized successfully - sym options: 0x614 - pdb path: .;C:\Program Files\Java\jdk-17\bin;C:\WINDOWS\SYSTEM32;C:\WINDOWS\WinSxS\amd64_microsoft.windows.common-controls_6595b64144ccf1df_6.0.26100.3624_none_3e086962e3345f24;C:\Program Files\Java\jdk-17\bin\server;C:\Users\Ari Awaludin\.gradle\native\c067742578af261105cb4f569cf0c3c89f3d7b1fecec35dd04571415982c5e48\windows-amd64;C:\Users\Ari Awaludin\.gradle\native\100fb08df4bc3b14c8652ba06237920a3bd2aa13389f12d3474272988ae205f9\windows-amd64

VM Arguments:
jvm_args: --add-opens=java.base/java.lang=ALL-UNNAMED --add-opens=java.base/java.lang.invoke=ALL-UNNAMED --add-opens=java.base/java.util=ALL-UNNAMED --add-opens=java.prefs/java.util.prefs=ALL-UNNAMED --add-exports=jdk.compiler/com.sun.tools.javac.api=ALL-UNNAMED --add-exports=jdk.compiler/com.sun.tools.javac.util=ALL-UNNAMED --add-opens=java.base/java.util=ALL-UNNAMED --add-opens=java.prefs/java.util.prefs=ALL-UNNAMED --add-opens=java.base/java.nio.charset=ALL-UNNAMED --add-opens=java.base/java.net=ALL-UNNAMED --add-opens=java.base/java.util.concurrent.atomic=ALL-UNNAMED --add-opens=java.xml/javax.xml.namespace=ALL-UNNAMED -Xmx2048m -Dfile.encoding=UTF-8 -Duser.country=ID -Duser.language=en -Duser.variant -javaagent:C:\Users\Ari Awaludin\.gradle\wrapper\dists\gradle-8.11.1-bin\bpt9gzteqjrbo1mjrsomdt32c\gradle-8.11.1\lib\agents\gradle-instrumentation-agent-8.11.1.jar 
java_command: org.gradle.launcher.daemon.bootstrap.GradleDaemon 8.11.1
java_class_path (initial): C:\Users\Ari Awaludin\.gradle\wrapper\dists\gradle-8.11.1-bin\bpt9gzteqjrbo1mjrsomdt32c\gradle-8.11.1\lib\gradle-daemon-main-8.11.1.jar
Launcher Type: SUN_STANDARD

[Global flags]
     intx CICompilerCount                          = 4                                         {product} {ergonomic}
     uint ConcGCThreads                            = 3                                         {product} {ergonomic}
     uint G1ConcRefinementThreads                  = 10                                        {product} {ergonomic}
   size_t G1HeapRegionSize                         = 1048576                                   {product} {ergonomic}
    uintx GCDrainStackTargetSize                   = 64                                        {product} {ergonomic}
   size_t InitialHeapSize                          = 123731968                                 {product} {ergonomic}
   size_t MarkStackSize                            = 4194304                                   {product} {ergonomic}
   size_t MaxHeapSize                              = 2147483648                                {product} {command line}
   size_t MaxNewSize                               = 1287651328                                {product} {ergonomic}
   size_t MinHeapDeltaBytes                        = 1048576                                   {product} {ergonomic}
   size_t MinHeapSize                              = 8388608                                   {product} {ergonomic}
    uintx NonNMethodCodeHeapSize                   = 5839372                                {pd product} {ergonomic}
    uintx NonProfiledCodeHeapSize                  = 122909434                              {pd product} {ergonomic}
    uintx ProfiledCodeHeapSize                     = 122909434                              {pd product} {ergonomic}
    uintx ReservedCodeCacheSize                    = 251658240                              {pd product} {ergonomic}
     bool SegmentedCodeCache                       = true                                      {product} {ergonomic}
   size_t SoftMaxHeapSize                          = 2147483648                             {manageable} {ergonomic}
     bool UseCompressedClassPointers               = true                           {product lp64_product} {ergonomic}
     bool UseCompressedOops                        = true                           {product lp64_product} {ergonomic}
     bool UseG1GC                                  = true                                      {product} {ergonomic}
     bool UseLargePagesIndividualAllocation        = false                                  {pd product} {ergonomic}

Logging:
Log output configuration:
 #0: stdout all=warning uptime,level,tags
 #1: stderr all=off uptime,level,tags

Environment Variables:
JAVA_HOME=C:\Program Files\Java\jdk-17\bin
PATH=C:\Program Files (x86)\Common Files\Intel\Shared Libraries\redist\intel64\compiler;C:\WINDOWS\system32;C:\WINDOWS;C:\WINDOWS\System32\Wbem;C:\WINDOWS\System32\WindowsPowerShell\v1.0\;C:\WINDOWS\System32\OpenSSH\;C:\Program Files\dotnet\;C:\Program Files\HP\HP One Agent;C:\Program Files\Git\cmd;C:\ProgramData\ComposerSetup\bin;C:\Users\Ari Awaludin\AppData\Local\Packages\PythonSoftwareFoundation.Python.3.11_qbz5n2kfra8p0\LocalCache\local-packages\Python311\Scripts;C:\WINDOWS\system32;C:\WINDOWS;C:\WINDOWS\System32\Wbem;C:\WINDOWS\System32\WindowsPowerShell\v1.0\;C:\WINDOWS\System32\OpenSSH\;C:\Users\Ari Awaludin\AppData\Local\Microsoft\WindowsApps\PythonSoftwareFoundation.Python.3.11_qbz5n2kfra8p0;C:\xampp\php;C:\Program Files\Go\bin;C:\Program Files\nodejs\;C:\ProgramData\chocolatey\bin;C:\Program Files\Java\jdk-17\bin\bin;C:\adb\platform-tools;C:\Android\Sdk;C:\flutter\src\flutter\bin;C:\Program Files\Java\jdk-11\bin;C:\Program Files (x86)\Microsoft SQL Server\160\DTS\Binn\;C:\Program Files (x86)\Microsoft SQL Server\160\Tools\Binn\;C:\Program Files\Microsoft SQL Server\160\Tools\Binn\;C:\Program Files\Microsoft SQL Server\Client SDK\ODBC\170\Tools\Binn\;C:\Program Files\Microsoft SQL Server\160\DTS\Binn\;C:\Program Files\Microsoft SQL Server\Client SDK\ODBC\170\Tools\Binn\;C:\Android\Sdk\emulator;C:\Program Files\Java\jdk-17\bin;%PNPM_HOME%;C:\laragon\bin;C:\laragon\bin\apache\httpd-2.4.54-win64-VS16\bin;C:\laragon\bin\composer;C:\laragon\bin\git\bin;C:\laragon\bin\git\cmd;C:\laragon\bin\git\mingw64\bin;C:\laragon\bin\git\usr\bin;C:\laragon\bin\laragon\utils;C:\laragon\bin\mysql\mysql-8.0.30-winx64\bin;C:\laragon\bin\nginx\nginx-1.22.0;C:\laragon\bin\ngrok;C:\laragon\bin\notepad++;C:\laragon\bin\python\python-3.10;C:\laragon\bin\python\python-3.10\Scripts;C:\laragon\bin\redis\redis-x64-5.0.14.1;C:\laragon\bin\telnet;C:\laragon\usr\bin;C:\Users\Ari Awaludin\AppData\Local\Yarn\config\global\node_modules\.bin;C:\Users\Ari Awaludin\AppData\Roaming\Composer\vendor\bi
USERNAME=Ari Awaludin
OS=Windows_NT
PROCESSOR_IDENTIFIER=AMD64 Family 23 Model 104 Stepping 1, AuthenticAMD



---------------  S Y S T E M  ---------------

OS:
 Windows 11 , 64 bit Build 26100 (10.0.26100.3775)
OS uptime: 3 days 10:06 hours

CPU: total 12 (initial active 12) (12 cores per cpu, 2 threads per core) family 23 model 104 stepping 1 microcode 0x8608104, cx8, cmov, fxsr, ht, mmx, 3dnowpref, sse, sse2, sse3, ssse3, sse4a, sse4.1, sse4.2, popcnt, lzcnt, tsc, tscinvbit, avx, avx2, aes, clmul, bmi1, bmi2, adx, sha, fma, vzeroupper, clflush, clflushopt

Memory: 4k page, system-wide physical 7502M (584M free)
TotalPageFile size 19790M (AvailPageFile size 4M)
current process WorkingSet (physical memory assigned to process): 300M, peak: 300M
current process commit charge ("private bytes"): 346M, peak: 347M

vm_info: Java HotSpot(TM) 64-Bit Server VM (17.0.12+8-LTS-286) for windows-amd64 JRE (17.0.12+8-LTS-286), built on Jun  5 2024 06:46:59 by "mach5one" with MS VC++ 17.6 (VS2022)

END.
