#
# There is insufficient memory for the Java Runtime Environment to continue.
# Native memory allocation (malloc) failed to allocate 1249440 bytes for Chunk::new
# Possible reasons:
#   The system is out of physical RAM or swap space
#   The process is running with CompressedOops enabled, and the Java Heap may be blocking the growth of the native heap
# Possible solutions:
#   Reduce memory load on the system
#   Increase physical memory or swap space
#   Check if swap backing store is full
#   Decrease Java heap size (-Xmx/-Xms)
#   Decrease number of Java threads
#   Decrease Java thread stack sizes (-Xss)
#   Set larger code cache with -XX:ReservedCodeCacheSize=
#   JVM is running with Unscaled Compressed Oops mode in which the Java heap is
#     placed in the first 4GB address space. The Java Heap base address is the
#     maximum limit for the native heap growth. Please use -XX:HeapBaseMinAddress
#     to set the Java Heap base and to place the Java Heap above 4GB virtual address.
# This output file may be truncated or incomplete.
#
#  Out of Memory Error (arena.cpp:189), pid=7684, tid=19048
#
# JRE version: Java(TM) SE Runtime Environment (17.0.12+8) (build 17.0.12+8-LTS-286)
# Java VM: Java HotSpot(TM) 64-Bit Server VM (17.0.12+8-LTS-286, mixed mode, sharing, tiered, compressed oops, compressed class ptrs, g1 gc, windows-amd64)
# No core dump will be written. Minidumps are not enabled by default on client versions of Windows
#

---------------  S U M M A R Y ------------

Command Line: --add-opens=java.base/java.lang=ALL-UNNAMED --add-opens=java.base/java.lang.invoke=ALL-UNNAMED --add-opens=java.base/java.util=ALL-UNNAMED --add-opens=java.prefs/java.util.prefs=ALL-UNNAMED --add-exports=jdk.compiler/com.sun.tools.javac.api=ALL-UNNAMED --add-exports=jdk.compiler/com.sun.tools.javac.util=ALL-UNNAMED --add-opens=java.base/java.util=ALL-UNNAMED --add-opens=java.prefs/java.util.prefs=ALL-UNNAMED --add-opens=java.base/java.nio.charset=ALL-UNNAMED --add-opens=java.base/java.net=ALL-UNNAMED --add-opens=java.base/java.util.concurrent.atomic=ALL-UNNAMED --add-opens=java.xml/javax.xml.namespace=ALL-UNNAMED -Xmx2048m -Dfile.encoding=UTF-8 -Duser.country=ID -Duser.language=en -Duser.variant -javaagent:C:\Users\Ari Awaludin\.gradle\wrapper\dists\gradle-8.11.1-bin\bpt9gzteqjrbo1mjrsomdt32c\gradle-8.11.1\lib\agents\gradle-instrumentation-agent-8.11.1.jar org.gradle.launcher.daemon.bootstrap.GradleDaemon 8.11.1

Host: AMD Ryzen 5 5500U with Radeon Graphics         , 12 cores, 7G,  Windows 11 , 64 bit Build 26100 (10.0.26100.3775)
Time: Sun Apr 13 23:25:37 2025 SE Asia Standard Time elapsed time: 14.177746 seconds (0d 0h 0m 14s)

---------------  T H R E A D  ---------------

Current thread (0x0000022406e47650):  JavaThread "C2 CompilerThread1" daemon [_thread_in_native, id=19048, stack(0x000000242de00000,0x000000242df00000)]


Current CompileTask:
C2:  14178 7183   !   4       java.nio.file.FileTreeWalker::next (144 bytes)

Stack: [0x000000242de00000,0x000000242df00000]
Native frames: (J=compiled Java code, j=interpreted, Vv=VM code, C=native code)
V  [jvm.dll+0x67a04a]
V  [jvm.dll+0x7da4ed]
V  [jvm.dll+0x7dbe33]
V  [jvm.dll+0x7dc4a3]
V  [jvm.dll+0x24508f]
V  [jvm.dll+0xab773]
V  [jvm.dll+0xabd3c]
V  [jvm.dll+0x361bee]
V  [jvm.dll+0x1ba45a]
V  [jvm.dll+0x216997]
V  [jvm.dll+0x215c6f]
V  [jvm.dll+0x1a2960]
V  [jvm.dll+0x22610b]
V  [jvm.dll+0x2242ab]
V  [jvm.dll+0x79075c]
V  [jvm.dll+0x78abea]
V  [jvm.dll+0x678f35]
C  [ucrtbase.dll+0x37b0]
C  [KERNEL32.DLL+0x2e8d7]
C  [ntdll.dll+0xb14fc]


---------------  P R O C E S S  ---------------

Threads class SMR info:
_java_thread_list=0x000002240a7cfa60, length=67, elements={
0x00000223a2507df0, 0x00000223c0b437f0, 0x00000223c0b442c0, 0x00000223c0b57c00,
0x00000223c0b5a4e0, 0x00000223c0b5adb0, 0x00000223c0b5b680, 0x00000223c0b5e340,
0x00000223c0b6ed10, 0x00000223c0b7bf30, 0x00000224060b51e0, 0x000002240618eb40,
0x0000022407a17f20, 0x0000022407c6fef0, 0x0000022406d58bc0, 0x0000022406e47650,
0x0000022406628ee0, 0x0000022407b458e0, 0x0000022407b46810, 0x0000022407b43060,
0x0000022407b449b0, 0x0000022407b43570, 0x0000022407b44ec0, 0x0000022407b43a80,
0x0000022407b43f90, 0x0000022407b45df0, 0x0000022407b46300, 0x0000022409d80050,
0x0000022409d819a0, 0x0000022409d80a70, 0x0000022409d81490, 0x0000022409d832f0,
0x0000022409d82de0, 0x0000022409d7fb40, 0x0000022409d85b70, 0x0000022409d84220,
0x0000022409d84730, 0x0000022409d86aa0, 0x0000022409d84c40, 0x0000022409d85150,
0x0000022409d86080, 0x0000022409d86fb0, 0x0000022409d85660, 0x0000022409d874c0,
0x0000022409e463d0, 0x0000022409e454a0, 0x0000022409e459b0, 0x0000022409e48230,
0x0000022409e48740, 0x0000022409e45ec0, 0x0000022409e49670, 0x0000022409e47d20,
0x0000022409e468e0, 0x0000022409e49b80, 0x0000022409e47810, 0x0000022409e48c50,
0x0000022409e4a090, 0x0000022409e49160, 0x0000022409e46df0, 0x0000022409e4aab0,
0x0000022409e47300, 0x0000022409e4afc0, 0x0000022409e4b4d0, 0x0000022409e4b9e0,
0x0000022409e4bef0, 0x0000022409e4ce20, 0x0000022409e4c400
}

Java Threads: ( => current thread )
  0x00000223a2507df0 JavaThread "main" [_thread_blocked, id=2656, stack(0x000000242c400000,0x000000242c500000)]
  0x00000223c0b437f0 JavaThread "Reference Handler" daemon [_thread_blocked, id=11796, stack(0x000000242cb00000,0x000000242cc00000)]
  0x00000223c0b442c0 JavaThread "Finalizer" daemon [_thread_blocked, id=24208, stack(0x000000242cc00000,0x000000242cd00000)]
  0x00000223c0b57c00 JavaThread "Signal Dispatcher" daemon [_thread_blocked, id=16228, stack(0x000000242cd00000,0x000000242ce00000)]
  0x00000223c0b5a4e0 JavaThread "Attach Listener" daemon [_thread_blocked, id=836, stack(0x000000242ce00000,0x000000242cf00000)]
  0x00000223c0b5adb0 JavaThread "Service Thread" daemon [_thread_blocked, id=2668, stack(0x000000242cf00000,0x000000242d000000)]
  0x00000223c0b5b680 JavaThread "Monitor Deflation Thread" daemon [_thread_blocked, id=7956, stack(0x000000242d000000,0x000000242d100000)]
  0x00000223c0b5e340 JavaThread "C2 CompilerThread0" daemon [_thread_in_native, id=13276, stack(0x000000242d100000,0x000000242d200000)]
  0x00000223c0b6ed10 JavaThread "C1 CompilerThread0" daemon [_thread_blocked, id=17952, stack(0x000000242d200000,0x000000242d300000)]
  0x00000223c0b7bf30 JavaThread "Sweeper thread" daemon [_thread_blocked, id=16048, stack(0x000000242d300000,0x000000242d400000)]
  0x00000224060b51e0 JavaThread "Common-Cleaner" daemon [_thread_blocked, id=10208, stack(0x000000242d400000,0x000000242d500000)]
  0x000002240618eb40 JavaThread "Notification Thread" daemon [_thread_blocked, id=8108, stack(0x000000242d500000,0x000000242d600000)]
  0x0000022407a17f20 JavaThread "Daemon health stats" [_thread_blocked, id=7584, stack(0x000000242db00000,0x000000242dc00000)]
  0x0000022407c6fef0 JavaThread "Incoming local TCP Connector on port 60562" [_thread_in_native, id=24312, stack(0x000000242dc00000,0x000000242dd00000)]
  0x0000022406d58bc0 JavaThread "Daemon periodic checks" [_thread_blocked, id=12912, stack(0x000000242dd00000,0x000000242de00000)]
=>0x0000022406e47650 JavaThread "C2 CompilerThread1" daemon [_thread_in_native, id=19048, stack(0x000000242de00000,0x000000242df00000)]
  0x0000022406628ee0 JavaThread "Daemon" [_thread_blocked, id=19252, stack(0x000000242df00000,0x000000242e000000)]
  0x0000022407b458e0 JavaThread "Handler for socket connection from /127.0.0.1:60562 to /127.0.0.1:60563" [_thread_in_native, id=2760, stack(0x000000242e000000,0x000000242e100000)]
  0x0000022407b46810 JavaThread "Cancel handler" [_thread_blocked, id=23492, stack(0x000000242e100000,0x000000242e200000)]
  0x0000022407b43060 JavaThread "Daemon worker" [_thread_blocked, id=19604, stack(0x000000242e200000,0x000000242e300000)]
  0x0000022407b449b0 JavaThread "Asynchronous log dispatcher for DefaultDaemonConnection: socket connection from /127.0.0.1:60562 to /127.0.0.1:60563" [_thread_blocked, id=17492, stack(0x000000242e300000,0x000000242e400000)]
  0x0000022407b43570 JavaThread "Stdin handler" [_thread_blocked, id=8764, stack(0x000000242e400000,0x000000242e500000)]
  0x0000022407b44ec0 JavaThread "Daemon client event forwarder" [_thread_blocked, id=6188, stack(0x000000242e500000,0x000000242e600000)]
  0x0000022407b43a80 JavaThread "Cache worker for journal cache (C:\Users\Ari Awaludin\.gradle\caches\journal-1)" [_thread_blocked, id=8172, stack(0x000000242e600000,0x000000242e700000)]
  0x0000022407b43f90 JavaThread "File lock request listener" [_thread_in_native, id=2368, stack(0x000000242e700000,0x000000242e800000)]
  0x0000022407b45df0 JavaThread "Cache worker for file hash cache (C:\Users\Ari Awaludin\.gradle\caches\8.11.1\fileHashes)" [_thread_blocked, id=12136, stack(0x000000242e800000,0x000000242e900000)]
  0x0000022407b46300 JavaThread "Cache worker for file content cache (C:\Users\Ari Awaludin\.gradle\caches\8.11.1\fileContent)" [_thread_blocked, id=21888, stack(0x000000242ee00000,0x000000242ef00000)]
  0x0000022409d80050 JavaThread "Cache worker for file hash cache (C:\Project\MyApplication3\.gradle\8.11.1\fileHashes)" [_thread_blocked, id=23712, stack(0x000000242ef00000,0x000000242f000000)]
  0x0000022409d819a0 JavaThread "Cache worker for Build Output Cleanup Cache (C:\Project\MyApplication3\.gradle\buildOutputCleanup)" [_thread_blocked, id=24004, stack(0x000000242f000000,0x000000242f100000)]
  0x0000022409d80a70 JavaThread "File watcher server" daemon [_thread_in_native, id=14680, stack(0x000000242f300000,0x000000242f400000)]
  0x0000022409d81490 JavaThread "File watcher consumer" daemon [_thread_blocked, id=23292, stack(0x000000242f400000,0x000000242f500000)]
  0x0000022409d832f0 JavaThread "Cache worker for checksums cache (C:\Project\MyApplication3\.gradle\8.11.1\checksums)" [_thread_blocked, id=22988, stack(0x000000242f500000,0x000000242f600000)]
  0x0000022409d82de0 JavaThread "Cache worker for cache directory md-rule (C:\Users\Ari Awaludin\.gradle\caches\8.11.1\md-rule)" [_thread_blocked, id=21440, stack(0x000000242f600000,0x000000242f700000)]
  0x0000022409d7fb40 JavaThread "Cache worker for cache directory md-supplier (C:\Users\Ari Awaludin\.gradle\caches\8.11.1\md-supplier)" [_thread_blocked, id=8396, stack(0x000000242f700000,0x000000242f800000)]
  0x0000022409d85b70 JavaThread "Unconstrained build operations" [_thread_blocked, id=18856, stack(0x000000242f900000,0x000000242fa00000)]
  0x0000022409d84220 JavaThread "Unconstrained build operations Thread 2" [_thread_blocked, id=2824, stack(0x000000242fa00000,0x000000242fb00000)]
  0x0000022409d84730 JavaThread "Unconstrained build operations Thread 3" [_thread_blocked, id=10984, stack(0x000000242fb00000,0x000000242fc00000)]
  0x0000022409d86aa0 JavaThread "Unconstrained build operations Thread 4" [_thread_blocked, id=19024, stack(0x000000242fc00000,0x000000242fd00000)]
  0x0000022409d84c40 JavaThread "Unconstrained build operations Thread 5" [_thread_blocked, id=6372, stack(0x000000242fd00000,0x000000242fe00000)]
  0x0000022409d85150 JavaThread "Unconstrained build operations Thread 6" [_thread_blocked, id=9352, stack(0x000000242fe00000,0x000000242ff00000)]
  0x0000022409d86080 JavaThread "Unconstrained build operations Thread 7" [_thread_blocked, id=19108, stack(0x000000242ff00000,0x0000002430000000)]
  0x0000022409d86fb0 JavaThread "Unconstrained build operations Thread 8" [_thread_blocked, id=7820, stack(0x0000002430000000,0x0000002430100000)]
  0x0000022409d85660 JavaThread "Unconstrained build operations Thread 9" [_thread_blocked, id=16504, stack(0x0000002430100000,0x0000002430200000)]
  0x0000022409d874c0 JavaThread "Unconstrained build operations Thread 10" [_thread_blocked, id=21456, stack(0x0000002430200000,0x0000002430300000)]
  0x0000022409e463d0 JavaThread "Unconstrained build operations Thread 11" [_thread_blocked, id=4664, stack(0x0000002430300000,0x0000002430400000)]
  0x0000022409e454a0 JavaThread "Unconstrained build operations Thread 12" [_thread_blocked, id=9776, stack(0x0000002430400000,0x0000002430500000)]
  0x0000022409e459b0 JavaThread "Unconstrained build operations Thread 13" [_thread_blocked, id=4660, stack(0x0000002430500000,0x0000002430600000)]
  0x0000022409e48230 JavaThread "Unconstrained build operations Thread 14" [_thread_blocked, id=21892, stack(0x0000002430600000,0x0000002430700000)]
  0x0000022409e48740 JavaThread "Unconstrained build operations Thread 15" [_thread_blocked, id=18616, stack(0x0000002430700000,0x0000002430800000)]
  0x0000022409e45ec0 JavaThread "Unconstrained build operations Thread 16" [_thread_blocked, id=17040, stack(0x0000002430800000,0x0000002430900000)]
  0x0000022409e49670 JavaThread "Unconstrained build operations Thread 17" [_thread_blocked, id=21184, stack(0x0000002430900000,0x0000002430a00000)]
  0x0000022409e47d20 JavaThread "Unconstrained build operations Thread 18" [_thread_blocked, id=3472, stack(0x0000002430a00000,0x0000002430b00000)]
  0x0000022409e468e0 JavaThread "Unconstrained build operations Thread 19" [_thread_blocked, id=12824, stack(0x0000002430b00000,0x0000002430c00000)]
  0x0000022409e49b80 JavaThread "Unconstrained build operations Thread 20" [_thread_blocked, id=12928, stack(0x0000002430c00000,0x0000002430d00000)]
  0x0000022409e47810 JavaThread "Unconstrained build operations Thread 21" [_thread_blocked, id=20448, stack(0x0000002430d00000,0x0000002430e00000)]
  0x0000022409e48c50 JavaThread "Unconstrained build operations Thread 22" [_thread_blocked, id=11448, stack(0x0000002430e00000,0x0000002430f00000)]
  0x0000022409e4a090 JavaThread "Unconstrained build operations Thread 23" [_thread_blocked, id=9924, stack(0x0000002430f00000,0x0000002431000000)]
  0x0000022409e49160 JavaThread "Unconstrained build operations Thread 24" [_thread_blocked, id=15984, stack(0x0000002431000000,0x0000002431100000)]
  0x0000022409e46df0 JavaThread "Unconstrained build operations Thread 25" [_thread_blocked, id=22488, stack(0x0000002431100000,0x0000002431200000)]
  0x0000022409e4aab0 JavaThread "Unconstrained build operations Thread 26" [_thread_blocked, id=17764, stack(0x0000002431200000,0x0000002431300000)]
  0x0000022409e47300 JavaThread "Unconstrained build operations Thread 27" [_thread_blocked, id=4148, stack(0x0000002431300000,0x0000002431400000)]
  0x0000022409e4afc0 JavaThread "Unconstrained build operations Thread 28" [_thread_blocked, id=1008, stack(0x0000002431400000,0x0000002431500000)]
  0x0000022409e4b4d0 JavaThread "Unconstrained build operations Thread 29" [_thread_blocked, id=14772, stack(0x0000002431500000,0x0000002431600000)]
  0x0000022409e4b9e0 JavaThread "Unconstrained build operations Thread 30" [_thread_blocked, id=4644, stack(0x0000002431600000,0x0000002431700000)]
  0x0000022409e4bef0 JavaThread "Unconstrained build operations Thread 31" [_thread_blocked, id=8132, stack(0x0000002431700000,0x0000002431800000)]
  0x0000022409e4ce20 JavaThread "Unconstrained build operations Thread 32" [_thread_blocked, id=10440, stack(0x0000002431800000,0x0000002431900000)]
  0x0000022409e4c400 JavaThread "Unconstrained build operations Thread 33" [_thread_blocked, id=13508, stack(0x0000002431900000,0x0000002431a00000)]

Other Threads:
  0x00000223c0b3f190 VMThread "VM Thread" [stack: 0x000000242ca00000,0x000000242cb00000] [id=6708] _threads_hazard_ptr=0x000002240a7cfa60
  0x00000224061fd340 WatcherThread [stack: 0x000000242d600000,0x000000242d700000] [id=20556]
  0x00000223a2565270 GCTaskThread "GC Thread#0" [stack: 0x000000242c500000,0x000000242c600000] [id=10612]
  0x000002240671c530 GCTaskThread "GC Thread#1" [stack: 0x000000242d700000,0x000000242d800000] [id=24116]
  0x0000022406702230 GCTaskThread "GC Thread#2" [stack: 0x000000242d800000,0x000000242d900000] [id=8620]
  0x0000022406c7eb30 GCTaskThread "GC Thread#3" [stack: 0x000000242d900000,0x000000242da00000] [id=15840]
  0x0000022406c7edf0 GCTaskThread "GC Thread#4" [stack: 0x000000242da00000,0x000000242db00000] [id=2072]
  0x0000022407e722f0 GCTaskThread "GC Thread#5" [stack: 0x000000242e900000,0x000000242ea00000] [id=23972]
  0x00000224084be040 GCTaskThread "GC Thread#6" [stack: 0x000000242ea00000,0x000000242eb00000] [id=17688]
  0x00000224094e7a70 GCTaskThread "GC Thread#7" [stack: 0x000000242eb00000,0x000000242ec00000] [id=17576]
  0x0000022408265090 GCTaskThread "GC Thread#8" [stack: 0x000000242ec00000,0x000000242ed00000] [id=18364]
  0x0000022408265350 GCTaskThread "GC Thread#9" [stack: 0x000000242ed00000,0x000000242ee00000] [id=19300]
  0x00000223a25b4010 ConcurrentGCThread "G1 Main Marker" [stack: 0x000000242c600000,0x000000242c700000] [id=22372]
  0x00000223a25b6f80 ConcurrentGCThread "G1 Conc#0" [stack: 0x000000242c700000,0x000000242c800000] [id=6936]
  0x00000224097e9a50 ConcurrentGCThread "G1 Conc#1" [stack: 0x000000242f100000,0x000000242f200000] [id=22724]
  0x00000224097ea550 ConcurrentGCThread "G1 Conc#2" [stack: 0x000000242f200000,0x000000242f300000] [id=2432]
  0x00000223a25cebd0 ConcurrentGCThread "G1 Refine#0" [stack: 0x000000242c800000,0x000000242c900000] [id=2412]
  0x0000022409466300 ConcurrentGCThread "G1 Refine#1" [stack: 0x000000242f800000,0x000000242f900000] [id=2460]
  0x00000223c09f9d50 ConcurrentGCThread "G1 Service" [stack: 0x000000242c900000,0x000000242ca00000] [id=24440]

Threads with active compile tasks:
C2 CompilerThread0    16228 7638   !   4       java.nio.file.FileTreeWalker::visit (204 bytes)
C1 CompilerThread0    16228 7779       2       javax.management.ObjectName::construct (1135 bytes)
C2 CompilerThread1    16228 7183   !   4       java.nio.file.FileTreeWalker::next (144 bytes)

VM state: synchronizing (normal execution)

VM Mutex/Monitor currently owned by a thread:  ([mutex/lock_event])
[0x00000223a2503980] Threads_lock - owner thread: 0x00000223c0b3f190

Heap address: 0x0000000080000000, size: 2048 MB, Compressed Oops mode: 32-bit

CDS archive(s) mapped at: [0x00000223c1000000-0x00000223c1bd0000-0x00000223c1bd0000), size 12386304, SharedBaseAddress: 0x00000223c1000000, ArchiveRelocationMode: 1.
Compressed class space mapped at: 0x00000223c2000000-0x0000022402000000, reserved size: 1073741824
Narrow klass base: 0x00000223c1000000, Narrow klass shift: 0, Narrow klass range: 0x100000000

GC Precious Log:
 CPUs: 12 total, 12 available
 Memory: 7502M
 Large Page Support: Disabled
 NUMA Support: Disabled
 Compressed Oops: Enabled (32-bit)
 Heap Region Size: 1M
 Heap Min Capacity: 8M
 Heap Initial Capacity: 118M
 Heap Max Capacity: 2G
 Pre-touch: Disabled
 Parallel Workers: 10
 Concurrent Workers: 3
 Concurrent Refinement Workers: 10
 Periodic GC: Disabled

Heap:
 garbage-first heap   total 192512K, used 57085K [0x0000000080000000, 0x0000000100000000)
  region size 1024K, 7 young (7168K), 2 survivors (2048K)
 Metaspace       used 51648K, committed 52224K, reserved 1114112K
  class space    used 7281K, committed 7552K, reserved 1048576K

Heap Regions: E=young(eden), S=young(survivor), O=old, HS=humongous(starts), HC=humongous(continues), CS=collection set, F=free, OA=open archive, CA=closed archive, TAMS=top-at-mark-start (previous, next)
|   0|0x0000000080000000, 0x0000000080100000, 0x0000000080100000|100%| O|  |TAMS 0x0000000080100000, 0x0000000080000000| Untracked 
|   1|0x0000000080100000, 0x0000000080200000, 0x0000000080200000|100%|HS|  |TAMS 0x0000000080200000, 0x0000000080100000| Complete 
|   2|0x0000000080200000, 0x0000000080300000, 0x0000000080300000|100%|HC|  |TAMS 0x0000000080300000, 0x0000000080200000| Complete 
|   3|0x0000000080300000, 0x0000000080400000, 0x0000000080400000|100%|HC|  |TAMS 0x0000000080400000, 0x0000000080300000| Complete 
|   4|0x0000000080400000, 0x0000000080500000, 0x0000000080500000|100%| O|  |TAMS 0x0000000080500000, 0x0000000080400000| Untracked 
|   5|0x0000000080500000, 0x0000000080600000, 0x0000000080600000|100%| O|  |TAMS 0x0000000080600000, 0x0000000080500000| Untracked 
|   6|0x0000000080600000, 0x0000000080700000, 0x0000000080700000|100%| O|  |TAMS 0x0000000080700000, 0x0000000080600000| Untracked 
|   7|0x0000000080700000, 0x0000000080800000, 0x0000000080800000|100%|HS|  |TAMS 0x0000000080800000, 0x0000000080700000| Complete 
|   8|0x0000000080800000, 0x0000000080900000, 0x0000000080900000|100%| O|  |TAMS 0x0000000080900000, 0x0000000080800000| Untracked 
|   9|0x0000000080900000, 0x0000000080a00000, 0x0000000080a00000|100%| O|  |TAMS 0x0000000080a00000, 0x0000000080900000| Untracked 
|  10|0x0000000080a00000, 0x0000000080b00000, 0x0000000080b00000|100%| O|  |TAMS 0x0000000080b00000, 0x0000000080a00000| Untracked 
|  11|0x0000000080b00000, 0x0000000080c00000, 0x0000000080c00000|100%| O|  |TAMS 0x0000000080c00000, 0x0000000080b00000| Untracked 
|  12|0x0000000080c00000, 0x0000000080d00000, 0x0000000080d00000|100%| O|  |TAMS 0x0000000080d00000, 0x0000000080c00000| Untracked 
|  13|0x0000000080d00000, 0x0000000080e00000, 0x0000000080e00000|100%| O|  |TAMS 0x0000000080e00000, 0x0000000080d00000| Untracked 
|  14|0x0000000080e00000, 0x0000000080f00000, 0x0000000080f00000|100%| O|  |TAMS 0x0000000080f00000, 0x0000000080e00000| Untracked 
|  15|0x0000000080f00000, 0x0000000081000000, 0x0000000081000000|100%| O|  |TAMS 0x0000000081000000, 0x0000000080f00000| Untracked 
|  16|0x0000000081000000, 0x0000000081100000, 0x0000000081100000|100%| O|  |TAMS 0x0000000081100000, 0x0000000081000000| Untracked 
|  17|0x0000000081100000, 0x0000000081200000, 0x0000000081200000|100%| O|  |TAMS 0x0000000081200000, 0x0000000081100000| Untracked 
|  18|0x0000000081200000, 0x0000000081300000, 0x0000000081300000|100%| O|  |TAMS 0x0000000081300000, 0x0000000081200000| Untracked 
|  19|0x0000000081300000, 0x0000000081400000, 0x0000000081400000|100%| O|  |TAMS 0x0000000081400000, 0x0000000081300000| Untracked 
|  20|0x0000000081400000, 0x0000000081500000, 0x0000000081500000|100%| O|  |TAMS 0x0000000081500000, 0x0000000081400000| Untracked 
|  21|0x0000000081500000, 0x0000000081600000, 0x0000000081600000|100%| O|  |TAMS 0x0000000081500000, 0x0000000081500000| Untracked 
|  22|0x0000000081600000, 0x0000000081700000, 0x0000000081700000|100%| O|  |TAMS 0x0000000081700000, 0x0000000081600000| Untracked 
|  23|0x0000000081700000, 0x0000000081800000, 0x0000000081800000|100%| O|  |TAMS 0x0000000081800000, 0x0000000081700000| Untracked 
|  24|0x0000000081800000, 0x0000000081900000, 0x0000000081900000|100%| O|  |TAMS 0x0000000081900000, 0x0000000081800000| Untracked 
|  25|0x0000000081900000, 0x0000000081a00000, 0x0000000081a00000|100%| O|  |TAMS 0x0000000081a00000, 0x0000000081900000| Untracked 
|  26|0x0000000081a00000, 0x0000000081b00000, 0x0000000081b00000|100%| O|  |TAMS 0x0000000081b00000, 0x0000000081a00000| Untracked 
|  27|0x0000000081b00000, 0x0000000081c00000, 0x0000000081c00000|100%| O|  |TAMS 0x0000000081c00000, 0x0000000081b00000| Untracked 
|  28|0x0000000081c00000, 0x0000000081d00000, 0x0000000081d00000|100%| O|  |TAMS 0x0000000081d00000, 0x0000000081c00000| Untracked 
|  29|0x0000000081d00000, 0x0000000081e00000, 0x0000000081e00000|100%| O|  |TAMS 0x0000000081e00000, 0x0000000081d00000| Untracked 
|  30|0x0000000081e00000, 0x0000000081f00000, 0x0000000081f00000|100%| O|  |TAMS 0x0000000081f00000, 0x0000000081e00000| Untracked 
|  31|0x0000000081f00000, 0x0000000082000000, 0x0000000082000000|100%| O|  |TAMS 0x0000000082000000, 0x0000000081f00000| Untracked 
|  32|0x0000000082000000, 0x0000000082100000, 0x0000000082100000|100%| O|  |TAMS 0x0000000082000000, 0x0000000082000000| Untracked 
|  33|0x0000000082100000, 0x0000000082200000, 0x0000000082200000|100%| O|  |TAMS 0x0000000082200000, 0x0000000082100000| Untracked 
|  34|0x0000000082200000, 0x0000000082300000, 0x0000000082300000|100%| O|  |TAMS 0x0000000082300000, 0x0000000082200000| Untracked 
|  35|0x0000000082300000, 0x0000000082400000, 0x0000000082400000|100%| O|  |TAMS 0x0000000082400000, 0x0000000082300000| Untracked 
|  36|0x0000000082400000, 0x0000000082500000, 0x0000000082500000|100%| O|  |TAMS 0x0000000082400000, 0x0000000082400000| Untracked 
|  37|0x0000000082500000, 0x0000000082600000, 0x0000000082600000|100%| O|  |TAMS 0x0000000082600000, 0x0000000082500000| Untracked 
|  38|0x0000000082600000, 0x0000000082700000, 0x0000000082700000|100%| O|  |TAMS 0x0000000082700000, 0x0000000082600000| Untracked 
|  39|0x0000000082700000, 0x0000000082800000, 0x0000000082800000|100%| O|  |TAMS 0x0000000082800000, 0x0000000082700000| Untracked 
|  40|0x0000000082800000, 0x0000000082900000, 0x0000000082900000|100%| O|  |TAMS 0x0000000082900000, 0x0000000082800000| Untracked 
|  41|0x0000000082900000, 0x0000000082a00000, 0x0000000082a00000|100%| O|  |TAMS 0x0000000082a00000, 0x0000000082900000| Untracked 
|  42|0x0000000082a00000, 0x0000000082b00000, 0x0000000082b00000|100%| O|  |TAMS 0x0000000082b00000, 0x0000000082a00000| Untracked 
|  43|0x0000000082b00000, 0x0000000082c00000, 0x0000000082c00000|100%| O|  |TAMS 0x0000000082c00000, 0x0000000082b00000| Untracked 
|  44|0x0000000082c00000, 0x0000000082d00000, 0x0000000082d00000|100%| O|  |TAMS 0x0000000082d00000, 0x0000000082c00000| Untracked 
|  45|0x0000000082d00000, 0x0000000082e00000, 0x0000000082e00000|100%| O|  |TAMS 0x0000000082e00000, 0x0000000082d00000| Untracked 
|  46|0x0000000082e00000, 0x0000000082e8ae00, 0x0000000082f00000| 54%| O|  |TAMS 0x0000000082e00000, 0x0000000082e00000| Untracked 
|  47|0x0000000082f00000, 0x0000000083000000, 0x0000000083000000|100%| O|  |TAMS 0x0000000082f00000, 0x0000000082f00000| Untracked 
|  48|0x0000000083000000, 0x0000000083100000, 0x0000000083100000|100%| O|  |TAMS 0x0000000083000000, 0x0000000083000000| Untracked 
|  49|0x0000000083100000, 0x0000000083200000, 0x0000000083200000|100%|HS|  |TAMS 0x0000000083100000, 0x0000000083100000| Complete 
|  50|0x0000000083200000, 0x0000000083300000, 0x0000000083300000|100%|HS|  |TAMS 0x0000000083200000, 0x0000000083200000| Complete 
|  51|0x0000000083300000, 0x0000000083300000, 0x0000000083400000|  0%| F|  |TAMS 0x0000000083300000, 0x0000000083300000| Untracked 
|  52|0x0000000083400000, 0x0000000083400000, 0x0000000083500000|  0%| F|  |TAMS 0x0000000083400000, 0x0000000083400000| Untracked 
|  53|0x0000000083500000, 0x0000000083500000, 0x0000000083600000|  0%| F|  |TAMS 0x0000000083500000, 0x0000000083500000| Untracked 
|  54|0x0000000083600000, 0x0000000083600000, 0x0000000083700000|  0%| F|  |TAMS 0x0000000083600000, 0x0000000083600000| Untracked 
|  55|0x0000000083700000, 0x0000000083700000, 0x0000000083800000|  0%| F|  |TAMS 0x0000000083700000, 0x0000000083700000| Untracked 
|  56|0x0000000083800000, 0x0000000083800000, 0x0000000083900000|  0%| F|  |TAMS 0x0000000083800000, 0x0000000083800000| Untracked 
|  57|0x0000000083900000, 0x0000000083900000, 0x0000000083a00000|  0%| F|  |TAMS 0x0000000083900000, 0x0000000083900000| Untracked 
|  58|0x0000000083a00000, 0x0000000083a00000, 0x0000000083b00000|  0%| F|  |TAMS 0x0000000083a00000, 0x0000000083a00000| Untracked 
|  59|0x0000000083b00000, 0x0000000083b00000, 0x0000000083c00000|  0%| F|  |TAMS 0x0000000083b00000, 0x0000000083b00000| Untracked 
|  60|0x0000000083c00000, 0x0000000083c00000, 0x0000000083d00000|  0%| F|  |TAMS 0x0000000083c00000, 0x0000000083c00000| Untracked 
|  61|0x0000000083d00000, 0x0000000083d00000, 0x0000000083e00000|  0%| F|  |TAMS 0x0000000083d00000, 0x0000000083d00000| Untracked 
|  62|0x0000000083e00000, 0x0000000083e00000, 0x0000000083f00000|  0%| F|  |TAMS 0x0000000083e00000, 0x0000000083e00000| Untracked 
|  63|0x0000000083f00000, 0x0000000083f00000, 0x0000000084000000|  0%| F|  |TAMS 0x0000000083f00000, 0x0000000083f00000| Untracked 
|  64|0x0000000084000000, 0x0000000084000000, 0x0000000084100000|  0%| F|  |TAMS 0x0000000084000000, 0x0000000084000000| Untracked 
|  65|0x0000000084100000, 0x0000000084100000, 0x0000000084200000|  0%| F|  |TAMS 0x0000000084100000, 0x0000000084100000| Untracked 
|  66|0x0000000084200000, 0x0000000084200000, 0x0000000084300000|  0%| F|  |TAMS 0x0000000084200000, 0x0000000084200000| Untracked 
|  67|0x0000000084300000, 0x0000000084300000, 0x0000000084400000|  0%| F|  |TAMS 0x0000000084300000, 0x0000000084300000| Untracked 
|  68|0x0000000084400000, 0x0000000084400000, 0x0000000084500000|  0%| F|  |TAMS 0x0000000084400000, 0x0000000084400000| Untracked 
|  69|0x0000000084500000, 0x0000000084500000, 0x0000000084600000|  0%| F|  |TAMS 0x0000000084500000, 0x0000000084500000| Untracked 
|  70|0x0000000084600000, 0x0000000084600000, 0x0000000084700000|  0%| F|  |TAMS 0x0000000084600000, 0x0000000084600000| Untracked 
|  71|0x0000000084700000, 0x0000000084700000, 0x0000000084800000|  0%| F|  |TAMS 0x0000000084700000, 0x0000000084700000| Untracked 
|  72|0x0000000084800000, 0x0000000084800000, 0x0000000084900000|  0%| F|  |TAMS 0x0000000084800000, 0x0000000084800000| Untracked 
|  73|0x0000000084900000, 0x0000000084900000, 0x0000000084a00000|  0%| F|  |TAMS 0x0000000084900000, 0x0000000084900000| Untracked 
|  74|0x0000000084a00000, 0x0000000084a00000, 0x0000000084b00000|  0%| F|  |TAMS 0x0000000084a00000, 0x0000000084a00000| Untracked 
|  75|0x0000000084b00000, 0x0000000084b00000, 0x0000000084c00000|  0%| F|  |TAMS 0x0000000084b00000, 0x0000000084b00000| Untracked 
|  76|0x0000000084c00000, 0x0000000084c00000, 0x0000000084d00000|  0%| F|  |TAMS 0x0000000084c00000, 0x0000000084c00000| Untracked 
|  77|0x0000000084d00000, 0x0000000084d00000, 0x0000000084e00000|  0%| F|  |TAMS 0x0000000084d00000, 0x0000000084d00000| Untracked 
|  78|0x0000000084e00000, 0x0000000084e00000, 0x0000000084f00000|  0%| F|  |TAMS 0x0000000084e00000, 0x0000000084e00000| Untracked 
|  79|0x0000000084f00000, 0x0000000084f00000, 0x0000000085000000|  0%| F|  |TAMS 0x0000000084f00000, 0x0000000084f00000| Untracked 
|  80|0x0000000085000000, 0x0000000085000000, 0x0000000085100000|  0%| F|  |TAMS 0x0000000085000000, 0x0000000085000000| Untracked 
|  81|0x0000000085100000, 0x0000000085100000, 0x0000000085200000|  0%| F|  |TAMS 0x0000000085100000, 0x0000000085100000| Untracked 
|  82|0x0000000085200000, 0x0000000085200000, 0x0000000085300000|  0%| F|  |TAMS 0x0000000085200000, 0x0000000085200000| Untracked 
|  83|0x0000000085300000, 0x0000000085300000, 0x0000000085400000|  0%| F|  |TAMS 0x0000000085300000, 0x0000000085300000| Untracked 
|  84|0x0000000085400000, 0x0000000085400000, 0x0000000085500000|  0%| F|  |TAMS 0x0000000085400000, 0x0000000085400000| Untracked 
|  85|0x0000000085500000, 0x0000000085500000, 0x0000000085600000|  0%| F|  |TAMS 0x0000000085500000, 0x0000000085500000| Untracked 
|  86|0x0000000085600000, 0x0000000085600000, 0x0000000085700000|  0%| F|  |TAMS 0x0000000085600000, 0x0000000085600000| Untracked 
|  87|0x0000000085700000, 0x0000000085700000, 0x0000000085800000|  0%| F|  |TAMS 0x0000000085700000, 0x0000000085700000| Untracked 
|  88|0x0000000085800000, 0x0000000085800000, 0x0000000085900000|  0%| F|  |TAMS 0x0000000085800000, 0x0000000085800000| Untracked 
|  89|0x0000000085900000, 0x0000000085900000, 0x0000000085a00000|  0%| F|  |TAMS 0x0000000085900000, 0x0000000085900000| Untracked 
|  90|0x0000000085a00000, 0x0000000085a00000, 0x0000000085b00000|  0%| F|  |TAMS 0x0000000085a00000, 0x0000000085a00000| Untracked 
|  91|0x0000000085b00000, 0x0000000085b00000, 0x0000000085c00000|  0%| F|  |TAMS 0x0000000085b00000, 0x0000000085b00000| Untracked 
|  92|0x0000000085c00000, 0x0000000085c00000, 0x0000000085d00000|  0%| F|  |TAMS 0x0000000085c00000, 0x0000000085c00000| Untracked 
|  93|0x0000000085d00000, 0x0000000085d00000, 0x0000000085e00000|  0%| F|  |TAMS 0x0000000085d00000, 0x0000000085d00000| Untracked 
|  94|0x0000000085e00000, 0x0000000085e00000, 0x0000000085f00000|  0%| F|  |TAMS 0x0000000085e00000, 0x0000000085e00000| Untracked 
|  95|0x0000000085f00000, 0x0000000085f00000, 0x0000000086000000|  0%| F|  |TAMS 0x0000000085f00000, 0x0000000085f00000| Untracked 
|  96|0x0000000086000000, 0x0000000086000000, 0x0000000086100000|  0%| F|  |TAMS 0x0000000086000000, 0x0000000086000000| Untracked 
|  97|0x0000000086100000, 0x0000000086100000, 0x0000000086200000|  0%| F|  |TAMS 0x0000000086100000, 0x0000000086100000| Untracked 
|  98|0x0000000086200000, 0x0000000086200000, 0x0000000086300000|  0%| F|  |TAMS 0x0000000086200000, 0x0000000086200000| Untracked 
|  99|0x0000000086300000, 0x0000000086300000, 0x0000000086400000|  0%| F|  |TAMS 0x0000000086300000, 0x0000000086300000| Untracked 
| 100|0x0000000086400000, 0x0000000086400000, 0x0000000086500000|  0%| F|  |TAMS 0x0000000086400000, 0x0000000086400000| Untracked 
| 101|0x0000000086500000, 0x0000000086500000, 0x0000000086600000|  0%| F|  |TAMS 0x0000000086500000, 0x0000000086500000| Untracked 
| 102|0x0000000086600000, 0x0000000086600000, 0x0000000086700000|  0%| F|  |TAMS 0x0000000086600000, 0x0000000086600000| Untracked 
| 103|0x0000000086700000, 0x0000000086700000, 0x0000000086800000|  0%| F|  |TAMS 0x0000000086700000, 0x0000000086700000| Untracked 
| 104|0x0000000086800000, 0x0000000086800000, 0x0000000086900000|  0%| F|  |TAMS 0x0000000086800000, 0x0000000086800000| Untracked 
| 105|0x0000000086900000, 0x0000000086900000, 0x0000000086a00000|  0%| F|  |TAMS 0x0000000086900000, 0x0000000086900000| Untracked 
| 106|0x0000000086a00000, 0x0000000086a00000, 0x0000000086b00000|  0%| F|  |TAMS 0x0000000086a00000, 0x0000000086a00000| Untracked 
| 107|0x0000000086b00000, 0x0000000086b00000, 0x0000000086c00000|  0%| F|  |TAMS 0x0000000086b00000, 0x0000000086b00000| Untracked 
| 108|0x0000000086c00000, 0x0000000086c00000, 0x0000000086d00000|  0%| F|  |TAMS 0x0000000086c00000, 0x0000000086c00000| Untracked 
| 109|0x0000000086d00000, 0x0000000086d00000, 0x0000000086e00000|  0%| F|  |TAMS 0x0000000086d00000, 0x0000000086d00000| Untracked 
| 110|0x0000000086e00000, 0x0000000086e00000, 0x0000000086f00000|  0%| F|  |TAMS 0x0000000086e00000, 0x0000000086e00000| Untracked 
| 111|0x0000000086f00000, 0x0000000086f00000, 0x0000000087000000|  0%| F|  |TAMS 0x0000000086f00000, 0x0000000086f00000| Untracked 
| 112|0x0000000087000000, 0x0000000087000000, 0x0000000087100000|  0%| F|  |TAMS 0x0000000087000000, 0x0000000087000000| Untracked 
| 113|0x0000000087100000, 0x0000000087100000, 0x0000000087200000|  0%| F|  |TAMS 0x0000000087100000, 0x0000000087100000| Untracked 
| 114|0x0000000087200000, 0x0000000087200000, 0x0000000087300000|  0%| F|  |TAMS 0x0000000087200000, 0x0000000087200000| Untracked 
| 115|0x0000000087300000, 0x0000000087300000, 0x0000000087400000|  0%| F|  |TAMS 0x0000000087300000, 0x0000000087300000| Untracked 
| 116|0x0000000087400000, 0x0000000087400000, 0x0000000087500000|  0%| F|  |TAMS 0x0000000087400000, 0x0000000087400000| Untracked 
| 117|0x0000000087500000, 0x0000000087500000, 0x0000000087600000|  0%| F|  |TAMS 0x0000000087500000, 0x0000000087500000| Untracked 
| 118|0x0000000087600000, 0x0000000087600000, 0x0000000087700000|  0%| F|  |TAMS 0x0000000087600000, 0x0000000087600000| Untracked 
| 119|0x0000000087700000, 0x0000000087700000, 0x0000000087800000|  0%| F|  |TAMS 0x0000000087700000, 0x0000000087700000| Untracked 
| 120|0x0000000087800000, 0x0000000087800000, 0x0000000087900000|  0%| F|  |TAMS 0x0000000087800000, 0x0000000087800000| Untracked 
| 121|0x0000000087900000, 0x0000000087900000, 0x0000000087a00000|  0%| F|  |TAMS 0x0000000087900000, 0x0000000087900000| Untracked 
| 122|0x0000000087a00000, 0x0000000087a00000, 0x0000000087b00000|  0%| F|  |TAMS 0x0000000087a00000, 0x0000000087a00000| Untracked 
| 123|0x0000000087b00000, 0x0000000087b00000, 0x0000000087c00000|  0%| F|  |TAMS 0x0000000087b00000, 0x0000000087b00000| Untracked 
| 124|0x0000000087c00000, 0x0000000087c00000, 0x0000000087d00000|  0%| F|  |TAMS 0x0000000087c00000, 0x0000000087c00000| Untracked 
| 125|0x0000000087d00000, 0x0000000087d00000, 0x0000000087e00000|  0%| F|  |TAMS 0x0000000087d00000, 0x0000000087d00000| Untracked 
| 126|0x0000000087e00000, 0x0000000087e00000, 0x0000000087f00000|  0%| F|  |TAMS 0x0000000087e00000, 0x0000000087e00000| Untracked 
| 127|0x0000000087f00000, 0x0000000087f00000, 0x0000000088000000|  0%| F|  |TAMS 0x0000000087f00000, 0x0000000087f00000| Untracked 
| 128|0x0000000088000000, 0x0000000088000000, 0x0000000088100000|  0%| F|  |TAMS 0x0000000088000000, 0x0000000088000000| Untracked 
| 129|0x0000000088100000, 0x0000000088100000, 0x0000000088200000|  0%| F|  |TAMS 0x0000000088100000, 0x0000000088100000| Untracked 
| 130|0x0000000088200000, 0x0000000088200000, 0x0000000088300000|  0%| F|  |TAMS 0x0000000088200000, 0x0000000088200000| Untracked 
| 131|0x0000000088300000, 0x0000000088300000, 0x0000000088400000|  0%| F|  |TAMS 0x0000000088300000, 0x0000000088300000| Untracked 
| 132|0x0000000088400000, 0x0000000088400000, 0x0000000088500000|  0%| F|  |TAMS 0x0000000088400000, 0x0000000088400000| Untracked 
| 133|0x0000000088500000, 0x0000000088500000, 0x0000000088600000|  0%| F|  |TAMS 0x0000000088500000, 0x0000000088500000| Untracked 
| 134|0x0000000088600000, 0x0000000088600000, 0x0000000088700000|  0%| F|  |TAMS 0x0000000088600000, 0x0000000088600000| Untracked 
| 135|0x0000000088700000, 0x0000000088700000, 0x0000000088800000|  0%| F|  |TAMS 0x0000000088700000, 0x0000000088700000| Untracked 
| 136|0x0000000088800000, 0x0000000088800000, 0x0000000088900000|  0%| F|  |TAMS 0x0000000088800000, 0x0000000088800000| Untracked 
| 137|0x0000000088900000, 0x0000000088900000, 0x0000000088a00000|  0%| F|  |TAMS 0x0000000088900000, 0x0000000088900000| Untracked 
| 138|0x0000000088a00000, 0x0000000088a00000, 0x0000000088b00000|  0%| F|  |TAMS 0x0000000088a00000, 0x0000000088a00000| Untracked 
| 139|0x0000000088b00000, 0x0000000088b00000, 0x0000000088c00000|  0%| F|  |TAMS 0x0000000088b00000, 0x0000000088b00000| Untracked 
| 140|0x0000000088c00000, 0x0000000088c00000, 0x0000000088d00000|  0%| F|  |TAMS 0x0000000088c00000, 0x0000000088c00000| Untracked 
| 141|0x0000000088d00000, 0x0000000088d00000, 0x0000000088e00000|  0%| F|  |TAMS 0x0000000088d00000, 0x0000000088d00000| Untracked 
| 142|0x0000000088e00000, 0x0000000088e00000, 0x0000000088f00000|  0%| F|  |TAMS 0x0000000088e00000, 0x0000000088e00000| Untracked 
| 143|0x0000000088f00000, 0x0000000088f00000, 0x0000000089000000|  0%| F|  |TAMS 0x0000000088f00000, 0x0000000088f00000| Untracked 
| 144|0x0000000089000000, 0x0000000089000000, 0x0000000089100000|  0%| F|  |TAMS 0x0000000089000000, 0x0000000089000000| Untracked 
| 145|0x0000000089100000, 0x0000000089100000, 0x0000000089200000|  0%| F|  |TAMS 0x0000000089100000, 0x0000000089100000| Untracked 
| 146|0x0000000089200000, 0x0000000089200000, 0x0000000089300000|  0%| F|  |TAMS 0x0000000089200000, 0x0000000089200000| Untracked 
| 147|0x0000000089300000, 0x0000000089300000, 0x0000000089400000|  0%| F|  |TAMS 0x0000000089300000, 0x0000000089300000| Untracked 
| 148|0x0000000089400000, 0x0000000089400000, 0x0000000089500000|  0%| F|  |TAMS 0x0000000089400000, 0x0000000089400000| Untracked 
| 149|0x0000000089500000, 0x0000000089500000, 0x0000000089600000|  0%| F|  |TAMS 0x0000000089500000, 0x0000000089500000| Untracked 
| 150|0x0000000089600000, 0x0000000089600000, 0x0000000089700000|  0%| F|  |TAMS 0x0000000089600000, 0x0000000089600000| Untracked 
| 151|0x0000000089700000, 0x0000000089700000, 0x0000000089800000|  0%| F|  |TAMS 0x0000000089700000, 0x0000000089700000| Untracked 
| 152|0x0000000089800000, 0x0000000089800000, 0x0000000089900000|  0%| F|  |TAMS 0x0000000089800000, 0x0000000089800000| Untracked 
| 153|0x0000000089900000, 0x0000000089900000, 0x0000000089a00000|  0%| F|  |TAMS 0x0000000089900000, 0x0000000089900000| Untracked 
| 154|0x0000000089a00000, 0x0000000089a00000, 0x0000000089b00000|  0%| F|  |TAMS 0x0000000089a00000, 0x0000000089a00000| Untracked 
| 155|0x0000000089b00000, 0x0000000089b00000, 0x0000000089c00000|  0%| F|  |TAMS 0x0000000089b00000, 0x0000000089b00000| Untracked 
| 156|0x0000000089c00000, 0x0000000089c00000, 0x0000000089d00000|  0%| F|  |TAMS 0x0000000089c00000, 0x0000000089c00000| Untracked 
| 157|0x0000000089d00000, 0x0000000089d00000, 0x0000000089e00000|  0%| F|  |TAMS 0x0000000089d00000, 0x0000000089d00000| Untracked 
| 158|0x0000000089e00000, 0x0000000089e00000, 0x0000000089f00000|  0%| F|  |TAMS 0x0000000089e00000, 0x0000000089e00000| Untracked 
| 159|0x0000000089f00000, 0x0000000089f00000, 0x000000008a000000|  0%| F|  |TAMS 0x0000000089f00000, 0x0000000089f00000| Untracked 
| 160|0x000000008a000000, 0x000000008a000000, 0x000000008a100000|  0%| F|  |TAMS 0x000000008a000000, 0x000000008a000000| Untracked 
| 161|0x000000008a100000, 0x000000008a100000, 0x000000008a200000|  0%| F|  |TAMS 0x000000008a100000, 0x000000008a100000| Untracked 
| 162|0x000000008a200000, 0x000000008a200000, 0x000000008a300000|  0%| F|  |TAMS 0x000000008a200000, 0x000000008a200000| Untracked 
| 163|0x000000008a300000, 0x000000008a300000, 0x000000008a400000|  0%| F|  |TAMS 0x000000008a300000, 0x000000008a300000| Untracked 
| 164|0x000000008a400000, 0x000000008a400000, 0x000000008a500000|  0%| F|  |TAMS 0x000000008a400000, 0x000000008a400000| Untracked 
| 165|0x000000008a500000, 0x000000008a500000, 0x000000008a600000|  0%| F|  |TAMS 0x000000008a500000, 0x000000008a500000| Untracked 
| 166|0x000000008a600000, 0x000000008a600000, 0x000000008a700000|  0%| F|  |TAMS 0x000000008a600000, 0x000000008a600000| Untracked 
| 167|0x000000008a700000, 0x000000008a700000, 0x000000008a800000|  0%| F|  |TAMS 0x000000008a700000, 0x000000008a700000| Untracked 
| 168|0x000000008a800000, 0x000000008a800000, 0x000000008a900000|  0%| F|  |TAMS 0x000000008a800000, 0x000000008a800000| Untracked 
| 169|0x000000008a900000, 0x000000008a900000, 0x000000008aa00000|  0%| F|  |TAMS 0x000000008a900000, 0x000000008a900000| Untracked 
| 170|0x000000008aa00000, 0x000000008aa00000, 0x000000008ab00000|  0%| F|  |TAMS 0x000000008aa00000, 0x000000008aa00000| Untracked 
| 171|0x000000008ab00000, 0x000000008ab00000, 0x000000008ac00000|  0%| F|  |TAMS 0x000000008ab00000, 0x000000008ab00000| Untracked 
| 172|0x000000008ac00000, 0x000000008ac00000, 0x000000008ad00000|  0%| F|  |TAMS 0x000000008ac00000, 0x000000008ac00000| Untracked 
| 173|0x000000008ad00000, 0x000000008ad00000, 0x000000008ae00000|  0%| F|  |TAMS 0x000000008ad00000, 0x000000008ad00000| Untracked 
| 174|0x000000008ae00000, 0x000000008ae00000, 0x000000008af00000|  0%| F|  |TAMS 0x000000008ae00000, 0x000000008ae00000| Untracked 
| 175|0x000000008af00000, 0x000000008af00000, 0x000000008b000000|  0%| F|  |TAMS 0x000000008af00000, 0x000000008af00000| Untracked 
| 176|0x000000008b000000, 0x000000008b000000, 0x000000008b100000|  0%| F|  |TAMS 0x000000008b000000, 0x000000008b000000| Untracked 
| 177|0x000000008b100000, 0x000000008b1346e0, 0x000000008b200000| 20%| S|CS|TAMS 0x000000008b100000, 0x000000008b100000| Complete 
| 178|0x000000008b200000, 0x000000008b200000, 0x000000008b300000|  0%| F|  |TAMS 0x000000008b200000, 0x000000008b200000| Untracked 
| 179|0x000000008b300000, 0x000000008b300000, 0x000000008b400000|  0%| F|  |TAMS 0x000000008b300000, 0x000000008b300000| Untracked 
| 180|0x000000008b400000, 0x000000008b500000, 0x000000008b500000|100%| S|CS|TAMS 0x000000008b400000, 0x000000008b400000| Complete 
| 181|0x000000008b500000, 0x000000008b500000, 0x000000008b600000|  0%| F|  |TAMS 0x000000008b500000, 0x000000008b500000| Untracked 
| 182|0x000000008b600000, 0x000000008b600000, 0x000000008b700000|  0%| F|  |TAMS 0x000000008b600000, 0x000000008b600000| Untracked 
| 183|0x000000008b700000, 0x000000008b74bfd0, 0x000000008b800000| 29%| E|  |TAMS 0x000000008b700000, 0x000000008b700000| Complete 
| 184|0x000000008b800000, 0x000000008b900000, 0x000000008b900000|100%| E|CS|TAMS 0x000000008b800000, 0x000000008b800000| Complete 
| 185|0x000000008b900000, 0x000000008ba00000, 0x000000008ba00000|100%| E|CS|TAMS 0x000000008b900000, 0x000000008b900000| Complete 
| 186|0x000000008ba00000, 0x000000008bb00000, 0x000000008bb00000|100%| E|CS|TAMS 0x000000008ba00000, 0x000000008ba00000| Complete 
| 187|0x000000008bb00000, 0x000000008bc00000, 0x000000008bc00000|100%| E|CS|TAMS 0x000000008bb00000, 0x000000008bb00000| Complete 

Card table byte_map: [0x00000223b9710000,0x00000223b9b10000] _byte_map_base: 0x00000223b9310000

Marking Bits (Prev, Next): (CMBitMap*) 0x00000223a2565640, (CMBitMap*) 0x00000223a2565680
 Prev Bits: [0x00000223b9f10000, 0x00000223bbf10000)
 Next Bits: [0x00000223bbf10000, 0x00000223bdf10000)

Polling page: 0x00000223a1c90000

Metaspace:

Usage:
  Non-class:     43.33 MB used.
      Class:      7.11 MB used.
       Both:     50.44 MB used.

Virtual space:
  Non-class space:       64.00 MB reserved,      43.62 MB ( 68%) committed,  1 nodes.
      Class space:        1.00 GB reserved,       7.38 MB ( <1%) committed,  1 nodes.
             Both:        1.06 GB reserved,      51.00 MB (  5%) committed. 

Chunk freelists:
   Non-Class:  4.10 MB
       Class:  8.64 MB
        Both:  12.74 MB

MaxMetaspaceSize: unlimited
CompressedClassSpaceSize: 1.00 GB
Initial GC threshold: 21.00 MB
Current GC threshold: 84.50 MB
CDS: on
MetaspaceReclaimPolicy: balanced
 - commit_granule_bytes: 65536.
 - commit_granule_words: 8192.
 - virtual_space_node_default_size: 8388608.
 - enlarge_chunks_in_place: 1.
 - new_chunks_are_fully_committed: 0.
 - uncommit_free_chunks: 1.
 - use_allocation_guard: 0.
 - handle_deallocations: 1.


Internal statistics:

num_allocs_failed_limit: 6.
num_arena_births: 708.
num_arena_deaths: 0.
num_vsnodes_births: 2.
num_vsnodes_deaths: 0.
num_space_committed: 816.
num_space_uncommitted: 0.
num_chunks_returned_to_freelist: 6.
num_chunks_taken_from_freelist: 2808.
num_chunk_merges: 6.
num_chunk_splits: 1843.
num_chunks_enlarged: 1243.
num_inconsistent_stats: 0.

CodeHeap 'non-profiled nmethods': size=120000Kb used=3570Kb max_used=3570Kb free=116429Kb
 bounds [0x00000223b1890000, 0x00000223b1c10000, 0x00000223b8dc0000]
CodeHeap 'profiled nmethods': size=120000Kb used=13208Kb max_used=13208Kb free=106791Kb
 bounds [0x00000223a9dc0000, 0x00000223aaab0000, 0x00000223b12f0000]
CodeHeap 'non-nmethods': size=5760Kb used=1656Kb max_used=1704Kb free=4103Kb
 bounds [0x00000223b12f0000, 0x00000223b1560000, 0x00000223b1890000]
 total_blobs=7739 nmethods=7007 adapters=644
 compilation: enabled
              stopped_count=0, restarted_count=0
 full_count=0

Compilation events (20 events):
Event: 13.134 Thread 0x00000223c0b6ed10 7731       3       org.gradle.api.internal.changedetection.state.ZipHasher::isZipFile (19 bytes)
Event: 13.134 Thread 0x00000223c0b6ed10 nmethod 7731 0x00000223aaa85490 code [0x00000223aaa856c0, 0x00000223aaa85cc8]
Event: 13.134 Thread 0x00000223c0b6ed10 7732       3       org.apache.commons.io.FilenameUtils::getExtension (27 bytes)
Event: 13.134 Thread 0x00000223c0b6ed10 nmethod 7732 0x00000223aaa85f10 code [0x00000223aaa86100, 0x00000223aaa864b8]
Event: 13.135 Thread 0x00000223c0b6ed10 7734       3       org.gradle.api.internal.changedetection.state.DefaultResourceSnapshotterCacheService::resourceHashCacheKey (25 bytes)
Event: 13.136 Thread 0x00000223c0b6ed10 nmethod 7734 0x00000223aaa86610 code [0x00000223aaa86960, 0x00000223aaa88078]
Event: 13.136 Thread 0x00000223c0b6ed10 7735       3       org.gradle.api.internal.changedetection.state.DefaultResourceSnapshotterCacheService::hashFile (98 bytes)
Event: 13.137 Thread 0x00000223c0b6ed10 nmethod 7735 0x00000223aaa88990 code [0x00000223aaa88d80, 0x00000223aaa8ad38]
Event: 13.137 Thread 0x00000223c0b6ed10 7736       3       org.gradle.api.internal.changedetection.state.SplitResourceSnapshotterCacheService::hashFile (47 bytes)
Event: 13.137 Thread 0x00000223c0b6ed10 nmethod 7736 0x00000223aaa8b810 code [0x00000223aaa8ba00, 0x00000223aaa8bfc8]
Event: 13.138 Thread 0x00000223c0b6ed10 7737       3       org.gradle.internal.fingerprint.impl.IgnoredPathFileSystemLocationFingerprint::appendToHasher (11 bytes)
Event: 13.139 Thread 0x00000223c0b6ed10 nmethod 7737 0x00000223aaa8c210 code [0x00000223aaa8c400, 0x00000223aaa8c998]
Event: 13.161 Thread 0x00000223c0b6ed10 7740       1       org.gradle.api.internal.changedetection.state.DefaultRegularFileSnapshotContext::getRelativePathSegments (5 bytes)
Event: 13.161 Thread 0x00000223c0b6ed10 nmethod 7740 0x00000223b1c0bf90 code [0x00000223b1c0c120, 0x00000223b1c0c1f8]
Event: 13.161 Thread 0x00000223c0b6ed10 7741       3       org.apache.commons.io.FilenameUtils::isSystemWindows (14 bytes)
Event: 13.162 Thread 0x00000223c0b6ed10 nmethod 7741 0x00000223aaa8cc10 code [0x00000223aaa8cda0, 0x00000223aaa8ceb8]
Event: 13.162 Thread 0x00000223c0b6ed10 7742       3       org.apache.commons.io.FilenameUtils::getAdsCriticalOffset (49 bytes)
Event: 13.162 Thread 0x00000223c0b6ed10 nmethod 7742 0x00000223aaa8cf90 code [0x00000223aaa8d200, 0x00000223aaa8db98]
Event: 13.162 Thread 0x00000223c0b6ed10 7743       3       org.apache.commons.io.FilenameUtils::indexOfLastSeparator (26 bytes)
Event: 13.163 Thread 0x00000223c0b6ed10 nmethod 7743 0x00000223aaa8df10 code [0x00000223aaa8e160, 0x00000223aaa8ea38]

GC Heap History (20 events):
Event: 10.207 GC heap before
{Heap before GC invocations=14 (full 0):
 garbage-first heap   total 92160K, used 72718K [0x0000000080000000, 0x0000000100000000)
  region size 1024K, 39 young (39936K), 5 survivors (5120K)
 Metaspace       used 50670K, committed 51264K, reserved 1114112K
  class space    used 7209K, committed 7488K, reserved 1048576K
}
Event: 10.212 GC heap after
{Heap after GC invocations=15 (full 0):
 garbage-first heap   total 92160K, used 43474K [0x0000000080000000, 0x0000000100000000)
  region size 1024K, 5 young (5120K), 5 survivors (5120K)
 Metaspace       used 50670K, committed 51264K, reserved 1114112K
  class space    used 7209K, committed 7488K, reserved 1048576K
}
Event: 10.391 GC heap before
{Heap before GC invocations=15 (full 0):
 garbage-first heap   total 92160K, used 71122K [0x0000000080000000, 0x0000000100000000)
  region size 1024K, 33 young (33792K), 5 survivors (5120K)
 Metaspace       used 50998K, committed 51520K, reserved 1114112K
  class space    used 7234K, committed 7488K, reserved 1048576K
}
Event: 10.395 GC heap after
{Heap after GC invocations=16 (full 0):
 garbage-first heap   total 92160K, used 46641K [0x0000000080000000, 0x0000000100000000)
  region size 1024K, 4 young (4096K), 4 survivors (4096K)
 Metaspace       used 50998K, committed 51520K, reserved 1114112K
  class space    used 7234K, committed 7488K, reserved 1048576K
}
Event: 10.492 GC heap before
{Heap before GC invocations=16 (full 0):
 garbage-first heap   total 92160K, used 72241K [0x0000000080000000, 0x0000000100000000)
  region size 1024K, 30 young (30720K), 4 survivors (4096K)
 Metaspace       used 51126K, committed 51648K, reserved 1114112K
  class space    used 7235K, committed 7488K, reserved 1048576K
}
Event: 10.494 GC heap after
{Heap after GC invocations=17 (full 0):
 garbage-first heap   total 92160K, used 47405K [0x0000000080000000, 0x0000000100000000)
  region size 1024K, 4 young (4096K), 4 survivors (4096K)
 Metaspace       used 51126K, committed 51648K, reserved 1114112K
  class space    used 7235K, committed 7488K, reserved 1048576K
}
Event: 10.601 GC heap before
{Heap before GC invocations=18 (full 0):
 garbage-first heap   total 96256K, used 70957K [0x0000000080000000, 0x0000000100000000)
  region size 1024K, 28 young (28672K), 4 survivors (4096K)
 Metaspace       used 51247K, committed 51776K, reserved 1114112K
  class space    used 7235K, committed 7488K, reserved 1048576K
}
Event: 10.605 GC heap after
{Heap after GC invocations=19 (full 0):
 garbage-first heap   total 96256K, used 48086K [0x0000000080000000, 0x0000000100000000)
  region size 1024K, 4 young (4096K), 4 survivors (4096K)
 Metaspace       used 51247K, committed 51776K, reserved 1114112K
  class space    used 7235K, committed 7488K, reserved 1048576K
}
Event: 10.610 GC heap before
{Heap before GC invocations=19 (full 0):
 garbage-first heap   total 96256K, used 49110K [0x0000000080000000, 0x0000000100000000)
  region size 1024K, 5 young (5120K), 4 survivors (4096K)
 Metaspace       used 51247K, committed 51776K, reserved 1114112K
  class space    used 7235K, committed 7488K, reserved 1048576K
}
Event: 10.612 GC heap after
{Heap after GC invocations=20 (full 0):
 garbage-first heap   total 96256K, used 47262K [0x0000000080000000, 0x0000000100000000)
  region size 1024K, 1 young (1024K), 1 survivors (1024K)
 Metaspace       used 51247K, committed 51776K, reserved 1114112K
  class space    used 7235K, committed 7488K, reserved 1048576K
}
Event: 10.721 GC heap before
{Heap before GC invocations=20 (full 0):
 garbage-first heap   total 96256K, used 74910K [0x0000000080000000, 0x0000000100000000)
  region size 1024K, 29 young (29696K), 1 survivors (1024K)
 Metaspace       used 51324K, committed 51904K, reserved 1114112K
  class space    used 7235K, committed 7488K, reserved 1048576K
}
Event: 10.724 GC heap after
{Heap after GC invocations=21 (full 0):
 garbage-first heap   total 96256K, used 49608K [0x0000000080000000, 0x0000000100000000)
  region size 1024K, 3 young (3072K), 3 survivors (3072K)
 Metaspace       used 51324K, committed 51904K, reserved 1114112K
  class space    used 7235K, committed 7488K, reserved 1048576K
}
Event: 10.817 GC heap before
{Heap before GC invocations=22 (full 0):
 garbage-first heap   total 96256K, used 75696K [0x0000000080000000, 0x0000000100000000)
  region size 1024K, 30 young (30720K), 3 survivors (3072K)
 Metaspace       used 51335K, committed 51904K, reserved 1114112K
  class space    used 7235K, committed 7488K, reserved 1048576K
}
Event: 10.819 GC heap after
{Heap after GC invocations=23 (full 0):
 garbage-first heap   total 96256K, used 49778K [0x0000000080000000, 0x0000000100000000)
  region size 1024K, 3 young (3072K), 3 survivors (3072K)
 Metaspace       used 51335K, committed 51904K, reserved 1114112K
  class space    used 7235K, committed 7488K, reserved 1048576K
}
Event: 10.822 GC heap before
{Heap before GC invocations=23 (full 0):
 garbage-first heap   total 96256K, used 50802K [0x0000000080000000, 0x0000000100000000)
  region size 1024K, 4 young (4096K), 3 survivors (3072K)
 Metaspace       used 51335K, committed 51904K, reserved 1114112K
  class space    used 7235K, committed 7488K, reserved 1048576K
}
Event: 11.961 GC heap after
{Heap after GC invocations=24 (full 0):
 garbage-first heap   total 192512K, used 48361K [0x0000000080000000, 0x0000000100000000)
  region size 1024K, 1 young (1024K), 1 survivors (1024K)
 Metaspace       used 51335K, committed 51904K, reserved 1114112K
  class space    used 7235K, committed 7488K, reserved 1048576K
}
Event: 12.021 GC heap before
{Heap before GC invocations=24 (full 0):
 garbage-first heap   total 192512K, used 56553K [0x0000000080000000, 0x0000000100000000)
  region size 1024K, 9 young (9216K), 1 survivors (1024K)
 Metaspace       used 51336K, committed 51904K, reserved 1114112K
  class space    used 7235K, committed 7488K, reserved 1048576K
}
Event: 12.023 GC heap after
{Heap after GC invocations=25 (full 0):
 garbage-first heap   total 192512K, used 50074K [0x0000000080000000, 0x0000000100000000)
  region size 1024K, 2 young (2048K), 2 survivors (2048K)
 Metaspace       used 51336K, committed 51904K, reserved 1114112K
  class space    used 7235K, committed 7488K, reserved 1048576K
}
Event: 12.106 GC heap before
{Heap before GC invocations=25 (full 0):
 garbage-first heap   total 192512K, used 57242K [0x0000000080000000, 0x0000000100000000)
  region size 1024K, 9 young (9216K), 2 survivors (2048K)
 Metaspace       used 51504K, committed 52096K, reserved 1114112K
  class space    used 7266K, committed 7552K, reserved 1048576K
}
Event: 13.117 GC heap after
{Heap after GC invocations=26 (full 0):
 garbage-first heap   total 192512K, used 50941K [0x0000000080000000, 0x0000000100000000)
  region size 1024K, 2 young (2048K), 2 survivors (2048K)
 Metaspace       used 51504K, committed 52096K, reserved 1114112K
  class space    used 7266K, committed 7552K, reserved 1048576K
}

Deoptimization events (20 events):
Event: 12.098 Thread 0x0000022407b43060 DEOPT PACKING pc=0x00000223aa6cfd59 sp=0x000000242e2f8650
Event: 12.098 Thread 0x0000022407b43060 DEOPT UNPACKING pc=0x00000223b1342b43 sp=0x000000242e2f7b48 mode 0
Event: 12.099 Thread 0x0000022407b43060 DEOPT PACKING pc=0x00000223aa6c7c8b sp=0x000000242e2f86d0
Event: 12.099 Thread 0x0000022407b43060 DEOPT UNPACKING pc=0x00000223b1342b43 sp=0x000000242e2f7c08 mode 0
Event: 12.103 Thread 0x0000022407b43060 DEOPT PACKING pc=0x00000223aa6cfd59 sp=0x000000242e2f8650
Event: 12.103 Thread 0x0000022407b43060 DEOPT UNPACKING pc=0x00000223b1342b43 sp=0x000000242e2f7b48 mode 0
Event: 12.104 Thread 0x0000022407b43060 DEOPT PACKING pc=0x00000223aa6c7c8b sp=0x000000242e2f86d0
Event: 12.104 Thread 0x0000022407b43060 DEOPT UNPACKING pc=0x00000223b1342b43 sp=0x000000242e2f7c08 mode 0
Event: 13.124 Thread 0x0000022407b43060 DEOPT PACKING pc=0x00000223aa6cfd59 sp=0x000000242e2f8c80
Event: 13.124 Thread 0x0000022407b43060 DEOPT UNPACKING pc=0x00000223b1342b43 sp=0x000000242e2f8178 mode 0
Event: 13.124 Thread 0x0000022407b43060 DEOPT PACKING pc=0x00000223a9fa8769 sp=0x000000242e2f8f20
Event: 13.124 Thread 0x0000022407b43060 DEOPT UNPACKING pc=0x00000223b1342b43 sp=0x000000242e2f8478 mode 0
Event: 13.125 Thread 0x0000022407b43060 DEOPT PACKING pc=0x00000223aa6cfd59 sp=0x000000242e2f8c80
Event: 13.125 Thread 0x0000022407b43060 DEOPT UNPACKING pc=0x00000223b1342b43 sp=0x000000242e2f8178 mode 0
Event: 13.125 Thread 0x0000022407b43060 DEOPT PACKING pc=0x00000223a9fa8769 sp=0x000000242e2f8f20
Event: 13.125 Thread 0x0000022407b43060 DEOPT UNPACKING pc=0x00000223b1342b43 sp=0x000000242e2f8478 mode 0
Event: 13.126 Thread 0x0000022407b43060 DEOPT PACKING pc=0x00000223aa6cfd59 sp=0x000000242e2f8c30
Event: 13.126 Thread 0x0000022407b43060 DEOPT UNPACKING pc=0x00000223b1342b43 sp=0x000000242e2f8128 mode 0
Event: 13.126 Thread 0x0000022407b43060 DEOPT PACKING pc=0x00000223a9fa8769 sp=0x000000242e2f8f20
Event: 13.126 Thread 0x0000022407b43060 DEOPT UNPACKING pc=0x00000223b1342b43 sp=0x000000242e2f8478 mode 0

Classes unloaded (0 events):
No events

Classes redefined (0 events):
No events

Internal exceptions (20 events):
Event: 9.094 Thread 0x0000022407b43060 Exception <a 'java/lang/NoSuchMethodError'{0x0000000083ea3620}: static Lorg/gradle/api/internal/catalog/AbstractContextAwareModel;.<clinit>()V> (0x0000000083ea3620) 
thrown [s\open\src\hotspot\share\prims\jni.cpp, line 1112]
Event: 9.096 Thread 0x0000022407b43060 Exception <a 'java/lang/NoSuchMethodError'{0x0000000083ebccb8}: static Lorg/gradle/api/internal/artifacts/dependencies/AbstractVersionConstraint;.<clinit>()V> (0x0000000083ebccb8) 
thrown [s\open\src\hotspot\share\prims\jni.cpp, line 1112]
Event: 9.103 Thread 0x0000022407b43060 Exception <a 'java/lang/NoSuchMethodError'{0x0000000083d1ace8}: static Lorg/gradle/api/internal/catalog/PluginModel;.<clinit>()V> (0x0000000083d1ace8) 
thrown [s\open\src\hotspot\share\prims\jni.cpp, line 1112]
Event: 9.105 Thread 0x0000022407b43060 Exception <a 'java/lang/NoSuchMethodError'{0x0000000083d318b8}: static Lorg/gradle/api/internal/catalog/VersionModel;.<clinit>()V> (0x0000000083d318b8) 
thrown [s\open\src\hotspot\share\prims\jni.cpp, line 1112]
Event: 9.110 Thread 0x0000022407b43060 Exception <a 'java/lang/NoSuchMethodError'{0x0000000083d56ac8}: 'void java.lang.invoke.DirectMethodHandle$Holder.invokeSpecial(java.lang.Object, java.lang.Object, java.lang.Object, int)'> (0x0000000083d56ac8) 
thrown [s\open\src\hotspot\share\interpreter\linkResolver.cpp, line 759]
Event: 9.241 Thread 0x0000022407b43060 Exception <a 'java/lang/NoSuchMethodError'{0x00000000839aef08}: 'int java.lang.invoke.DirectMethodHandle$Holder.invokeSpecialIFC(java.lang.Object, java.lang.Object, java.lang.Object)'> (0x00000000839aef08) 
thrown [s\open\src\hotspot\share\interpreter\linkResolver.cpp, line 759]
Event: 9.314 Thread 0x0000022407b43060 Exception <a 'java/lang/NoSuchMethodError'{0x00000000875b3490}: 'java.lang.Object java.lang.invoke.DirectMethodHandle$Holder.invokeSpecial(java.lang.Object, java.lang.Object, java.lang.Object, java.lang.Object, java.lang.Object, long)'> (0x00000000875b3490) 
thrown [s\open\src\hotspot\share\interpreter\linkResolver.cpp, line 759]
Event: 9.316 Thread 0x0000022407b43060 Exception <a 'java/lang/NoSuchMethodError'{0x00000000875d6b90}: 'void java.lang.invoke.DirectMethodHandle$Holder.invokeStatic(java.lang.Object, java.lang.Object, java.lang.Object, int, java.lang.Object)'> (0x00000000875d6b90) 
thrown [s\open\src\hotspot\share\interpreter\linkResolver.cpp, line 759]
Event: 10.062 Thread 0x0000022407b43060 Exception <a 'java/lang/NoSuchMethodError'{0x0000000084420648}: 'java.lang.Object java.lang.invoke.DirectMethodHandle$Holder.newInvokeSpecial(java.lang.Object, java.lang.Object, java.lang.Object, java.lang.Object, int, java.lang.Object)'> (0x0000000084420648) 
thrown [s\open\src\hotspot\share\interpreter\linkResolver.cpp, line 759]
Event: 10.063 Thread 0x0000022407b43060 Exception <a 'java/lang/NoSuchMethodError'{0x0000000084429448}: 'java.lang.Object java.lang.invoke.Invokers$Holder.linkToTargetMethod(java.lang.Object, java.lang.Object, java.lang.Object, int, java.lang.Object, java.lang.Object)'> (0x0000000084429448) 
thrown [s\open\src\hotspot\share\interpreter\linkResolver.cpp, line 759]
Event: 10.388 Thread 0x0000022407b43060 Exception <a 'java/lang/NoSuchMethodError'{0x0000000083ec6430}: 'java.lang.Object java.lang.invoke.DirectMethodHandle$Holder.invokeSpecialIFC(java.lang.Object, java.lang.Object, java.lang.Object)'> (0x0000000083ec6430) 
thrown [s\open\src\hotspot\share\interpreter\linkResolver.cpp, line 759]
Event: 12.067 Thread 0x0000022407b43060 Exception <a 'java/lang/NoSuchMethodError'{0x000000008b70b970}: 'long java.lang.invoke.DirectMethodHandle$Holder.invokeVirtual(java.lang.Object, java.lang.Object)'> (0x000000008b70b970) 
thrown [s\open\src\hotspot\share\interpreter\linkResolver.cpp, line 759]
Event: 12.072 Thread 0x0000022407b44ec0 Exception <a 'java/lang/NoSuchMethodError'{0x000000008b73c3c0}: static Lorg/gradle/internal/build/event/types/DefaultOperationFinishedProgressEvent;.<clinit>()V> (0x000000008b73c3c0) 
thrown [s\open\src\hotspot\share\prims\jni.cpp, line 1112]
Event: 12.074 Thread 0x0000022407b44ec0 Exception <a 'java/lang/NoSuchMethodError'{0x000000008b771c20}: static Lorg/gradle/internal/build/event/types/DefaultProjectConfigurationSuccessResult;.<clinit>()V> (0x000000008b771c20) 
thrown [s\open\src\hotspot\share\prims\jni.cpp, line 1112]
Event: 12.075 Thread 0x0000022407b44ec0 Exception <a 'java/lang/NoSuchMethodError'{0x000000008b77b958}: static Lorg/gradle/internal/build/event/types/AbstractProjectConfigurationResult;.<clinit>()V> (0x000000008b77b958) 
thrown [s\open\src\hotspot\share\prims\jni.cpp, line 1112]
Event: 12.075 Thread 0x0000022407b44ec0 Exception <a 'java/lang/NoSuchMethodError'{0x000000008b77d0a0}: static Lorg/gradle/internal/build/event/types/AbstractOperationResult;.<clinit>()V> (0x000000008b77d0a0) 
thrown [s\open\src\hotspot\share\prims\jni.cpp, line 1112]
Event: 12.075 Thread 0x0000022407b44ec0 Exception <a 'java/lang/NoSuchMethodError'{0x000000008b77e4f0}: static Lorg/gradle/internal/build/event/types/AbstractResult;.<clinit>()V> (0x000000008b77e4f0) 
thrown [s\open\src\hotspot\share\prims\jni.cpp, line 1112]
Event: 12.076 Thread 0x0000022407b44ec0 Exception <a 'java/lang/NoSuchMethodError'{0x000000008b7a96b8}: static Lorg/gradle/internal/build/event/types/DefaultPluginApplicationResult;.<clinit>()V> (0x000000008b7a96b8) 
thrown [s\open\src\hotspot\share\prims\jni.cpp, line 1112]
Event: 12.077 Thread 0x0000022407b44ec0 Exception <a 'java/lang/NoSuchMethodError'{0x000000008b7bb660}: static Lorg/gradle/internal/build/event/types/DefaultBinaryPluginIdentifier;.<clinit>()V> (0x000000008b7bb660) 
thrown [s\open\src\hotspot\share\prims\jni.cpp, line 1112]
Event: 12.080 Thread 0x0000022407b44ec0 Exception <a 'java/lang/NoSuchMethodError'{0x000000008b7de098}: static Lorg/gradle/internal/build/event/types/DefaultScriptPluginIdentifier;.<clinit>()V> (0x000000008b7de098) 
thrown [s\open\src\hotspot\share\prims\jni.cpp, line 1112]

VM Operations (20 events):
Event: 10.721 Executing VM operation: G1CollectForAllocation
Event: 10.725 Executing VM operation: G1CollectForAllocation done
Event: 10.756 Executing VM operation: G1Concurrent
Event: 10.759 Executing VM operation: G1Concurrent done
Event: 10.773 Executing VM operation: G1Concurrent
Event: 10.773 Executing VM operation: G1Concurrent done
Event: 10.816 Executing VM operation: G1CollectForAllocation
Event: 10.820 Executing VM operation: G1CollectForAllocation done
Event: 10.822 Executing VM operation: G1CollectForAllocation
Event: 11.961 Executing VM operation: G1CollectForAllocation done
Event: 12.021 Executing VM operation: G1CollectForAllocation
Event: 12.023 Executing VM operation: G1CollectForAllocation done
Event: 12.106 Executing VM operation: G1CollectForAllocation
Event: 13.117 Executing VM operation: G1CollectForAllocation done
Event: 13.130 Executing VM operation: HandshakeAllThreads
Event: 13.130 Executing VM operation: HandshakeAllThreads done
Event: 13.143 Executing VM operation: HandshakeAllThreads
Event: 13.144 Executing VM operation: HandshakeAllThreads done
Event: 14.157 Executing VM operation: Cleanup
Event: 14.158 Executing VM operation: Cleanup done

Events (20 events):
Event: 10.138 Thread 0x0000022409e48c50 Thread added: 0x0000022409e48c50
Event: 10.389 Thread 0x0000022409e4a090 Thread added: 0x0000022409e4a090
Event: 10.390 Thread 0x0000022409e49160 Thread added: 0x0000022409e49160
Event: 10.390 Thread 0x0000022409e46df0 Thread added: 0x0000022409e46df0
Event: 10.391 Thread 0x0000022409e4aab0 Thread added: 0x0000022409e4aab0
Event: 10.396 Thread 0x0000022409e47300 Thread added: 0x0000022409e47300
Event: 10.396 Thread 0x0000022409e4afc0 Thread added: 0x0000022409e4afc0
Event: 10.397 Thread 0x0000022409e4b4d0 Thread added: 0x0000022409e4b4d0
Event: 10.398 Thread 0x0000022409e4b9e0 Thread added: 0x0000022409e4b9e0
Event: 10.399 Thread 0x0000022409e4bef0 Thread added: 0x0000022409e4bef0
Event: 10.399 Thread 0x0000022409e4ce20 Thread added: 0x0000022409e4ce20
Event: 10.400 Thread 0x0000022409e4c400 Thread added: 0x0000022409e4c400
Event: 12.068 loading class java/util/stream/SortedOps$RefSortingSink
Event: 12.069 loading class java/util/stream/SortedOps$RefSortingSink done
Event: 12.078 loading class java/time/Ser
Event: 12.079 loading class java/time/Ser done
Event: 13.117 loading class java/util/concurrent/LinkedBlockingDeque$Itr
Event: 13.118 loading class java/util/concurrent/LinkedBlockingDeque$AbstractItr
Event: 13.118 loading class java/util/concurrent/LinkedBlockingDeque$AbstractItr done
Event: 13.118 loading class java/util/concurrent/LinkedBlockingDeque$Itr done


Dynamic libraries:
0x00007ff78b290000 - 0x00007ff78b2a0000 	C:\Program Files\Java\jdk-17\bin\java.exe
0x00007fff4c6a0000 - 0x00007fff4c900000 	C:\WINDOWS\SYSTEM32\ntdll.dll
0x00007fff4b8a0000 - 0x00007fff4b967000 	C:\WINDOWS\System32\KERNEL32.DLL
0x00007fff49a90000 - 0x00007fff49e5a000 	C:\WINDOWS\System32\KERNELBASE.dll
0x00007fff4a0a0000 - 0x00007fff4a1eb000 	C:\WINDOWS\System32\ucrtbase.dll
0x00007fff21800000 - 0x00007fff2181b000 	C:\Program Files\Java\jdk-17\bin\VCRUNTIME140.dll
0x00007fff21c90000 - 0x00007fff21ca9000 	C:\Program Files\Java\jdk-17\bin\jli.dll
0x00007fff4bb50000 - 0x00007fff4bc02000 	C:\WINDOWS\System32\ADVAPI32.dll
0x00007fff4ade0000 - 0x00007fff4ae89000 	C:\WINDOWS\System32\msvcrt.dll
0x00007fff4c4c0000 - 0x00007fff4c566000 	C:\WINDOWS\System32\sechost.dll
0x00007fff4aca0000 - 0x00007fff4adb6000 	C:\WINDOWS\System32\RPCRT4.dll
0x00007fff4c2e0000 - 0x00007fff4c4ac000 	C:\WINDOWS\System32\USER32.dll
0x00007fff4a1f0000 - 0x00007fff4a217000 	C:\WINDOWS\System32\win32u.dll
0x00007fff4b970000 - 0x00007fff4b99a000 	C:\WINDOWS\System32\GDI32.dll
0x00007fff30bb0000 - 0x00007fff30e47000 	C:\WINDOWS\WinSxS\amd64_microsoft.windows.common-controls_6595b64144ccf1df_6.0.26100.3624_none_3e086962e3345f24\COMCTL32.dll
0x00007fff4a360000 - 0x00007fff4a491000 	C:\WINDOWS\System32\gdi32full.dll
0x00007fff4a220000 - 0x00007fff4a2c3000 	C:\WINDOWS\System32\msvcp_win.dll
0x00007fff41dc0000 - 0x00007fff41dcb000 	C:\WINDOWS\SYSTEM32\VERSION.dll
0x00007fff4bd40000 - 0x00007fff4bd6f000 	C:\WINDOWS\System32\IMM32.DLL
0x00007fff3fb50000 - 0x00007fff3fb5c000 	C:\Program Files\Java\jdk-17\bin\vcruntime140_1.dll
0x00007fff1b250000 - 0x00007fff1b2de000 	C:\Program Files\Java\jdk-17\bin\msvcp140.dll
0x00007ffeb2ea0000 - 0x00007ffeb3a80000 	C:\Program Files\Java\jdk-17\bin\server\jvm.dll
0x00007fff4c4b0000 - 0x00007fff4c4b8000 	C:\WINDOWS\System32\PSAPI.DLL
0x00007fff26910000 - 0x00007fff2691a000 	C:\WINDOWS\SYSTEM32\WSOCK32.dll
0x00007fff41d80000 - 0x00007fff41db6000 	C:\WINDOWS\SYSTEM32\WINMM.dll
0x00007fff4ae90000 - 0x00007fff4af04000 	C:\WINDOWS\System32\WS2_32.dll
0x00007fff48690000 - 0x00007fff486aa000 	C:\WINDOWS\SYSTEM32\kernel.appcore.dll
0x00007fff268a0000 - 0x00007fff268aa000 	C:\Program Files\Java\jdk-17\bin\jimage.dll
0x00007fff3d260000 - 0x00007fff3d4a1000 	C:\WINDOWS\SYSTEM32\DBGHELP.DLL
0x00007fff4a910000 - 0x00007fff4ac92000 	C:\WINDOWS\System32\combase.dll
0x00007fff4a640000 - 0x00007fff4a716000 	C:\WINDOWS\System32\OLEAUT32.dll
0x00007fff2f530000 - 0x00007fff2f569000 	C:\WINDOWS\SYSTEM32\dbgcore.DLL
0x00007fff499f0000 - 0x00007fff49a89000 	C:\WINDOWS\System32\bcryptPrimitives.dll
0x00007fff26430000 - 0x00007fff2643e000 	C:\Program Files\Java\jdk-17\bin\instrument.dll
0x00007fff18300000 - 0x00007fff18325000 	C:\Program Files\Java\jdk-17\bin\java.dll
0x00007fff18220000 - 0x00007fff182f7000 	C:\Program Files\Java\jdk-17\bin\jsvml.dll
0x00007fff4b170000 - 0x00007fff4b899000 	C:\WINDOWS\System32\SHELL32.dll
0x00007fff49880000 - 0x00007fff499e8000 	C:\WINDOWS\System32\wintypes.dll
0x00007fff47540000 - 0x00007fff47d92000 	C:\WINDOWS\SYSTEM32\windows.storage.dll
0x00007fff4c570000 - 0x00007fff4c65d000 	C:\WINDOWS\System32\SHCORE.dll
0x00007fff4bdc0000 - 0x00007fff4be24000 	C:\WINDOWS\System32\shlwapi.dll
0x00007fff49790000 - 0x00007fff497bf000 	C:\WINDOWS\SYSTEM32\profapi.dll
0x00007fff21410000 - 0x00007fff21428000 	C:\Program Files\Java\jdk-17\bin\zip.dll
0x00007fff1d330000 - 0x00007fff1d349000 	C:\Program Files\Java\jdk-17\bin\net.dll
0x00007fff41c20000 - 0x00007fff41d3d000 	C:\WINDOWS\SYSTEM32\WINHTTP.dll
0x00007fff48bb0000 - 0x00007fff48c1a000 	C:\WINDOWS\system32\mswsock.dll
0x00007fff1b650000 - 0x00007fff1b666000 	C:\Program Files\Java\jdk-17\bin\nio.dll
0x00007fff25b30000 - 0x00007fff25b40000 	C:\Program Files\Java\jdk-17\bin\verify.dll
0x00007fff1db60000 - 0x00007fff1db87000 	C:\Users\Ari Awaludin\.gradle\native\c067742578af261105cb4f569cf0c3c89f3d7b1fecec35dd04571415982c5e48\windows-amd64\native-platform.dll
0x00007fff17640000 - 0x00007fff17784000 	C:\Users\Ari Awaludin\.gradle\native\100fb08df4bc3b14c8652ba06237920a3bd2aa13389f12d3474272988ae205f9\windows-amd64\native-platform-file-events.dll
0x00007fff1b1a0000 - 0x00007fff1b1aa000 	C:\Program Files\Java\jdk-17\bin\management.dll
0x00007fff180f0000 - 0x00007fff180fb000 	C:\Program Files\Java\jdk-17\bin\management_ext.dll
0x00007fff48ec0000 - 0x00007fff48edc000 	C:\WINDOWS\SYSTEM32\CRYPTSP.dll
0x00007fff485f0000 - 0x00007fff4862a000 	C:\WINDOWS\system32\rsaenh.dll
0x00007fff48c50000 - 0x00007fff48c7b000 	C:\WINDOWS\SYSTEM32\USERENV.dll
0x00007fff49760000 - 0x00007fff49786000 	C:\WINDOWS\SYSTEM32\bcrypt.dll
0x00007fff48ee0000 - 0x00007fff48eec000 	C:\WINDOWS\SYSTEM32\CRYPTBASE.dll
0x00007fff48170000 - 0x00007fff481a3000 	C:\WINDOWS\SYSTEM32\IPHLPAPI.DLL
0x00007fff4bd80000 - 0x00007fff4bd8a000 	C:\WINDOWS\System32\NSI.dll
0x00007fff42590000 - 0x00007fff425af000 	C:\WINDOWS\SYSTEM32\dhcpcsvc6.DLL
0x00007fff42560000 - 0x00007fff42585000 	C:\WINDOWS\SYSTEM32\dhcpcsvc.DLL
0x00007fff481b0000 - 0x00007fff482d5000 	C:\WINDOWS\SYSTEM32\DNSAPI.dll
0x00007fff1df00000 - 0x00007fff1df0e000 	C:\Program Files\Java\jdk-17\bin\sunmscapi.dll
0x00007fff49f20000 - 0x00007fff4a097000 	C:\WINDOWS\System32\CRYPT32.dll
0x00007fff490c0000 - 0x00007fff490f0000 	C:\WINDOWS\SYSTEM32\ncrypt.dll
0x00007fff49070000 - 0x00007fff490af000 	C:\WINDOWS\SYSTEM32\NTASN1.dll
0x00007fff0e250000 - 0x00007fff0e258000 	C:\WINDOWS\system32\wshunix.dll

dbghelp: loaded successfully - version: 4.0.5 - missing functions: none
symbol engine: initialized successfully - sym options: 0x614 - pdb path: .;C:\Program Files\Java\jdk-17\bin;C:\WINDOWS\SYSTEM32;C:\WINDOWS\WinSxS\amd64_microsoft.windows.common-controls_6595b64144ccf1df_6.0.26100.3624_none_3e086962e3345f24;C:\Program Files\Java\jdk-17\bin\server;C:\Users\Ari Awaludin\.gradle\native\c067742578af261105cb4f569cf0c3c89f3d7b1fecec35dd04571415982c5e48\windows-amd64;C:\Users\Ari Awaludin\.gradle\native\100fb08df4bc3b14c8652ba06237920a3bd2aa13389f12d3474272988ae205f9\windows-amd64

VM Arguments:
jvm_args: --add-opens=java.base/java.lang=ALL-UNNAMED --add-opens=java.base/java.lang.invoke=ALL-UNNAMED --add-opens=java.base/java.util=ALL-UNNAMED --add-opens=java.prefs/java.util.prefs=ALL-UNNAMED --add-exports=jdk.compiler/com.sun.tools.javac.api=ALL-UNNAMED --add-exports=jdk.compiler/com.sun.tools.javac.util=ALL-UNNAMED --add-opens=java.base/java.util=ALL-UNNAMED --add-opens=java.prefs/java.util.prefs=ALL-UNNAMED --add-opens=java.base/java.nio.charset=ALL-UNNAMED --add-opens=java.base/java.net=ALL-UNNAMED --add-opens=java.base/java.util.concurrent.atomic=ALL-UNNAMED --add-opens=java.xml/javax.xml.namespace=ALL-UNNAMED -Xmx2048m -Dfile.encoding=UTF-8 -Duser.country=ID -Duser.language=en -Duser.variant -javaagent:C:\Users\Ari Awaludin\.gradle\wrapper\dists\gradle-8.11.1-bin\bpt9gzteqjrbo1mjrsomdt32c\gradle-8.11.1\lib\agents\gradle-instrumentation-agent-8.11.1.jar 
java_command: org.gradle.launcher.daemon.bootstrap.GradleDaemon 8.11.1
java_class_path (initial): C:\Users\Ari Awaludin\.gradle\wrapper\dists\gradle-8.11.1-bin\bpt9gzteqjrbo1mjrsomdt32c\gradle-8.11.1\lib\gradle-daemon-main-8.11.1.jar
Launcher Type: SUN_STANDARD

[Global flags]
     intx CICompilerCount                          = 4                                         {product} {ergonomic}
     uint ConcGCThreads                            = 3                                         {product} {ergonomic}
     uint G1ConcRefinementThreads                  = 10                                        {product} {ergonomic}
   size_t G1HeapRegionSize                         = 1048576                                   {product} {ergonomic}
    uintx GCDrainStackTargetSize                   = 64                                        {product} {ergonomic}
   size_t InitialHeapSize                          = 123731968                                 {product} {ergonomic}
   size_t MarkStackSize                            = 4194304                                   {product} {ergonomic}
   size_t MaxHeapSize                              = 2147483648                                {product} {command line}
   size_t MaxNewSize                               = 1287651328                                {product} {ergonomic}
   size_t MinHeapDeltaBytes                        = 1048576                                   {product} {ergonomic}
   size_t MinHeapSize                              = 8388608                                   {product} {ergonomic}
    uintx NonNMethodCodeHeapSize                   = 5839372                                {pd product} {ergonomic}
    uintx NonProfiledCodeHeapSize                  = 122909434                              {pd product} {ergonomic}
    uintx ProfiledCodeHeapSize                     = 122909434                              {pd product} {ergonomic}
    uintx ReservedCodeCacheSize                    = 251658240                              {pd product} {ergonomic}
     bool SegmentedCodeCache                       = true                                      {product} {ergonomic}
   size_t SoftMaxHeapSize                          = 2147483648                             {manageable} {ergonomic}
     bool UseCompressedClassPointers               = true                           {product lp64_product} {ergonomic}
     bool UseCompressedOops                        = true                           {product lp64_product} {ergonomic}
     bool UseG1GC                                  = true                                      {product} {ergonomic}
     bool UseLargePagesIndividualAllocation        = false                                  {pd product} {ergonomic}

Logging:
Log output configuration:
 #0: stdout all=warning uptime,level,tags
 #1: stderr all=off uptime,level,tags

Environment Variables:
JAVA_HOME=C:\Program Files\Java\jdk-17\bin
PATH=C:\Program Files (x86)\Common Files\Intel\Shared Libraries\redist\intel64\compiler;C:\WINDOWS\system32;C:\WINDOWS;C:\WINDOWS\System32\Wbem;C:\WINDOWS\System32\WindowsPowerShell\v1.0\;C:\WINDOWS\System32\OpenSSH\;C:\Program Files\dotnet\;C:\Program Files\HP\HP One Agent;C:\Program Files\Git\cmd;C:\ProgramData\ComposerSetup\bin;C:\Users\Ari Awaludin\AppData\Local\Packages\PythonSoftwareFoundation.Python.3.11_qbz5n2kfra8p0\LocalCache\local-packages\Python311\Scripts;C:\WINDOWS\system32;C:\WINDOWS;C:\WINDOWS\System32\Wbem;C:\WINDOWS\System32\WindowsPowerShell\v1.0\;C:\WINDOWS\System32\OpenSSH\;C:\Users\Ari Awaludin\AppData\Local\Microsoft\WindowsApps\PythonSoftwareFoundation.Python.3.11_qbz5n2kfra8p0;C:\xampp\php;C:\Program Files\Go\bin;C:\Program Files\nodejs\;C:\ProgramData\chocolatey\bin;C:\Program Files\Java\jdk-17\bin\bin;C:\adb\platform-tools;C:\Android\Sdk;C:\flutter\src\flutter\bin;C:\Program Files\Java\jdk-11\bin;C:\Program Files (x86)\Microsoft SQL Server\160\DTS\Binn\;C:\Program Files (x86)\Microsoft SQL Server\160\Tools\Binn\;C:\Program Files\Microsoft SQL Server\160\Tools\Binn\;C:\Program Files\Microsoft SQL Server\Client SDK\ODBC\170\Tools\Binn\;C:\Program Files\Microsoft SQL Server\160\DTS\Binn\;C:\Program Files\Microsoft SQL Server\Client SDK\ODBC\170\Tools\Binn\;C:\Android\Sdk\emulator;C:\Program Files\Java\jdk-17\bin;%PNPM_HOME%;C:\laragon\bin;C:\laragon\bin\apache\httpd-2.4.54-win64-VS16\bin;C:\laragon\bin\composer;C:\laragon\bin\git\bin;C:\laragon\bin\git\cmd;C:\laragon\bin\git\mingw64\bin;C:\laragon\bin\git\usr\bin;C:\laragon\bin\laragon\utils;C:\laragon\bin\mysql\mysql-8.0.30-winx64\bin;C:\laragon\bin\nginx\nginx-1.22.0;C:\laragon\bin\ngrok;C:\laragon\bin\notepad++;C:\laragon\bin\python\python-3.10;C:\laragon\bin\python\python-3.10\Scripts;C:\laragon\bin\redis\redis-x64-5.0.14.1;C:\laragon\bin\telnet;C:\laragon\usr\bin;C:\Users\Ari Awaludin\AppData\Local\Yarn\config\global\node_modules\.bin;C:\Users\Ari Awaludin\AppData\Roaming\Composer\vendor\bi
USERNAME=Ari Awaludin
OS=Windows_NT
PROCESSOR_IDENTIFIER=AMD64 Family 23 Model 104 Stepping 1, AuthenticAMD



---------------  S Y S T E M  ---------------

OS:
 Windows 11 , 64 bit Build 26100 (10.0.26100.3775)
OS uptime: 3 days 10:02 hours

CPU: total 12 (initial active 12) (12 cores per cpu, 2 threads per core) family 23 model 104 stepping 1 microcode 0x8608104, cx8, cmov, fxsr, ht, mmx, 3dnowpref, sse, sse2, sse3, ssse3, sse4a, sse4.1, sse4.2, popcnt, lzcnt, tsc, tscinvbit, avx, avx2, aes, clmul, bmi1, bmi2, adx, sha, fma, vzeroupper, clflush, clflushopt

Memory: 4k page, system-wide physical 7502M (358M free)
TotalPageFile size 19790M (AvailPageFile size 4M)
current process WorkingSet (physical memory assigned to process): 292M, peak: 292M
current process commit charge ("private bytes"): 424M, peak: 424M

vm_info: Java HotSpot(TM) 64-Bit Server VM (17.0.12+8-LTS-286) for windows-amd64 JRE (17.0.12+8-LTS-286), built on Jun  5 2024 06:46:59 by "mach5one" with MS VC++ 17.6 (VS2022)

END.
