#
# There is insufficient memory for the Java Runtime Environment to continue.
# Native memory allocation (malloc) failed to allocate 1413824 bytes for Chunk::new
# Possible reasons:
#   The system is out of physical RAM or swap space
#   The process is running with CompressedOops enabled, and the Java Heap may be blocking the growth of the native heap
# Possible solutions:
#   Reduce memory load on the system
#   Increase physical memory or swap space
#   Check if swap backing store is full
#   Decrease Java heap size (-Xmx/-Xms)
#   Decrease number of Java threads
#   Decrease Java thread stack sizes (-Xss)
#   Set larger code cache with -XX:ReservedCodeCacheSize=
#   JVM is running with Unscaled Compressed Oops mode in which the Java heap is
#     placed in the first 4GB address space. The Java Heap base address is the
#     maximum limit for the native heap growth. Please use -XX:HeapBaseMinAddress
#     to set the Java Heap base and to place the Java Heap above 4GB virtual address.
# This output file may be truncated or incomplete.
#
#  Out of Memory Error (arena.cpp:189), pid=22136, tid=16892
#
# JRE version: Java(TM) SE Runtime Environment (17.0.12+8) (build 17.0.12+8-LTS-286)
# Java VM: Java HotSpot(TM) 64-Bit Server VM (17.0.12+8-LTS-286, mixed mode, sharing, tiered, compressed oops, compressed class ptrs, g1 gc, windows-amd64)
# No core dump will be written. Minidumps are not enabled by default on client versions of Windows
#

---------------  S U M M A R Y ------------

Command Line: --add-opens=java.base/java.lang=ALL-UNNAMED --add-opens=java.base/java.lang.invoke=ALL-UNNAMED --add-opens=java.base/java.util=ALL-UNNAMED --add-opens=java.prefs/java.util.prefs=ALL-UNNAMED --add-exports=jdk.compiler/com.sun.tools.javac.api=ALL-UNNAMED --add-exports=jdk.compiler/com.sun.tools.javac.util=ALL-UNNAMED --add-opens=java.base/java.util=ALL-UNNAMED --add-opens=java.prefs/java.util.prefs=ALL-UNNAMED --add-opens=java.base/java.nio.charset=ALL-UNNAMED --add-opens=java.base/java.net=ALL-UNNAMED --add-opens=java.base/java.util.concurrent.atomic=ALL-UNNAMED --add-opens=java.xml/javax.xml.namespace=ALL-UNNAMED -Xmx2048m -Dfile.encoding=UTF-8 -Duser.country=ID -Duser.language=en -Duser.variant -javaagent:C:\Users\Ari Awaludin\.gradle\wrapper\dists\gradle-8.11.1-bin\bpt9gzteqjrbo1mjrsomdt32c\gradle-8.11.1\lib\agents\gradle-instrumentation-agent-8.11.1.jar org.gradle.launcher.daemon.bootstrap.GradleDaemon 8.11.1

Host: AMD Ryzen 5 5500U with Radeon Graphics         , 12 cores, 7G,  Windows 11 , 64 bit Build 26100 (10.0.26100.3775)
Time: Sun Apr 13 23:04:02 2025 SE Asia Standard Time elapsed time: 8.672655 seconds (0d 0h 0m 8s)

---------------  T H R E A D  ---------------

Current thread (0x0000025ef0735480):  JavaThread "C2 CompilerThread1" daemon [_thread_in_native, id=16892, stack(0x000000997ca00000,0x000000997cb00000)]


Current CompileTask:
C2:   8672 3912       4       java.net.URLClassLoader$1::run (5 bytes)

Stack: [0x000000997ca00000,0x000000997cb00000]
Native frames: (J=compiled Java code, j=interpreted, Vv=VM code, C=native code)
V  [jvm.dll+0x67a04a]
V  [jvm.dll+0x7da4ed]
V  [jvm.dll+0x7dbe33]
V  [jvm.dll+0x7dc4a3]
V  [jvm.dll+0x24508f]
V  [jvm.dll+0xab773]
V  [jvm.dll+0xabd3c]
V  [jvm.dll+0x361bee]
V  [jvm.dll+0x1ba64a]
V  [jvm.dll+0x216997]
V  [jvm.dll+0x215c6f]
V  [jvm.dll+0x1a2960]
V  [jvm.dll+0x22610b]
V  [jvm.dll+0x2242ab]
V  [jvm.dll+0x79075c]
V  [jvm.dll+0x78abea]
V  [jvm.dll+0x678f35]
C  [ucrtbase.dll+0x37b0]
C  [KERNEL32.DLL+0x2e8d7]
C  [ntdll.dll+0xb14fc]


---------------  P R O C E S S  ---------------

Threads class SMR info:
_java_thread_list=0x0000025eee33d810, length=35, elements={
0x0000025ecaad7cd0, 0x0000025ee9084dd0, 0x0000025ee90858a0, 0x0000025ee909a030,
0x0000025ee909c910, 0x0000025ee909d7f0, 0x0000025ee909e0c0, 0x0000025ee90a0cd0,
0x0000025ee90a1ea0, 0x0000025ee90b5880, 0x0000025ee9b5e710, 0x0000025ee9c305e0,
0x0000025eefa489e0, 0x0000025ee9e253c0, 0x0000025eef7f40d0, 0x0000025eefafb4d0,
0x0000025eefad6030, 0x0000025eefcf7910, 0x0000025eefcf9770, 0x0000025eefcf8330,
0x0000025eefcf7e20, 0x0000025eefcf8840, 0x0000025eefcf8d50, 0x0000025eefcf6ef0,
0x0000025eefcf7400, 0x0000025eefcf5fc0, 0x0000025eefcf64d0, 0x0000025eefcf69e0,
0x0000025ee9e0cf80, 0x0000025ee9e0b630, 0x0000025ef0735480, 0x0000025ee9e0c560,
0x0000025ee9e0a1f0, 0x0000025ee9e0ca70, 0x0000025ef1882d90
}

Java Threads: ( => current thread )
  0x0000025ecaad7cd0 JavaThread "main" [_thread_blocked, id=11620, stack(0x0000009979a00000,0x0000009979b00000)]
  0x0000025ee9084dd0 JavaThread "Reference Handler" daemon [_thread_blocked, id=16216, stack(0x000000997a100000,0x000000997a200000)]
  0x0000025ee90858a0 JavaThread "Finalizer" daemon [_thread_blocked, id=21508, stack(0x000000997a200000,0x000000997a300000)]
  0x0000025ee909a030 JavaThread "Signal Dispatcher" daemon [_thread_blocked, id=972, stack(0x000000997a300000,0x000000997a400000)]
  0x0000025ee909c910 JavaThread "Attach Listener" daemon [_thread_blocked, id=14664, stack(0x000000997a400000,0x000000997a500000)]
  0x0000025ee909d7f0 JavaThread "Service Thread" daemon [_thread_blocked, id=22880, stack(0x000000997a500000,0x000000997a600000)]
  0x0000025ee909e0c0 JavaThread "Monitor Deflation Thread" daemon [_thread_blocked, id=20512, stack(0x000000997a600000,0x000000997a700000)]
  0x0000025ee90a0cd0 JavaThread "C2 CompilerThread0" daemon [_thread_in_native, id=20252, stack(0x000000997a700000,0x000000997a800000)]
  0x0000025ee90a1ea0 JavaThread "C1 CompilerThread0" daemon [_thread_blocked, id=20500, stack(0x000000997a800000,0x000000997a900000)]
  0x0000025ee90b5880 JavaThread "Sweeper thread" daemon [_thread_blocked, id=10184, stack(0x000000997a900000,0x000000997aa00000)]
  0x0000025ee9b5e710 JavaThread "Common-Cleaner" daemon [_thread_blocked, id=9396, stack(0x000000997aa00000,0x000000997ab00000)]
  0x0000025ee9c305e0 JavaThread "Notification Thread" daemon [_thread_blocked, id=9888, stack(0x000000997ac00000,0x000000997ad00000)]
  0x0000025eefa489e0 JavaThread "Daemon health stats" [_thread_blocked, id=16116, stack(0x000000997ab00000,0x000000997ac00000)]
  0x0000025ee9e253c0 JavaThread "Incoming local TCP Connector on port 59842" [_thread_in_native, id=8592, stack(0x000000997ae00000,0x000000997af00000)]
  0x0000025eef7f40d0 JavaThread "Daemon periodic checks" [_thread_blocked, id=2568, stack(0x000000997b300000,0x000000997b400000)]
  0x0000025eefafb4d0 JavaThread "Daemon" [_thread_blocked, id=21012, stack(0x000000997b400000,0x000000997b500000)]
  0x0000025eefad6030 JavaThread "Handler for socket connection from /127.0.0.1:59842 to /127.0.0.1:59843" [_thread_in_native, id=4560, stack(0x000000997b500000,0x000000997b600000)]
  0x0000025eefcf7910 JavaThread "Cancel handler" [_thread_blocked, id=20412, stack(0x000000997b600000,0x000000997b700000)]
  0x0000025eefcf9770 JavaThread "Daemon worker" [_thread_in_Java, id=11424, stack(0x000000997b700000,0x000000997b800000)]
  0x0000025eefcf8330 JavaThread "Asynchronous log dispatcher for DefaultDaemonConnection: socket connection from /127.0.0.1:59842 to /127.0.0.1:59843" [_thread_blocked, id=9924, stack(0x000000997b800000,0x000000997b900000)]
  0x0000025eefcf7e20 JavaThread "Stdin handler" [_thread_blocked, id=20084, stack(0x000000997b900000,0x000000997ba00000)]
  0x0000025eefcf8840 JavaThread "Daemon client event forwarder" [_thread_blocked, id=21476, stack(0x000000997ba00000,0x000000997bb00000)]
  0x0000025eefcf8d50 JavaThread "Cache worker for journal cache (C:\Users\Ari Awaludin\.gradle\caches\journal-1)" [_thread_blocked, id=19836, stack(0x000000997bb00000,0x000000997bc00000)]
  0x0000025eefcf6ef0 JavaThread "File lock request listener" [_thread_in_native, id=2760, stack(0x000000997bc00000,0x000000997bd00000)]
  0x0000025eefcf7400 JavaThread "Cache worker for file hash cache (C:\Users\Ari Awaludin\.gradle\caches\8.11.1\fileHashes)" [_thread_blocked, id=10428, stack(0x000000997bd00000,0x000000997be00000)]
  0x0000025eefcf5fc0 JavaThread "Cache worker for file content cache (C:\Users\Ari Awaludin\.gradle\caches\8.11.1\fileContent)" [_thread_blocked, id=6772, stack(0x000000997c300000,0x000000997c400000)]
  0x0000025eefcf64d0 JavaThread "Cache worker for file hash cache (C:\Project\MyApplication3\.gradle\8.11.1\fileHashes)" [_thread_blocked, id=15180, stack(0x000000997c400000,0x000000997c500000)]
  0x0000025eefcf69e0 JavaThread "Cache worker for Build Output Cleanup Cache (C:\Project\MyApplication3\.gradle\buildOutputCleanup)" [_thread_blocked, id=4524, stack(0x000000997c500000,0x000000997c600000)]
  0x0000025ee9e0cf80 JavaThread "File watcher server" daemon [_thread_in_native, id=11388, stack(0x000000997c800000,0x000000997c900000)]
  0x0000025ee9e0b630 JavaThread "File watcher consumer" daemon [_thread_blocked, id=4652, stack(0x000000997c900000,0x000000997ca00000)]
=>0x0000025ef0735480 JavaThread "C2 CompilerThread1" daemon [_thread_in_native, id=16892, stack(0x000000997ca00000,0x000000997cb00000)]
  0x0000025ee9e0c560 JavaThread "Cache worker for checksums cache (C:\Project\MyApplication3\.gradle\8.11.1\checksums)" [_thread_blocked, id=24144, stack(0x000000997cb00000,0x000000997cc00000)]
  0x0000025ee9e0a1f0 JavaThread "Cache worker for cache directory md-rule (C:\Users\Ari Awaludin\.gradle\caches\8.11.1\md-rule)" [_thread_blocked, id=24072, stack(0x000000997cc00000,0x000000997cd00000)]
  0x0000025ee9e0ca70 JavaThread "Cache worker for cache directory md-supplier (C:\Users\Ari Awaludin\.gradle\caches\8.11.1\md-supplier)" [_thread_blocked, id=23064, stack(0x000000997cd00000,0x000000997ce00000)]
  0x0000025ef1882d90 JavaThread "C2 CompilerThread2" daemon [_thread_in_native, id=15068, stack(0x000000997ce00000,0x000000997cf00000)]

Other Threads:
  0x0000025ee907f220 VMThread "VM Thread" [stack: 0x000000997a000000,0x000000997a100000] [id=19644]
  0x0000025ecab61a90 WatcherThread [stack: 0x000000997ad00000,0x000000997ae00000] [id=18464]
  0x0000025ecab351d0 GCTaskThread "GC Thread#0" [stack: 0x0000009979b00000,0x0000009979c00000] [id=18412]
  0x0000025eee63e990 GCTaskThread "GC Thread#1" [stack: 0x000000997af00000,0x000000997b000000] [id=22048]
  0x0000025eee427590 GCTaskThread "GC Thread#2" [stack: 0x000000997b000000,0x000000997b100000] [id=11068]
  0x0000025eeecfeda0 GCTaskThread "GC Thread#3" [stack: 0x000000997b100000,0x000000997b200000] [id=14936]
  0x0000025eee04d4d0 GCTaskThread "GC Thread#4" [stack: 0x000000997b200000,0x000000997b300000] [id=8236]
  0x0000025eee0f7f20 GCTaskThread "GC Thread#5" [stack: 0x000000997be00000,0x000000997bf00000] [id=14312]
  0x0000025eee0f9260 GCTaskThread "GC Thread#6" [stack: 0x000000997bf00000,0x000000997c000000] [id=20896]
  0x0000025eee0f8ce0 GCTaskThread "GC Thread#7" [stack: 0x000000997c000000,0x000000997c100000] [id=23520]
  0x0000025eee0f79a0 GCTaskThread "GC Thread#8" [stack: 0x000000997c100000,0x000000997c200000] [id=17832]
  0x0000025eee0f8fa0 GCTaskThread "GC Thread#9" [stack: 0x000000997c200000,0x000000997c300000] [id=13316]
  0x0000025ecab46a40 ConcurrentGCThread "G1 Main Marker" [stack: 0x0000009979c00000,0x0000009979d00000] [id=17464]
  0x0000025ecab47200 ConcurrentGCThread "G1 Conc#0" [stack: 0x0000009979d00000,0x0000009979e00000] [id=14896]
  0x0000025eee0f8760 ConcurrentGCThread "G1 Conc#1" [stack: 0x000000997c600000,0x000000997c700000] [id=7512]
  0x0000025eee0f9520 ConcurrentGCThread "G1 Conc#2" [stack: 0x000000997c700000,0x000000997c800000] [id=18968]
  0x0000025ecab97630 ConcurrentGCThread "G1 Refine#0" [stack: 0x0000009979e00000,0x0000009979f00000] [id=19044]
  0x0000025ecab97e10 ConcurrentGCThread "G1 Service" [stack: 0x0000009979f00000,0x000000997a000000] [id=18004]

Threads with active compile tasks:
C2 CompilerThread0     8702 3913   !   4       java.net.URLClassLoader$1::run (81 bytes)
C1 CompilerThread0     8702 4023       3       java.lang.invoke.MethodHandles$Lookup::defineHiddenClass (69 bytes)
C2 CompilerThread1     8702 3912       4       java.net.URLClassLoader$1::run (5 bytes)
C2 CompilerThread2     8702 3921       4       jdk.internal.loader.URLClassPath$JarLoader$2::getInputStream (15 bytes)

VM state: not at safepoint (normal execution)

VM Mutex/Monitor currently owned by a thread: None

Heap address: 0x0000000080000000, size: 2048 MB, Compressed Oops mode: 32-bit

CDS archive(s) mapped at: [0x0000025e80000000-0x0000025e80bd0000-0x0000025e80bd0000), size 12386304, SharedBaseAddress: 0x0000025e80000000, ArchiveRelocationMode: 1.
Compressed class space mapped at: 0x0000025e81000000-0x0000025ec1000000, reserved size: 1073741824
Narrow klass base: 0x0000025e80000000, Narrow klass shift: 0, Narrow klass range: 0x100000000

GC Precious Log:
 CPUs: 12 total, 12 available
 Memory: 7502M
 Large Page Support: Disabled
 NUMA Support: Disabled
 Compressed Oops: Enabled (32-bit)
 Heap Region Size: 1M
 Heap Min Capacity: 8M
 Heap Initial Capacity: 118M
 Heap Max Capacity: 2G
 Pre-touch: Disabled
 Parallel Workers: 10
 Concurrent Workers: 3
 Concurrent Refinement Workers: 10
 Periodic GC: Disabled

Heap:
 garbage-first heap   total 89088K, used 64686K [0x0000000080000000, 0x0000000100000000)
  region size 1024K, 40 young (40960K), 6 survivors (6144K)
 Metaspace       used 33712K, committed 34112K, reserved 1114112K
  class space    used 4763K, committed 4928K, reserved 1048576K

Heap Regions: E=young(eden), S=young(survivor), O=old, HS=humongous(starts), HC=humongous(continues), CS=collection set, F=free, OA=open archive, CA=closed archive, TAMS=top-at-mark-start (previous, next)
|   0|0x0000000080000000, 0x0000000080100000, 0x0000000080100000|100%| O|  |TAMS 0x0000000080100000, 0x0000000080000000| Untracked 
|   1|0x0000000080100000, 0x0000000080200000, 0x0000000080200000|100%|HS|  |TAMS 0x0000000080200000, 0x0000000080100000| Complete 
|   2|0x0000000080200000, 0x0000000080300000, 0x0000000080300000|100%|HC|  |TAMS 0x0000000080300000, 0x0000000080200000| Complete 
|   3|0x0000000080300000, 0x0000000080400000, 0x0000000080400000|100%|HC|  |TAMS 0x0000000080400000, 0x0000000080300000| Complete 
|   4|0x0000000080400000, 0x0000000080500000, 0x0000000080500000|100%| O|  |TAMS 0x0000000080500000, 0x0000000080400000| Untracked 
|   5|0x0000000080500000, 0x0000000080600000, 0x0000000080600000|100%| O|  |TAMS 0x0000000080600000, 0x0000000080500000| Untracked 
|   6|0x0000000080600000, 0x0000000080700000, 0x0000000080700000|100%| O|  |TAMS 0x0000000080700000, 0x0000000080600000| Untracked 
|   7|0x0000000080700000, 0x0000000080800000, 0x0000000080800000|100%|HS|  |TAMS 0x0000000080800000, 0x0000000080700000| Complete 
|   8|0x0000000080800000, 0x0000000080900000, 0x0000000080900000|100%| O|  |TAMS 0x0000000080800000, 0x0000000080800000| Untracked 
|   9|0x0000000080900000, 0x0000000080a00000, 0x0000000080a00000|100%| O|  |TAMS 0x0000000080a00000, 0x0000000080900000| Untracked 
|  10|0x0000000080a00000, 0x0000000080b00000, 0x0000000080b00000|100%| O|  |TAMS 0x0000000080b00000, 0x0000000080a00000| Untracked 
|  11|0x0000000080b00000, 0x0000000080c00000, 0x0000000080c00000|100%| O|  |TAMS 0x0000000080c00000, 0x0000000080b00000| Untracked 
|  12|0x0000000080c00000, 0x0000000080d00000, 0x0000000080d00000|100%| O|  |TAMS 0x0000000080cd6400, 0x0000000080c00000| Untracked 
|  13|0x0000000080d00000, 0x0000000080e00000, 0x0000000080e00000|100%| O|  |TAMS 0x0000000080d00000, 0x0000000080d00000| Untracked 
|  14|0x0000000080e00000, 0x0000000080f00000, 0x0000000080f00000|100%| O|  |TAMS 0x0000000080e00000, 0x0000000080e00000| Untracked 
|  15|0x0000000080f00000, 0x0000000081000000, 0x0000000081000000|100%| O|  |TAMS 0x0000000080f00000, 0x0000000080f00000| Untracked 
|  16|0x0000000081000000, 0x0000000081100000, 0x0000000081100000|100%| O|  |TAMS 0x0000000081000000, 0x0000000081000000| Untracked 
|  17|0x0000000081100000, 0x0000000081200000, 0x0000000081200000|100%| O|  |TAMS 0x0000000081100000, 0x0000000081100000| Untracked 
|  18|0x0000000081200000, 0x0000000081300000, 0x0000000081300000|100%| O|  |TAMS 0x0000000081200000, 0x0000000081200000| Untracked 
|  19|0x0000000081300000, 0x0000000081400000, 0x0000000081400000|100%| O|  |TAMS 0x0000000081300000, 0x0000000081300000| Untracked 
|  20|0x0000000081400000, 0x00000000814b5800, 0x0000000081500000| 70%| O|  |TAMS 0x0000000081400000, 0x0000000081400000| Untracked 
|  21|0x0000000081500000, 0x0000000081600000, 0x0000000081600000|100%| O|  |TAMS 0x0000000081500000, 0x0000000081500000| Untracked 
|  22|0x0000000081600000, 0x0000000081700000, 0x0000000081700000|100%| O|  |TAMS 0x0000000081600000, 0x0000000081600000| Untracked 
|  23|0x0000000081700000, 0x0000000081800000, 0x0000000081800000|100%| O|  |TAMS 0x0000000081700000, 0x0000000081700000| Untracked 
|  24|0x0000000081800000, 0x0000000081876200, 0x0000000081900000| 46%| O|  |TAMS 0x0000000081800000, 0x0000000081800000| Untracked 
|  25|0x0000000081900000, 0x0000000081900000, 0x0000000081a00000|  0%| F|  |TAMS 0x0000000081900000, 0x0000000081900000| Untracked 
|  26|0x0000000081a00000, 0x0000000081a00000, 0x0000000081b00000|  0%| F|  |TAMS 0x0000000081a00000, 0x0000000081a00000| Untracked 
|  27|0x0000000081b00000, 0x0000000081b00000, 0x0000000081c00000|  0%| F|  |TAMS 0x0000000081b00000, 0x0000000081b00000| Untracked 
|  28|0x0000000081c00000, 0x0000000081c00000, 0x0000000081d00000|  0%| F|  |TAMS 0x0000000081c00000, 0x0000000081c00000| Untracked 
|  29|0x0000000081d00000, 0x0000000081d00000, 0x0000000081e00000|  0%| F|  |TAMS 0x0000000081d00000, 0x0000000081d00000| Untracked 
|  30|0x0000000081e00000, 0x0000000081e00000, 0x0000000081f00000|  0%| F|  |TAMS 0x0000000081e00000, 0x0000000081e00000| Untracked 
|  31|0x0000000081f00000, 0x0000000081f00000, 0x0000000082000000|  0%| F|  |TAMS 0x0000000081f00000, 0x0000000081f00000| Untracked 
|  32|0x0000000082000000, 0x0000000082000000, 0x0000000082100000|  0%| F|  |TAMS 0x0000000082000000, 0x0000000082000000| Untracked 
|  33|0x0000000082100000, 0x0000000082100000, 0x0000000082200000|  0%| F|  |TAMS 0x0000000082100000, 0x0000000082100000| Untracked 
|  34|0x0000000082200000, 0x0000000082200000, 0x0000000082300000|  0%| F|  |TAMS 0x0000000082200000, 0x0000000082200000| Untracked 
|  35|0x0000000082300000, 0x0000000082300000, 0x0000000082400000|  0%| F|  |TAMS 0x0000000082300000, 0x0000000082300000| Untracked 
|  36|0x0000000082400000, 0x0000000082400000, 0x0000000082500000|  0%| F|  |TAMS 0x0000000082400000, 0x0000000082400000| Untracked 
|  37|0x0000000082500000, 0x0000000082500000, 0x0000000082600000|  0%| F|  |TAMS 0x0000000082500000, 0x0000000082500000| Untracked 
|  38|0x0000000082600000, 0x0000000082600000, 0x0000000082700000|  0%| F|  |TAMS 0x0000000082600000, 0x0000000082600000| Untracked 
|  39|0x0000000082700000, 0x0000000082700000, 0x0000000082800000|  0%| F|  |TAMS 0x0000000082700000, 0x0000000082700000| Untracked 
|  40|0x0000000082800000, 0x0000000082800000, 0x0000000082900000|  0%| F|  |TAMS 0x0000000082800000, 0x0000000082800000| Untracked 
|  41|0x0000000082900000, 0x0000000082a00000, 0x0000000082a00000|100%| S|CS|TAMS 0x0000000082900000, 0x0000000082900000| Complete 
|  42|0x0000000082a00000, 0x0000000082b00000, 0x0000000082b00000|100%| S|CS|TAMS 0x0000000082a00000, 0x0000000082a00000| Complete 
|  43|0x0000000082b00000, 0x0000000082c00000, 0x0000000082c00000|100%| S|CS|TAMS 0x0000000082b00000, 0x0000000082b00000| Complete 
|  44|0x0000000082c00000, 0x0000000082d00000, 0x0000000082d00000|100%| S|CS|TAMS 0x0000000082c00000, 0x0000000082c00000| Complete 
|  45|0x0000000082d00000, 0x0000000082e00000, 0x0000000082e00000|100%| S|CS|TAMS 0x0000000082d00000, 0x0000000082d00000| Complete 
|  46|0x0000000082e00000, 0x0000000082f00000, 0x0000000082f00000|100%| S|CS|TAMS 0x0000000082e00000, 0x0000000082e00000| Complete 
|  47|0x0000000082f00000, 0x0000000082f00000, 0x0000000083000000|  0%| F|  |TAMS 0x0000000082f00000, 0x0000000082f00000| Untracked 
|  48|0x0000000083000000, 0x0000000083000000, 0x0000000083100000|  0%| F|  |TAMS 0x0000000083000000, 0x0000000083000000| Untracked 
|  49|0x0000000083100000, 0x0000000083100000, 0x0000000083200000|  0%| F|  |TAMS 0x0000000083100000, 0x0000000083100000| Untracked 
|  50|0x0000000083200000, 0x0000000083200000, 0x0000000083300000|  0%| F|  |TAMS 0x0000000083200000, 0x0000000083200000| Untracked 
|  51|0x0000000083300000, 0x0000000083300000, 0x0000000083400000|  0%| F|  |TAMS 0x0000000083300000, 0x0000000083300000| Untracked 
|  52|0x0000000083400000, 0x0000000083400000, 0x0000000083500000|  0%| F|  |TAMS 0x0000000083400000, 0x0000000083400000| Untracked 
|  53|0x0000000083500000, 0x0000000083580800, 0x0000000083600000| 50%| E|  |TAMS 0x0000000083500000, 0x0000000083500000| Complete 
|  54|0x0000000083600000, 0x0000000083700000, 0x0000000083700000|100%| E|CS|TAMS 0x0000000083600000, 0x0000000083600000| Complete 
|  55|0x0000000083700000, 0x0000000083800000, 0x0000000083800000|100%| E|CS|TAMS 0x0000000083700000, 0x0000000083700000| Complete 
|  56|0x0000000083800000, 0x0000000083900000, 0x0000000083900000|100%| E|CS|TAMS 0x0000000083800000, 0x0000000083800000| Complete 
|  57|0x0000000083900000, 0x0000000083a00000, 0x0000000083a00000|100%| E|CS|TAMS 0x0000000083900000, 0x0000000083900000| Complete 
|  58|0x0000000083a00000, 0x0000000083b00000, 0x0000000083b00000|100%| E|CS|TAMS 0x0000000083a00000, 0x0000000083a00000| Complete 
|  59|0x0000000083b00000, 0x0000000083c00000, 0x0000000083c00000|100%| E|CS|TAMS 0x0000000083b00000, 0x0000000083b00000| Complete 
|  60|0x0000000083c00000, 0x0000000083d00000, 0x0000000083d00000|100%| E|CS|TAMS 0x0000000083c00000, 0x0000000083c00000| Complete 
|  61|0x0000000083d00000, 0x0000000083e00000, 0x0000000083e00000|100%| E|CS|TAMS 0x0000000083d00000, 0x0000000083d00000| Complete 
|  62|0x0000000083e00000, 0x0000000083f00000, 0x0000000083f00000|100%| E|CS|TAMS 0x0000000083e00000, 0x0000000083e00000| Complete 
|  63|0x0000000083f00000, 0x0000000084000000, 0x0000000084000000|100%| E|CS|TAMS 0x0000000083f00000, 0x0000000083f00000| Complete 
|  64|0x0000000084000000, 0x0000000084100000, 0x0000000084100000|100%| E|CS|TAMS 0x0000000084000000, 0x0000000084000000| Complete 
|  65|0x0000000084100000, 0x0000000084200000, 0x0000000084200000|100%| E|CS|TAMS 0x0000000084100000, 0x0000000084100000| Complete 
|  66|0x0000000084200000, 0x0000000084300000, 0x0000000084300000|100%| E|CS|TAMS 0x0000000084200000, 0x0000000084200000| Complete 
|  67|0x0000000084300000, 0x0000000084400000, 0x0000000084400000|100%| E|CS|TAMS 0x0000000084300000, 0x0000000084300000| Complete 
|  68|0x0000000084400000, 0x0000000084500000, 0x0000000084500000|100%| E|CS|TAMS 0x0000000084400000, 0x0000000084400000| Complete 
|  69|0x0000000084500000, 0x0000000084600000, 0x0000000084600000|100%| E|CS|TAMS 0x0000000084500000, 0x0000000084500000| Complete 
|  70|0x0000000084600000, 0x0000000084700000, 0x0000000084700000|100%| E|CS|TAMS 0x0000000084600000, 0x0000000084600000| Complete 
|  71|0x0000000084700000, 0x0000000084800000, 0x0000000084800000|100%| E|CS|TAMS 0x0000000084700000, 0x0000000084700000| Complete 
|  72|0x0000000084800000, 0x0000000084900000, 0x0000000084900000|100%| E|CS|TAMS 0x0000000084800000, 0x0000000084800000| Complete 
|  73|0x0000000084900000, 0x0000000084a00000, 0x0000000084a00000|100%| E|CS|TAMS 0x0000000084900000, 0x0000000084900000| Complete 
|  74|0x0000000084a00000, 0x0000000084b00000, 0x0000000084b00000|100%| E|CS|TAMS 0x0000000084a00000, 0x0000000084a00000| Complete 
|  75|0x0000000084b00000, 0x0000000084c00000, 0x0000000084c00000|100%| E|CS|TAMS 0x0000000084b00000, 0x0000000084b00000| Complete 
|  76|0x0000000084c00000, 0x0000000084d00000, 0x0000000084d00000|100%| E|CS|TAMS 0x0000000084c00000, 0x0000000084c00000| Complete 
|  77|0x0000000084d00000, 0x0000000084e00000, 0x0000000084e00000|100%| E|CS|TAMS 0x0000000084d00000, 0x0000000084d00000| Complete 
|  78|0x0000000084e00000, 0x0000000084f00000, 0x0000000084f00000|100%| E|CS|TAMS 0x0000000084e00000, 0x0000000084e00000| Complete 
|  79|0x0000000084f00000, 0x0000000085000000, 0x0000000085000000|100%| E|CS|TAMS 0x0000000084f00000, 0x0000000084f00000| Complete 
|  80|0x0000000085000000, 0x0000000085100000, 0x0000000085100000|100%| E|CS|TAMS 0x0000000085000000, 0x0000000085000000| Complete 
|  81|0x0000000085100000, 0x0000000085200000, 0x0000000085200000|100%| E|CS|TAMS 0x0000000085100000, 0x0000000085100000| Complete 
|  82|0x0000000085200000, 0x0000000085300000, 0x0000000085300000|100%| E|CS|TAMS 0x0000000085200000, 0x0000000085200000| Complete 
|  83|0x0000000085300000, 0x0000000085400000, 0x0000000085400000|100%| E|CS|TAMS 0x0000000085300000, 0x0000000085300000| Complete 
|  84|0x0000000085400000, 0x0000000085500000, 0x0000000085500000|100%| E|CS|TAMS 0x0000000085400000, 0x0000000085400000| Complete 
|  85|0x0000000085500000, 0x0000000085600000, 0x0000000085600000|100%| E|CS|TAMS 0x0000000085500000, 0x0000000085500000| Complete 
| 117|0x0000000087500000, 0x0000000087600000, 0x0000000087600000|100%| E|CS|TAMS 0x0000000087500000, 0x0000000087500000| Complete 

Card table byte_map: [0x0000025ee2430000,0x0000025ee2830000] _byte_map_base: 0x0000025ee2030000

Marking Bits (Prev, Next): (CMBitMap*) 0x0000025ecab355e0, (CMBitMap*) 0x0000025ecab355a0
 Prev Bits: [0x0000025ee4c30000, 0x0000025ee6c30000)
 Next Bits: [0x0000025ee2c30000, 0x0000025ee4c30000)

Polling page: 0x0000025ec92a0000

Metaspace:

Usage:
  Non-class:     28.28 MB used.
      Class:      4.65 MB used.
       Both:     32.93 MB used.

Virtual space:
  Non-class space:       64.00 MB reserved,      28.50 MB ( 45%) committed,  1 nodes.
      Class space:        1.00 GB reserved,       4.81 MB ( <1%) committed,  1 nodes.
             Both:        1.06 GB reserved,      33.31 MB (  3%) committed. 

Chunk freelists:
   Non-Class:  2.81 MB
       Class:  11.19 MB
        Both:  14.00 MB

MaxMetaspaceSize: unlimited
CompressedClassSpaceSize: 1.00 GB
Initial GC threshold: 21.00 MB
Current GC threshold: 35.12 MB
CDS: on
MetaspaceReclaimPolicy: balanced
 - commit_granule_bytes: 65536.
 - commit_granule_words: 8192.
 - virtual_space_node_default_size: 8388608.
 - enlarge_chunks_in_place: 1.
 - new_chunks_are_fully_committed: 0.
 - uncommit_free_chunks: 1.
 - use_allocation_guard: 0.
 - handle_deallocations: 1.


Internal statistics:

num_allocs_failed_limit: 3.
num_arena_births: 484.
num_arena_deaths: 0.
num_vsnodes_births: 2.
num_vsnodes_deaths: 0.
num_space_committed: 533.
num_space_uncommitted: 0.
num_chunks_returned_to_freelist: 3.
num_chunks_taken_from_freelist: 1746.
num_chunk_merges: 3.
num_chunk_splits: 1154.
num_chunks_enlarged: 801.
num_inconsistent_stats: 0.

CodeHeap 'non-profiled nmethods': size=120000Kb used=2371Kb max_used=2371Kb free=117629Kb
 bounds [0x0000025ed9e80000, 0x0000025eda0f0000, 0x0000025ee13b0000]
CodeHeap 'profiled nmethods': size=120000Kb used=8317Kb max_used=8317Kb free=111682Kb
 bounds [0x0000025ed23b0000, 0x0000025ed2bd0000, 0x0000025ed98e0000]
CodeHeap 'non-nmethods': size=5760Kb used=1603Kb max_used=1638Kb free=4157Kb
 bounds [0x0000025ed98e0000, 0x0000025ed9b50000, 0x0000025ed9e80000]
 total_blobs=4685 nmethods=4017 adapters=580
 compilation: enabled
              stopped_count=0, restarted_count=0
 full_count=0

Compilation events (20 events):
Event: 8.573 Thread 0x0000025ef1882d90 3946       4       jdk.internal.org.objectweb.asm.Frame::getAbstractTypeFromDescriptor (415 bytes)
Event: 8.573 Thread 0x0000025ee90a1ea0 nmethod 3992 0x0000025ed2bc3c90 code [0x0000025ed2bc3f40, 0x0000025ed2bc4a18]
Event: 8.573 Thread 0x0000025ee90a1ea0 3993       3       kotlin.jvm.internal.Intrinsics::checkNotNullExpressionValue (38 bytes)
Event: 8.573 Thread 0x0000025ee90a1ea0 nmethod 3993 0x0000025ed2bc4e90 code [0x0000025ed2bc50a0, 0x0000025ed2bc5548]
Event: 8.576 Thread 0x0000025ee90a1ea0 3995       3       kotlin.jvm.internal.Intrinsics::areEqual (22 bytes)
Event: 8.576 Thread 0x0000025ee90a1ea0 nmethod 3995 0x0000025ed2bc5790 code [0x0000025ed2bc5940, 0x0000025ed2bc5ba8]
Event: 8.576 Thread 0x0000025ee90a1ea0 3996       3       org.gradle.kotlin.dsl.provider.ClassLoaderClassPathCache::access$fileFrom (6 bytes)
Event: 8.576 Thread 0x0000025ee90a1ea0 nmethod 3996 0x0000025ed2bc5c90 code [0x0000025ed2bc5e60, 0x0000025ed2bc60d8]
Event: 8.576 Thread 0x0000025ee90a1ea0 3997       3       org.gradle.kotlin.dsl.provider.ClassLoaderClassPathCache::fileFrom (12 bytes)
Event: 8.576 Thread 0x0000025ee90a1ea0 nmethod 3997 0x0000025ed2bc6210 code [0x0000025ed2bc63c0, 0x0000025ed2bc65f8]
Event: 8.582 Thread 0x0000025ef1882d90 nmethod 3946 0x0000025eda0c7f10 code [0x0000025eda0c8120, 0x0000025eda0c8ba0]
Event: 8.582 Thread 0x0000025ef1882d90 3998 %     4       java.net.URI::decode @ 82 (380 bytes)
Event: 8.614 Thread 0x0000025ee90a1ea0 3999       3       java.lang.invoke.DirectMethodHandle::makeAllocator (137 bytes)
Event: 8.614 Thread 0x0000025ee90a1ea0 nmethod 3999 0x0000025ed2bc6710 code [0x0000025ed2bc6920, 0x0000025ed2bc6d78]
Event: 8.620 Thread 0x0000025ee90a1ea0 4002       1       java.util.Calendar::getZone (5 bytes)
Event: 8.620 Thread 0x0000025ee90a1ea0 nmethod 4002 0x0000025eda0c9910 code [0x0000025eda0c9aa0, 0x0000025eda0c9b78]
Event: 8.631 Thread 0x0000025ee90a1ea0 4003   !   3       java.lang.Class::desiredAssertionStatus (54 bytes)
Event: 8.631 Thread 0x0000025ee90a1ea0 nmethod 4003 0x0000025ed2bc6f90 code [0x0000025ed2bc7180, 0x0000025ed2bc76b8]
Event: 8.633 Thread 0x0000025ee90a1ea0 4005       3       com.google.common.cache.LocalCache::discardingQueue (4 bytes)
Event: 8.633 Thread 0x0000025ee90a1ea0 nmethod 4005 0x0000025ed2bc7890 code [0x0000025ed2bc7a20, 0x0000025ed2bc7b18]

GC Heap History (14 events):
Event: 0.469 GC heap before
{Heap before GC invocations=0 (full 0):
 garbage-first heap   total 120832K, used 23552K [0x0000000080000000, 0x0000000100000000)
  region size 1024K, 23 young (23552K), 0 survivors (0K)
 Metaspace       used 1069K, committed 1216K, reserved 1114112K
  class space    used 73K, committed 128K, reserved 1048576K
}
Event: 0.473 GC heap after
{Heap after GC invocations=1 (full 0):
 garbage-first heap   total 120832K, used 3192K [0x0000000080000000, 0x0000000100000000)
  region size 1024K, 3 young (3072K), 3 survivors (3072K)
 Metaspace       used 1069K, committed 1216K, reserved 1114112K
  class space    used 73K, committed 128K, reserved 1048576K
}
Event: 1.280 GC heap before
{Heap before GC invocations=1 (full 0):
 garbage-first heap   total 120832K, used 40056K [0x0000000080000000, 0x0000000100000000)
  region size 1024K, 36 young (36864K), 3 survivors (3072K)
 Metaspace       used 4383K, committed 4544K, reserved 1114112K
  class space    used 542K, committed 640K, reserved 1048576K
}
Event: 1.287 GC heap after
{Heap after GC invocations=2 (full 0):
 garbage-first heap   total 120832K, used 11366K [0x0000000080000000, 0x0000000100000000)
  region size 1024K, 5 young (5120K), 5 survivors (5120K)
 Metaspace       used 4383K, committed 4544K, reserved 1114112K
  class space    used 542K, committed 640K, reserved 1048576K
}
Event: 1.980 GC heap before
{Heap before GC invocations=2 (full 0):
 garbage-first heap   total 120832K, used 59494K [0x0000000080000000, 0x0000000100000000)
  region size 1024K, 50 young (51200K), 5 survivors (5120K)
 Metaspace       used 4599K, committed 4736K, reserved 1114112K
  class space    used 560K, committed 640K, reserved 1048576K
}
Event: 1.986 GC heap after
{Heap after GC invocations=3 (full 0):
 garbage-first heap   total 120832K, used 16196K [0x0000000080000000, 0x0000000100000000)
  region size 1024K, 5 young (5120K), 5 survivors (5120K)
 Metaspace       used 4599K, committed 4736K, reserved 1114112K
  class space    used 560K, committed 640K, reserved 1048576K
}
Event: 5.425 GC heap before
{Heap before GC invocations=3 (full 0):
 garbage-first heap   total 120832K, used 82756K [0x0000000080000000, 0x0000000100000000)
  region size 1024K, 70 young (71680K), 5 survivors (5120K)
 Metaspace       used 16215K, committed 16512K, reserved 1114112K
  class space    used 2281K, committed 2432K, reserved 1048576K
}
Event: 5.433 GC heap after
{Heap after GC invocations=4 (full 0):
 garbage-first heap   total 120832K, used 21337K [0x0000000080000000, 0x0000000100000000)
  region size 1024K, 9 young (9216K), 9 survivors (9216K)
 Metaspace       used 16215K, committed 16512K, reserved 1114112K
  class space    used 2281K, committed 2432K, reserved 1048576K
}
Event: 6.524 GC heap before
{Heap before GC invocations=4 (full 0):
 garbage-first heap   total 120832K, used 65369K [0x0000000080000000, 0x0000000100000000)
  region size 1024K, 53 young (54272K), 9 survivors (9216K)
 Metaspace       used 21223K, committed 21504K, reserved 1114112K
  class space    used 3106K, committed 3264K, reserved 1048576K
}
Event: 6.531 GC heap after
{Heap after GC invocations=5 (full 0):
 garbage-first heap   total 120832K, used 24397K [0x0000000080000000, 0x0000000100000000)
  region size 1024K, 4 young (4096K), 4 survivors (4096K)
 Metaspace       used 21223K, committed 21504K, reserved 1114112K
  class space    used 3106K, committed 3264K, reserved 1048576K
}
Event: 7.794 GC heap before
{Heap before GC invocations=6 (full 0):
 garbage-first heap   total 89088K, used 73549K [0x0000000080000000, 0x0000000100000000)
  region size 1024K, 52 young (53248K), 4 survivors (4096K)
 Metaspace       used 27315K, committed 27648K, reserved 1114112K
  class space    used 4038K, committed 4224K, reserved 1048576K
}
Event: 7.799 GC heap after
{Heap after GC invocations=7 (full 0):
 garbage-first heap   total 89088K, used 26262K [0x0000000080000000, 0x0000000100000000)
  region size 1024K, 5 young (5120K), 5 survivors (5120K)
 Metaspace       used 27315K, committed 27648K, reserved 1114112K
  class space    used 4038K, committed 4224K, reserved 1048576K
}
Event: 8.430 GC heap before
{Heap before GC invocations=7 (full 0):
 garbage-first heap   total 89088K, used 66198K [0x0000000080000000, 0x0000000100000000)
  region size 1024K, 45 young (46080K), 5 survivors (5120K)
 Metaspace       used 32633K, committed 33024K, reserved 1114112K
  class space    used 4605K, committed 4800K, reserved 1048576K
}
Event: 8.436 GC heap after
{Heap after GC invocations=8 (full 0):
 garbage-first heap   total 89088K, used 30894K [0x0000000080000000, 0x0000000100000000)
  region size 1024K, 6 young (6144K), 6 survivors (6144K)
 Metaspace       used 32633K, committed 33024K, reserved 1114112K
  class space    used 4605K, committed 4800K, reserved 1048576K
}

Deoptimization events (20 events):
Event: 8.276 Thread 0x0000025eefcf9770 Uncommon trap: trap_request=0xffffff45 fr.pc=0x0000025eda09bf68 relative=0x0000000000001048
Event: 8.276 Thread 0x0000025eefcf9770 Uncommon trap: reason=unstable_if action=reinterpret pc=0x0000025eda09bf68 method=java.lang.String.<init>([BIILjava/nio/charset/Charset;)V @ 327 c2
Event: 8.276 Thread 0x0000025eefcf9770 DEOPT PACKING pc=0x0000025eda09bf68 sp=0x000000997b7f8070
Event: 8.276 Thread 0x0000025eefcf9770 DEOPT UNPACKING pc=0x0000025ed99323a3 sp=0x000000997b7f8030 mode 2
Event: 8.510 Thread 0x0000025eefcf9770 DEOPT PACKING pc=0x0000025ed2ae1be6 sp=0x000000997b7f8fc0
Event: 8.510 Thread 0x0000025eefcf9770 DEOPT UNPACKING pc=0x0000025ed9932b43 sp=0x000000997b7f8488 mode 0
Event: 8.510 Thread 0x0000025eefcf9770 Uncommon trap: trap_request=0xffffffcc fr.pc=0x0000025eda0b8660 relative=0x0000000000005300
Event: 8.510 Thread 0x0000025eefcf9770 Uncommon trap: reason=intrinsic_or_type_checked_inlining action=make_not_entrant pc=0x0000025eda0b8660 method=java.util.ArrayList$SubList.toArray([Ljava/lang/Object;)[Ljava/lang/Object; @ 58 c2
Event: 8.510 Thread 0x0000025eefcf9770 DEOPT PACKING pc=0x0000025eda0b8660 sp=0x000000997b7f90e0
Event: 8.510 Thread 0x0000025eefcf9770 DEOPT UNPACKING pc=0x0000025ed99323a3 sp=0x000000997b7f9038 mode 2
Event: 8.516 Thread 0x0000025eefcf9770 DEOPT PACKING pc=0x0000025ed2ae1be6 sp=0x000000997b7f8dc0
Event: 8.516 Thread 0x0000025eefcf9770 DEOPT UNPACKING pc=0x0000025ed9932b43 sp=0x000000997b7f8288 mode 0
Event: 8.524 Thread 0x0000025eefcf9770 DEOPT PACKING pc=0x0000025ed2ae1be6 sp=0x000000997b7f8dc0
Event: 8.524 Thread 0x0000025eefcf9770 DEOPT UNPACKING pc=0x0000025ed9932b43 sp=0x000000997b7f8288 mode 0
Event: 8.542 Thread 0x0000025eefcf9770 DEOPT PACKING pc=0x0000025ed291c6fe sp=0x000000997b7f90e0
Event: 8.542 Thread 0x0000025eefcf9770 DEOPT UNPACKING pc=0x0000025ed9932b43 sp=0x000000997b7f85a8 mode 0
Event: 8.549 Thread 0x0000025eefcf9770 DEOPT PACKING pc=0x0000025ed291c6fe sp=0x000000997b7f9160
Event: 8.549 Thread 0x0000025eefcf9770 DEOPT UNPACKING pc=0x0000025ed9932b43 sp=0x000000997b7f8628 mode 0
Event: 8.551 Thread 0x0000025eefcf9770 DEOPT PACKING pc=0x0000025ed291c6fe sp=0x000000997b7f9160
Event: 8.551 Thread 0x0000025eefcf9770 DEOPT UNPACKING pc=0x0000025ed9932b43 sp=0x000000997b7f8628 mode 0

Classes unloaded (0 events):
No events

Classes redefined (0 events):
No events

Internal exceptions (20 events):
Event: 8.108 Thread 0x0000025eefcf9770 Exception <a 'java/lang/ClassNotFoundException'{0x000000008481f5f0}: groovy/lang/ExpandoMetaClassCustomizer> (0x000000008481f5f0) 
thrown [s\open\src\hotspot\share\classfile\systemDictionary.cpp, line 256]
Event: 8.354 Thread 0x0000025eefcf9770 Exception <a 'java/lang/ClassNotFoundException'{0x00000000832b6a48}: org/gradle/internal/extensibility/DefaultExtraPropertiesExtensionBeanInfo> (0x00000000832b6a48) 
thrown [s\open\src\hotspot\share\classfile\systemDictionary.cpp, line 256]
Event: 8.355 Thread 0x0000025eefcf9770 Exception <a 'java/lang/ClassNotFoundException'{0x00000000832cdd90}: groovy/lang/GroovyObjectSupportBeanInfo> (0x00000000832cdd90) 
thrown [s\open\src\hotspot\share\classfile\systemDictionary.cpp, line 256]
Event: 8.356 Thread 0x0000025eefcf9770 Exception <a 'java/lang/ClassNotFoundException'{0x00000000832e50f0}: groovy/lang/GroovyObjectSupportCustomizer> (0x00000000832e50f0) 
thrown [s\open\src\hotspot\share\classfile\systemDictionary.cpp, line 256]
Event: 8.358 Thread 0x0000025eefcf9770 Exception <a 'java/lang/ClassNotFoundException'{0x00000000832feef0}: org/gradle/internal/extensibility/DefaultExtraPropertiesExtensionCustomizer> (0x00000000832feef0) 
thrown [s\open\src\hotspot\share\classfile\systemDictionary.cpp, line 256]
Event: 8.381 Thread 0x0000025eefcf9770 Exception <a 'sun/nio/fs/WindowsException'{0x00000000831f84c0}> (0x00000000831f84c0) 
thrown [s\open\src\hotspot\share\prims\jni.cpp, line 516]
Event: 8.382 Thread 0x0000025eefcf9770 Exception <a 'sun/nio/fs/WindowsException'{0x00000000831f9ac8}> (0x00000000831f9ac8) 
thrown [s\open\src\hotspot\share\prims\jni.cpp, line 516]
Event: 8.382 Thread 0x0000025eefcf9770 Exception <a 'sun/nio/fs/WindowsException'{0x00000000831fb088}> (0x00000000831fb088) 
thrown [s\open\src\hotspot\share\prims\jni.cpp, line 516]
Event: 8.383 Thread 0x0000025eefcf9770 Exception <a 'sun/nio/fs/WindowsException'{0x00000000831fc258}> (0x00000000831fc258) 
thrown [s\open\src\hotspot\share\prims\jni.cpp, line 516]
Event: 8.401 Thread 0x0000025eefcf9770 Exception <a 'java/lang/NoSuchMethodError'{0x00000000830d8da0}: 'java.lang.Object java.lang.invoke.Invokers$Holder.invoker(java.lang.Object, java.lang.Object, java.lang.Object, java.lang.Object, java.lang.Object, java.lang.Object)'> (0x00000000830d8da0) 
thrown [s\open\src\hotspot\share\interpreter\linkResolver.cpp, line 759]
Event: 8.410 Thread 0x0000025eefcf9770 Exception <a 'java/lang/NoSuchMethodError'{0x0000000082f52350}: 'java.lang.Object java.lang.invoke.Invokers$Holder.invoker(java.lang.Object, java.lang.Object, java.lang.Object, java.lang.Object)'> (0x0000000082f52350) 
thrown [s\open\src\hotspot\share\interpreter\linkResolver.cpp, line 759]
Event: 8.437 Thread 0x0000025eefcf9770 Exception <a 'java/lang/NoSuchMethodError'{0x0000000087511200}: 'java.lang.Object java.lang.invoke.DelegatingMethodHandle$Holder.reinvoke_L(java.lang.Object, java.lang.Object, java.lang.Object, java.lang.Object, java.lang.Object, java.lang.Object, java.lang.Object, java.lang.Object, java.lang.Object, java.lang.Object, java.lang.Object, java.lang.Object, java.lang.Object, java.lang.Object, java.lang.Object, java.lang.Object, java.lang.Object, java.lang.Object, java.lang.Object, java.lang.Object, java.lang.O
Event: 8.438 Thread 0x0000025eefcf9770 Exception <a 'java/lang/NoSuchMethodError'{0x000000008751d508}: 'java.lang.Object java.lang.invoke.Invokers$Holder.invoker(java.lang.Object, java.lang.Object, java.lang.Object, java.lang.Object, java.lang.Object, java.lang.Object, java.lang.Object, java.lang.Object, java.lang.Object, java.lang.Object, java.lang.Object, java.lang.Object, java.lang.Object, java.lang.Object, java.lang.Object, java.lang.Object, java.lang.Object, java.lang.Object, java.lang.Object, java.lang.Object, java.lang.Object, java.lang.
Event: 8.439 Thread 0x0000025eefcf9770 Exception <a 'java/lang/NoSuchMethodError'{0x00000000875241a8}: 'java.lang.Object java.lang.invoke.DelegatingMethodHandle$Holder.delegate(java.lang.Object, java.lang.Object, java.lang.Object, java.lang.Object, java.lang.Object, java.lang.Object, java.lang.Object, java.lang.Object, java.lang.Object, java.lang.Object, java.lang.Object, java.lang.Object, java.lang.Object, java.lang.Object, java.lang.Object, java.lang.Object, java.lang.Object, java.lang.Object, java.lang.Object, java.lang.Object, java.lang.Obj
Event: 8.445 Thread 0x0000025eefcf9770 Exception <a 'java/lang/NoSuchMethodError'{0x00000000875f40e0}: 'java.lang.Object java.lang.invoke.DirectMethodHandle$Holder.invokeStatic(java.lang.Object, java.lang.Object, java.lang.Object, java.lang.Object, java.lang.Object, java.lang.Object, java.lang.Object, java.lang.Object, java.lang.Object, java.lang.Object, java.lang.Object, java.lang.Object, java.lang.Object, java.lang.Object, java.lang.Object, java.lang.Object, java.lang.Object, java.lang.Object, java.lang.Object, java.lang.Object, java.lang.Obj
Event: 8.446 Thread 0x0000025eefcf9770 Exception <a 'java/lang/NoSuchMethodError'{0x0000000085528d90}: 'java.lang.Object java.lang.invoke.DirectMethodHandle$Holder.invokeStatic(java.lang.Object, java.lang.Object, java.lang.Object, java.lang.Object, java.lang.Object, java.lang.Object, java.lang.Object, java.lang.Object, java.lang.Object, java.lang.Object, java.lang.Object, java.lang.Object, java.lang.Object, java.lang.Object, java.lang.Object, java.lang.Object, java.lang.Object, java.lang.Object, java.lang.Object, java.lang.Object, java.lang.Obj
Event: 8.448 Thread 0x0000025eefcf9770 Exception <a 'java/lang/NoSuchMethodError'{0x000000008555ec00}: 'java.lang.Object java.lang.invoke.DirectMethodHandle$Holder.invokeStatic(java.lang.Object, java.lang.Object, java.lang.Object, java.lang.Object, java.lang.Object, java.lang.Object, java.lang.Object, java.lang.Object, java.lang.Object, java.lang.Object, java.lang.Object, java.lang.Object, java.lang.Object, java.lang.Object, java.lang.Object, java.lang.Object, java.lang.Object, java.lang.Object, java.lang.Object, java.lang.Object, java.lang.Obj
Event: 8.600 Thread 0x0000025eefcf9770 Exception <a 'java/lang/IncompatibleClassChangeError'{0x00000000838e9700}: Found class java.lang.Object, but interface was expected> (0x00000000838e9700) 
thrown [s\open\src\hotspot\share\interpreter\linkResolver.cpp, line 826]
Event: 8.617 Thread 0x0000025eefcf9770 Exception <a 'java/lang/NoSuchMethodError'{0x00000000837b32b0}: 'java.lang.Object java.lang.invoke.DirectMethodHandle$Holder.newInvokeSpecial(java.lang.Object, java.lang.Object, long)'> (0x00000000837b32b0) 
thrown [s\open\src\hotspot\share\interpreter\linkResolver.cpp, line 759]
Event: 8.617 Thread 0x0000025eefcf9770 Exception <a 'java/lang/NoSuchMethodError'{0x00000000837b7b68}: 'java.lang.Object java.lang.invoke.Invokers$Holder.linkToTargetMethod(java.lang.Object, long, java.lang.Object)'> (0x00000000837b7b68) 
thrown [s\open\src\hotspot\share\interpreter\linkResolver.cpp, line 759]

VM Operations (20 events):
Event: 7.794 Executing VM operation: G1CollectForAllocation
Event: 7.799 Executing VM operation: G1CollectForAllocation done
Event: 7.819 Executing VM operation: HandshakeAllThreads
Event: 7.819 Executing VM operation: HandshakeAllThreads done
Event: 7.995 Executing VM operation: HandshakeAllThreads
Event: 7.995 Executing VM operation: HandshakeAllThreads done
Event: 8.185 Executing VM operation: HandshakeAllThreads
Event: 8.185 Executing VM operation: HandshakeAllThreads done
Event: 8.186 Executing VM operation: HandshakeAllThreads
Event: 8.186 Executing VM operation: HandshakeAllThreads done
Event: 8.193 Executing VM operation: HandshakeAllThreads
Event: 8.193 Executing VM operation: HandshakeAllThreads done
Event: 8.276 Executing VM operation: HandshakeAllThreads
Event: 8.276 Executing VM operation: HandshakeAllThreads done
Event: 8.340 Executing VM operation: ICBufferFull
Event: 8.340 Executing VM operation: ICBufferFull done
Event: 8.430 Executing VM operation: G1CollectForAllocation
Event: 8.436 Executing VM operation: G1CollectForAllocation done
Event: 8.603 Executing VM operation: HandshakeAllThreads
Event: 8.603 Executing VM operation: HandshakeAllThreads done

Events (20 events):
Event: 8.279 loading class jdk/internal/jimage/ImageReader$Resource
Event: 8.279 loading class jdk/internal/jimage/ImageReader$Resource done
Event: 8.348 loading class java/util/WeakHashMap$KeyIterator
Event: 8.348 loading class java/util/WeakHashMap$HashIterator
Event: 8.349 loading class java/util/WeakHashMap$HashIterator done
Event: 8.349 loading class java/util/WeakHashMap$KeyIterator done
Event: 8.381 loading class sun/nio/fs/WindowsPath$1
Event: 8.381 loading class sun/nio/fs/WindowsPath$1 done
Event: 8.381 loading class sun/nio/fs/WindowsException
Event: 8.381 loading class sun/nio/fs/WindowsException done
Event: 8.413 loading class java/util/Collections$SynchronizedRandomAccessList
Event: 8.413 loading class java/util/Collections$SynchronizedList
Event: 8.413 loading class java/util/Collections$SynchronizedList done
Event: 8.413 loading class java/util/Collections$SynchronizedRandomAccessList done
Event: 8.444 loading class java/lang/invoke/BoundMethodHandle$Species_LLLLLLLLLLLLLLLLLLLLLLLL
Event: 8.444 loading class java/lang/invoke/BoundMethodHandle$Species_LLLLLLLLLLLLLLLLLLLLLLLL done
Event: 8.445 loading class java/lang/invoke/BoundMethodHandle$Species_LLLLLLLLLLLLLLLLLLLLLLLLL
Event: 8.445 loading class java/lang/invoke/BoundMethodHandle$Species_LLLLLLLLLLLLLLLLLLLLLLLLL done
Event: 8.447 loading class java/lang/invoke/BoundMethodHandle$Species_LLLLLLLLLLLLLLLLLLLLLLLLLL
Event: 8.447 loading class java/lang/invoke/BoundMethodHandle$Species_LLLLLLLLLLLLLLLLLLLLLLLLLL done


Dynamic libraries:
0x00007ff7c7cd0000 - 0x00007ff7c7ce0000 	C:\Program Files\Java\jdk-17\bin\java.exe
0x00007fff4c6a0000 - 0x00007fff4c900000 	C:\WINDOWS\SYSTEM32\ntdll.dll
0x00007fff4b8a0000 - 0x00007fff4b967000 	C:\WINDOWS\System32\KERNEL32.DLL
0x00007fff49a90000 - 0x00007fff49e5a000 	C:\WINDOWS\System32\KERNELBASE.dll
0x00007fff4a0a0000 - 0x00007fff4a1eb000 	C:\WINDOWS\System32\ucrtbase.dll
0x00007fff21800000 - 0x00007fff21819000 	C:\Program Files\Java\jdk-17\bin\jli.dll
0x00007fff1d330000 - 0x00007fff1d34b000 	C:\Program Files\Java\jdk-17\bin\VCRUNTIME140.dll
0x00007fff4bb50000 - 0x00007fff4bc02000 	C:\WINDOWS\System32\ADVAPI32.dll
0x00007fff4ade0000 - 0x00007fff4ae89000 	C:\WINDOWS\System32\msvcrt.dll
0x00007fff4c4c0000 - 0x00007fff4c566000 	C:\WINDOWS\System32\sechost.dll
0x00007fff4aca0000 - 0x00007fff4adb6000 	C:\WINDOWS\System32\RPCRT4.dll
0x00007fff4c2e0000 - 0x00007fff4c4ac000 	C:\WINDOWS\System32\USER32.dll
0x00007fff4a1f0000 - 0x00007fff4a217000 	C:\WINDOWS\System32\win32u.dll
0x00007fff30bb0000 - 0x00007fff30e47000 	C:\WINDOWS\WinSxS\amd64_microsoft.windows.common-controls_6595b64144ccf1df_6.0.26100.3624_none_3e086962e3345f24\COMCTL32.dll
0x00007fff4b970000 - 0x00007fff4b99a000 	C:\WINDOWS\System32\GDI32.dll
0x00007fff4a360000 - 0x00007fff4a491000 	C:\WINDOWS\System32\gdi32full.dll
0x00007fff4a220000 - 0x00007fff4a2c3000 	C:\WINDOWS\System32\msvcp_win.dll
0x00007fff41dc0000 - 0x00007fff41dcb000 	C:\WINDOWS\SYSTEM32\VERSION.dll
0x00007fff4bd40000 - 0x00007fff4bd6f000 	C:\WINDOWS\System32\IMM32.DLL
0x00007fff26910000 - 0x00007fff2691c000 	C:\Program Files\Java\jdk-17\bin\vcruntime140_1.dll
0x00007fff07590000 - 0x00007fff0761e000 	C:\Program Files\Java\jdk-17\bin\msvcp140.dll
0x00007ffec2410000 - 0x00007ffec2ff0000 	C:\Program Files\Java\jdk-17\bin\server\jvm.dll
0x00007fff4c4b0000 - 0x00007fff4c4b8000 	C:\WINDOWS\System32\PSAPI.DLL
0x00007fff41d80000 - 0x00007fff41db6000 	C:\WINDOWS\SYSTEM32\WINMM.dll
0x00007fff268a0000 - 0x00007fff268aa000 	C:\WINDOWS\SYSTEM32\WSOCK32.dll
0x00007fff4ae90000 - 0x00007fff4af04000 	C:\WINDOWS\System32\WS2_32.dll
0x00007fff48690000 - 0x00007fff486aa000 	C:\WINDOWS\SYSTEM32\kernel.appcore.dll
0x00007fff26430000 - 0x00007fff2643a000 	C:\Program Files\Java\jdk-17\bin\jimage.dll
0x00007fff3d260000 - 0x00007fff3d4a1000 	C:\WINDOWS\SYSTEM32\DBGHELP.DLL
0x00007fff4a910000 - 0x00007fff4ac92000 	C:\WINDOWS\System32\combase.dll
0x00007fff4a640000 - 0x00007fff4a716000 	C:\WINDOWS\System32\OLEAUT32.dll
0x00007fff2f530000 - 0x00007fff2f569000 	C:\WINDOWS\SYSTEM32\dbgcore.DLL
0x00007fff499f0000 - 0x00007fff49a89000 	C:\WINDOWS\System32\bcryptPrimitives.dll
0x00007fff25b30000 - 0x00007fff25b3e000 	C:\Program Files\Java\jdk-17\bin\instrument.dll
0x00007fff0de40000 - 0x00007fff0de65000 	C:\Program Files\Java\jdk-17\bin\java.dll
0x00007fff05520000 - 0x00007fff055f7000 	C:\Program Files\Java\jdk-17\bin\jsvml.dll
0x00007fff4b170000 - 0x00007fff4b899000 	C:\WINDOWS\System32\SHELL32.dll
0x00007fff49880000 - 0x00007fff499e8000 	C:\WINDOWS\System32\wintypes.dll
0x00007fff47540000 - 0x00007fff47d92000 	C:\WINDOWS\SYSTEM32\windows.storage.dll
0x00007fff4c570000 - 0x00007fff4c65d000 	C:\WINDOWS\System32\SHCORE.dll
0x00007fff4bdc0000 - 0x00007fff4be24000 	C:\WINDOWS\System32\shlwapi.dll
0x00007fff49790000 - 0x00007fff497bf000 	C:\WINDOWS\SYSTEM32\profapi.dll
0x00007fff19c00000 - 0x00007fff19c18000 	C:\Program Files\Java\jdk-17\bin\zip.dll
0x00007fff0ffe0000 - 0x00007fff0fff9000 	C:\Program Files\Java\jdk-17\bin\net.dll
0x00007fff41c20000 - 0x00007fff41d3d000 	C:\WINDOWS\SYSTEM32\WINHTTP.dll
0x00007fff48bb0000 - 0x00007fff48c1a000 	C:\WINDOWS\system32\mswsock.dll
0x00007fff0fa30000 - 0x00007fff0fa46000 	C:\Program Files\Java\jdk-17\bin\nio.dll
0x00007fff1df00000 - 0x00007fff1df10000 	C:\Program Files\Java\jdk-17\bin\verify.dll
0x00007fff0cbc0000 - 0x00007fff0cbe7000 	C:\Users\Ari Awaludin\.gradle\native\c067742578af261105cb4f569cf0c3c89f3d7b1fecec35dd04571415982c5e48\windows-amd64\native-platform.dll
0x00007ffed0610000 - 0x00007ffed0754000 	C:\Users\Ari Awaludin\.gradle\native\100fb08df4bc3b14c8652ba06237920a3bd2aa13389f12d3474272988ae205f9\windows-amd64\native-platform-file-events.dll
0x00007fff10370000 - 0x00007fff1037a000 	C:\Program Files\Java\jdk-17\bin\management.dll
0x00007fff0e720000 - 0x00007fff0e72b000 	C:\Program Files\Java\jdk-17\bin\management_ext.dll
0x00007fff48ec0000 - 0x00007fff48edc000 	C:\WINDOWS\SYSTEM32\CRYPTSP.dll
0x00007fff485f0000 - 0x00007fff4862a000 	C:\WINDOWS\system32\rsaenh.dll
0x00007fff48c50000 - 0x00007fff48c7b000 	C:\WINDOWS\SYSTEM32\USERENV.dll
0x00007fff49760000 - 0x00007fff49786000 	C:\WINDOWS\SYSTEM32\bcrypt.dll
0x00007fff48ee0000 - 0x00007fff48eec000 	C:\WINDOWS\SYSTEM32\CRYPTBASE.dll
0x00007fff48170000 - 0x00007fff481a3000 	C:\WINDOWS\SYSTEM32\IPHLPAPI.DLL
0x00007fff4bd80000 - 0x00007fff4bd8a000 	C:\WINDOWS\System32\NSI.dll
0x00007fff42590000 - 0x00007fff425af000 	C:\WINDOWS\SYSTEM32\dhcpcsvc6.DLL
0x00007fff42560000 - 0x00007fff42585000 	C:\WINDOWS\SYSTEM32\dhcpcsvc.DLL
0x00007fff481b0000 - 0x00007fff482d5000 	C:\WINDOWS\SYSTEM32\DNSAPI.dll
0x00007fff0e5b0000 - 0x00007fff0e5be000 	C:\Program Files\Java\jdk-17\bin\sunmscapi.dll
0x00007fff49f20000 - 0x00007fff4a097000 	C:\WINDOWS\System32\CRYPT32.dll
0x00007fff490c0000 - 0x00007fff490f0000 	C:\WINDOWS\SYSTEM32\ncrypt.dll
0x00007fff49070000 - 0x00007fff490af000 	C:\WINDOWS\SYSTEM32\NTASN1.dll
0x00007fff0e250000 - 0x00007fff0e258000 	C:\WINDOWS\system32\wshunix.dll

dbghelp: loaded successfully - version: 4.0.5 - missing functions: none
symbol engine: initialized successfully - sym options: 0x614 - pdb path: .;C:\Program Files\Java\jdk-17\bin;C:\WINDOWS\SYSTEM32;C:\WINDOWS\WinSxS\amd64_microsoft.windows.common-controls_6595b64144ccf1df_6.0.26100.3624_none_3e086962e3345f24;C:\Program Files\Java\jdk-17\bin\server;C:\Users\Ari Awaludin\.gradle\native\c067742578af261105cb4f569cf0c3c89f3d7b1fecec35dd04571415982c5e48\windows-amd64;C:\Users\Ari Awaludin\.gradle\native\100fb08df4bc3b14c8652ba06237920a3bd2aa13389f12d3474272988ae205f9\windows-amd64

VM Arguments:
jvm_args: --add-opens=java.base/java.lang=ALL-UNNAMED --add-opens=java.base/java.lang.invoke=ALL-UNNAMED --add-opens=java.base/java.util=ALL-UNNAMED --add-opens=java.prefs/java.util.prefs=ALL-UNNAMED --add-exports=jdk.compiler/com.sun.tools.javac.api=ALL-UNNAMED --add-exports=jdk.compiler/com.sun.tools.javac.util=ALL-UNNAMED --add-opens=java.base/java.util=ALL-UNNAMED --add-opens=java.prefs/java.util.prefs=ALL-UNNAMED --add-opens=java.base/java.nio.charset=ALL-UNNAMED --add-opens=java.base/java.net=ALL-UNNAMED --add-opens=java.base/java.util.concurrent.atomic=ALL-UNNAMED --add-opens=java.xml/javax.xml.namespace=ALL-UNNAMED -Xmx2048m -Dfile.encoding=UTF-8 -Duser.country=ID -Duser.language=en -Duser.variant -javaagent:C:\Users\Ari Awaludin\.gradle\wrapper\dists\gradle-8.11.1-bin\bpt9gzteqjrbo1mjrsomdt32c\gradle-8.11.1\lib\agents\gradle-instrumentation-agent-8.11.1.jar 
java_command: org.gradle.launcher.daemon.bootstrap.GradleDaemon 8.11.1
java_class_path (initial): C:\Users\Ari Awaludin\.gradle\wrapper\dists\gradle-8.11.1-bin\bpt9gzteqjrbo1mjrsomdt32c\gradle-8.11.1\lib\gradle-daemon-main-8.11.1.jar
Launcher Type: SUN_STANDARD

[Global flags]
     intx CICompilerCount                          = 4                                         {product} {ergonomic}
     uint ConcGCThreads                            = 3                                         {product} {ergonomic}
     uint G1ConcRefinementThreads                  = 10                                        {product} {ergonomic}
   size_t G1HeapRegionSize                         = 1048576                                   {product} {ergonomic}
    uintx GCDrainStackTargetSize                   = 64                                        {product} {ergonomic}
   size_t InitialHeapSize                          = 123731968                                 {product} {ergonomic}
   size_t MarkStackSize                            = 4194304                                   {product} {ergonomic}
   size_t MaxHeapSize                              = 2147483648                                {product} {command line}
   size_t MaxNewSize                               = 1287651328                                {product} {ergonomic}
   size_t MinHeapDeltaBytes                        = 1048576                                   {product} {ergonomic}
   size_t MinHeapSize                              = 8388608                                   {product} {ergonomic}
    uintx NonNMethodCodeHeapSize                   = 5839372                                {pd product} {ergonomic}
    uintx NonProfiledCodeHeapSize                  = 122909434                              {pd product} {ergonomic}
    uintx ProfiledCodeHeapSize                     = 122909434                              {pd product} {ergonomic}
    uintx ReservedCodeCacheSize                    = 251658240                              {pd product} {ergonomic}
     bool SegmentedCodeCache                       = true                                      {product} {ergonomic}
   size_t SoftMaxHeapSize                          = 2147483648                             {manageable} {ergonomic}
     bool UseCompressedClassPointers               = true                           {product lp64_product} {ergonomic}
     bool UseCompressedOops                        = true                           {product lp64_product} {ergonomic}
     bool UseG1GC                                  = true                                      {product} {ergonomic}
     bool UseLargePagesIndividualAllocation        = false                                  {pd product} {ergonomic}

Logging:
Log output configuration:
 #0: stdout all=warning uptime,level,tags
 #1: stderr all=off uptime,level,tags

Environment Variables:
JAVA_HOME=C:\Program Files\Java\jdk-17\bin
PATH=C:\Program Files (x86)\Common Files\Intel\Shared Libraries\redist\intel64\compiler;C:\WINDOWS\system32;C:\WINDOWS;C:\WINDOWS\System32\Wbem;C:\WINDOWS\System32\WindowsPowerShell\v1.0\;C:\WINDOWS\System32\OpenSSH\;C:\Program Files\dotnet\;C:\Program Files\HP\HP One Agent;C:\Program Files\Git\cmd;C:\ProgramData\ComposerSetup\bin;C:\Users\Ari Awaludin\AppData\Local\Packages\PythonSoftwareFoundation.Python.3.11_qbz5n2kfra8p0\LocalCache\local-packages\Python311\Scripts;C:\WINDOWS\system32;C:\WINDOWS;C:\WINDOWS\System32\Wbem;C:\WINDOWS\System32\WindowsPowerShell\v1.0\;C:\WINDOWS\System32\OpenSSH\;C:\Users\Ari Awaludin\AppData\Local\Microsoft\WindowsApps\PythonSoftwareFoundation.Python.3.11_qbz5n2kfra8p0;C:\xampp\php;C:\Program Files\Go\bin;C:\Program Files\nodejs\;C:\ProgramData\chocolatey\bin;C:\Program Files\Java\jdk-17\bin\bin;C:\adb\platform-tools;C:\Android\Sdk;C:\flutter\src\flutter\bin;C:\Program Files\Java\jdk-11\bin;C:\Program Files (x86)\Microsoft SQL Server\160\DTS\Binn\;C:\Program Files (x86)\Microsoft SQL Server\160\Tools\Binn\;C:\Program Files\Microsoft SQL Server\160\Tools\Binn\;C:\Program Files\Microsoft SQL Server\Client SDK\ODBC\170\Tools\Binn\;C:\Program Files\Microsoft SQL Server\160\DTS\Binn\;C:\Program Files\Microsoft SQL Server\Client SDK\ODBC\170\Tools\Binn\;C:\Android\Sdk\emulator;C:\Program Files\Java\jdk-17\bin;%PNPM_HOME%;C:\laragon\bin;C:\laragon\bin\apache\httpd-2.4.54-win64-VS16\bin;C:\laragon\bin\composer;C:\laragon\bin\git\bin;C:\laragon\bin\git\cmd;C:\laragon\bin\git\mingw64\bin;C:\laragon\bin\git\usr\bin;C:\laragon\bin\laragon\utils;C:\laragon\bin\mysql\mysql-8.0.30-winx64\bin;C:\laragon\bin\nginx\nginx-1.22.0;C:\laragon\bin\ngrok;C:\laragon\bin\notepad++;C:\laragon\bin\python\python-3.10;C:\laragon\bin\python\python-3.10\Scripts;C:\laragon\bin\redis\redis-x64-5.0.14.1;C:\laragon\bin\telnet;C:\laragon\usr\bin;C:\Users\Ari Awaludin\AppData\Local\Yarn\config\global\node_modules\.bin;C:\Users\Ari Awaludin\AppData\Roaming\Composer\vendor\bi
USERNAME=Ari Awaludin
OS=Windows_NT
PROCESSOR_IDENTIFIER=AMD64 Family 23 Model 104 Stepping 1, AuthenticAMD



---------------  S Y S T E M  ---------------

OS:
 Windows 11 , 64 bit Build 26100 (10.0.26100.3775)
OS uptime: 3 days 9:40 hours

CPU: total 12 (initial active 12) (12 cores per cpu, 2 threads per core) family 23 model 104 stepping 1 microcode 0x8608104, cx8, cmov, fxsr, ht, mmx, 3dnowpref, sse, sse2, sse3, ssse3, sse4a, sse4.1, sse4.2, popcnt, lzcnt, tsc, tscinvbit, avx, avx2, aes, clmul, bmi1, bmi2, adx, sha, fma, vzeroupper, clflush, clflushopt

Memory: 4k page, system-wide physical 7502M (842M free)
TotalPageFile size 19790M (AvailPageFile size 21M)
current process WorkingSet (physical memory assigned to process): 240M, peak: 240M
current process commit charge ("private bytes"): 290M, peak: 290M

vm_info: Java HotSpot(TM) 64-Bit Server VM (17.0.12+8-LTS-286) for windows-amd64 JRE (17.0.12+8-LTS-286), built on Jun  5 2024 06:46:59 by "mach5one" with MS VC++ 17.6 (VS2022)

END.
