#
# There is insufficient memory for the Java Runtime Environment to continue.
# Native memory allocation (malloc) failed to allocate 861776 bytes for Chunk::new
# Possible reasons:
#   The system is out of physical RAM or swap space
#   The process is running with CompressedOops enabled, and the Java Heap may be blocking the growth of the native heap
# Possible solutions:
#   Reduce memory load on the system
#   Increase physical memory or swap space
#   Check if swap backing store is full
#   Decrease Java heap size (-Xmx/-Xms)
#   Decrease number of Java threads
#   Decrease Java thread stack sizes (-Xss)
#   Set larger code cache with -XX:ReservedCodeCacheSize=
#   JVM is running with Unscaled Compressed Oops mode in which the Java heap is
#     placed in the first 4GB address space. The Java Heap base address is the
#     maximum limit for the native heap growth. Please use -XX:HeapBaseMinAddress
#     to set the Java Heap base and to place the Java Heap above 4GB virtual address.
# This output file may be truncated or incomplete.
#
#  Out of Memory Error (arena.cpp:189), pid=7232, tid=2216
#
# JRE version: Java(TM) SE Runtime Environment (17.0.12+8) (build 17.0.12+8-LTS-286)
# Java VM: Java HotSpot(TM) 64-Bit Server VM (17.0.12+8-LTS-286, mixed mode, sharing, tiered, compressed oops, compressed class ptrs, g1 gc, windows-amd64)
# No core dump will be written. Minidumps are not enabled by default on client versions of Windows
#

---------------  S U M M A R Y ------------

Command Line: --add-opens=java.base/java.lang=ALL-UNNAMED --add-opens=java.base/java.lang.invoke=ALL-UNNAMED --add-opens=java.base/java.util=ALL-UNNAMED --add-opens=java.prefs/java.util.prefs=ALL-UNNAMED --add-exports=jdk.compiler/com.sun.tools.javac.api=ALL-UNNAMED --add-exports=jdk.compiler/com.sun.tools.javac.util=ALL-UNNAMED --add-opens=java.base/java.util=ALL-UNNAMED --add-opens=java.prefs/java.util.prefs=ALL-UNNAMED --add-opens=java.base/java.nio.charset=ALL-UNNAMED --add-opens=java.base/java.net=ALL-UNNAMED --add-opens=java.base/java.util.concurrent.atomic=ALL-UNNAMED --add-opens=java.xml/javax.xml.namespace=ALL-UNNAMED -Xmx2048m -Dfile.encoding=UTF-8 -Duser.country=ID -Duser.language=en -Duser.variant -javaagent:C:\Users\Ari Awaludin\.gradle\wrapper\dists\gradle-8.11.1-bin\bpt9gzteqjrbo1mjrsomdt32c\gradle-8.11.1\lib\agents\gradle-instrumentation-agent-8.11.1.jar org.gradle.launcher.daemon.bootstrap.GradleDaemon 8.11.1

Host: AMD Ryzen 5 5500U with Radeon Graphics         , 12 cores, 7G,  Windows 11 , 64 bit Build 26100 (10.0.26100.3775)
Time: Sun Apr 13 22:55:32 2025 SE Asia Standard Time elapsed time: 9.185325 seconds (0d 0h 0m 9s)

---------------  T H R E A D  ---------------

Current thread (0x0000028522c84d80):  JavaThread "C2 CompilerThread0" daemon [_thread_in_native, id=2216, stack(0x000000ae6d600000,0x000000ae6d700000)]


Current CompileTask:
C2:   9185 3971       4       java.lang.String::split (327 bytes)

Stack: [0x000000ae6d600000,0x000000ae6d700000]
Native frames: (J=compiled Java code, j=interpreted, Vv=VM code, C=native code)
V  [jvm.dll+0x67a04a]
V  [jvm.dll+0x7da4ed]
V  [jvm.dll+0x7dbe33]
V  [jvm.dll+0x7dc4a3]
V  [jvm.dll+0x24508f]
V  [jvm.dll+0xab773]
V  [jvm.dll+0xabd3c]
V  [jvm.dll+0x2aa52f]
V  [jvm.dll+0x581eb9]
V  [jvm.dll+0x21f422]
V  [jvm.dll+0x21f81f]
V  [jvm.dll+0x218aa0]
V  [jvm.dll+0x215b65]
V  [jvm.dll+0x1a2960]
V  [jvm.dll+0x22610b]
V  [jvm.dll+0x2242ab]
V  [jvm.dll+0x79075c]
V  [jvm.dll+0x78abea]
V  [jvm.dll+0x678f35]
C  [ucrtbase.dll+0x37b0]
C  [KERNEL32.DLL+0x2e8d7]
C  [ntdll.dll+0xb14fc]


---------------  P R O C E S S  ---------------

Threads class SMR info:
_java_thread_list=0x00000285692ebd70, length=34, elements={
0x0000028503e8cae0, 0x0000028522c626e0, 0x0000028522c651c0, 0x0000028522c7ba40,
0x0000028522c7e320, 0x0000028522c7ebf0, 0x0000028522c81e80, 0x0000028522c84d80,
0x0000028522c95e40, 0x0000028522c97f00, 0x0000028522ccea80, 0x0000028568166340,
0x000002856969a470, 0x0000028569cb3c10, 0x0000028569c575f0, 0x00000285695fd8e0,
0x0000028569cc2190, 0x00000285694f9930, 0x00000285694f6180, 0x00000285694f8a00,
0x00000285694f84f0, 0x00000285694f6690, 0x00000285694f7fe0, 0x00000285694f70b0,
0x00000285694f75c0, 0x00000285694f8f10, 0x00000285694f7ad0, 0x00000285694f6ba0,
0x00000285694f9420, 0x000002856b73b5c0, 0x000002856b739c70, 0x000002856b739760,
0x000002856b73ca00, 0x000002856b73b0b0
}

Java Threads: ( => current thread )
  0x0000028503e8cae0 JavaThread "main" [_thread_blocked, id=11832, stack(0x000000ae6c900000,0x000000ae6ca00000)]
  0x0000028522c626e0 JavaThread "Reference Handler" daemon [_thread_blocked, id=20004, stack(0x000000ae6d000000,0x000000ae6d100000)]
  0x0000028522c651c0 JavaThread "Finalizer" daemon [_thread_blocked, id=15696, stack(0x000000ae6d100000,0x000000ae6d200000)]
  0x0000028522c7ba40 JavaThread "Signal Dispatcher" daemon [_thread_blocked, id=16044, stack(0x000000ae6d200000,0x000000ae6d300000)]
  0x0000028522c7e320 JavaThread "Attach Listener" daemon [_thread_blocked, id=17476, stack(0x000000ae6d300000,0x000000ae6d400000)]
  0x0000028522c7ebf0 JavaThread "Service Thread" daemon [_thread_blocked, id=9064, stack(0x000000ae6d400000,0x000000ae6d500000)]
  0x0000028522c81e80 JavaThread "Monitor Deflation Thread" daemon [_thread_blocked, id=23872, stack(0x000000ae6d500000,0x000000ae6d600000)]
=>0x0000028522c84d80 JavaThread "C2 CompilerThread0" daemon [_thread_in_native, id=2216, stack(0x000000ae6d600000,0x000000ae6d700000)]
  0x0000028522c95e40 JavaThread "C1 CompilerThread0" daemon [_thread_blocked, id=17800, stack(0x000000ae6d700000,0x000000ae6d800000)]
  0x0000028522c97f00 JavaThread "Sweeper thread" daemon [_thread_blocked, id=22372, stack(0x000000ae6d800000,0x000000ae6d900000)]
  0x0000028522ccea80 JavaThread "Common-Cleaner" daemon [_thread_blocked, id=18364, stack(0x000000ae6d900000,0x000000ae6da00000)]
  0x0000028568166340 JavaThread "Notification Thread" daemon [_thread_blocked, id=10868, stack(0x000000ae6da00000,0x000000ae6db00000)]
  0x000002856969a470 JavaThread "Daemon health stats" [_thread_blocked, id=21708, stack(0x000000ae6e000000,0x000000ae6e100000)]
  0x0000028569cb3c10 JavaThread "Incoming local TCP Connector on port 59614" [_thread_in_native, id=17568, stack(0x000000ae6e100000,0x000000ae6e200000)]
  0x0000028569c575f0 JavaThread "Daemon periodic checks" [_thread_blocked, id=9616, stack(0x000000ae6e200000,0x000000ae6e300000)]
  0x00000285695fd8e0 JavaThread "C2 CompilerThread1" daemon [_thread_in_native, id=5648, stack(0x000000ae6e300000,0x000000ae6e400000)]
  0x0000028569cc2190 JavaThread "Daemon" [_thread_blocked, id=7356, stack(0x000000ae6e400000,0x000000ae6e500000)]
  0x00000285694f9930 JavaThread "Handler for socket connection from /127.0.0.1:59614 to /127.0.0.1:59615" [_thread_in_native, id=19464, stack(0x000000ae6e500000,0x000000ae6e600000)]
  0x00000285694f6180 JavaThread "Cancel handler" [_thread_blocked, id=22060, stack(0x000000ae6e600000,0x000000ae6e700000)]
  0x00000285694f8a00 JavaThread "Daemon worker" [_thread_in_vm, id=24500, stack(0x000000ae6e700000,0x000000ae6e800000)]
  0x00000285694f84f0 JavaThread "Asynchronous log dispatcher for DefaultDaemonConnection: socket connection from /127.0.0.1:59614 to /127.0.0.1:59615" [_thread_blocked, id=22784, stack(0x000000ae6e800000,0x000000ae6e900000)]
  0x00000285694f6690 JavaThread "Stdin handler" [_thread_blocked, id=9556, stack(0x000000ae6e900000,0x000000ae6ea00000)]
  0x00000285694f7fe0 JavaThread "Daemon client event forwarder" [_thread_blocked, id=8332, stack(0x000000ae6ea00000,0x000000ae6eb00000)]
  0x00000285694f70b0 JavaThread "Cache worker for journal cache (C:\Users\Ari Awaludin\.gradle\caches\journal-1)" [_thread_blocked, id=13260, stack(0x000000ae6eb00000,0x000000ae6ec00000)]
  0x00000285694f75c0 JavaThread "File lock request listener" [_thread_in_native, id=3104, stack(0x000000ae6ec00000,0x000000ae6ed00000)]
  0x00000285694f8f10 JavaThread "Cache worker for file hash cache (C:\Users\Ari Awaludin\.gradle\caches\8.11.1\fileHashes)" [_thread_blocked, id=6584, stack(0x000000ae6ed00000,0x000000ae6ee00000)]
  0x00000285694f7ad0 JavaThread "Cache worker for file content cache (C:\Users\Ari Awaludin\.gradle\caches\8.11.1\fileContent)" [_thread_blocked, id=22488, stack(0x000000ae6f300000,0x000000ae6f400000)]
  0x00000285694f6ba0 JavaThread "Cache worker for file hash cache (C:\Project\MyApplication3\.gradle\8.11.1\fileHashes)" [_thread_blocked, id=19644, stack(0x000000ae6f400000,0x000000ae6f500000)]
  0x00000285694f9420 JavaThread "Cache worker for Build Output Cleanup Cache (C:\Project\MyApplication3\.gradle\buildOutputCleanup)" [_thread_blocked, id=22764, stack(0x000000ae6f500000,0x000000ae6f600000)]
  0x000002856b73b5c0 JavaThread "File watcher server" daemon [_thread_in_native, id=12172, stack(0x000000ae6f800000,0x000000ae6f900000)]
  0x000002856b739c70 JavaThread "File watcher consumer" daemon [_thread_blocked, id=14904, stack(0x000000ae6f900000,0x000000ae6fa00000)]
  0x000002856b739760 JavaThread "Cache worker for checksums cache (C:\Project\MyApplication3\.gradle\8.11.1\checksums)" [_thread_blocked, id=1736, stack(0x000000ae6fa00000,0x000000ae6fb00000)]
  0x000002856b73ca00 JavaThread "Cache worker for cache directory md-rule (C:\Users\Ari Awaludin\.gradle\caches\8.11.1\md-rule)" [_thread_blocked, id=5932, stack(0x000000ae6fb00000,0x000000ae6fc00000)]
  0x000002856b73b0b0 JavaThread "Cache worker for cache directory md-supplier (C:\Users\Ari Awaludin\.gradle\caches\8.11.1\md-supplier)" [_thread_blocked, id=6440, stack(0x000000ae6fc00000,0x000000ae6fd00000)]

Other Threads:
  0x0000028522c60900 VMThread "VM Thread" [stack: 0x000000ae6cf00000,0x000000ae6d000000] [id=7912]
  0x0000028503e8ec80 WatcherThread [stack: 0x000000ae6db00000,0x000000ae6dc00000] [id=2144]
  0x000002850250e870 GCTaskThread "GC Thread#0" [stack: 0x000000ae6ca00000,0x000000ae6cb00000] [id=12460]
  0x000002856851eb30 GCTaskThread "GC Thread#1" [stack: 0x000000ae6dc00000,0x000000ae6dd00000] [id=22436]
  0x00000285686849d0 GCTaskThread "GC Thread#2" [stack: 0x000000ae6dd00000,0x000000ae6de00000] [id=18072]
  0x00000285687d1b00 GCTaskThread "GC Thread#3" [stack: 0x000000ae6de00000,0x000000ae6df00000] [id=9780]
  0x00000285685110d0 GCTaskThread "GC Thread#4" [stack: 0x000000ae6df00000,0x000000ae6e000000] [id=3128]
  0x000002856a065ac0 GCTaskThread "GC Thread#5" [stack: 0x000000ae6ee00000,0x000000ae6ef00000] [id=3096]
  0x000002856a065d80 GCTaskThread "GC Thread#6" [stack: 0x000000ae6ef00000,0x000000ae6f000000] [id=5732]
  0x0000028569dd40a0 GCTaskThread "GC Thread#7" [stack: 0x000000ae6f000000,0x000000ae6f100000] [id=23520]
  0x0000028569dd4360 GCTaskThread "GC Thread#8" [stack: 0x000000ae6f100000,0x000000ae6f200000] [id=15164]
  0x0000028569ebfd90 GCTaskThread "GC Thread#9" [stack: 0x000000ae6f200000,0x000000ae6f300000] [id=6224]
  0x0000028503ef8300 ConcurrentGCThread "G1 Main Marker" [stack: 0x000000ae6cb00000,0x000000ae6cc00000] [id=17756]
  0x0000028503efa170 ConcurrentGCThread "G1 Conc#0" [stack: 0x000000ae6cc00000,0x000000ae6cd00000] [id=6500]
  0x000002856a85b600 ConcurrentGCThread "G1 Conc#1" [stack: 0x000000ae6f600000,0x000000ae6f700000] [id=13204]
  0x000002856a85c100 ConcurrentGCThread "G1 Conc#2" [stack: 0x000000ae6f700000,0x000000ae6f800000] [id=8884]
  0x0000028522b1b190 ConcurrentGCThread "G1 Refine#0" [stack: 0x000000ae6cd00000,0x000000ae6ce00000] [id=15832]
  0x0000028522b1b970 ConcurrentGCThread "G1 Service" [stack: 0x000000ae6ce00000,0x000000ae6cf00000] [id=22620]

Threads with active compile tasks:
C2 CompilerThread0     9213 3971       4       java.lang.String::split (327 bytes)
C2 CompilerThread1     9213 3994 %     4       java.net.URI::decode @ 82 (380 bytes)

VM state: not at safepoint (normal execution)

VM Mutex/Monitor currently owned by a thread: None

Heap address: 0x0000000080000000, size: 2048 MB, Compressed Oops mode: 32-bit

CDS archive(s) mapped at: [0x0000028523000000-0x0000028523bd0000-0x0000028523bd0000), size 12386304, SharedBaseAddress: 0x0000028523000000, ArchiveRelocationMode: 1.
Compressed class space mapped at: 0x0000028524000000-0x0000028564000000, reserved size: 1073741824
Narrow klass base: 0x0000028523000000, Narrow klass shift: 0, Narrow klass range: 0x100000000

GC Precious Log:
 CPUs: 12 total, 12 available
 Memory: 7502M
 Large Page Support: Disabled
 NUMA Support: Disabled
 Compressed Oops: Enabled (32-bit)
 Heap Region Size: 1M
 Heap Min Capacity: 8M
 Heap Initial Capacity: 118M
 Heap Max Capacity: 2G
 Pre-touch: Disabled
 Parallel Workers: 10
 Concurrent Workers: 3
 Concurrent Refinement Workers: 10
 Periodic GC: Disabled

Heap:
 garbage-first heap   total 89088K, used 62795K [0x0000000080000000, 0x0000000100000000)
  region size 1024K, 38 young (38912K), 6 survivors (6144K)
 Metaspace       used 33340K, committed 33664K, reserved 1114112K
  class space    used 4705K, committed 4864K, reserved 1048576K

Heap Regions: E=young(eden), S=young(survivor), O=old, HS=humongous(starts), HC=humongous(continues), CS=collection set, F=free, OA=open archive, CA=closed archive, TAMS=top-at-mark-start (previous, next)
|   0|0x0000000080000000, 0x0000000080100000, 0x0000000080100000|100%| O|  |TAMS 0x0000000080100000, 0x0000000080000000| Untracked 
|   1|0x0000000080100000, 0x0000000080200000, 0x0000000080200000|100%|HS|  |TAMS 0x0000000080200000, 0x0000000080100000| Complete 
|   2|0x0000000080200000, 0x0000000080300000, 0x0000000080300000|100%|HC|  |TAMS 0x0000000080300000, 0x0000000080200000| Complete 
|   3|0x0000000080300000, 0x0000000080400000, 0x0000000080400000|100%|HC|  |TAMS 0x0000000080400000, 0x0000000080300000| Complete 
|   4|0x0000000080400000, 0x0000000080500000, 0x0000000080500000|100%| O|  |TAMS 0x0000000080500000, 0x0000000080400000| Untracked 
|   5|0x0000000080500000, 0x0000000080600000, 0x0000000080600000|100%| O|  |TAMS 0x0000000080600000, 0x0000000080500000| Untracked 
|   6|0x0000000080600000, 0x0000000080700000, 0x0000000080700000|100%| O|  |TAMS 0x0000000080700000, 0x0000000080600000| Untracked 
|   7|0x0000000080700000, 0x0000000080800000, 0x0000000080800000|100%|HS|  |TAMS 0x0000000080800000, 0x0000000080700000| Complete 
|   8|0x0000000080800000, 0x0000000080900000, 0x0000000080900000|100%| O|  |TAMS 0x000000008080a200, 0x0000000080800000| Untracked 
|   9|0x0000000080900000, 0x0000000080a00000, 0x0000000080a00000|100%| O|  |TAMS 0x0000000080a00000, 0x0000000080900000| Untracked 
|  10|0x0000000080a00000, 0x0000000080b00000, 0x0000000080b00000|100%| O|  |TAMS 0x0000000080b00000, 0x0000000080a00000| Untracked 
|  11|0x0000000080b00000, 0x0000000080c00000, 0x0000000080c00000|100%| O|  |TAMS 0x0000000080c00000, 0x0000000080b00000| Untracked 
|  12|0x0000000080c00000, 0x0000000080d00000, 0x0000000080d00000|100%| O|  |TAMS 0x0000000080d00000, 0x0000000080c00000| Untracked 
|  13|0x0000000080d00000, 0x0000000080e00000, 0x0000000080e00000|100%| O|  |TAMS 0x0000000080d00000, 0x0000000080d00000| Untracked 
|  14|0x0000000080e00000, 0x0000000080f00000, 0x0000000080f00000|100%| O|  |TAMS 0x0000000080e00000, 0x0000000080e00000| Untracked 
|  15|0x0000000080f00000, 0x0000000081000000, 0x0000000081000000|100%| O|  |TAMS 0x0000000080f00000, 0x0000000080f00000| Untracked 
|  16|0x0000000081000000, 0x0000000081100000, 0x0000000081100000|100%| O|  |TAMS 0x0000000081000000, 0x0000000081000000| Untracked 
|  17|0x0000000081100000, 0x0000000081200000, 0x0000000081200000|100%| O|  |TAMS 0x0000000081100000, 0x0000000081100000| Untracked 
|  18|0x0000000081200000, 0x0000000081300000, 0x0000000081300000|100%| O|  |TAMS 0x0000000081200000, 0x0000000081200000| Untracked 
|  19|0x0000000081300000, 0x0000000081400000, 0x0000000081400000|100%| O|  |TAMS 0x0000000081300000, 0x0000000081300000| Untracked 
|  20|0x0000000081400000, 0x00000000814dcc00, 0x0000000081500000| 86%| O|  |TAMS 0x0000000081400000, 0x0000000081400000| Untracked 
|  21|0x0000000081500000, 0x0000000081600000, 0x0000000081600000|100%| O|  |TAMS 0x0000000081500000, 0x0000000081500000| Untracked 
|  22|0x0000000081600000, 0x0000000081700000, 0x0000000081700000|100%| O|  |TAMS 0x0000000081600000, 0x0000000081600000| Untracked 
|  23|0x0000000081700000, 0x0000000081800000, 0x0000000081800000|100%| O|  |TAMS 0x0000000081700000, 0x0000000081700000| Untracked 
|  24|0x0000000081800000, 0x0000000081876200, 0x0000000081900000| 46%| O|  |TAMS 0x0000000081800000, 0x0000000081800000| Untracked 
|  25|0x0000000081900000, 0x0000000081900000, 0x0000000081a00000|  0%| F|  |TAMS 0x0000000081900000, 0x0000000081900000| Untracked 
|  26|0x0000000081a00000, 0x0000000081a00000, 0x0000000081b00000|  0%| F|  |TAMS 0x0000000081a00000, 0x0000000081a00000| Untracked 
|  27|0x0000000081b00000, 0x0000000081b00000, 0x0000000081c00000|  0%| F|  |TAMS 0x0000000081b00000, 0x0000000081b00000| Untracked 
|  28|0x0000000081c00000, 0x0000000081c00000, 0x0000000081d00000|  0%| F|  |TAMS 0x0000000081c00000, 0x0000000081c00000| Untracked 
|  29|0x0000000081d00000, 0x0000000081d00000, 0x0000000081e00000|  0%| F|  |TAMS 0x0000000081d00000, 0x0000000081d00000| Untracked 
|  30|0x0000000081e00000, 0x0000000081e00000, 0x0000000081f00000|  0%| F|  |TAMS 0x0000000081e00000, 0x0000000081e00000| Untracked 
|  31|0x0000000081f00000, 0x0000000081f00000, 0x0000000082000000|  0%| F|  |TAMS 0x0000000081f00000, 0x0000000081f00000| Untracked 
|  32|0x0000000082000000, 0x0000000082000000, 0x0000000082100000|  0%| F|  |TAMS 0x0000000082000000, 0x0000000082000000| Untracked 
|  33|0x0000000082100000, 0x0000000082100000, 0x0000000082200000|  0%| F|  |TAMS 0x0000000082100000, 0x0000000082100000| Untracked 
|  34|0x0000000082200000, 0x0000000082200000, 0x0000000082300000|  0%| F|  |TAMS 0x0000000082200000, 0x0000000082200000| Untracked 
|  35|0x0000000082300000, 0x0000000082300000, 0x0000000082400000|  0%| F|  |TAMS 0x0000000082300000, 0x0000000082300000| Untracked 
|  36|0x0000000082400000, 0x0000000082400000, 0x0000000082500000|  0%| F|  |TAMS 0x0000000082400000, 0x0000000082400000| Untracked 
|  37|0x0000000082500000, 0x0000000082500000, 0x0000000082600000|  0%| F|  |TAMS 0x0000000082500000, 0x0000000082500000| Untracked 
|  38|0x0000000082600000, 0x0000000082600000, 0x0000000082700000|  0%| F|  |TAMS 0x0000000082600000, 0x0000000082600000| Untracked 
|  39|0x0000000082700000, 0x0000000082700000, 0x0000000082800000|  0%| F|  |TAMS 0x0000000082700000, 0x0000000082700000| Untracked 
|  40|0x0000000082800000, 0x0000000082800000, 0x0000000082900000|  0%| F|  |TAMS 0x0000000082800000, 0x0000000082800000| Untracked 
|  41|0x0000000082900000, 0x0000000082a00000, 0x0000000082a00000|100%| S|CS|TAMS 0x0000000082900000, 0x0000000082900000| Complete 
|  42|0x0000000082a00000, 0x0000000082b00000, 0x0000000082b00000|100%| S|CS|TAMS 0x0000000082a00000, 0x0000000082a00000| Complete 
|  43|0x0000000082b00000, 0x0000000082c00000, 0x0000000082c00000|100%| S|CS|TAMS 0x0000000082b00000, 0x0000000082b00000| Complete 
|  44|0x0000000082c00000, 0x0000000082d00000, 0x0000000082d00000|100%| S|CS|TAMS 0x0000000082c00000, 0x0000000082c00000| Complete 
|  45|0x0000000082d00000, 0x0000000082e00000, 0x0000000082e00000|100%| S|CS|TAMS 0x0000000082d00000, 0x0000000082d00000| Complete 
|  46|0x0000000082e00000, 0x0000000082f00000, 0x0000000082f00000|100%| S|CS|TAMS 0x0000000082e00000, 0x0000000082e00000| Complete 
|  47|0x0000000082f00000, 0x0000000082f00000, 0x0000000083000000|  0%| F|  |TAMS 0x0000000082f00000, 0x0000000082f00000| Untracked 
|  48|0x0000000083000000, 0x0000000083000000, 0x0000000083100000|  0%| F|  |TAMS 0x0000000083000000, 0x0000000083000000| Untracked 
|  49|0x0000000083100000, 0x0000000083100000, 0x0000000083200000|  0%| F|  |TAMS 0x0000000083100000, 0x0000000083100000| Untracked 
|  50|0x0000000083200000, 0x0000000083200000, 0x0000000083300000|  0%| F|  |TAMS 0x0000000083200000, 0x0000000083200000| Untracked 
|  51|0x0000000083300000, 0x0000000083300000, 0x0000000083400000|  0%| F|  |TAMS 0x0000000083300000, 0x0000000083300000| Untracked 
|  52|0x0000000083400000, 0x0000000083400000, 0x0000000083500000|  0%| F|  |TAMS 0x0000000083400000, 0x0000000083400000| Untracked 
|  53|0x0000000083500000, 0x0000000083500000, 0x0000000083600000|  0%| F|  |TAMS 0x0000000083500000, 0x0000000083500000| Untracked 
|  54|0x0000000083600000, 0x0000000083600000, 0x0000000083700000|  0%| F|  |TAMS 0x0000000083600000, 0x0000000083600000| Untracked 
|  55|0x0000000083700000, 0x0000000083780800, 0x0000000083800000| 50%| E|  |TAMS 0x0000000083700000, 0x0000000083700000| Complete 
|  56|0x0000000083800000, 0x0000000083900000, 0x0000000083900000|100%| E|CS|TAMS 0x0000000083800000, 0x0000000083800000| Complete 
|  57|0x0000000083900000, 0x0000000083a00000, 0x0000000083a00000|100%| E|CS|TAMS 0x0000000083900000, 0x0000000083900000| Complete 
|  58|0x0000000083a00000, 0x0000000083b00000, 0x0000000083b00000|100%| E|CS|TAMS 0x0000000083a00000, 0x0000000083a00000| Complete 
|  59|0x0000000083b00000, 0x0000000083c00000, 0x0000000083c00000|100%| E|CS|TAMS 0x0000000083b00000, 0x0000000083b00000| Complete 
|  60|0x0000000083c00000, 0x0000000083d00000, 0x0000000083d00000|100%| E|CS|TAMS 0x0000000083c00000, 0x0000000083c00000| Complete 
|  61|0x0000000083d00000, 0x0000000083e00000, 0x0000000083e00000|100%| E|CS|TAMS 0x0000000083d00000, 0x0000000083d00000| Complete 
|  62|0x0000000083e00000, 0x0000000083f00000, 0x0000000083f00000|100%| E|CS|TAMS 0x0000000083e00000, 0x0000000083e00000| Complete 
|  63|0x0000000083f00000, 0x0000000084000000, 0x0000000084000000|100%| E|CS|TAMS 0x0000000083f00000, 0x0000000083f00000| Complete 
|  64|0x0000000084000000, 0x0000000084100000, 0x0000000084100000|100%| E|CS|TAMS 0x0000000084000000, 0x0000000084000000| Complete 
|  65|0x0000000084100000, 0x0000000084200000, 0x0000000084200000|100%| E|CS|TAMS 0x0000000084100000, 0x0000000084100000| Complete 
|  66|0x0000000084200000, 0x0000000084300000, 0x0000000084300000|100%| E|CS|TAMS 0x0000000084200000, 0x0000000084200000| Complete 
|  67|0x0000000084300000, 0x0000000084400000, 0x0000000084400000|100%| E|CS|TAMS 0x0000000084300000, 0x0000000084300000| Complete 
|  68|0x0000000084400000, 0x0000000084500000, 0x0000000084500000|100%| E|CS|TAMS 0x0000000084400000, 0x0000000084400000| Complete 
|  69|0x0000000084500000, 0x0000000084600000, 0x0000000084600000|100%| E|CS|TAMS 0x0000000084500000, 0x0000000084500000| Complete 
|  70|0x0000000084600000, 0x0000000084700000, 0x0000000084700000|100%| E|CS|TAMS 0x0000000084600000, 0x0000000084600000| Complete 
|  71|0x0000000084700000, 0x0000000084800000, 0x0000000084800000|100%| E|CS|TAMS 0x0000000084700000, 0x0000000084700000| Complete 
|  72|0x0000000084800000, 0x0000000084900000, 0x0000000084900000|100%| E|CS|TAMS 0x0000000084800000, 0x0000000084800000| Complete 
|  73|0x0000000084900000, 0x0000000084a00000, 0x0000000084a00000|100%| E|CS|TAMS 0x0000000084900000, 0x0000000084900000| Complete 
|  74|0x0000000084a00000, 0x0000000084b00000, 0x0000000084b00000|100%| E|CS|TAMS 0x0000000084a00000, 0x0000000084a00000| Complete 
|  75|0x0000000084b00000, 0x0000000084c00000, 0x0000000084c00000|100%| E|CS|TAMS 0x0000000084b00000, 0x0000000084b00000| Complete 
|  76|0x0000000084c00000, 0x0000000084d00000, 0x0000000084d00000|100%| E|CS|TAMS 0x0000000084c00000, 0x0000000084c00000| Complete 
|  77|0x0000000084d00000, 0x0000000084e00000, 0x0000000084e00000|100%| E|CS|TAMS 0x0000000084d00000, 0x0000000084d00000| Complete 
|  78|0x0000000084e00000, 0x0000000084f00000, 0x0000000084f00000|100%| E|CS|TAMS 0x0000000084e00000, 0x0000000084e00000| Complete 
|  79|0x0000000084f00000, 0x0000000085000000, 0x0000000085000000|100%| E|CS|TAMS 0x0000000084f00000, 0x0000000084f00000| Complete 
|  80|0x0000000085000000, 0x0000000085100000, 0x0000000085100000|100%| E|CS|TAMS 0x0000000085000000, 0x0000000085000000| Complete 
|  81|0x0000000085100000, 0x0000000085200000, 0x0000000085200000|100%| E|CS|TAMS 0x0000000085100000, 0x0000000085100000| Complete 
|  82|0x0000000085200000, 0x0000000085300000, 0x0000000085300000|100%| E|CS|TAMS 0x0000000085200000, 0x0000000085200000| Complete 
|  83|0x0000000085300000, 0x0000000085400000, 0x0000000085400000|100%| E|CS|TAMS 0x0000000085300000, 0x0000000085300000| Complete 
|  84|0x0000000085400000, 0x0000000085500000, 0x0000000085500000|100%| E|CS|TAMS 0x0000000085400000, 0x0000000085400000| Complete 
|  85|0x0000000085500000, 0x0000000085600000, 0x0000000085600000|100%| E|CS|TAMS 0x0000000085500000, 0x0000000085500000| Complete 
| 117|0x0000000087500000, 0x0000000087600000, 0x0000000087600000|100%| E|CS|TAMS 0x0000000087500000, 0x0000000087500000| Complete 

Card table byte_map: [0x000002851b820000,0x000002851bc20000] _byte_map_base: 0x000002851b420000

Marking Bits (Prev, Next): (CMBitMap*) 0x0000028503ee6f80, (CMBitMap*) 0x0000028503ee6f40
 Prev Bits: [0x000002851e020000, 0x0000028520020000)
 Next Bits: [0x000002851c020000, 0x000002851e020000)

Polling page: 0x00000285025d0000

Metaspace:

Usage:
  Non-class:     27.97 MB used.
      Class:      4.60 MB used.
       Both:     32.57 MB used.

Virtual space:
  Non-class space:       64.00 MB reserved,      28.19 MB ( 44%) committed,  1 nodes.
      Class space:        1.00 GB reserved,       4.81 MB ( <1%) committed,  1 nodes.
             Both:        1.06 GB reserved,      33.00 MB (  3%) committed. 

Chunk freelists:
   Non-Class:  3.11 MB
       Class:  11.23 MB
        Both:  14.34 MB

MaxMetaspaceSize: unlimited
CompressedClassSpaceSize: 1.00 GB
Initial GC threshold: 21.00 MB
Current GC threshold: 35.12 MB
CDS: on
MetaspaceReclaimPolicy: balanced
 - commit_granule_bytes: 65536.
 - commit_granule_words: 8192.
 - virtual_space_node_default_size: 8388608.
 - enlarge_chunks_in_place: 1.
 - new_chunks_are_fully_committed: 0.
 - uncommit_free_chunks: 1.
 - use_allocation_guard: 0.
 - handle_deallocations: 1.


Internal statistics:

num_allocs_failed_limit: 3.
num_arena_births: 470.
num_arena_deaths: 0.
num_vsnodes_births: 2.
num_vsnodes_deaths: 0.
num_space_committed: 528.
num_space_uncommitted: 0.
num_chunks_returned_to_freelist: 3.
num_chunks_taken_from_freelist: 1703.
num_chunk_merges: 3.
num_chunk_splits: 1141.
num_chunks_enlarged: 802.
num_inconsistent_stats: 0.

CodeHeap 'non-profiled nmethods': size=120000Kb used=2340Kb max_used=2340Kb free=117659Kb
 bounds [0x0000028513270000, 0x00000285134e0000, 0x000002851a7a0000]
CodeHeap 'profiled nmethods': size=120000Kb used=8212Kb max_used=8212Kb free=111787Kb
 bounds [0x000002850b7a0000, 0x000002850bfb0000, 0x0000028512cd0000]
CodeHeap 'non-nmethods': size=5760Kb used=1604Kb max_used=1641Kb free=4155Kb
 bounds [0x0000028512cd0000, 0x0000028512f40000, 0x0000028513270000]
 total_blobs=4655 nmethods=3990 adapters=577
 compilation: enabled
              stopped_count=0, restarted_count=0
 full_count=0

Compilation events (20 events):
Event: 7.131 Thread 0x00000285695fd8e0 3979       4       java.util.HashMap::<init> (98 bytes)
Event: 7.132 Thread 0x00000285695fd8e0 nmethod 3979 0x00000285134b5110 code [0x00000285134b5280, 0x00000285134b53f8]
Event: 7.135 Thread 0x00000285695fd8e0 3985       4       java.io.File::equals (28 bytes)
Event: 7.135 Thread 0x0000028522c95e40 3986       3       org.gradle.internal.classpath.DefaultClassPath$ImmutableUniqueList::contains (11 bytes)
Event: 7.136 Thread 0x0000028522c95e40 nmethod 3986 0x000002850bfa0c90 code [0x000002850bfa0e40, 0x000002850bfa1008]
Event: 7.142 Thread 0x00000285695fd8e0 nmethod 3985 0x00000285134b5510 code [0x00000285134b56c0, 0x00000285134b5d98]
Event: 7.142 Thread 0x00000285695fd8e0 3987       4       jdk.internal.loader.URLClassPath$JarLoader$2::getBytes (48 bytes)
Event: 7.143 Thread 0x0000028522c95e40 3988       3       kotlin.text.StringsKt__StringsJVMKt::startsWith$default (15 bytes)
Event: 7.143 Thread 0x0000028522c95e40 nmethod 3988 0x000002850bfa1110 code [0x000002850bfa12a0, 0x000002850bfa1408]
Event: 7.143 Thread 0x0000028522c95e40 3989       3       kotlin.text.StringsKt__StringsJVMKt::startsWith (36 bytes)
Event: 7.144 Thread 0x0000028522c95e40 nmethod 3989 0x000002850bfa1510 code [0x000002850bfa17c0, 0x000002850bfa2298]
Event: 7.144 Thread 0x0000028522c95e40 3990       3       kotlin.jvm.internal.Intrinsics::checkNotNullExpressionValue (38 bytes)
Event: 7.144 Thread 0x0000028522c95e40 nmethod 3990 0x000002850bfa2710 code [0x000002850bfa2920, 0x000002850bfa2dc8]
Event: 7.147 Thread 0x0000028522c95e40 3995       3       kotlin.jvm.internal.Intrinsics::areEqual (22 bytes)
Event: 7.147 Thread 0x0000028522c95e40 nmethod 3995 0x000002850bfa3010 code [0x000002850bfa31c0, 0x000002850bfa3428]
Event: 7.147 Thread 0x0000028522c95e40 3996       3       org.gradle.kotlin.dsl.provider.ClassLoaderClassPathCache::access$fileFrom (6 bytes)
Event: 7.148 Thread 0x0000028522c95e40 nmethod 3996 0x000002850bfa3510 code [0x000002850bfa36e0, 0x000002850bfa3958]
Event: 7.148 Thread 0x0000028522c95e40 3997       3       org.gradle.kotlin.dsl.provider.ClassLoaderClassPathCache::fileFrom (12 bytes)
Event: 7.148 Thread 0x0000028522c95e40 nmethod 3997 0x000002850bfa3a90 code [0x000002850bfa3c40, 0x000002850bfa3e78]
Event: 7.334 Thread 0x0000028522c95e40 3998       3       java.util.concurrent.locks.AbstractQueuedSynchronizer$Node::<init> (5 bytes)

GC Heap History (14 events):
Event: 0.639 GC heap before
{Heap before GC invocations=0 (full 0):
 garbage-first heap   total 120832K, used 23552K [0x0000000080000000, 0x0000000100000000)
  region size 1024K, 23 young (23552K), 0 survivors (0K)
 Metaspace       used 1072K, committed 1216K, reserved 1114112K
  class space    used 73K, committed 128K, reserved 1048576K
}
Event: 0.645 GC heap after
{Heap after GC invocations=1 (full 0):
 garbage-first heap   total 120832K, used 3192K [0x0000000080000000, 0x0000000100000000)
  region size 1024K, 3 young (3072K), 3 survivors (3072K)
 Metaspace       used 1072K, committed 1216K, reserved 1114112K
  class space    used 73K, committed 128K, reserved 1048576K
}
Event: 1.566 GC heap before
{Heap before GC invocations=1 (full 0):
 garbage-first heap   total 120832K, used 40056K [0x0000000080000000, 0x0000000100000000)
  region size 1024K, 36 young (36864K), 3 survivors (3072K)
 Metaspace       used 4370K, committed 4544K, reserved 1114112K
  class space    used 541K, committed 640K, reserved 1048576K
}
Event: 1.575 GC heap after
{Heap after GC invocations=2 (full 0):
 garbage-first heap   total 120832K, used 10978K [0x0000000080000000, 0x0000000100000000)
  region size 1024K, 5 young (5120K), 5 survivors (5120K)
 Metaspace       used 4370K, committed 4544K, reserved 1114112K
  class space    used 541K, committed 640K, reserved 1048576K
}
Event: 2.296 GC heap before
{Heap before GC invocations=2 (full 0):
 garbage-first heap   total 120832K, used 59106K [0x0000000080000000, 0x0000000100000000)
  region size 1024K, 50 young (51200K), 5 survivors (5120K)
 Metaspace       used 4543K, committed 4736K, reserved 1114112K
  class space    used 551K, committed 640K, reserved 1048576K
}
Event: 2.303 GC heap after
{Heap after GC invocations=3 (full 0):
 garbage-first heap   total 120832K, used 16415K [0x0000000080000000, 0x0000000100000000)
  region size 1024K, 5 young (5120K), 5 survivors (5120K)
 Metaspace       used 4543K, committed 4736K, reserved 1114112K
  class space    used 551K, committed 640K, reserved 1048576K
}
Event: 4.490 GC heap before
{Heap before GC invocations=3 (full 0):
 garbage-first heap   total 120832K, used 82975K [0x0000000080000000, 0x0000000100000000)
  region size 1024K, 70 young (71680K), 5 survivors (5120K)
 Metaspace       used 16210K, committed 16448K, reserved 1114112K
  class space    used 2284K, committed 2432K, reserved 1048576K
}
Event: 4.498 GC heap after
{Heap after GC invocations=4 (full 0):
 garbage-first heap   total 120832K, used 21544K [0x0000000080000000, 0x0000000100000000)
  region size 1024K, 9 young (9216K), 9 survivors (9216K)
 Metaspace       used 16210K, committed 16448K, reserved 1114112K
  class space    used 2284K, committed 2432K, reserved 1048576K
}
Event: 5.480 GC heap before
{Heap before GC invocations=4 (full 0):
 garbage-first heap   total 120832K, used 65576K [0x0000000080000000, 0x0000000100000000)
  region size 1024K, 53 young (54272K), 9 survivors (9216K)
 Metaspace       used 21217K, committed 21504K, reserved 1114112K
  class space    used 3107K, committed 3264K, reserved 1048576K
}
Event: 5.488 GC heap after
{Heap after GC invocations=5 (full 0):
 garbage-first heap   total 120832K, used 24804K [0x0000000080000000, 0x0000000100000000)
  region size 1024K, 4 young (4096K), 4 survivors (4096K)
 Metaspace       used 21217K, committed 21504K, reserved 1114112K
  class space    used 3107K, committed 3264K, reserved 1048576K
}
Event: 6.527 GC heap before
{Heap before GC invocations=6 (full 0):
 garbage-first heap   total 89088K, used 73956K [0x0000000080000000, 0x0000000100000000)
  region size 1024K, 52 young (53248K), 4 survivors (4096K)
 Metaspace       used 27317K, committed 27648K, reserved 1114112K
  class space    used 4045K, committed 4224K, reserved 1048576K
}
Event: 6.531 GC heap after
{Heap after GC invocations=7 (full 0):
 garbage-first heap   total 89088K, used 26375K [0x0000000080000000, 0x0000000100000000)
  region size 1024K, 5 young (5120K), 5 survivors (5120K)
 Metaspace       used 27317K, committed 27648K, reserved 1114112K
  class space    used 4045K, committed 4224K, reserved 1048576K
}
Event: 7.017 GC heap before
{Heap before GC invocations=7 (full 0):
 garbage-first heap   total 89088K, used 66311K [0x0000000080000000, 0x0000000100000000)
  region size 1024K, 45 young (46080K), 5 survivors (5120K)
 Metaspace       used 32629K, committed 33024K, reserved 1114112K
  class space    used 4612K, committed 4800K, reserved 1048576K
}
Event: 7.022 GC heap after
{Heap after GC invocations=8 (full 0):
 garbage-first heap   total 89088K, used 31051K [0x0000000080000000, 0x0000000100000000)
  region size 1024K, 6 young (6144K), 6 survivors (6144K)
 Metaspace       used 32629K, committed 33024K, reserved 1114112K
  class space    used 4612K, committed 4800K, reserved 1048576K
}

Deoptimization events (20 events):
Event: 7.107 Thread 0x00000285694f8a00 DEOPT PACKING pc=0x000002850ba144ba sp=0x000000ae6e7f9730
Event: 7.107 Thread 0x00000285694f8a00 DEOPT UNPACKING pc=0x0000028512d22b43 sp=0x000000ae6e7f8bb0 mode 0
Event: 7.110 Thread 0x00000285694f8a00 DEOPT PACKING pc=0x000002850ba144ba sp=0x000000ae6e7f9730
Event: 7.110 Thread 0x00000285694f8a00 DEOPT UNPACKING pc=0x0000028512d22b43 sp=0x000000ae6e7f8bb0 mode 0
Event: 7.113 Thread 0x00000285694f8a00 DEOPT PACKING pc=0x000002850ba144ba sp=0x000000ae6e7f9730
Event: 7.113 Thread 0x00000285694f8a00 DEOPT UNPACKING pc=0x0000028512d22b43 sp=0x000000ae6e7f8bb0 mode 0
Event: 7.117 Thread 0x00000285694f8a00 DEOPT PACKING pc=0x000002850bebd1e6 sp=0x000000ae6e7f9570
Event: 7.117 Thread 0x00000285694f8a00 DEOPT UNPACKING pc=0x0000028512d22b43 sp=0x000000ae6e7f8a38 mode 0
Event: 7.145 Thread 0x00000285694f8a00 DEOPT PACKING pc=0x000002850bbd1d88 sp=0x000000ae6e7f97d0
Event: 7.145 Thread 0x00000285694f8a00 DEOPT UNPACKING pc=0x0000028512d22b43 sp=0x000000ae6e7f8cd8 mode 0
Event: 7.145 Thread 0x00000285694f8a00 DEOPT PACKING pc=0x000002850bbd1d88 sp=0x000000ae6e7f97d0
Event: 7.145 Thread 0x00000285694f8a00 DEOPT UNPACKING pc=0x0000028512d22b43 sp=0x000000ae6e7f8cd8 mode 0
Event: 7.146 Thread 0x00000285694f8a00 DEOPT PACKING pc=0x000002850bbd1d88 sp=0x000000ae6e7f97d0
Event: 7.146 Thread 0x00000285694f8a00 DEOPT UNPACKING pc=0x0000028512d22b43 sp=0x000000ae6e7f8cd8 mode 0
Event: 7.146 Thread 0x00000285694f8a00 DEOPT PACKING pc=0x000002850bbd1d88 sp=0x000000ae6e7f97d0
Event: 7.146 Thread 0x00000285694f8a00 DEOPT UNPACKING pc=0x0000028512d22b43 sp=0x000000ae6e7f8cd8 mode 0
Event: 7.147 Thread 0x00000285694f8a00 DEOPT PACKING pc=0x000002850bbd1d88 sp=0x000000ae6e7f9600
Event: 7.147 Thread 0x00000285694f8a00 DEOPT UNPACKING pc=0x0000028512d22b43 sp=0x000000ae6e7f8b08 mode 0
Event: 7.148 Thread 0x00000285694f8a00 DEOPT PACKING pc=0x000002850bbd1d88 sp=0x000000ae6e7f9600
Event: 7.148 Thread 0x00000285694f8a00 DEOPT UNPACKING pc=0x0000028512d22b43 sp=0x000000ae6e7f8b08 mode 0

Classes unloaded (0 events):
No events

Classes redefined (0 events):
No events

Internal exceptions (20 events):
Event: 6.756 Thread 0x00000285694f8a00 Exception <a 'java/lang/ClassNotFoundException'{0x0000000084995138}: java/lang/ObjectCustomizer> (0x0000000084995138) 
thrown [s\open\src\hotspot\share\classfile\systemDictionary.cpp, line 256]
Event: 6.761 Thread 0x00000285694f8a00 Exception <a 'java/lang/IncompatibleClassChangeError'{0x00000000849a4bd0}: Found class java.lang.Object, but interface was expected> (0x00000000849a4bd0) 
thrown [s\open\src\hotspot\share\interpreter\linkResolver.cpp, line 826]
Event: 6.764 Thread 0x00000285694f8a00 Exception <a 'java/lang/ClassNotFoundException'{0x00000000849caae8}: groovy/lang/MetaClassImplCustomizer> (0x00000000849caae8) 
thrown [s\open\src\hotspot\share\classfile\systemDictionary.cpp, line 256]
Event: 6.766 Thread 0x00000285694f8a00 Exception <a 'java/lang/ClassNotFoundException'{0x0000000084812a38}: groovy/lang/ExpandoMetaClassCustomizer> (0x0000000084812a38) 
thrown [s\open\src\hotspot\share\classfile\systemDictionary.cpp, line 256]
Event: 6.941 Thread 0x00000285694f8a00 Exception <a 'java/lang/ClassNotFoundException'{0x00000000832a9740}: org/gradle/internal/extensibility/DefaultExtraPropertiesExtensionBeanInfo> (0x00000000832a9740) 
thrown [s\open\src\hotspot\share\classfile\systemDictionary.cpp, line 256]
Event: 6.942 Thread 0x00000285694f8a00 Exception <a 'java/lang/ClassNotFoundException'{0x00000000832c09c8}: groovy/lang/GroovyObjectSupportBeanInfo> (0x00000000832c09c8) 
thrown [s\open\src\hotspot\share\classfile\systemDictionary.cpp, line 256]
Event: 6.942 Thread 0x00000285694f8a00 Exception <a 'java/lang/ClassNotFoundException'{0x00000000832d7c68}: groovy/lang/GroovyObjectSupportCustomizer> (0x00000000832d7c68) 
thrown [s\open\src\hotspot\share\classfile\systemDictionary.cpp, line 256]
Event: 6.944 Thread 0x00000285694f8a00 Exception <a 'java/lang/ClassNotFoundException'{0x00000000832f1a68}: org/gradle/internal/extensibility/DefaultExtraPropertiesExtensionCustomizer> (0x00000000832f1a68) 
thrown [s\open\src\hotspot\share\classfile\systemDictionary.cpp, line 256]
Event: 6.970 Thread 0x00000285694f8a00 Exception <a 'sun/nio/fs/WindowsException'{0x00000000831eb100}> (0x00000000831eb100) 
thrown [s\open\src\hotspot\share\prims\jni.cpp, line 516]
Event: 6.971 Thread 0x00000285694f8a00 Exception <a 'sun/nio/fs/WindowsException'{0x00000000831ec708}> (0x00000000831ec708) 
thrown [s\open\src\hotspot\share\prims\jni.cpp, line 516]
Event: 6.972 Thread 0x00000285694f8a00 Exception <a 'sun/nio/fs/WindowsException'{0x00000000831edcc8}> (0x00000000831edcc8) 
thrown [s\open\src\hotspot\share\prims\jni.cpp, line 516]
Event: 6.972 Thread 0x00000285694f8a00 Exception <a 'sun/nio/fs/WindowsException'{0x00000000831eee98}> (0x00000000831eee98) 
thrown [s\open\src\hotspot\share\prims\jni.cpp, line 516]
Event: 6.990 Thread 0x00000285694f8a00 Exception <a 'java/lang/NoSuchMethodError'{0x00000000830cc4d0}: 'java.lang.Object java.lang.invoke.Invokers$Holder.invoker(java.lang.Object, java.lang.Object, java.lang.Object, java.lang.Object, java.lang.Object, java.lang.Object)'> (0x00000000830cc4d0) 
thrown [s\open\src\hotspot\share\interpreter\linkResolver.cpp, line 759]
Event: 7.001 Thread 0x00000285694f8a00 Exception <a 'java/lang/NoSuchMethodError'{0x0000000082f45b60}: 'java.lang.Object java.lang.invoke.Invokers$Holder.invoker(java.lang.Object, java.lang.Object, java.lang.Object, java.lang.Object)'> (0x0000000082f45b60) 
thrown [s\open\src\hotspot\share\interpreter\linkResolver.cpp, line 759]
Event: 7.016 Thread 0x00000285694f8a00 Exception <a 'java/lang/NoSuchMethodError'{0x0000000082ffa748}: 'java.lang.Object java.lang.invoke.DelegatingMethodHandle$Holder.reinvoke_L(java.lang.Object, java.lang.Object, java.lang.Object, java.lang.Object, java.lang.Object, java.lang.Object, java.lang.Object, java.lang.Object, java.lang.Object, java.lang.Object, java.lang.Object, java.lang.Object, java.lang.Object, java.lang.Object, java.lang.Object, java.lang.Object, java.lang.Object, java.lang.Object, java.lang.Object, java.lang.Object, java.lang.O
Event: 7.022 Thread 0x00000285694f8a00 Exception <a 'java/lang/NoSuchMethodError'{0x0000000087506f20}: 'java.lang.Object java.lang.invoke.Invokers$Holder.invoker(java.lang.Object, java.lang.Object, java.lang.Object, java.lang.Object, java.lang.Object, java.lang.Object, java.lang.Object, java.lang.Object, java.lang.Object, java.lang.Object, java.lang.Object, java.lang.Object, java.lang.Object, java.lang.Object, java.lang.Object, java.lang.Object, java.lang.Object, java.lang.Object, java.lang.Object, java.lang.Object, java.lang.Object, java.lang.
Event: 7.022 Thread 0x00000285694f8a00 Exception <a 'java/lang/NoSuchMethodError'{0x000000008750dbc0}: 'java.lang.Object java.lang.invoke.DelegatingMethodHandle$Holder.delegate(java.lang.Object, java.lang.Object, java.lang.Object, java.lang.Object, java.lang.Object, java.lang.Object, java.lang.Object, java.lang.Object, java.lang.Object, java.lang.Object, java.lang.Object, java.lang.Object, java.lang.Object, java.lang.Object, java.lang.Object, java.lang.Object, java.lang.Object, java.lang.Object, java.lang.Object, java.lang.Object, java.lang.Obj
Event: 7.030 Thread 0x00000285694f8a00 Exception <a 'java/lang/NoSuchMethodError'{0x00000000875e7778}: 'java.lang.Object java.lang.invoke.DirectMethodHandle$Holder.invokeStatic(java.lang.Object, java.lang.Object, java.lang.Object, java.lang.Object, java.lang.Object, java.lang.Object, java.lang.Object, java.lang.Object, java.lang.Object, java.lang.Object, java.lang.Object, java.lang.Object, java.lang.Object, java.lang.Object, java.lang.Object, java.lang.Object, java.lang.Object, java.lang.Object, java.lang.Object, java.lang.Object, java.lang.Obj
Event: 7.032 Thread 0x00000285694f8a00 Exception <a 'java/lang/NoSuchMethodError'{0x000000008551c3e8}: 'java.lang.Object java.lang.invoke.DirectMethodHandle$Holder.invokeStatic(java.lang.Object, java.lang.Object, java.lang.Object, java.lang.Object, java.lang.Object, java.lang.Object, java.lang.Object, java.lang.Object, java.lang.Object, java.lang.Object, java.lang.Object, java.lang.Object, java.lang.Object, java.lang.Object, java.lang.Object, java.lang.Object, java.lang.Object, java.lang.Object, java.lang.Object, java.lang.Object, java.lang.Obj
Event: 7.034 Thread 0x00000285694f8a00 Exception <a 'java/lang/NoSuchMethodError'{0x0000000085552258}: 'java.lang.Object java.lang.invoke.DirectMethodHandle$Holder.invokeStatic(java.lang.Object, java.lang.Object, java.lang.Object, java.lang.Object, java.lang.Object, java.lang.Object, java.lang.Object, java.lang.Object, java.lang.Object, java.lang.Object, java.lang.Object, java.lang.Object, java.lang.Object, java.lang.Object, java.lang.Object, java.lang.Object, java.lang.Object, java.lang.Object, java.lang.Object, java.lang.Object, java.lang.Obj

VM Operations (20 events):
Event: 6.318 Executing VM operation: HandshakeAllThreads done
Event: 6.527 Executing VM operation: G1CollectForAllocation
Event: 6.531 Executing VM operation: G1CollectForAllocation done
Event: 6.541 Executing VM operation: HandshakeAllThreads
Event: 6.541 Executing VM operation: HandshakeAllThreads done
Event: 6.667 Executing VM operation: HandshakeAllThreads
Event: 6.667 Executing VM operation: HandshakeAllThreads done
Event: 6.815 Executing VM operation: HandshakeAllThreads
Event: 6.815 Executing VM operation: HandshakeAllThreads done
Event: 6.815 Executing VM operation: HandshakeAllThreads
Event: 6.816 Executing VM operation: HandshakeAllThreads done
Event: 6.821 Executing VM operation: HandshakeAllThreads
Event: 6.821 Executing VM operation: HandshakeAllThreads done
Event: 6.879 Executing VM operation: HandshakeAllThreads
Event: 6.879 Executing VM operation: HandshakeAllThreads done
Event: 6.939 Executing VM operation: ICBufferFull
Event: 6.939 Executing VM operation: ICBufferFull done
Event: 7.017 Executing VM operation: G1CollectForAllocation
Event: 7.022 Executing VM operation: G1CollectForAllocation done
Event: 8.033 Executing VM operation: Cleanup

Events (20 events):
Event: 6.937 loading class java/util/WeakHashMap$KeyIterator
Event: 6.937 loading class java/util/WeakHashMap$HashIterator
Event: 6.937 loading class java/util/WeakHashMap$HashIterator done
Event: 6.937 loading class java/util/WeakHashMap$KeyIterator done
Event: 6.968 loading class sun/nio/fs/WindowsPath$1
Event: 6.968 loading class sun/nio/fs/WindowsPath$1 done
Event: 6.969 loading class sun/nio/fs/WindowsException
Event: 6.969 loading class sun/nio/fs/WindowsException done
Event: 7.003 loading class java/util/Collections$SynchronizedRandomAccessList
Event: 7.003 loading class java/util/Collections$SynchronizedList
Event: 7.004 loading class java/util/Collections$SynchronizedList done
Event: 7.004 loading class java/util/Collections$SynchronizedRandomAccessList done
Event: 7.029 loading class java/lang/invoke/BoundMethodHandle$Species_LLLLLLLLLLLLLLLLLLLLLLLL
Event: 7.029 loading class java/lang/invoke/BoundMethodHandle$Species_LLLLLLLLLLLLLLLLLLLLLLLL done
Event: 7.031 loading class java/lang/invoke/BoundMethodHandle$Species_LLLLLLLLLLLLLLLLLLLLLLLLL
Event: 7.031 loading class java/lang/invoke/BoundMethodHandle$Species_LLLLLLLLLLLLLLLLLLLLLLLLL done
Event: 7.034 loading class java/lang/invoke/BoundMethodHandle$Species_LLLLLLLLLLLLLLLLLLLLLLLLLL
Event: 7.034 loading class java/lang/invoke/BoundMethodHandle$Species_LLLLLLLLLLLLLLLLLLLLLLLLLL done
Event: 7.076 loading class jdk/internal/access/foreign/MemorySegmentProxy
Event: 7.077 loading class jdk/internal/access/foreign/MemorySegmentProxy done


Dynamic libraries:
0x00007ff7efeb0000 - 0x00007ff7efec0000 	C:\Program Files\Java\jdk-17\bin\java.exe
0x00007fff4c6a0000 - 0x00007fff4c900000 	C:\WINDOWS\SYSTEM32\ntdll.dll
0x00007fff4b8a0000 - 0x00007fff4b967000 	C:\WINDOWS\System32\KERNEL32.DLL
0x00007fff49a90000 - 0x00007fff49e5a000 	C:\WINDOWS\System32\KERNELBASE.dll
0x00007fff4a0a0000 - 0x00007fff4a1eb000 	C:\WINDOWS\System32\ucrtbase.dll
0x00007fff3f8f0000 - 0x00007fff3f909000 	C:\Program Files\Java\jdk-17\bin\jli.dll
0x00007fff3fb50000 - 0x00007fff3fb6b000 	C:\Program Files\Java\jdk-17\bin\VCRUNTIME140.dll
0x00007fff4bb50000 - 0x00007fff4bc02000 	C:\WINDOWS\System32\ADVAPI32.dll
0x00007fff4ade0000 - 0x00007fff4ae89000 	C:\WINDOWS\System32\msvcrt.dll
0x00007fff4c4c0000 - 0x00007fff4c566000 	C:\WINDOWS\System32\sechost.dll
0x00007fff4aca0000 - 0x00007fff4adb6000 	C:\WINDOWS\System32\RPCRT4.dll
0x00007fff4c2e0000 - 0x00007fff4c4ac000 	C:\WINDOWS\System32\USER32.dll
0x00007fff4a1f0000 - 0x00007fff4a217000 	C:\WINDOWS\System32\win32u.dll
0x00007fff4b970000 - 0x00007fff4b99a000 	C:\WINDOWS\System32\GDI32.dll
0x00007fff30bb0000 - 0x00007fff30e47000 	C:\WINDOWS\WinSxS\amd64_microsoft.windows.common-controls_6595b64144ccf1df_6.0.26100.3624_none_3e086962e3345f24\COMCTL32.dll
0x00007fff4a360000 - 0x00007fff4a491000 	C:\WINDOWS\System32\gdi32full.dll
0x00007fff4a220000 - 0x00007fff4a2c3000 	C:\WINDOWS\System32\msvcp_win.dll
0x00007fff41dc0000 - 0x00007fff41dcb000 	C:\WINDOWS\SYSTEM32\VERSION.dll
0x00007fff4bd40000 - 0x00007fff4bd6f000 	C:\WINDOWS\System32\IMM32.DLL
0x00007fff444a0000 - 0x00007fff444ac000 	C:\Program Files\Java\jdk-17\bin\vcruntime140_1.dll
0x00007fff14d20000 - 0x00007fff14dae000 	C:\Program Files\Java\jdk-17\bin\msvcp140.dll
0x00007ffeb9c30000 - 0x00007ffeba810000 	C:\Program Files\Java\jdk-17\bin\server\jvm.dll
0x00007fff4c4b0000 - 0x00007fff4c4b8000 	C:\WINDOWS\System32\PSAPI.DLL
0x00007fff41d80000 - 0x00007fff41db6000 	C:\WINDOWS\SYSTEM32\WINMM.dll
0x00007fff3cae0000 - 0x00007fff3caea000 	C:\WINDOWS\SYSTEM32\WSOCK32.dll
0x00007fff4ae90000 - 0x00007fff4af04000 	C:\WINDOWS\System32\ws2_32.DLL
0x00007fff48690000 - 0x00007fff486aa000 	C:\WINDOWS\SYSTEM32\kernel.appcore.dll
0x00007fff3cad0000 - 0x00007fff3cada000 	C:\Program Files\Java\jdk-17\bin\jimage.dll
0x00007fff3d260000 - 0x00007fff3d4a1000 	C:\WINDOWS\SYSTEM32\DBGHELP.DLL
0x00007fff4a910000 - 0x00007fff4ac92000 	C:\WINDOWS\System32\combase.dll
0x00007fff4a640000 - 0x00007fff4a716000 	C:\WINDOWS\System32\OLEAUT32.dll
0x00007fff2f530000 - 0x00007fff2f569000 	C:\WINDOWS\SYSTEM32\dbgcore.DLL
0x00007fff499f0000 - 0x00007fff49a89000 	C:\WINDOWS\System32\bcryptPrimitives.dll
0x00007fff33c40000 - 0x00007fff33c4e000 	C:\Program Files\Java\jdk-17\bin\instrument.dll
0x00007fff322b0000 - 0x00007fff322d5000 	C:\Program Files\Java\jdk-17\bin\java.dll
0x00007fff14c40000 - 0x00007fff14d17000 	C:\Program Files\Java\jdk-17\bin\jsvml.dll
0x00007fff4b170000 - 0x00007fff4b899000 	C:\WINDOWS\System32\SHELL32.dll
0x00007fff49880000 - 0x00007fff499e8000 	C:\WINDOWS\System32\wintypes.dll
0x00007fff47540000 - 0x00007fff47d92000 	C:\WINDOWS\SYSTEM32\windows.storage.dll
0x00007fff4c570000 - 0x00007fff4c65d000 	C:\WINDOWS\System32\SHCORE.dll
0x00007fff4bdc0000 - 0x00007fff4be24000 	C:\WINDOWS\System32\shlwapi.dll
0x00007fff49790000 - 0x00007fff497bf000 	C:\WINDOWS\SYSTEM32\profapi.dll
0x00007fff32fd0000 - 0x00007fff32fe8000 	C:\Program Files\Java\jdk-17\bin\zip.dll
0x00007fff2ad00000 - 0x00007fff2ad19000 	C:\Program Files\Java\jdk-17\bin\net.dll
0x00007fff41c20000 - 0x00007fff41d3d000 	C:\WINDOWS\SYSTEM32\WINHTTP.dll
0x00007fff48bb0000 - 0x00007fff48c1a000 	C:\WINDOWS\system32\mswsock.dll
0x00007fff24710000 - 0x00007fff24726000 	C:\Program Files\Java\jdk-17\bin\nio.dll
0x00007fff33c30000 - 0x00007fff33c40000 	C:\Program Files\Java\jdk-17\bin\verify.dll
0x00007fff0cbc0000 - 0x00007fff0cbe7000 	C:\Users\Ari Awaludin\.gradle\native\c067742578af261105cb4f569cf0c3c89f3d7b1fecec35dd04571415982c5e48\windows-amd64\native-platform.dll
0x00007fff0a730000 - 0x00007fff0a874000 	C:\Users\Ari Awaludin\.gradle\native\100fb08df4bc3b14c8652ba06237920a3bd2aa13389f12d3474272988ae205f9\windows-amd64\native-platform-file-events.dll
0x00007fff0fb60000 - 0x00007fff0fb6a000 	C:\Program Files\Java\jdk-17\bin\management.dll
0x00007fff0e5b0000 - 0x00007fff0e5bb000 	C:\Program Files\Java\jdk-17\bin\management_ext.dll
0x00007fff48ec0000 - 0x00007fff48edc000 	C:\WINDOWS\SYSTEM32\CRYPTSP.dll
0x00007fff485f0000 - 0x00007fff4862a000 	C:\WINDOWS\system32\rsaenh.dll
0x00007fff48c50000 - 0x00007fff48c7b000 	C:\WINDOWS\SYSTEM32\USERENV.dll
0x00007fff49760000 - 0x00007fff49786000 	C:\WINDOWS\SYSTEM32\bcrypt.dll
0x00007fff48ee0000 - 0x00007fff48eec000 	C:\WINDOWS\SYSTEM32\CRYPTBASE.dll
0x00007fff48170000 - 0x00007fff481a3000 	C:\WINDOWS\SYSTEM32\IPHLPAPI.DLL
0x00007fff4bd80000 - 0x00007fff4bd8a000 	C:\WINDOWS\System32\NSI.dll
0x00007fff42590000 - 0x00007fff425af000 	C:\WINDOWS\SYSTEM32\dhcpcsvc6.DLL
0x00007fff42560000 - 0x00007fff42585000 	C:\WINDOWS\SYSTEM32\dhcpcsvc.DLL
0x00007fff481b0000 - 0x00007fff482d5000 	C:\WINDOWS\SYSTEM32\DNSAPI.dll
0x00007fff2acf0000 - 0x00007fff2acfe000 	C:\Program Files\Java\jdk-17\bin\sunmscapi.dll
0x00007fff49f20000 - 0x00007fff4a097000 	C:\WINDOWS\System32\CRYPT32.dll
0x00007fff490c0000 - 0x00007fff490f0000 	C:\WINDOWS\SYSTEM32\ncrypt.dll
0x00007fff49070000 - 0x00007fff490af000 	C:\WINDOWS\SYSTEM32\NTASN1.dll
0x00007fff0e250000 - 0x00007fff0e258000 	C:\WINDOWS\system32\wshunix.dll

dbghelp: loaded successfully - version: 4.0.5 - missing functions: none
symbol engine: initialized successfully - sym options: 0x614 - pdb path: .;C:\Program Files\Java\jdk-17\bin;C:\WINDOWS\SYSTEM32;C:\WINDOWS\WinSxS\amd64_microsoft.windows.common-controls_6595b64144ccf1df_6.0.26100.3624_none_3e086962e3345f24;C:\Program Files\Java\jdk-17\bin\server;C:\Users\Ari Awaludin\.gradle\native\c067742578af261105cb4f569cf0c3c89f3d7b1fecec35dd04571415982c5e48\windows-amd64;C:\Users\Ari Awaludin\.gradle\native\100fb08df4bc3b14c8652ba06237920a3bd2aa13389f12d3474272988ae205f9\windows-amd64

VM Arguments:
jvm_args: --add-opens=java.base/java.lang=ALL-UNNAMED --add-opens=java.base/java.lang.invoke=ALL-UNNAMED --add-opens=java.base/java.util=ALL-UNNAMED --add-opens=java.prefs/java.util.prefs=ALL-UNNAMED --add-exports=jdk.compiler/com.sun.tools.javac.api=ALL-UNNAMED --add-exports=jdk.compiler/com.sun.tools.javac.util=ALL-UNNAMED --add-opens=java.base/java.util=ALL-UNNAMED --add-opens=java.prefs/java.util.prefs=ALL-UNNAMED --add-opens=java.base/java.nio.charset=ALL-UNNAMED --add-opens=java.base/java.net=ALL-UNNAMED --add-opens=java.base/java.util.concurrent.atomic=ALL-UNNAMED --add-opens=java.xml/javax.xml.namespace=ALL-UNNAMED -Xmx2048m -Dfile.encoding=UTF-8 -Duser.country=ID -Duser.language=en -Duser.variant -javaagent:C:\Users\Ari Awaludin\.gradle\wrapper\dists\gradle-8.11.1-bin\bpt9gzteqjrbo1mjrsomdt32c\gradle-8.11.1\lib\agents\gradle-instrumentation-agent-8.11.1.jar 
java_command: org.gradle.launcher.daemon.bootstrap.GradleDaemon 8.11.1
java_class_path (initial): C:\Users\Ari Awaludin\.gradle\wrapper\dists\gradle-8.11.1-bin\bpt9gzteqjrbo1mjrsomdt32c\gradle-8.11.1\lib\gradle-daemon-main-8.11.1.jar
Launcher Type: SUN_STANDARD

[Global flags]
     intx CICompilerCount                          = 4                                         {product} {ergonomic}
     uint ConcGCThreads                            = 3                                         {product} {ergonomic}
     uint G1ConcRefinementThreads                  = 10                                        {product} {ergonomic}
   size_t G1HeapRegionSize                         = 1048576                                   {product} {ergonomic}
    uintx GCDrainStackTargetSize                   = 64                                        {product} {ergonomic}
   size_t InitialHeapSize                          = 123731968                                 {product} {ergonomic}
   size_t MarkStackSize                            = 4194304                                   {product} {ergonomic}
   size_t MaxHeapSize                              = 2147483648                                {product} {command line}
   size_t MaxNewSize                               = 1287651328                                {product} {ergonomic}
   size_t MinHeapDeltaBytes                        = 1048576                                   {product} {ergonomic}
   size_t MinHeapSize                              = 8388608                                   {product} {ergonomic}
    uintx NonNMethodCodeHeapSize                   = 5839372                                {pd product} {ergonomic}
    uintx NonProfiledCodeHeapSize                  = 122909434                              {pd product} {ergonomic}
    uintx ProfiledCodeHeapSize                     = 122909434                              {pd product} {ergonomic}
    uintx ReservedCodeCacheSize                    = 251658240                              {pd product} {ergonomic}
     bool SegmentedCodeCache                       = true                                      {product} {ergonomic}
   size_t SoftMaxHeapSize                          = 2147483648                             {manageable} {ergonomic}
     bool UseCompressedClassPointers               = true                           {product lp64_product} {ergonomic}
     bool UseCompressedOops                        = true                           {product lp64_product} {ergonomic}
     bool UseG1GC                                  = true                                      {product} {ergonomic}
     bool UseLargePagesIndividualAllocation        = false                                  {pd product} {ergonomic}

Logging:
Log output configuration:
 #0: stdout all=warning uptime,level,tags
 #1: stderr all=off uptime,level,tags

Environment Variables:
JAVA_HOME=C:\Program Files\Java\jdk-17\bin
PATH=C:\Program Files (x86)\Common Files\Intel\Shared Libraries\redist\intel64\compiler;C:\WINDOWS\system32;C:\WINDOWS;C:\WINDOWS\System32\Wbem;C:\WINDOWS\System32\WindowsPowerShell\v1.0\;C:\WINDOWS\System32\OpenSSH\;C:\Program Files\dotnet\;C:\Program Files\HP\HP One Agent;C:\Program Files\Git\cmd;C:\ProgramData\ComposerSetup\bin;C:\Users\Ari Awaludin\AppData\Local\Packages\PythonSoftwareFoundation.Python.3.11_qbz5n2kfra8p0\LocalCache\local-packages\Python311\Scripts;C:\WINDOWS\system32;C:\WINDOWS;C:\WINDOWS\System32\Wbem;C:\WINDOWS\System32\WindowsPowerShell\v1.0\;C:\WINDOWS\System32\OpenSSH\;C:\Users\Ari Awaludin\AppData\Local\Microsoft\WindowsApps\PythonSoftwareFoundation.Python.3.11_qbz5n2kfra8p0;C:\xampp\php;C:\Program Files\Go\bin;C:\Program Files\nodejs\;C:\ProgramData\chocolatey\bin;C:\Program Files\Java\jdk-17\bin\bin;C:\adb\platform-tools;C:\Android\Sdk;C:\flutter\src\flutter\bin;C:\Program Files\Java\jdk-11\bin;C:\Program Files (x86)\Microsoft SQL Server\160\DTS\Binn\;C:\Program Files (x86)\Microsoft SQL Server\160\Tools\Binn\;C:\Program Files\Microsoft SQL Server\160\Tools\Binn\;C:\Program Files\Microsoft SQL Server\Client SDK\ODBC\170\Tools\Binn\;C:\Program Files\Microsoft SQL Server\160\DTS\Binn\;C:\Program Files\Microsoft SQL Server\Client SDK\ODBC\170\Tools\Binn\;C:\Android\Sdk\emulator;C:\Program Files\Java\jdk-17\bin;%PNPM_HOME%;C:\laragon\bin;C:\laragon\bin\apache\httpd-2.4.54-win64-VS16\bin;C:\laragon\bin\composer;C:\laragon\bin\git\bin;C:\laragon\bin\git\cmd;C:\laragon\bin\git\mingw64\bin;C:\laragon\bin\git\usr\bin;C:\laragon\bin\laragon\utils;C:\laragon\bin\mysql\mysql-8.0.30-winx64\bin;C:\laragon\bin\nginx\nginx-1.22.0;C:\laragon\bin\ngrok;C:\laragon\bin\notepad++;C:\laragon\bin\python\python-3.10;C:\laragon\bin\python\python-3.10\Scripts;C:\laragon\bin\redis\redis-x64-5.0.14.1;C:\laragon\bin\telnet;C:\laragon\usr\bin;C:\Users\Ari Awaludin\AppData\Local\Yarn\config\global\node_modules\.bin;C:\Users\Ari Awaludin\AppData\Roaming\Composer\vendor\bi
USERNAME=Ari Awaludin
OS=Windows_NT
PROCESSOR_IDENTIFIER=AMD64 Family 23 Model 104 Stepping 1, AuthenticAMD



---------------  S Y S T E M  ---------------

OS:
 Windows 11 , 64 bit Build 26100 (10.0.26100.3775)
OS uptime: 3 days 9:32 hours

CPU: total 12 (initial active 12) (12 cores per cpu, 2 threads per core) family 23 model 104 stepping 1 microcode 0x8608104, cx8, cmov, fxsr, ht, mmx, 3dnowpref, sse, sse2, sse3, ssse3, sse4a, sse4.1, sse4.2, popcnt, lzcnt, tsc, tscinvbit, avx, avx2, aes, clmul, bmi1, bmi2, adx, sha, fma, vzeroupper, clflush, clflushopt

Memory: 4k page, system-wide physical 7502M (575M free)
TotalPageFile size 19790M (AvailPageFile size 144M)
current process WorkingSet (physical memory assigned to process): 227M, peak: 230M
current process commit charge ("private bytes"): 276M, peak: 302M

vm_info: Java HotSpot(TM) 64-Bit Server VM (17.0.12+8-LTS-286) for windows-amd64 JRE (17.0.12+8-LTS-286), built on Jun  5 2024 06:46:59 by "mach5one" with MS VC++ 17.6 (VS2022)

END.
