#
# There is insufficient memory for the Java Runtime Environment to continue.
# Native memory allocation (malloc) failed to allocate 703376 bytes for Chunk::new
# Possible reasons:
#   The system is out of physical RAM or swap space
#   The process is running with CompressedOops enabled, and the Java Heap may be blocking the growth of the native heap
# Possible solutions:
#   Reduce memory load on the system
#   Increase physical memory or swap space
#   Check if swap backing store is full
#   Decrease Java heap size (-Xmx/-Xms)
#   Decrease number of Java threads
#   Decrease Java thread stack sizes (-Xss)
#   Set larger code cache with -XX:ReservedCodeCacheSize=
#   JVM is running with Unscaled Compressed Oops mode in which the Java heap is
#     placed in the first 4GB address space. The Java Heap base address is the
#     maximum limit for the native heap growth. Please use -XX:HeapBaseMinAddress
#     to set the Java Heap base and to place the Java Heap above 4GB virtual address.
# This output file may be truncated or incomplete.
#
#  Out of Memory Error (arena.cpp:189), pid=23380, tid=20880
#
# JRE version: Java(TM) SE Runtime Environment (17.0.12+8) (build 17.0.12+8-LTS-286)
# Java VM: Java HotSpot(TM) 64-Bit Server VM (17.0.12+8-LTS-286, mixed mode, sharing, tiered, compressed oops, compressed class ptrs, g1 gc, windows-amd64)
# No core dump will be written. Minidumps are not enabled by default on client versions of Windows
#

---------------  S U M M A R Y ------------

Command Line: --add-opens=java.base/java.lang=ALL-UNNAMED --add-opens=java.base/java.lang.invoke=ALL-UNNAMED --add-opens=java.base/java.util=ALL-UNNAMED --add-opens=java.prefs/java.util.prefs=ALL-UNNAMED --add-exports=jdk.compiler/com.sun.tools.javac.api=ALL-UNNAMED --add-exports=jdk.compiler/com.sun.tools.javac.util=ALL-UNNAMED --add-opens=java.base/java.util=ALL-UNNAMED --add-opens=java.prefs/java.util.prefs=ALL-UNNAMED --add-opens=java.base/java.nio.charset=ALL-UNNAMED --add-opens=java.base/java.net=ALL-UNNAMED --add-opens=java.base/java.util.concurrent.atomic=ALL-UNNAMED --add-opens=java.xml/javax.xml.namespace=ALL-UNNAMED -Xmx2048m -Dfile.encoding=UTF-8 -Duser.country=ID -Duser.language=en -Duser.variant -javaagent:C:\Users\Ari Awaludin\.gradle\wrapper\dists\gradle-8.11.1-bin\bpt9gzteqjrbo1mjrsomdt32c\gradle-8.11.1\lib\agents\gradle-instrumentation-agent-8.11.1.jar org.gradle.launcher.daemon.bootstrap.GradleDaemon 8.11.1

Host: AMD Ryzen 5 5500U with Radeon Graphics         , 12 cores, 7G,  Windows 11 , 64 bit Build 26100 (10.0.26100.3775)
Time: Sun Apr 13 23:04:24 2025 SE Asia Standard Time elapsed time: 11.183917 seconds (0d 0h 0m 11s)

---------------  T H R E A D  ---------------

Current thread (0x000002282d6473d0):  JavaThread "C2 CompilerThread0" daemon [_thread_in_native, id=20880, stack(0x0000008d9de00000,0x0000008d9df00000)]


Current CompileTask:
C2:  11184 2293       4       jdk.internal.org.objectweb.asm.Frame::execute (2305 bytes)

Stack: [0x0000008d9de00000,0x0000008d9df00000]
Native frames: (J=compiled Java code, j=interpreted, Vv=VM code, C=native code)
V  [jvm.dll+0x67a04a]
V  [jvm.dll+0x7da4ed]
V  [jvm.dll+0x7dbe33]
V  [jvm.dll+0x7dc4a3]
V  [jvm.dll+0x24508f]
V  [jvm.dll+0xab773]
V  [jvm.dll+0xabd3c]
V  [jvm.dll+0x2aa52f]
V  [jvm.dll+0x581eb9]
V  [jvm.dll+0x21f422]
V  [jvm.dll+0x21837b]
V  [jvm.dll+0x215b65]
V  [jvm.dll+0x1a2960]
V  [jvm.dll+0x22610b]
V  [jvm.dll+0x2242ab]
V  [jvm.dll+0x79075c]
V  [jvm.dll+0x78abea]
V  [jvm.dll+0x678f35]
C  [ucrtbase.dll+0x37b0]
C  [KERNEL32.DLL+0x2e8d7]
C  [ntdll.dll+0xb14fc]


---------------  P R O C E S S  ---------------

Threads class SMR info:
_java_thread_list=0x0000022874e8c060, length=25, elements={
0x000002280e78e040, 0x000002282d62c840, 0x000002282d62d310, 0x000002282d642d50,
0x000002282d645630, 0x000002282d645f00, 0x000002282d6467d0, 0x000002282d6473d0,
0x000002282d64fcf0, 0x000002282d654b10, 0x000002282d619310, 0x000002282d990f50,
0x0000022874affdd0, 0x000002282da034b0, 0x00000228749bc3e0, 0x00000228743d47c0,
0x0000022874aff0c0, 0x00000228733d6bc0, 0x00000228733d66b0, 0x00000228733d8a20,
0x00000228733d70d0, 0x00000228733d5270, 0x00000228733d8000, 0x00000228733d75e0,
0x00000228733d5780
}

Java Threads: ( => current thread )
  0x000002280e78e040 JavaThread "main" [_thread_blocked, id=18148, stack(0x0000008d9d100000,0x0000008d9d200000)]
  0x000002282d62c840 JavaThread "Reference Handler" daemon [_thread_blocked, id=8344, stack(0x0000008d9d800000,0x0000008d9d900000)]
  0x000002282d62d310 JavaThread "Finalizer" daemon [_thread_blocked, id=12056, stack(0x0000008d9d900000,0x0000008d9da00000)]
  0x000002282d642d50 JavaThread "Signal Dispatcher" daemon [_thread_blocked, id=4792, stack(0x0000008d9da00000,0x0000008d9db00000)]
  0x000002282d645630 JavaThread "Attach Listener" daemon [_thread_blocked, id=21132, stack(0x0000008d9db00000,0x0000008d9dc00000)]
  0x000002282d645f00 JavaThread "Service Thread" daemon [_thread_blocked, id=16308, stack(0x0000008d9dc00000,0x0000008d9dd00000)]
  0x000002282d6467d0 JavaThread "Monitor Deflation Thread" daemon [_thread_blocked, id=4184, stack(0x0000008d9dd00000,0x0000008d9de00000)]
=>0x000002282d6473d0 JavaThread "C2 CompilerThread0" daemon [_thread_in_native, id=20880, stack(0x0000008d9de00000,0x0000008d9df00000)]
  0x000002282d64fcf0 JavaThread "C1 CompilerThread0" daemon [_thread_blocked, id=8964, stack(0x0000008d9df00000,0x0000008d9e000000)]
  0x000002282d654b10 JavaThread "Sweeper thread" daemon [_thread_blocked, id=4336, stack(0x0000008d9e000000,0x0000008d9e100000)]
  0x000002282d619310 JavaThread "Common-Cleaner" daemon [_thread_blocked, id=12460, stack(0x0000008d9e100000,0x0000008d9e200000)]
  0x000002282d990f50 JavaThread "Notification Thread" daemon [_thread_blocked, id=20600, stack(0x0000008d9e200000,0x0000008d9e300000)]
  0x0000022874affdd0 JavaThread "Daemon health stats" [_thread_blocked, id=16928, stack(0x0000008d9e500000,0x0000008d9e600000)]
  0x000002282da034b0 JavaThread "Incoming local TCP Connector on port 59861" [_thread_in_native, id=18720, stack(0x0000008d9e400000,0x0000008d9e500000)]
  0x00000228749bc3e0 JavaThread "Daemon periodic checks" [_thread_blocked, id=9580, stack(0x0000008d9ea00000,0x0000008d9eb00000)]
  0x00000228743d47c0 JavaThread "Daemon" [_thread_blocked, id=22780, stack(0x0000008d9eb00000,0x0000008d9ec00000)]
  0x0000022874aff0c0 JavaThread "Handler for socket connection from /127.0.0.1:59861 to /127.0.0.1:59862" [_thread_in_native, id=6224, stack(0x0000008d9ec00000,0x0000008d9ed00000)]
  0x00000228733d6bc0 JavaThread "Cancel handler" [_thread_blocked, id=13972, stack(0x0000008d9ed00000,0x0000008d9ee00000)]
  0x00000228733d66b0 JavaThread "Daemon worker" [_thread_in_native, id=5792, stack(0x0000008d9ee00000,0x0000008d9ef00000)]
  0x00000228733d8a20 JavaThread "Asynchronous log dispatcher for DefaultDaemonConnection: socket connection from /127.0.0.1:59861 to /127.0.0.1:59862" [_thread_blocked, id=14016, stack(0x0000008d9ef00000,0x0000008d9f000000)]
  0x00000228733d70d0 JavaThread "Stdin handler" [_thread_blocked, id=20152, stack(0x0000008d9f000000,0x0000008d9f100000)]
  0x00000228733d5270 JavaThread "Daemon client event forwarder" [_thread_blocked, id=2824, stack(0x0000008d9f100000,0x0000008d9f200000)]
  0x00000228733d8000 JavaThread "Cache worker for journal cache (C:\Users\Ari Awaludin\.gradle\caches\journal-1)" [_thread_blocked, id=19948, stack(0x0000008d9f200000,0x0000008d9f300000)]
  0x00000228733d75e0 JavaThread "File lock request listener" [_thread_in_native, id=552, stack(0x0000008d9f300000,0x0000008d9f400000)]
  0x00000228733d5780 JavaThread "Cache worker for file hash cache (C:\Users\Ari Awaludin\.gradle\caches\8.11.1\fileHashes)" [_thread_blocked, id=22724, stack(0x0000008d9f400000,0x0000008d9f500000)]

Other Threads:
  0x000002282d6291f0 VMThread "VM Thread" [stack: 0x0000008d9d700000,0x0000008d9d800000] [id=6308]
  0x000002280e803740 WatcherThread [stack: 0x0000008d9e300000,0x0000008d9e400000] [id=21000]
  0x000002280ccce840 GCTaskThread "GC Thread#0" [stack: 0x0000008d9d200000,0x0000008d9d300000] [id=16692]
  0x000002282db9b980 GCTaskThread "GC Thread#1" [stack: 0x0000008d9e600000,0x0000008d9e700000] [id=24552]
  0x00000228735c56b0 GCTaskThread "GC Thread#2" [stack: 0x0000008d9e700000,0x0000008d9e800000] [id=20752]
  0x0000022873e17a00 GCTaskThread "GC Thread#3" [stack: 0x0000008d9e800000,0x0000008d9e900000] [id=16808]
  0x0000022873376710 GCTaskThread "GC Thread#4" [stack: 0x0000008d9e900000,0x0000008d9ea00000] [id=2888]
  0x000002280e7f78d0 ConcurrentGCThread "G1 Main Marker" [stack: 0x0000008d9d300000,0x0000008d9d400000] [id=11912]
  0x000002280e7f8ec0 ConcurrentGCThread "G1 Conc#0" [stack: 0x0000008d9d400000,0x0000008d9d500000] [id=10640]
  0x000002282d4dedf0 ConcurrentGCThread "G1 Refine#0" [stack: 0x0000008d9d500000,0x0000008d9d600000] [id=9708]
  0x000002282d4e05e0 ConcurrentGCThread "G1 Service" [stack: 0x0000008d9d600000,0x0000008d9d700000] [id=13996]

Threads with active compile tasks:
C2 CompilerThread0    12217 2293       4       jdk.internal.org.objectweb.asm.Frame::execute (2305 bytes)

VM state: not at safepoint (normal execution)

VM Mutex/Monitor currently owned by a thread: None

Heap address: 0x0000000080000000, size: 2048 MB, Compressed Oops mode: 32-bit

CDS archive(s) mapped at: [0x000002282e000000-0x000002282ebd0000-0x000002282ebd0000), size 12386304, SharedBaseAddress: 0x000002282e000000, ArchiveRelocationMode: 1.
Compressed class space mapped at: 0x000002282f000000-0x000002286f000000, reserved size: 1073741824
Narrow klass base: 0x000002282e000000, Narrow klass shift: 0, Narrow klass range: 0x100000000

GC Precious Log:
 CPUs: 12 total, 12 available
 Memory: 7502M
 Large Page Support: Disabled
 NUMA Support: Disabled
 Compressed Oops: Enabled (32-bit)
 Heap Region Size: 1M
 Heap Min Capacity: 8M
 Heap Initial Capacity: 118M
 Heap Max Capacity: 2G
 Pre-touch: Disabled
 Parallel Workers: 10
 Concurrent Workers: 3
 Concurrent Refinement Workers: 10
 Periodic GC: Disabled

Heap:
 garbage-first heap   total 120832K, used 71016K [0x0000000080000000, 0x0000000100000000)
  region size 1024K, 59 young (60416K), 5 survivors (5120K)
 Metaspace       used 14412K, committed 14656K, reserved 1114112K
  class space    used 1967K, committed 2112K, reserved 1048576K

Heap Regions: E=young(eden), S=young(survivor), O=old, HS=humongous(starts), HC=humongous(continues), CS=collection set, F=free, OA=open archive, CA=closed archive, TAMS=top-at-mark-start (previous, next)
|   0|0x0000000080000000, 0x0000000080100000, 0x0000000080100000|100%| O|  |TAMS 0x0000000080000000, 0x0000000080000000| Untracked 
|   1|0x0000000080100000, 0x0000000080200000, 0x0000000080200000|100%|HS|  |TAMS 0x0000000080100000, 0x0000000080100000| Complete 
|   2|0x0000000080200000, 0x0000000080300000, 0x0000000080300000|100%|HC|  |TAMS 0x0000000080200000, 0x0000000080200000| Complete 
|   3|0x0000000080300000, 0x0000000080400000, 0x0000000080400000|100%|HC|  |TAMS 0x0000000080300000, 0x0000000080300000| Complete 
|   4|0x0000000080400000, 0x0000000080500000, 0x0000000080500000|100%| O|  |TAMS 0x0000000080400000, 0x0000000080400000| Untracked 
|   5|0x0000000080500000, 0x0000000080600000, 0x0000000080600000|100%| O|  |TAMS 0x0000000080500000, 0x0000000080500000| Untracked 
|   6|0x0000000080600000, 0x0000000080700000, 0x0000000080700000|100%| O|  |TAMS 0x0000000080600000, 0x0000000080600000| Untracked 
|   7|0x0000000080700000, 0x0000000080800000, 0x0000000080800000|100%|HS|  |TAMS 0x0000000080700000, 0x0000000080700000| Complete 
|   8|0x0000000080800000, 0x0000000080800000, 0x0000000080900000|  0%| F|  |TAMS 0x0000000080800000, 0x0000000080800000| Untracked 
|   9|0x0000000080900000, 0x0000000080a00000, 0x0000000080a00000|100%| O|  |TAMS 0x0000000080900000, 0x0000000080900000| Untracked 
|  10|0x0000000080a00000, 0x0000000080b00000, 0x0000000080b00000|100%| O|  |TAMS 0x0000000080a00000, 0x0000000080a00000| Untracked 
|  11|0x0000000080b00000, 0x0000000080c00000, 0x0000000080c00000|100%| O|  |TAMS 0x0000000080b00000, 0x0000000080b00000| Untracked 
|  12|0x0000000080c00000, 0x0000000080d00000, 0x0000000080d00000|100%| O|  |TAMS 0x0000000080c00000, 0x0000000080c00000| Untracked 
|  13|0x0000000080d00000, 0x0000000080d12e00, 0x0000000080e00000|  7%| O|  |TAMS 0x0000000080d00000, 0x0000000080d00000| Untracked 
|  14|0x0000000080e00000, 0x0000000080e00000, 0x0000000080f00000|  0%| F|  |TAMS 0x0000000080e00000, 0x0000000080e00000| Untracked 
|  15|0x0000000080f00000, 0x0000000080f00000, 0x0000000081000000|  0%| F|  |TAMS 0x0000000080f00000, 0x0000000080f00000| Untracked 
|  16|0x0000000081000000, 0x0000000081000000, 0x0000000081100000|  0%| F|  |TAMS 0x0000000081000000, 0x0000000081000000| Untracked 
|  17|0x0000000081100000, 0x0000000081100000, 0x0000000081200000|  0%| F|  |TAMS 0x0000000081100000, 0x0000000081100000| Untracked 
|  18|0x0000000081200000, 0x0000000081200000, 0x0000000081300000|  0%| F|  |TAMS 0x0000000081200000, 0x0000000081200000| Untracked 
|  19|0x0000000081300000, 0x0000000081300000, 0x0000000081400000|  0%| F|  |TAMS 0x0000000081300000, 0x0000000081300000| Untracked 
|  20|0x0000000081400000, 0x0000000081400000, 0x0000000081500000|  0%| F|  |TAMS 0x0000000081400000, 0x0000000081400000| Untracked 
|  21|0x0000000081500000, 0x0000000081500000, 0x0000000081600000|  0%| F|  |TAMS 0x0000000081500000, 0x0000000081500000| Untracked 
|  22|0x0000000081600000, 0x0000000081600000, 0x0000000081700000|  0%| F|  |TAMS 0x0000000081600000, 0x0000000081600000| Untracked 
|  23|0x0000000081700000, 0x0000000081700000, 0x0000000081800000|  0%| F|  |TAMS 0x0000000081700000, 0x0000000081700000| Untracked 
|  24|0x0000000081800000, 0x0000000081800000, 0x0000000081900000|  0%| F|  |TAMS 0x0000000081800000, 0x0000000081800000| Untracked 
|  25|0x0000000081900000, 0x0000000081900000, 0x0000000081a00000|  0%| F|  |TAMS 0x0000000081900000, 0x0000000081900000| Untracked 
|  26|0x0000000081a00000, 0x0000000081a00000, 0x0000000081b00000|  0%| F|  |TAMS 0x0000000081a00000, 0x0000000081a00000| Untracked 
|  27|0x0000000081b00000, 0x0000000081b00000, 0x0000000081c00000|  0%| F|  |TAMS 0x0000000081b00000, 0x0000000081b00000| Untracked 
|  28|0x0000000081c00000, 0x0000000081c00000, 0x0000000081d00000|  0%| F|  |TAMS 0x0000000081c00000, 0x0000000081c00000| Untracked 
|  29|0x0000000081d00000, 0x0000000081d00000, 0x0000000081e00000|  0%| F|  |TAMS 0x0000000081d00000, 0x0000000081d00000| Untracked 
|  30|0x0000000081e00000, 0x0000000081e00000, 0x0000000081f00000|  0%| F|  |TAMS 0x0000000081e00000, 0x0000000081e00000| Untracked 
|  31|0x0000000081f00000, 0x0000000081f00000, 0x0000000082000000|  0%| F|  |TAMS 0x0000000081f00000, 0x0000000081f00000| Untracked 
|  32|0x0000000082000000, 0x0000000082000000, 0x0000000082100000|  0%| F|  |TAMS 0x0000000082000000, 0x0000000082000000| Untracked 
|  33|0x0000000082100000, 0x0000000082100000, 0x0000000082200000|  0%| F|  |TAMS 0x0000000082100000, 0x0000000082100000| Untracked 
|  34|0x0000000082200000, 0x0000000082200000, 0x0000000082300000|  0%| F|  |TAMS 0x0000000082200000, 0x0000000082200000| Untracked 
|  35|0x0000000082300000, 0x0000000082300000, 0x0000000082400000|  0%| F|  |TAMS 0x0000000082300000, 0x0000000082300000| Untracked 
|  36|0x0000000082400000, 0x0000000082400000, 0x0000000082500000|  0%| F|  |TAMS 0x0000000082400000, 0x0000000082400000| Untracked 
|  37|0x0000000082500000, 0x0000000082500000, 0x0000000082600000|  0%| F|  |TAMS 0x0000000082500000, 0x0000000082500000| Untracked 
|  38|0x0000000082600000, 0x0000000082600000, 0x0000000082700000|  0%| F|  |TAMS 0x0000000082600000, 0x0000000082600000| Untracked 
|  39|0x0000000082700000, 0x0000000082700000, 0x0000000082800000|  0%| F|  |TAMS 0x0000000082700000, 0x0000000082700000| Untracked 
|  40|0x0000000082800000, 0x0000000082800000, 0x0000000082900000|  0%| F|  |TAMS 0x0000000082800000, 0x0000000082800000| Untracked 
|  41|0x0000000082900000, 0x0000000082900000, 0x0000000082a00000|  0%| F|  |TAMS 0x0000000082900000, 0x0000000082900000| Untracked 
|  42|0x0000000082a00000, 0x0000000082a00000, 0x0000000082b00000|  0%| F|  |TAMS 0x0000000082a00000, 0x0000000082a00000| Untracked 
|  43|0x0000000082b00000, 0x0000000082b00000, 0x0000000082c00000|  0%| F|  |TAMS 0x0000000082b00000, 0x0000000082b00000| Untracked 
|  44|0x0000000082c00000, 0x0000000082c00000, 0x0000000082d00000|  0%| F|  |TAMS 0x0000000082c00000, 0x0000000082c00000| Untracked 
|  45|0x0000000082d00000, 0x0000000082d00000, 0x0000000082e00000|  0%| F|  |TAMS 0x0000000082d00000, 0x0000000082d00000| Untracked 
|  46|0x0000000082e00000, 0x0000000082e00000, 0x0000000082f00000|  0%| F|  |TAMS 0x0000000082e00000, 0x0000000082e00000| Untracked 
|  47|0x0000000082f00000, 0x0000000082f00000, 0x0000000083000000|  0%| F|  |TAMS 0x0000000082f00000, 0x0000000082f00000| Untracked 
|  48|0x0000000083000000, 0x0000000083000000, 0x0000000083100000|  0%| F|  |TAMS 0x0000000083000000, 0x0000000083000000| Untracked 
|  49|0x0000000083100000, 0x0000000083100000, 0x0000000083200000|  0%| F|  |TAMS 0x0000000083100000, 0x0000000083100000| Untracked 
|  50|0x0000000083200000, 0x0000000083200000, 0x0000000083300000|  0%| F|  |TAMS 0x0000000083200000, 0x0000000083200000| Untracked 
|  51|0x0000000083300000, 0x0000000083300000, 0x0000000083400000|  0%| F|  |TAMS 0x0000000083300000, 0x0000000083300000| Untracked 
|  52|0x0000000083400000, 0x0000000083400000, 0x0000000083500000|  0%| F|  |TAMS 0x0000000083400000, 0x0000000083400000| Untracked 
|  53|0x0000000083500000, 0x0000000083500000, 0x0000000083600000|  0%| F|  |TAMS 0x0000000083500000, 0x0000000083500000| Untracked 
|  54|0x0000000083600000, 0x0000000083600000, 0x0000000083700000|  0%| F|  |TAMS 0x0000000083600000, 0x0000000083600000| Untracked 
|  55|0x0000000083700000, 0x0000000083700000, 0x0000000083800000|  0%| F|  |TAMS 0x0000000083700000, 0x0000000083700000| Untracked 
|  56|0x0000000083800000, 0x0000000083800000, 0x0000000083900000|  0%| F|  |TAMS 0x0000000083800000, 0x0000000083800000| Untracked 
|  57|0x0000000083900000, 0x0000000083900000, 0x0000000083a00000|  0%| F|  |TAMS 0x0000000083900000, 0x0000000083900000| Untracked 
|  58|0x0000000083a00000, 0x0000000083a00000, 0x0000000083b00000|  0%| F|  |TAMS 0x0000000083a00000, 0x0000000083a00000| Untracked 
|  59|0x0000000083b00000, 0x0000000083b80800, 0x0000000083c00000| 50%| E|  |TAMS 0x0000000083b00000, 0x0000000083b00000| Complete 
|  60|0x0000000083c00000, 0x0000000083d00000, 0x0000000083d00000|100%| E|CS|TAMS 0x0000000083c00000, 0x0000000083c00000| Complete 
|  61|0x0000000083d00000, 0x0000000083e00000, 0x0000000083e00000|100%| E|CS|TAMS 0x0000000083d00000, 0x0000000083d00000| Complete 
|  62|0x0000000083e00000, 0x0000000083f00000, 0x0000000083f00000|100%| E|CS|TAMS 0x0000000083e00000, 0x0000000083e00000| Complete 
|  63|0x0000000083f00000, 0x0000000083f472d8, 0x0000000084000000| 27%| S|CS|TAMS 0x0000000083f00000, 0x0000000083f00000| Complete 
|  64|0x0000000084000000, 0x0000000084100000, 0x0000000084100000|100%| S|CS|TAMS 0x0000000084000000, 0x0000000084000000| Complete 
|  65|0x0000000084100000, 0x0000000084200000, 0x0000000084200000|100%| S|CS|TAMS 0x0000000084100000, 0x0000000084100000| Complete 
|  66|0x0000000084200000, 0x0000000084300000, 0x0000000084300000|100%| S|CS|TAMS 0x0000000084200000, 0x0000000084200000| Complete 
|  67|0x0000000084300000, 0x0000000084400000, 0x0000000084400000|100%| S|CS|TAMS 0x0000000084300000, 0x0000000084300000| Complete 
|  68|0x0000000084400000, 0x0000000084500000, 0x0000000084500000|100%| E|CS|TAMS 0x0000000084400000, 0x0000000084400000| Complete 
|  69|0x0000000084500000, 0x0000000084600000, 0x0000000084600000|100%| E|CS|TAMS 0x0000000084500000, 0x0000000084500000| Complete 
|  70|0x0000000084600000, 0x0000000084700000, 0x0000000084700000|100%| E|CS|TAMS 0x0000000084600000, 0x0000000084600000| Complete 
|  71|0x0000000084700000, 0x0000000084800000, 0x0000000084800000|100%| E|CS|TAMS 0x0000000084700000, 0x0000000084700000| Complete 
|  72|0x0000000084800000, 0x0000000084900000, 0x0000000084900000|100%| E|CS|TAMS 0x0000000084800000, 0x0000000084800000| Complete 
|  73|0x0000000084900000, 0x0000000084a00000, 0x0000000084a00000|100%| E|CS|TAMS 0x0000000084900000, 0x0000000084900000| Complete 
|  74|0x0000000084a00000, 0x0000000084b00000, 0x0000000084b00000|100%| E|CS|TAMS 0x0000000084a00000, 0x0000000084a00000| Complete 
|  75|0x0000000084b00000, 0x0000000084c00000, 0x0000000084c00000|100%| E|CS|TAMS 0x0000000084b00000, 0x0000000084b00000| Complete 
|  76|0x0000000084c00000, 0x0000000084d00000, 0x0000000084d00000|100%| E|CS|TAMS 0x0000000084c00000, 0x0000000084c00000| Complete 
|  77|0x0000000084d00000, 0x0000000084e00000, 0x0000000084e00000|100%| E|CS|TAMS 0x0000000084d00000, 0x0000000084d00000| Complete 
|  78|0x0000000084e00000, 0x0000000084f00000, 0x0000000084f00000|100%| E|CS|TAMS 0x0000000084e00000, 0x0000000084e00000| Complete 
|  79|0x0000000084f00000, 0x0000000085000000, 0x0000000085000000|100%| E|CS|TAMS 0x0000000084f00000, 0x0000000084f00000| Complete 
|  80|0x0000000085000000, 0x0000000085100000, 0x0000000085100000|100%| E|CS|TAMS 0x0000000085000000, 0x0000000085000000| Complete 
|  81|0x0000000085100000, 0x0000000085200000, 0x0000000085200000|100%| E|CS|TAMS 0x0000000085100000, 0x0000000085100000| Complete 
|  82|0x0000000085200000, 0x0000000085300000, 0x0000000085300000|100%| E|CS|TAMS 0x0000000085200000, 0x0000000085200000| Complete 
|  83|0x0000000085300000, 0x0000000085400000, 0x0000000085400000|100%| E|CS|TAMS 0x0000000085300000, 0x0000000085300000| Complete 
|  84|0x0000000085400000, 0x0000000085500000, 0x0000000085500000|100%| E|CS|TAMS 0x0000000085400000, 0x0000000085400000| Complete 
|  85|0x0000000085500000, 0x0000000085600000, 0x0000000085600000|100%| E|CS|TAMS 0x0000000085500000, 0x0000000085500000| Complete 
|  86|0x0000000085600000, 0x0000000085700000, 0x0000000085700000|100%| E|CS|TAMS 0x0000000085600000, 0x0000000085600000| Complete 
|  87|0x0000000085700000, 0x0000000085800000, 0x0000000085800000|100%| E|CS|TAMS 0x0000000085700000, 0x0000000085700000| Complete 
|  88|0x0000000085800000, 0x0000000085900000, 0x0000000085900000|100%| E|CS|TAMS 0x0000000085800000, 0x0000000085800000| Complete 
|  89|0x0000000085900000, 0x0000000085a00000, 0x0000000085a00000|100%| E|CS|TAMS 0x0000000085900000, 0x0000000085900000| Complete 
|  90|0x0000000085a00000, 0x0000000085b00000, 0x0000000085b00000|100%| E|CS|TAMS 0x0000000085a00000, 0x0000000085a00000| Complete 
|  91|0x0000000085b00000, 0x0000000085c00000, 0x0000000085c00000|100%| E|CS|TAMS 0x0000000085b00000, 0x0000000085b00000| Complete 
|  92|0x0000000085c00000, 0x0000000085d00000, 0x0000000085d00000|100%| E|CS|TAMS 0x0000000085c00000, 0x0000000085c00000| Complete 
|  93|0x0000000085d00000, 0x0000000085e00000, 0x0000000085e00000|100%| E|CS|TAMS 0x0000000085d00000, 0x0000000085d00000| Complete 
|  94|0x0000000085e00000, 0x0000000085f00000, 0x0000000085f00000|100%| E|CS|TAMS 0x0000000085e00000, 0x0000000085e00000| Complete 
|  95|0x0000000085f00000, 0x0000000086000000, 0x0000000086000000|100%| E|CS|TAMS 0x0000000085f00000, 0x0000000085f00000| Complete 
|  96|0x0000000086000000, 0x0000000086100000, 0x0000000086100000|100%| E|CS|TAMS 0x0000000086000000, 0x0000000086000000| Complete 
|  97|0x0000000086100000, 0x0000000086200000, 0x0000000086200000|100%| E|CS|TAMS 0x0000000086100000, 0x0000000086100000| Complete 
|  98|0x0000000086200000, 0x0000000086300000, 0x0000000086300000|100%| E|CS|TAMS 0x0000000086200000, 0x0000000086200000| Complete 
|  99|0x0000000086300000, 0x0000000086400000, 0x0000000086400000|100%| E|CS|TAMS 0x0000000086300000, 0x0000000086300000| Complete 
| 100|0x0000000086400000, 0x0000000086500000, 0x0000000086500000|100%| E|CS|TAMS 0x0000000086400000, 0x0000000086400000| Complete 
| 101|0x0000000086500000, 0x0000000086600000, 0x0000000086600000|100%| E|CS|TAMS 0x0000000086500000, 0x0000000086500000| Complete 
| 102|0x0000000086600000, 0x0000000086700000, 0x0000000086700000|100%| E|CS|TAMS 0x0000000086600000, 0x0000000086600000| Complete 
| 103|0x0000000086700000, 0x0000000086800000, 0x0000000086800000|100%| E|CS|TAMS 0x0000000086700000, 0x0000000086700000| Complete 
| 104|0x0000000086800000, 0x0000000086900000, 0x0000000086900000|100%| E|CS|TAMS 0x0000000086800000, 0x0000000086800000| Complete 
| 105|0x0000000086900000, 0x0000000086a00000, 0x0000000086a00000|100%| E|CS|TAMS 0x0000000086900000, 0x0000000086900000| Complete 
| 106|0x0000000086a00000, 0x0000000086b00000, 0x0000000086b00000|100%| E|CS|TAMS 0x0000000086a00000, 0x0000000086a00000| Complete 
| 107|0x0000000086b00000, 0x0000000086c00000, 0x0000000086c00000|100%| E|CS|TAMS 0x0000000086b00000, 0x0000000086b00000| Complete 
| 108|0x0000000086c00000, 0x0000000086d00000, 0x0000000086d00000|100%| E|CS|TAMS 0x0000000086c00000, 0x0000000086c00000| Complete 
| 109|0x0000000086d00000, 0x0000000086e00000, 0x0000000086e00000|100%| E|CS|TAMS 0x0000000086d00000, 0x0000000086d00000| Complete 
| 110|0x0000000086e00000, 0x0000000086f00000, 0x0000000086f00000|100%| E|CS|TAMS 0x0000000086e00000, 0x0000000086e00000| Complete 
| 111|0x0000000086f00000, 0x0000000087000000, 0x0000000087000000|100%| E|CS|TAMS 0x0000000086f00000, 0x0000000086f00000| Complete 
| 112|0x0000000087000000, 0x0000000087100000, 0x0000000087100000|100%| E|CS|TAMS 0x0000000087000000, 0x0000000087000000| Complete 
| 113|0x0000000087100000, 0x0000000087200000, 0x0000000087200000|100%| E|CS|TAMS 0x0000000087100000, 0x0000000087100000| Complete 
| 114|0x0000000087200000, 0x0000000087300000, 0x0000000087300000|100%| E|CS|TAMS 0x0000000087200000, 0x0000000087200000| Complete 
| 115|0x0000000087300000, 0x0000000087400000, 0x0000000087400000|100%| E|CS|TAMS 0x0000000087300000, 0x0000000087300000| Complete 
| 116|0x0000000087400000, 0x0000000087500000, 0x0000000087500000|100%| E|CS|TAMS 0x0000000087400000, 0x0000000087400000| Complete 
| 117|0x0000000087500000, 0x0000000087600000, 0x0000000087600000|100%| E|CS|TAMS 0x0000000087500000, 0x0000000087500000| Complete 

Card table byte_map: [0x0000022826160000,0x0000022826560000] _byte_map_base: 0x0000022825d60000

Marking Bits (Prev, Next): (CMBitMap*) 0x000002280e7e71e0, (CMBitMap*) 0x000002280e7e7220
 Prev Bits: [0x0000022826960000, 0x0000022828960000)
 Next Bits: [0x0000022828960000, 0x000002282a960000)

Polling page: 0x000002280cf00000

Metaspace:

Usage:
  Non-class:     12.17 MB used.
      Class:      1.92 MB used.
       Both:     14.09 MB used.

Virtual space:
  Non-class space:       64.00 MB reserved,      12.31 MB ( 19%) committed,  1 nodes.
      Class space:        1.00 GB reserved,       2.06 MB ( <1%) committed,  1 nodes.
             Both:        1.06 GB reserved,      14.38 MB (  1%) committed. 

Chunk freelists:
   Non-Class:  3.36 MB
       Class:  13.95 MB
        Both:  17.31 MB

MaxMetaspaceSize: unlimited
CompressedClassSpaceSize: 1.00 GB
Initial GC threshold: 21.00 MB
Current GC threshold: 21.00 MB
CDS: on
MetaspaceReclaimPolicy: balanced
 - commit_granule_bytes: 65536.
 - commit_granule_words: 8192.
 - virtual_space_node_default_size: 8388608.
 - enlarge_chunks_in_place: 1.
 - new_chunks_are_fully_committed: 0.
 - uncommit_free_chunks: 1.
 - use_allocation_guard: 0.
 - handle_deallocations: 1.


Internal statistics:

num_allocs_failed_limit: 0.
num_arena_births: 174.
num_arena_deaths: 0.
num_vsnodes_births: 2.
num_vsnodes_deaths: 0.
num_space_committed: 230.
num_space_uncommitted: 0.
num_chunks_returned_to_freelist: 0.
num_chunks_taken_from_freelist: 618.
num_chunk_merges: 0.
num_chunk_splits: 415.
num_chunks_enlarged: 314.
num_inconsistent_stats: 0.

CodeHeap 'non-profiled nmethods': size=120000Kb used=1310Kb max_used=1310Kb free=118690Kb
 bounds [0x000002281dba0000, 0x000002281de10000, 0x00000228250d0000]
CodeHeap 'profiled nmethods': size=120000Kb used=4950Kb max_used=4950Kb free=115049Kb
 bounds [0x00000228160d0000, 0x00000228165b0000, 0x000002281d600000]
CodeHeap 'non-nmethods': size=5760Kb used=1225Kb max_used=1237Kb free=4535Kb
 bounds [0x000002281d600000, 0x000002281d870000, 0x000002281dba0000]
 total_blobs=2960 nmethods=2432 adapters=440
 compilation: enabled
              stopped_count=0, restarted_count=0
 full_count=0

Compilation events (20 events):
Event: 9.490 Thread 0x000002282d64fcf0 2340       3       java.util.concurrent.locks.AbstractQueuedSynchronizer$ConditionNode::<init> (5 bytes)
Event: 9.490 Thread 0x000002282d64fcf0 nmethod 2340 0x0000022816557c90 code [0x0000022816557e40, 0x0000022816557ff8]
Event: 9.490 Thread 0x000002282d64fcf0 2341       3       java.util.concurrent.locks.AbstractQueuedSynchronizer$ConditionObject::enableWait (84 bytes)
Event: 9.490 Thread 0x000002282d64fcf0 nmethod 2341 0x0000022816558110 code [0x0000022816558320, 0x0000022816558a68]
Event: 9.536 Thread 0x000002282d64fcf0 2342       3       java.util.concurrent.locks.ReentrantLock::lockInterruptibly (8 bytes)
Event: 9.537 Thread 0x000002282d64fcf0 nmethod 2342 0x0000022816558d10 code [0x0000022816558f00, 0x00000228165593b8]
Event: 9.537 Thread 0x000002282d64fcf0 2343       3       java.util.concurrent.locks.ReentrantLock$Sync::lockInterruptibly (27 bytes)
Event: 9.537 Thread 0x000002282d64fcf0 nmethod 2343 0x0000022816559590 code [0x0000022816559780, 0x0000022816559bd8]
Event: 9.567 Thread 0x000002282d64fcf0 2344       3       java.util.concurrent.locks.AbstractQueuedSynchronizer$ConditionObject::awaitNanos (200 bytes)
Event: 9.569 Thread 0x000002282d64fcf0 nmethod 2344 0x0000022816559d90 code [0x000002281655a080, 0x000002281655b108]
Event: 9.569 Thread 0x000002282d64fcf0 2345       3       java.util.concurrent.locks.LockSupport::parkNanos (29 bytes)
Event: 9.569 Thread 0x000002282d64fcf0 nmethod 2345 0x000002281655b790 code [0x000002281655b960, 0x000002281655bb68]
Event: 9.598 Thread 0x000002282d64fcf0 2346       3       jdk.internal.misc.Unsafe::putIntOpaque (9 bytes)
Event: 9.598 Thread 0x000002282d64fcf0 nmethod 2346 0x000002281655bc90 code [0x000002281655be20, 0x000002281655bf38]
Event: 9.599 Thread 0x000002282d64fcf0 2348       3       java.util.concurrent.locks.ReentrantLock$NonfairSync::tryAcquire (27 bytes)
Event: 9.599 Thread 0x000002282d64fcf0 nmethod 2348 0x000002281655c010 code [0x000002281655c1c0, 0x000002281655c448]
Event: 9.690 Thread 0x000002282d64fcf0 2349   !   3       java.util.concurrent.LinkedBlockingQueue::poll (128 bytes)
Event: 9.954 Thread 0x000002282d64fcf0 nmethod 2349 0x000002281655c510 code [0x000002281655c900, 0x000002281655e678]
Event: 9.955 Thread 0x000002282d64fcf0 2351   !   3       org.gradle.launcher.daemon.server.exec.DaemonConnectionBackedEventConsumer$ForwardEvents::getNextEvent (27 bytes)
Event: 9.955 Thread 0x000002282d64fcf0 nmethod 2351 0x000002281655f310 code [0x000002281655f4c0, 0x000002281655f748]

GC Heap History (6 events):
Event: 0.389 GC heap before
{Heap before GC invocations=0 (full 0):
 garbage-first heap   total 120832K, used 23552K [0x0000000080000000, 0x0000000100000000)
  region size 1024K, 23 young (23552K), 0 survivors (0K)
 Metaspace       used 1068K, committed 1216K, reserved 1114112K
  class space    used 73K, committed 128K, reserved 1048576K
}
Event: 0.393 GC heap after
{Heap after GC invocations=1 (full 0):
 garbage-first heap   total 120832K, used 3192K [0x0000000080000000, 0x0000000100000000)
  region size 1024K, 3 young (3072K), 3 survivors (3072K)
 Metaspace       used 1068K, committed 1216K, reserved 1114112K
  class space    used 73K, committed 128K, reserved 1048576K
}
Event: 1.028 GC heap before
{Heap before GC invocations=1 (full 0):
 garbage-first heap   total 120832K, used 40056K [0x0000000080000000, 0x0000000100000000)
  region size 1024K, 36 young (36864K), 3 survivors (3072K)
 Metaspace       used 4377K, committed 4544K, reserved 1114112K
  class space    used 540K, committed 640K, reserved 1048576K
}
Event: 1.040 GC heap after
{Heap after GC invocations=2 (full 0):
 garbage-first heap   total 120832K, used 11233K [0x0000000080000000, 0x0000000100000000)
  region size 1024K, 5 young (5120K), 5 survivors (5120K)
 Metaspace       used 4377K, committed 4544K, reserved 1114112K
  class space    used 540K, committed 640K, reserved 1048576K
}
Event: 1.647 GC heap before
{Heap before GC invocations=2 (full 0):
 garbage-first heap   total 120832K, used 59361K [0x0000000080000000, 0x0000000100000000)
  region size 1024K, 50 young (51200K), 5 survivors (5120K)
 Metaspace       used 4595K, committed 4736K, reserved 1114112K
  class space    used 560K, committed 640K, reserved 1048576K
}
Event: 1.653 GC heap after
{Heap after GC invocations=3 (full 0):
 garbage-first heap   total 120832K, used 16744K [0x0000000080000000, 0x0000000100000000)
  region size 1024K, 5 young (5120K), 5 survivors (5120K)
 Metaspace       used 4595K, committed 4736K, reserved 1114112K
  class space    used 560K, committed 640K, reserved 1048576K
}

Deoptimization events (20 events):
Event: 3.558 Thread 0x00000228743d47c0 Uncommon trap: trap_request=0xffffffc6 fr.pc=0x000002281dcab568 relative=0x0000000000000ce8
Event: 3.558 Thread 0x00000228743d47c0 Uncommon trap: reason=bimorphic_or_optimized_type_check action=maybe_recompile pc=0x000002281dcab568 method=java.util.HashMap.getNode(Ljava/lang/Object;)Ljava/util/HashMap$Node; @ 128 c2
Event: 3.558 Thread 0x00000228743d47c0 DEOPT PACKING pc=0x000002281dcab568 sp=0x0000008d9ebfde00
Event: 3.558 Thread 0x00000228743d47c0 DEOPT UNPACKING pc=0x000002281d6523a3 sp=0x0000008d9ebfdd48 mode 2
Event: 3.562 Thread 0x00000228733d66b0 Uncommon trap: trap_request=0xffffff45 fr.pc=0x000002281dc74664 relative=0x0000000000000224
Event: 3.562 Thread 0x00000228733d66b0 Uncommon trap: reason=unstable_if action=reinterpret pc=0x000002281dc74664 method=java.io.WinNTFileSystem.prefixLength(Ljava/lang/String;)I @ 25 c2
Event: 3.562 Thread 0x00000228733d66b0 DEOPT PACKING pc=0x000002281dc74664 sp=0x0000008d9eeff070
Event: 3.562 Thread 0x00000228733d66b0 DEOPT UNPACKING pc=0x000002281d6523a3 sp=0x0000008d9eefefe8 mode 2
Event: 3.738 Thread 0x00000228733d66b0 Uncommon trap: trap_request=0xffffff45 fr.pc=0x000002281dcaac5c relative=0x00000000000003dc
Event: 3.738 Thread 0x00000228733d66b0 Uncommon trap: reason=unstable_if action=reinterpret pc=0x000002281dcaac5c method=java.util.HashMap.getNode(Ljava/lang/Object;)Ljava/util/HashMap$Node; @ 66 c2
Event: 3.738 Thread 0x00000228733d66b0 DEOPT PACKING pc=0x000002281dcaac5c sp=0x0000008d9eefc380
Event: 3.738 Thread 0x00000228733d66b0 DEOPT UNPACKING pc=0x000002281d6523a3 sp=0x0000008d9eefc2d0 mode 2
Event: 3.738 Thread 0x00000228733d66b0 Uncommon trap: trap_request=0xffffff45 fr.pc=0x000002281dc2e6e4 relative=0x00000000000003a4
Event: 3.738 Thread 0x00000228733d66b0 Uncommon trap: reason=unstable_if action=reinterpret pc=0x000002281dc2e6e4 method=java.util.HashMap.getNode(Ljava/lang/Object;)Ljava/util/HashMap$Node; @ 66 c2
Event: 3.738 Thread 0x00000228733d66b0 DEOPT PACKING pc=0x000002281dc2e6e4 sp=0x0000008d9eefc340
Event: 3.738 Thread 0x00000228733d66b0 DEOPT UNPACKING pc=0x000002281d6523a3 sp=0x0000008d9eefc2d0 mode 2
Event: 3.749 Thread 0x00000228733d66b0 Uncommon trap: trap_request=0xffffff45 fr.pc=0x000002281dc750e8 relative=0x0000000000000248
Event: 3.749 Thread 0x00000228733d66b0 Uncommon trap: reason=unstable_if action=reinterpret pc=0x000002281dc750e8 method=java.util.concurrent.ConcurrentHashMap.get(Ljava/lang/Object;)Ljava/lang/Object; @ 76 c2
Event: 3.749 Thread 0x00000228733d66b0 DEOPT PACKING pc=0x000002281dc750e8 sp=0x0000008d9eefb820
Event: 3.749 Thread 0x00000228733d66b0 DEOPT UNPACKING pc=0x000002281d6523a3 sp=0x0000008d9eefb788 mode 2

Classes unloaded (0 events):
No events

Classes redefined (0 events):
No events

Internal exceptions (20 events):
Event: 0.634 Thread 0x000002280e78e040 Exception <a 'java/lang/NoSuchMethodError'{0x0000000086b44840}: 'int java.lang.invoke.DirectMethodHandle$Holder.invokeStaticInit(java.lang.Object)'> (0x0000000086b44840) 
thrown [s\open\src\hotspot\share\interpreter\linkResolver.cpp, line 759]
Event: 0.882 Thread 0x000002280e78e040 Exception <a 'java/lang/NoSuchMethodError'{0x000000008611a288}: 'void java.lang.invoke.DirectMethodHandle$Holder.invokeInterface(java.lang.Object, java.lang.Object, java.lang.Object)'> (0x000000008611a288) 
thrown [s\open\src\hotspot\share\interpreter\linkResolver.cpp, line 759]
Event: 1.912 Thread 0x000002280e78e040 Exception <a 'java/lang/NoSuchMethodError'{0x0000000086a519c8}: 'java.lang.Object java.lang.invoke.DirectMethodHandle$Holder.invokeStaticInit(java.lang.Object)'> (0x0000000086a519c8) 
thrown [s\open\src\hotspot\share\interpreter\linkResolver.cpp, line 759]
Event: 1.948 Thread 0x000002280e78e040 Exception <a 'java/lang/NoSuchMethodError'{0x0000000086adaae0}: 'java.lang.Object java.lang.invoke.DirectMethodHandle$Holder.invokeInterface(java.lang.Object, java.lang.Object)'> (0x0000000086adaae0) 
thrown [s\open\src\hotspot\share\interpreter\linkResolver.cpp, line 759]
Event: 2.081 Thread 0x000002280e78e040 Exception <a 'java/lang/NoSuchMethodError'{0x00000000864978b8}: 'java.lang.Object java.lang.invoke.DirectMethodHandle$Holder.invokeStaticInit(java.lang.Object, int, int, int, int)'> (0x00000000864978b8) 
thrown [s\open\src\hotspot\share\interpreter\linkResolver.cpp, line 759]
Event: 2.166 Thread 0x000002280e78e040 Exception <a 'sun/nio/fs/WindowsException'{0x00000000864ecd10}> (0x00000000864ecd10) 
thrown [s\open\src\hotspot\share\prims\jni.cpp, line 516]
Event: 2.168 Thread 0x000002280e78e040 Exception <a 'java/lang/NoSuchMethodError'{0x00000000864f36d0}: 'java.lang.Object java.lang.invoke.DirectMethodHandle$Holder.invokeStaticInit(java.lang.Object, java.lang.Object, int, int, int, int)'> (0x00000000864f36d0) 
thrown [s\open\src\hotspot\share\interpreter\linkResolver.cpp, line 759]
Event: 3.399 Thread 0x000002280e78e040 Exception <a 'java/lang/NoSuchMethodError'{0x000000008610a760}: 'void java.lang.invoke.DirectMethodHandle$Holder.invokeStatic(java.lang.Object, java.lang.Object, java.lang.Object)'> (0x000000008610a760) 
thrown [s\open\src\hotspot\share\interpreter\linkResolver.cpp, line 759]
Event: 3.430 Thread 0x000002280e78e040 Exception <a 'java/io/IOException'{0x000000008601db30}> (0x000000008601db30) 
thrown [s\open\src\hotspot\share\prims\jni.cpp, line 516]
Event: 3.435 Thread 0x000002280e78e040 Implicit null exception at 0x000002281dbea8f2 to 0x000002281dbeaebc
Event: 3.442 Thread 0x000002280e78e040 Exception <a 'java/lang/NoSuchMethodError'{0x000000008607d890}: 'java.lang.Object java.lang.invoke.DirectMethodHandle$Holder.newInvokeSpecial(java.lang.Object, java.lang.Object, java.lang.Object, java.lang.Object, java.lang.Object)'> (0x000000008607d890) 
thrown [s\open\src\hotspot\share\interpreter\linkResolver.cpp, line 759]
Event: 3.559 Thread 0x00000228743d47c0 Exception <a 'java/lang/NoSuchMethodError'{0x0000000085c76670}: 'void java.lang.invoke.DirectMethodHandle$Holder.invokeSpecial(java.lang.Object, java.lang.Object, java.lang.Object)'> (0x0000000085c76670) 
thrown [s\open\src\hotspot\share\interpreter\linkResolver.cpp, line 759]
Event: 3.625 Thread 0x00000228733d66b0 Exception <a 'java/lang/NoSuchMethodError'{0x00000000858eb0b0}: 'long java.lang.invoke.DirectMethodHandle$Holder.invokeInterface(java.lang.Object, java.lang.Object)'> (0x00000000858eb0b0) 
thrown [s\open\src\hotspot\share\interpreter\linkResolver.cpp, line 759]
Event: 3.711 Thread 0x00000228733d66b0 Exception <a 'java/lang/NoSuchMethodError'{0x000000008535dad0}: 'void java.lang.invoke.DirectMethodHandle$Holder.invokeStatic(java.lang.Object, java.lang.Object)'> (0x000000008535dad0) 
thrown [s\open\src\hotspot\share\interpreter\linkResolver.cpp, line 759]
Event: 3.756 Thread 0x00000228733d66b0 Exception <a 'java/lang/NoSuchMethodError'{0x00000000851752d0}: 'int java.lang.invoke.DirectMethodHandle$Holder.invokeVirtual(java.lang.Object, java.lang.Object, java.lang.Object)'> (0x00000000851752d0) 
thrown [s\open\src\hotspot\share\interpreter\linkResolver.cpp, line 759]
Event: 3.793 Thread 0x00000228733d66b0 Exception <a 'java/lang/NoSuchMethodError'{0x0000000084fff9e0}: 'java.lang.Object java.lang.invoke.DirectMethodHandle$Holder.newInvokeSpecial(java.lang.Object, java.lang.Object, java.lang.Object, java.lang.Object, java.lang.Object, java.lang.Object)'> (0x0000000084fff9e0) 
thrown [s\open\src\hotspot\share\interpreter\linkResolver.cpp, line 759]
Event: 4.882 Thread 0x00000228733d66b0 Exception <a 'java/lang/NoSuchMethodError'{0x0000000084b03980}: 'void java.lang.invoke.DelegatingMethodHandle$Holder.reinvoke_L(java.lang.Object, java.lang.Object, java.lang.Object, java.lang.Object, java.lang.Object, java.lang.Object, java.lang.Object, java.lang.Object, java.lang.Object, java.lang.Object)'> (0x0000000084b03980) 
thrown [s\open\src\hotspot\share\interpreter\linkResolver.cpp, line 759]
Event: 4.883 Thread 0x00000228733d66b0 Exception <a 'java/lang/NoSuchMethodError'{0x0000000084b0bdf0}: 'java.lang.Object java.lang.invoke.DirectMethodHandle$Holder.invokeSpecial(java.lang.Object, java.lang.Object, java.lang.Object, java.lang.Object, java.lang.Object, java.lang.Object, java.lang.Object, java.lang.Object, java.lang.Object, java.lang.Object)'> (0x0000000084b0bdf0) 
thrown [s\open\src\hotspot\share\interpreter\linkResolver.cpp, line 759]
Event: 4.883 Thread 0x00000228733d66b0 Exception <a 'java/lang/NoSuchMethodError'{0x0000000084b106c0}: 'java.lang.Object java.lang.invoke.Invokers$Holder.invoker(java.lang.Object, java.lang.Object, java.lang.Object, java.lang.Object, java.lang.Object, java.lang.Object, java.lang.Object, java.lang.Object, java.lang.Object, java.lang.Object)'> (0x0000000084b106c0) 
thrown [s\open\src\hotspot\share\interpreter\linkResolver.cpp, line 759]
Event: 4.883 Thread 0x00000228733d66b0 Exception <a 'java/lang/NoSuchMethodError'{0x0000000084b162c8}: 'java.lang.Object java.lang.invoke.DirectMethodHandle$Holder.invokeSpecial(java.lang.Object, java.lang.Object, java.lang.Object, java.lang.Object, java.lang.Object, java.lang.Object, java.lang.Object, java.lang.Object, java.lang.Object, java.lang.Object, java.lang.Object)'> (0x0000000084b162c8) 
thrown [s\open\src\hotspot\share\interpreter\linkResolver.cpp, line 759]

VM Operations (20 events):
Event: 1.943 Executing VM operation: HandshakeAllThreads
Event: 1.943 Executing VM operation: HandshakeAllThreads done
Event: 1.992 Executing VM operation: HandshakeAllThreads
Event: 1.992 Executing VM operation: HandshakeAllThreads done
Event: 2.064 Executing VM operation: HandshakeAllThreads
Event: 2.064 Executing VM operation: HandshakeAllThreads done
Event: 3.067 Executing VM operation: Cleanup
Event: 3.207 Executing VM operation: Cleanup done
Event: 3.397 Executing VM operation: HandshakeAllThreads
Event: 3.397 Executing VM operation: HandshakeAllThreads done
Event: 3.480 Executing VM operation: HandshakeAllThreads
Event: 3.480 Executing VM operation: HandshakeAllThreads done
Event: 4.483 Executing VM operation: Cleanup
Event: 4.870 Executing VM operation: Cleanup done
Event: 5.881 Executing VM operation: Cleanup
Event: 6.942 Executing VM operation: Cleanup done
Event: 7.952 Executing VM operation: Cleanup
Event: 7.952 Executing VM operation: Cleanup done
Event: 8.962 Executing VM operation: Cleanup
Event: 8.962 Executing VM operation: Cleanup done

Events (20 events):
Event: 3.747 loading class java/lang/Deprecated
Event: 3.747 loading class java/lang/Deprecated done
Event: 3.748 loading class jdk/internal/vm/annotation/IntrinsicCandidate
Event: 3.748 loading class jdk/internal/vm/annotation/IntrinsicCandidate done
Event: 3.750 loading class java/util/stream/MatchOps$MatchKind
Event: 3.751 loading class java/util/stream/MatchOps$MatchKind done
Event: 3.751 loading class java/util/stream/MatchOps
Event: 3.751 loading class java/util/stream/MatchOps done
Event: 3.752 loading class java/util/stream/MatchOps$MatchOp
Event: 3.752 loading class java/util/stream/MatchOps$MatchOp done
Event: 3.752 loading class java/util/stream/MatchOps$BooleanTerminalSink
Event: 3.752 loading class java/util/stream/MatchOps$BooleanTerminalSink done
Event: 3.753 loading class java/util/stream/MatchOps$1MatchSink
Event: 3.753 loading class java/util/stream/MatchOps$1MatchSink done
Event: 3.774 loading class java/lang/TypeNotPresentException
Event: 3.774 loading class java/lang/TypeNotPresentException done
Event: 3.795 loading class java/lang/invoke/MethodHandle$1
Event: 3.795 loading class java/lang/invoke/MethodHandle$1 done
Event: 3.833 loading class sun/reflect/generics/scope/ConstructorScope
Event: 3.833 loading class sun/reflect/generics/scope/ConstructorScope done


Dynamic libraries:
0x00007ff719930000 - 0x00007ff719940000 	C:\Program Files\Java\jdk-17\bin\java.exe
0x00007fff4c6a0000 - 0x00007fff4c900000 	C:\WINDOWS\SYSTEM32\ntdll.dll
0x00007fff4b8a0000 - 0x00007fff4b967000 	C:\WINDOWS\System32\KERNEL32.DLL
0x00007fff49a90000 - 0x00007fff49e5a000 	C:\WINDOWS\System32\KERNELBASE.dll
0x00007fff4a0a0000 - 0x00007fff4a1eb000 	C:\WINDOWS\System32\ucrtbase.dll
0x00007fff21800000 - 0x00007fff21819000 	C:\Program Files\Java\jdk-17\bin\jli.dll
0x00007fff4bb50000 - 0x00007fff4bc02000 	C:\WINDOWS\System32\ADVAPI32.dll
0x00007fff1d330000 - 0x00007fff1d34b000 	C:\Program Files\Java\jdk-17\bin\VCRUNTIME140.dll
0x00007fff4ade0000 - 0x00007fff4ae89000 	C:\WINDOWS\System32\msvcrt.dll
0x00007fff4c4c0000 - 0x00007fff4c566000 	C:\WINDOWS\System32\sechost.dll
0x00007fff4aca0000 - 0x00007fff4adb6000 	C:\WINDOWS\System32\RPCRT4.dll
0x00007fff4c2e0000 - 0x00007fff4c4ac000 	C:\WINDOWS\System32\USER32.dll
0x00007fff4a1f0000 - 0x00007fff4a217000 	C:\WINDOWS\System32\win32u.dll
0x00007fff4b970000 - 0x00007fff4b99a000 	C:\WINDOWS\System32\GDI32.dll
0x00007fff30bb0000 - 0x00007fff30e47000 	C:\WINDOWS\WinSxS\amd64_microsoft.windows.common-controls_6595b64144ccf1df_6.0.26100.3624_none_3e086962e3345f24\COMCTL32.dll
0x00007fff4a360000 - 0x00007fff4a491000 	C:\WINDOWS\System32\gdi32full.dll
0x00007fff4a220000 - 0x00007fff4a2c3000 	C:\WINDOWS\System32\msvcp_win.dll
0x00007fff41dc0000 - 0x00007fff41dcb000 	C:\WINDOWS\SYSTEM32\VERSION.dll
0x00007fff4bd40000 - 0x00007fff4bd6f000 	C:\WINDOWS\System32\IMM32.DLL
0x00007fff26910000 - 0x00007fff2691c000 	C:\Program Files\Java\jdk-17\bin\vcruntime140_1.dll
0x00007fff07590000 - 0x00007fff0761e000 	C:\Program Files\Java\jdk-17\bin\msvcp140.dll
0x00007ffec2410000 - 0x00007ffec2ff0000 	C:\Program Files\Java\jdk-17\bin\server\jvm.dll
0x00007fff4c4b0000 - 0x00007fff4c4b8000 	C:\WINDOWS\System32\PSAPI.DLL
0x00007fff41d80000 - 0x00007fff41db6000 	C:\WINDOWS\SYSTEM32\WINMM.dll
0x00007fff268a0000 - 0x00007fff268aa000 	C:\WINDOWS\SYSTEM32\WSOCK32.dll
0x00007fff4ae90000 - 0x00007fff4af04000 	C:\WINDOWS\System32\ws2_32.DLL
0x00007fff48690000 - 0x00007fff486aa000 	C:\WINDOWS\SYSTEM32\kernel.appcore.dll
0x00007fff26430000 - 0x00007fff2643a000 	C:\Program Files\Java\jdk-17\bin\jimage.dll
0x00007fff3d260000 - 0x00007fff3d4a1000 	C:\WINDOWS\SYSTEM32\DBGHELP.DLL
0x00007fff4a910000 - 0x00007fff4ac92000 	C:\WINDOWS\System32\combase.dll
0x00007fff4a640000 - 0x00007fff4a716000 	C:\WINDOWS\System32\OLEAUT32.dll
0x00007fff2f530000 - 0x00007fff2f569000 	C:\WINDOWS\SYSTEM32\dbgcore.DLL
0x00007fff499f0000 - 0x00007fff49a89000 	C:\WINDOWS\System32\bcryptPrimitives.dll
0x00007fff25b30000 - 0x00007fff25b3e000 	C:\Program Files\Java\jdk-17\bin\instrument.dll
0x00007fff0de40000 - 0x00007fff0de65000 	C:\Program Files\Java\jdk-17\bin\java.dll
0x00007fff05520000 - 0x00007fff055f7000 	C:\Program Files\Java\jdk-17\bin\jsvml.dll
0x00007fff4b170000 - 0x00007fff4b899000 	C:\WINDOWS\System32\SHELL32.dll
0x00007fff49880000 - 0x00007fff499e8000 	C:\WINDOWS\System32\wintypes.dll
0x00007fff47540000 - 0x00007fff47d92000 	C:\WINDOWS\SYSTEM32\windows.storage.dll
0x00007fff4c570000 - 0x00007fff4c65d000 	C:\WINDOWS\System32\SHCORE.dll
0x00007fff4bdc0000 - 0x00007fff4be24000 	C:\WINDOWS\System32\shlwapi.dll
0x00007fff49790000 - 0x00007fff497bf000 	C:\WINDOWS\SYSTEM32\profapi.dll
0x00007fff19c00000 - 0x00007fff19c18000 	C:\Program Files\Java\jdk-17\bin\zip.dll
0x00007fff0ffe0000 - 0x00007fff0fff9000 	C:\Program Files\Java\jdk-17\bin\net.dll
0x00007fff41c20000 - 0x00007fff41d3d000 	C:\WINDOWS\SYSTEM32\WINHTTP.dll
0x00007fff48bb0000 - 0x00007fff48c1a000 	C:\WINDOWS\system32\mswsock.dll
0x00007fff0fa30000 - 0x00007fff0fa46000 	C:\Program Files\Java\jdk-17\bin\nio.dll
0x00007fff1df00000 - 0x00007fff1df10000 	C:\Program Files\Java\jdk-17\bin\verify.dll
0x00007fff0cbc0000 - 0x00007fff0cbe7000 	C:\Users\Ari Awaludin\.gradle\native\c067742578af261105cb4f569cf0c3c89f3d7b1fecec35dd04571415982c5e48\windows-amd64\native-platform.dll
0x00007ffed0610000 - 0x00007ffed0754000 	C:\Users\Ari Awaludin\.gradle\native\100fb08df4bc3b14c8652ba06237920a3bd2aa13389f12d3474272988ae205f9\windows-amd64\native-platform-file-events.dll
0x00007fff10370000 - 0x00007fff1037a000 	C:\Program Files\Java\jdk-17\bin\management.dll
0x00007fff0e720000 - 0x00007fff0e72b000 	C:\Program Files\Java\jdk-17\bin\management_ext.dll
0x00007fff48ec0000 - 0x00007fff48edc000 	C:\WINDOWS\SYSTEM32\CRYPTSP.dll
0x00007fff485f0000 - 0x00007fff4862a000 	C:\WINDOWS\system32\rsaenh.dll
0x00007fff48c50000 - 0x00007fff48c7b000 	C:\WINDOWS\SYSTEM32\USERENV.dll
0x00007fff49760000 - 0x00007fff49786000 	C:\WINDOWS\SYSTEM32\bcrypt.dll
0x00007fff48ee0000 - 0x00007fff48eec000 	C:\WINDOWS\SYSTEM32\CRYPTBASE.dll
0x00007fff48170000 - 0x00007fff481a3000 	C:\WINDOWS\SYSTEM32\IPHLPAPI.DLL
0x00007fff4bd80000 - 0x00007fff4bd8a000 	C:\WINDOWS\System32\NSI.dll
0x00007fff42590000 - 0x00007fff425af000 	C:\WINDOWS\SYSTEM32\dhcpcsvc6.DLL
0x00007fff42560000 - 0x00007fff42585000 	C:\WINDOWS\SYSTEM32\dhcpcsvc.DLL
0x00007fff481b0000 - 0x00007fff482d5000 	C:\WINDOWS\SYSTEM32\DNSAPI.dll
0x00007fff0e5b0000 - 0x00007fff0e5be000 	C:\Program Files\Java\jdk-17\bin\sunmscapi.dll
0x00007fff49f20000 - 0x00007fff4a097000 	C:\WINDOWS\System32\CRYPT32.dll
0x00007fff490c0000 - 0x00007fff490f0000 	C:\WINDOWS\SYSTEM32\ncrypt.dll
0x00007fff49070000 - 0x00007fff490af000 	C:\WINDOWS\SYSTEM32\NTASN1.dll
0x00007fff0e250000 - 0x00007fff0e258000 	C:\WINDOWS\system32\wshunix.dll

dbghelp: loaded successfully - version: 4.0.5 - missing functions: none
symbol engine: initialized successfully - sym options: 0x614 - pdb path: .;C:\Program Files\Java\jdk-17\bin;C:\WINDOWS\SYSTEM32;C:\WINDOWS\WinSxS\amd64_microsoft.windows.common-controls_6595b64144ccf1df_6.0.26100.3624_none_3e086962e3345f24;C:\Program Files\Java\jdk-17\bin\server;C:\Users\Ari Awaludin\.gradle\native\c067742578af261105cb4f569cf0c3c89f3d7b1fecec35dd04571415982c5e48\windows-amd64;C:\Users\Ari Awaludin\.gradle\native\100fb08df4bc3b14c8652ba06237920a3bd2aa13389f12d3474272988ae205f9\windows-amd64

VM Arguments:
jvm_args: --add-opens=java.base/java.lang=ALL-UNNAMED --add-opens=java.base/java.lang.invoke=ALL-UNNAMED --add-opens=java.base/java.util=ALL-UNNAMED --add-opens=java.prefs/java.util.prefs=ALL-UNNAMED --add-exports=jdk.compiler/com.sun.tools.javac.api=ALL-UNNAMED --add-exports=jdk.compiler/com.sun.tools.javac.util=ALL-UNNAMED --add-opens=java.base/java.util=ALL-UNNAMED --add-opens=java.prefs/java.util.prefs=ALL-UNNAMED --add-opens=java.base/java.nio.charset=ALL-UNNAMED --add-opens=java.base/java.net=ALL-UNNAMED --add-opens=java.base/java.util.concurrent.atomic=ALL-UNNAMED --add-opens=java.xml/javax.xml.namespace=ALL-UNNAMED -Xmx2048m -Dfile.encoding=UTF-8 -Duser.country=ID -Duser.language=en -Duser.variant -javaagent:C:\Users\Ari Awaludin\.gradle\wrapper\dists\gradle-8.11.1-bin\bpt9gzteqjrbo1mjrsomdt32c\gradle-8.11.1\lib\agents\gradle-instrumentation-agent-8.11.1.jar 
java_command: org.gradle.launcher.daemon.bootstrap.GradleDaemon 8.11.1
java_class_path (initial): C:\Users\Ari Awaludin\.gradle\wrapper\dists\gradle-8.11.1-bin\bpt9gzteqjrbo1mjrsomdt32c\gradle-8.11.1\lib\gradle-daemon-main-8.11.1.jar
Launcher Type: SUN_STANDARD

[Global flags]
     intx CICompilerCount                          = 4                                         {product} {ergonomic}
     uint ConcGCThreads                            = 3                                         {product} {ergonomic}
     uint G1ConcRefinementThreads                  = 10                                        {product} {ergonomic}
   size_t G1HeapRegionSize                         = 1048576                                   {product} {ergonomic}
    uintx GCDrainStackTargetSize                   = 64                                        {product} {ergonomic}
   size_t InitialHeapSize                          = 123731968                                 {product} {ergonomic}
   size_t MarkStackSize                            = 4194304                                   {product} {ergonomic}
   size_t MaxHeapSize                              = 2147483648                                {product} {command line}
   size_t MaxNewSize                               = 1287651328                                {product} {ergonomic}
   size_t MinHeapDeltaBytes                        = 1048576                                   {product} {ergonomic}
   size_t MinHeapSize                              = 8388608                                   {product} {ergonomic}
    uintx NonNMethodCodeHeapSize                   = 5839372                                {pd product} {ergonomic}
    uintx NonProfiledCodeHeapSize                  = 122909434                              {pd product} {ergonomic}
    uintx ProfiledCodeHeapSize                     = 122909434                              {pd product} {ergonomic}
    uintx ReservedCodeCacheSize                    = 251658240                              {pd product} {ergonomic}
     bool SegmentedCodeCache                       = true                                      {product} {ergonomic}
   size_t SoftMaxHeapSize                          = 2147483648                             {manageable} {ergonomic}
     bool UseCompressedClassPointers               = true                           {product lp64_product} {ergonomic}
     bool UseCompressedOops                        = true                           {product lp64_product} {ergonomic}
     bool UseG1GC                                  = true                                      {product} {ergonomic}
     bool UseLargePagesIndividualAllocation        = false                                  {pd product} {ergonomic}

Logging:
Log output configuration:
 #0: stdout all=warning uptime,level,tags
 #1: stderr all=off uptime,level,tags

Environment Variables:
JAVA_HOME=C:\Program Files\Java\jdk-17\bin
PATH=C:\Program Files (x86)\Common Files\Intel\Shared Libraries\redist\intel64\compiler;C:\WINDOWS\system32;C:\WINDOWS;C:\WINDOWS\System32\Wbem;C:\WINDOWS\System32\WindowsPowerShell\v1.0\;C:\WINDOWS\System32\OpenSSH\;C:\Program Files\dotnet\;C:\Program Files\HP\HP One Agent;C:\Program Files\Git\cmd;C:\ProgramData\ComposerSetup\bin;C:\Users\Ari Awaludin\AppData\Local\Packages\PythonSoftwareFoundation.Python.3.11_qbz5n2kfra8p0\LocalCache\local-packages\Python311\Scripts;C:\WINDOWS\system32;C:\WINDOWS;C:\WINDOWS\System32\Wbem;C:\WINDOWS\System32\WindowsPowerShell\v1.0\;C:\WINDOWS\System32\OpenSSH\;C:\Users\Ari Awaludin\AppData\Local\Microsoft\WindowsApps\PythonSoftwareFoundation.Python.3.11_qbz5n2kfra8p0;C:\xampp\php;C:\Program Files\Go\bin;C:\Program Files\nodejs\;C:\ProgramData\chocolatey\bin;C:\Program Files\Java\jdk-17\bin\bin;C:\adb\platform-tools;C:\Android\Sdk;C:\flutter\src\flutter\bin;C:\Program Files\Java\jdk-11\bin;C:\Program Files (x86)\Microsoft SQL Server\160\DTS\Binn\;C:\Program Files (x86)\Microsoft SQL Server\160\Tools\Binn\;C:\Program Files\Microsoft SQL Server\160\Tools\Binn\;C:\Program Files\Microsoft SQL Server\Client SDK\ODBC\170\Tools\Binn\;C:\Program Files\Microsoft SQL Server\160\DTS\Binn\;C:\Program Files\Microsoft SQL Server\Client SDK\ODBC\170\Tools\Binn\;C:\Android\Sdk\emulator;C:\Program Files\Java\jdk-17\bin;%PNPM_HOME%;C:\laragon\bin;C:\laragon\bin\apache\httpd-2.4.54-win64-VS16\bin;C:\laragon\bin\composer;C:\laragon\bin\git\bin;C:\laragon\bin\git\cmd;C:\laragon\bin\git\mingw64\bin;C:\laragon\bin\git\usr\bin;C:\laragon\bin\laragon\utils;C:\laragon\bin\mysql\mysql-8.0.30-winx64\bin;C:\laragon\bin\nginx\nginx-1.22.0;C:\laragon\bin\ngrok;C:\laragon\bin\notepad++;C:\laragon\bin\python\python-3.10;C:\laragon\bin\python\python-3.10\Scripts;C:\laragon\bin\redis\redis-x64-5.0.14.1;C:\laragon\bin\telnet;C:\laragon\usr\bin;C:\Users\Ari Awaludin\AppData\Local\Yarn\config\global\node_modules\.bin;C:\Users\Ari Awaludin\AppData\Roaming\Composer\vendor\bi
USERNAME=Ari Awaludin
OS=Windows_NT
PROCESSOR_IDENTIFIER=AMD64 Family 23 Model 104 Stepping 1, AuthenticAMD



---------------  S Y S T E M  ---------------

OS:
 Windows 11 , 64 bit Build 26100 (10.0.26100.3775)
OS uptime: 3 days 9:41 hours

CPU: total 12 (initial active 12) (12 cores per cpu, 2 threads per core) family 23 model 104 stepping 1 microcode 0x8608104, cx8, cmov, fxsr, ht, mmx, 3dnowpref, sse, sse2, sse3, ssse3, sse4a, sse4.1, sse4.2, popcnt, lzcnt, tsc, tscinvbit, avx, avx2, aes, clmul, bmi1, bmi2, adx, sha, fma, vzeroupper, clflush, clflushopt

Memory: 4k page, system-wide physical 7502M (1037M free)
TotalPageFile size 19790M (AvailPageFile size 0M)
current process WorkingSet (physical memory assigned to process): 157M, peak: 157M
current process commit charge ("private bytes"): 253M, peak: 254M

vm_info: Java HotSpot(TM) 64-Bit Server VM (17.0.12+8-LTS-286) for windows-amd64 JRE (17.0.12+8-LTS-286), built on Jun  5 2024 06:46:59 by "mach5one" with MS VC++ 17.6 (VS2022)

END.
