#
# There is insufficient memory for the Java Runtime Environment to continue.
# Native memory allocation (mmap) failed to map 162529280 bytes for G1 virtual space
# Possible reasons:
#   The system is out of physical RAM or swap space
#   The process is running with CompressedOops enabled, and the Java Heap may be blocking the growth of the native heap
# Possible solutions:
#   Reduce memory load on the system
#   Increase physical memory or swap space
#   Check if swap backing store is full
#   Decrease Java heap size (-Xmx/-Xms)
#   Decrease number of Java threads
#   Decrease Java thread stack sizes (-Xss)
#   Set larger code cache with -XX:ReservedCodeCacheSize=
#   JVM is running with Unscaled Compressed Oops mode in which the Java heap is
#     placed in the first 4GB address space. The Java Heap base address is the
#     maximum limit for the native heap growth. Please use -XX:HeapBaseMinAddress
#     to set the Java Heap base and to place the Java Heap above 4GB virtual address.
# This output file may be truncated or incomplete.
#
#  Out of Memory Error (os_windows.cpp:3548), pid=8616, tid=20752
#
# JRE version: Java(TM) SE Runtime Environment (17.0.12+8) (build 17.0.12+8-LTS-286)
# Java VM: Java HotSpot(TM) 64-Bit Server VM (17.0.12+8-LTS-286, mixed mode, sharing, tiered, compressed oops, compressed class ptrs, g1 gc, windows-amd64)
# No core dump will be written. Minidumps are not enabled by default on client versions of Windows
#

---------------  S U M M A R Y ------------

Command Line: --add-opens=java.base/java.lang=ALL-UNNAMED --add-opens=java.base/java.lang.invoke=ALL-UNNAMED --add-opens=java.base/java.util=ALL-UNNAMED --add-opens=java.prefs/java.util.prefs=ALL-UNNAMED --add-exports=jdk.compiler/com.sun.tools.javac.api=ALL-UNNAMED --add-exports=jdk.compiler/com.sun.tools.javac.util=ALL-UNNAMED --add-opens=java.base/java.util=ALL-UNNAMED --add-opens=java.prefs/java.util.prefs=ALL-UNNAMED --add-opens=java.base/java.nio.charset=ALL-UNNAMED --add-opens=java.base/java.net=ALL-UNNAMED --add-opens=java.base/java.util.concurrent.atomic=ALL-UNNAMED --add-opens=java.xml/javax.xml.namespace=ALL-UNNAMED -Xmx2048m -Dfile.encoding=UTF-8 -Duser.country=ID -Duser.language=en -Duser.variant -javaagent:C:\Users\Ari Awaludin\.gradle\wrapper\dists\gradle-8.11.1-bin\bpt9gzteqjrbo1mjrsomdt32c\gradle-8.11.1\lib\agents\gradle-instrumentation-agent-8.11.1.jar org.gradle.launcher.daemon.bootstrap.GradleDaemon 8.11.1

Host: AMD Ryzen 5 5500U with Radeon Graphics         , 12 cores, 7G,  Windows 11 , 64 bit Build 26100 (10.0.26100.3775)
Time: Sun Apr 13 23:27:17 2025 SE Asia Standard Time elapsed time: 12.619196 seconds (0d 0h 0m 12s)

---------------  T H R E A D  ---------------

Current thread (0x000001cc48881da0):  VMThread "VM Thread" [stack: 0x0000006896e00000,0x0000006896f00000] [id=20752]

Stack: [0x0000006896e00000,0x0000006896f00000]
Native frames: (J=compiled Java code, j=interpreted, Vv=VM code, C=native code)
V  [jvm.dll+0x67a04a]
V  [jvm.dll+0x7da4ed]
V  [jvm.dll+0x7dbe33]
V  [jvm.dll+0x7dc4a3]
V  [jvm.dll+0x24508f]
V  [jvm.dll+0x677089]
V  [jvm.dll+0x66bd32]
V  [jvm.dll+0x301fa6]
V  [jvm.dll+0x309546]
V  [jvm.dll+0x359d2e]
V  [jvm.dll+0x359f5f]
V  [jvm.dll+0x2d9078]
V  [jvm.dll+0x2d74ad]
V  [jvm.dll+0x2d6afc]
V  [jvm.dll+0x31a65b]
V  [jvm.dll+0x7e0d9b]
V  [jvm.dll+0x7e1ad4]
V  [jvm.dll+0x7e1fed]
V  [jvm.dll+0x7e23c4]
V  [jvm.dll+0x7e2490]
V  [jvm.dll+0x78abea]
V  [jvm.dll+0x678f35]
C  [ucrtbase.dll+0x37b0]
C  [KERNEL32.DLL+0x2e8d7]
C  [ntdll.dll+0xb14fc]

VM_Operation (0x00000068986f58f0): G1CollectForAllocation, mode: safepoint, requested by thread 0x000001cc8eca4a60


---------------  P R O C E S S  ---------------

Threads class SMR info:
_java_thread_list=0x000001cc929012f0, length=65, elements={
0x000001cc28286940, 0x000001cc48883740, 0x000001cc48885e30, 0x000001cc4889dd50,
0x000001cc488a0240, 0x000001cc488a0720, 0x000001cc488a4c10, 0x000001cc488a54d0,
0x000001cc488a5aa0, 0x000001cc488a6fd0, 0x000001cc48871530, 0x000001cc48b8be60,
0x000001cc8f8ad200, 0x000001cc8f7ba9d0, 0x000001cc8f990030, 0x000001cc8eca68c0,
0x000001cc8eca5990, 0x000001cc8eca3620, 0x000001cc8eca4a60, 0x000001cc8eca3b30,
0x000001cc8eca5ea0, 0x000001cc8eca63b0, 0x000001cc8eca5480, 0x000001cc8eca4040,
0x000001cc8eca4f70, 0x000001cc8eca6dd0, 0x000001cc91ff79d0, 0x000001cc91ff6080,
0x000001cc91ff5660, 0x000001cc91ff6590, 0x000001cc91ff6aa0, 0x000001cc91ff6fb0,
0x000001cc91ff83f0, 0x000001cc91ff7ee0, 0x000001cc91ff74c0, 0x000001cc91ff4c40,
0x000001cc91ff8900, 0x000001cc91ff5150, 0x000001cc91ffa760, 0x000001cc91ffac70,
0x000001cc91ffb690, 0x000001cc91ffc5c0, 0x000001cc91ffc0b0, 0x000001cc91ffa250,
0x000001cc91ff8e10, 0x000001cc8fd179b0, 0x000001cc8fd16a80, 0x000001cc8fd174a0,
0x000001cc8fd17ec0, 0x000001cc8fd183d0, 0x000001cc8fd18df0, 0x000001cc8fd19810,
0x000001cc8fd19300, 0x000001cc91ff9320, 0x000001cc8eca4550, 0x000001cc9266b150,
0x000001cc9266a730, 0x000001cc9266ac40, 0x000001cc9266b660, 0x000001cc9266bb70,
0x000001cc9266c080, 0x000001cc92669800, 0x000001cc9266a220, 0x000001cc9266c590,
0x000001cc91a94030
}

Java Threads: ( => current thread )
  0x000001cc28286940 JavaThread "main" [_thread_blocked, id=15612, stack(0x0000006896800000,0x0000006896900000)]
  0x000001cc48883740 JavaThread "Reference Handler" daemon [_thread_blocked, id=4332, stack(0x0000006896f00000,0x0000006897000000)]
  0x000001cc48885e30 JavaThread "Finalizer" daemon [_thread_blocked, id=21416, stack(0x0000006897000000,0x0000006897100000)]
  0x000001cc4889dd50 JavaThread "Signal Dispatcher" daemon [_thread_blocked, id=8840, stack(0x0000006897100000,0x0000006897200000)]
  0x000001cc488a0240 JavaThread "Attach Listener" daemon [_thread_blocked, id=4360, stack(0x0000006897200000,0x0000006897300000)]
  0x000001cc488a0720 JavaThread "Service Thread" daemon [_thread_blocked, id=20324, stack(0x0000006897300000,0x0000006897400000)]
  0x000001cc488a4c10 JavaThread "Monitor Deflation Thread" daemon [_thread_blocked, id=3616, stack(0x0000006897400000,0x0000006897500000)]
  0x000001cc488a54d0 JavaThread "C2 CompilerThread0" daemon [_thread_blocked, id=24120, stack(0x0000006897500000,0x0000006897600000)]
  0x000001cc488a5aa0 JavaThread "C1 CompilerThread0" daemon [_thread_blocked, id=22364, stack(0x0000006897600000,0x0000006897700000)]
  0x000001cc488a6fd0 JavaThread "Sweeper thread" daemon [_thread_blocked, id=10520, stack(0x0000006897700000,0x0000006897800000)]
  0x000001cc48871530 JavaThread "Common-Cleaner" daemon [_thread_blocked, id=12184, stack(0x0000006897800000,0x0000006897900000)]
  0x000001cc48b8be60 JavaThread "Notification Thread" daemon [_thread_blocked, id=1192, stack(0x0000006897900000,0x0000006897a00000)]
  0x000001cc8f8ad200 JavaThread "Daemon health stats" [_thread_blocked, id=12952, stack(0x0000006898000000,0x0000006898100000)]
  0x000001cc8f7ba9d0 JavaThread "Incoming local TCP Connector on port 60631" [_thread_in_native, id=5452, stack(0x0000006898100000,0x0000006898200000)]
  0x000001cc8f990030 JavaThread "Daemon periodic checks" [_thread_blocked, id=11172, stack(0x0000006897f00000,0x0000006898000000)]
  0x000001cc8eca68c0 JavaThread "Daemon" [_thread_blocked, id=23680, stack(0x0000006898300000,0x0000006898400000)]
  0x000001cc8eca5990 JavaThread "Handler for socket connection from /127.0.0.1:60631 to /127.0.0.1:60632" [_thread_in_native, id=1572, stack(0x0000006898400000,0x0000006898500000)]
  0x000001cc8eca3620 JavaThread "Cancel handler" [_thread_blocked, id=17244, stack(0x0000006898500000,0x0000006898600000)]
  0x000001cc8eca4a60 JavaThread "Daemon worker" [_thread_blocked, id=18436, stack(0x0000006898600000,0x0000006898700000)]
  0x000001cc8eca3b30 JavaThread "Asynchronous log dispatcher for DefaultDaemonConnection: socket connection from /127.0.0.1:60631 to /127.0.0.1:60632" [_thread_blocked, id=20764, stack(0x0000006898700000,0x0000006898800000)]
  0x000001cc8eca5ea0 JavaThread "Stdin handler" [_thread_blocked, id=18300, stack(0x0000006898800000,0x0000006898900000)]
  0x000001cc8eca63b0 JavaThread "Daemon client event forwarder" [_thread_blocked, id=15144, stack(0x0000006898900000,0x0000006898a00000)]
  0x000001cc8eca5480 JavaThread "Cache worker for journal cache (C:\Users\Ari Awaludin\.gradle\caches\journal-1)" [_thread_blocked, id=13104, stack(0x0000006898a00000,0x0000006898b00000)]
  0x000001cc8eca4040 JavaThread "File lock request listener" [_thread_in_native, id=20256, stack(0x0000006898b00000,0x0000006898c00000)]
  0x000001cc8eca4f70 JavaThread "Cache worker for file hash cache (C:\Users\Ari Awaludin\.gradle\caches\8.11.1\fileHashes)" [_thread_blocked, id=8472, stack(0x0000006898c00000,0x0000006898d00000)]
  0x000001cc8eca6dd0 JavaThread "Cache worker for file content cache (C:\Users\Ari Awaludin\.gradle\caches\8.11.1\fileContent)" [_thread_blocked, id=22144, stack(0x0000006899200000,0x0000006899300000)]
  0x000001cc91ff79d0 JavaThread "Cache worker for file hash cache (C:\Project\MyApplication3\.gradle\8.11.1\fileHashes)" [_thread_blocked, id=23040, stack(0x0000006899300000,0x0000006899400000)]
  0x000001cc91ff6080 JavaThread "Cache worker for Build Output Cleanup Cache (C:\Project\MyApplication3\.gradle\buildOutputCleanup)" [_thread_blocked, id=9176, stack(0x0000006899400000,0x0000006899500000)]
  0x000001cc91ff5660 JavaThread "File watcher server" daemon [_thread_in_native, id=8824, stack(0x0000006899700000,0x0000006899800000)]
  0x000001cc91ff6590 JavaThread "File watcher consumer" daemon [_thread_blocked, id=17400, stack(0x0000006899800000,0x0000006899900000)]
  0x000001cc91ff6aa0 JavaThread "jar transforms" [_thread_blocked, id=8, stack(0x0000006899900000,0x0000006899a00000)]
  0x000001cc91ff6fb0 JavaThread "jar transforms Thread 2" [_thread_blocked, id=23128, stack(0x0000006899a00000,0x0000006899b00000)]
  0x000001cc91ff83f0 JavaThread "jar transforms Thread 3" [_thread_blocked, id=12172, stack(0x0000006899b00000,0x0000006899c00000)]
  0x000001cc91ff7ee0 JavaThread "jar transforms Thread 4" [_thread_blocked, id=21136, stack(0x0000006899c00000,0x0000006899d00000)]
  0x000001cc91ff74c0 JavaThread "jar transforms Thread 5" [_thread_blocked, id=21836, stack(0x0000006899d00000,0x0000006899e00000)]
  0x000001cc91ff4c40 JavaThread "jar transforms Thread 6" [_thread_blocked, id=16932, stack(0x0000006899e00000,0x0000006899f00000)]
  0x000001cc91ff8900 JavaThread "jar transforms Thread 7" [_thread_blocked, id=18296, stack(0x0000006899f00000,0x000000689a000000)]
  0x000001cc91ff5150 JavaThread "jar transforms Thread 8" [_thread_blocked, id=4188, stack(0x000000689a000000,0x000000689a100000)]
  0x000001cc91ffa760 JavaThread "jar transforms Thread 9" [_thread_blocked, id=18640, stack(0x000000689a100000,0x000000689a200000)]
  0x000001cc91ffac70 JavaThread "jar transforms Thread 10" [_thread_blocked, id=16632, stack(0x000000689a200000,0x000000689a300000)]
  0x000001cc91ffb690 JavaThread "jar transforms Thread 11" [_thread_blocked, id=19208, stack(0x000000689a300000,0x000000689a400000)]
  0x000001cc91ffc5c0 JavaThread "jar transforms Thread 12" [_thread_blocked, id=2208, stack(0x000000689a400000,0x000000689a500000)]
  0x000001cc91ffc0b0 JavaThread "Cache worker for checksums cache (C:\Project\MyApplication3\.gradle\8.11.1\checksums)" [_thread_blocked, id=1876, stack(0x000000689a500000,0x000000689a600000)]
  0x000001cc91ffa250 JavaThread "Cache worker for cache directory md-rule (C:\Users\Ari Awaludin\.gradle\caches\8.11.1\md-rule)" [_thread_blocked, id=21652, stack(0x000000689a600000,0x000000689a700000)]
  0x000001cc91ff8e10 JavaThread "Cache worker for cache directory md-supplier (C:\Users\Ari Awaludin\.gradle\caches\8.11.1\md-supplier)" [_thread_blocked, id=2100, stack(0x000000689a700000,0x000000689a800000)]
  0x000001cc8fd179b0 JavaThread "Unconstrained build operations" [_thread_blocked, id=11316, stack(0x000000689a800000,0x000000689a900000)]
  0x000001cc8fd16a80 JavaThread "Unconstrained build operations Thread 2" [_thread_blocked, id=22500, stack(0x000000689a900000,0x000000689aa00000)]
  0x000001cc8fd174a0 JavaThread "Unconstrained build operations Thread 3" [_thread_blocked, id=23388, stack(0x000000689aa00000,0x000000689ab00000)]
  0x000001cc8fd17ec0 JavaThread "Unconstrained build operations Thread 4" [_thread_blocked, id=17540, stack(0x000000689ab00000,0x000000689ac00000)]
  0x000001cc8fd183d0 JavaThread "Unconstrained build operations Thread 5" [_thread_blocked, id=3456, stack(0x000000689ac00000,0x000000689ad00000)]
  0x000001cc8fd18df0 JavaThread "Unconstrained build operations Thread 6" [_thread_blocked, id=21164, stack(0x000000689ad00000,0x000000689ae00000)]
  0x000001cc8fd19810 JavaThread "Unconstrained build operations Thread 7" [_thread_blocked, id=19524, stack(0x000000689ae00000,0x000000689af00000)]
  0x000001cc8fd19300 JavaThread "Unconstrained build operations Thread 8" [_thread_blocked, id=22324, stack(0x000000689af00000,0x000000689b000000)]
  0x000001cc91ff9320 JavaThread "Unconstrained build operations Thread 9" [_thread_blocked, id=21944, stack(0x000000689b000000,0x000000689b100000)]
  0x000001cc8eca4550 JavaThread "Unconstrained build operations Thread 10" [_thread_blocked, id=9048, stack(0x000000689b100000,0x000000689b200000)]
  0x000001cc9266b150 JavaThread "Unconstrained build operations Thread 11" [_thread_blocked, id=13696, stack(0x000000689b200000,0x000000689b300000)]
  0x000001cc9266a730 JavaThread "Unconstrained build operations Thread 12" [_thread_blocked, id=10952, stack(0x000000689b300000,0x000000689b400000)]
  0x000001cc9266ac40 JavaThread "Unconstrained build operations Thread 13" [_thread_blocked, id=17396, stack(0x000000689b400000,0x000000689b500000)]
  0x000001cc9266b660 JavaThread "Unconstrained build operations Thread 14" [_thread_blocked, id=18944, stack(0x000000689b500000,0x000000689b600000)]
  0x000001cc9266bb70 JavaThread "Unconstrained build operations Thread 15" [_thread_blocked, id=17596, stack(0x000000689b600000,0x000000689b700000)]
  0x000001cc9266c080 JavaThread "Unconstrained build operations Thread 16" [_thread_blocked, id=6324, stack(0x000000689b700000,0x000000689b800000)]
  0x000001cc92669800 JavaThread "Unconstrained build operations Thread 17" [_thread_blocked, id=17160, stack(0x000000689b800000,0x000000689b900000)]
  0x000001cc9266a220 JavaThread "Unconstrained build operations Thread 18" [_thread_blocked, id=13064, stack(0x000000689b900000,0x000000689ba00000)]
  0x000001cc9266c590 JavaThread "Unconstrained build operations Thread 19" [_thread_blocked, id=17612, stack(0x000000689ba00000,0x000000689bb00000)]
  0x000001cc91a94030 JavaThread "C2 CompilerThread1" daemon [_thread_blocked, id=15192, stack(0x0000006898200000,0x0000006898300000)]

Other Threads:
=>0x000001cc48881da0 VMThread "VM Thread" [stack: 0x0000006896e00000,0x0000006896f00000] [id=20752]
  0x000001cc48bdc990 WatcherThread [stack: 0x0000006897a00000,0x0000006897b00000] [id=22292]
  0x000001cc282e5330 GCTaskThread "GC Thread#0" [stack: 0x0000006896900000,0x0000006896a00000] [id=18172]
  0x000001cc8e399160 GCTaskThread "GC Thread#1" [stack: 0x0000006897b00000,0x0000006897c00000] [id=9708]
  0x000001cc8e1272f0 GCTaskThread "GC Thread#2" [stack: 0x0000006897c00000,0x0000006897d00000] [id=17648]
  0x000001cc8ea52990 GCTaskThread "GC Thread#3" [stack: 0x0000006897d00000,0x0000006897e00000] [id=15012]
  0x000001cc8ea284a0 GCTaskThread "GC Thread#4" [stack: 0x0000006897e00000,0x0000006897f00000] [id=24008]
  0x000001cc90d75430 GCTaskThread "GC Thread#5" [stack: 0x0000006898d00000,0x0000006898e00000] [id=15456]
  0x000001cc8fabe6a0 GCTaskThread "GC Thread#6" [stack: 0x0000006898e00000,0x0000006898f00000] [id=13284]
  0x000001cc904a6bd0 GCTaskThread "GC Thread#7" [stack: 0x0000006898f00000,0x0000006899000000] [id=20976]
  0x000001cc8f797730 GCTaskThread "GC Thread#8" [stack: 0x0000006899000000,0x0000006899100000] [id=22952]
  0x000001cc90d720d0 GCTaskThread "GC Thread#9" [stack: 0x0000006899100000,0x0000006899200000] [id=20392]
  0x000001cc282f62f0 ConcurrentGCThread "G1 Main Marker" [stack: 0x0000006896a00000,0x0000006896b00000] [id=20300]
  0x000001cc282f8630 ConcurrentGCThread "G1 Conc#0" [stack: 0x0000006896b00000,0x0000006896c00000] [id=14432]
  0x000001cc90d71e10 ConcurrentGCThread "G1 Conc#1" [stack: 0x0000006899500000,0x0000006899600000] [id=2212]
  0x000001cc90d71890 ConcurrentGCThread "G1 Conc#2" [stack: 0x0000006899600000,0x0000006899700000] [id=21268]
  0x000001cc4872bda0 ConcurrentGCThread "G1 Refine#0" [stack: 0x0000006896c00000,0x0000006896d00000] [id=13996]
  0x000001cc4872c190 ConcurrentGCThread "G1 Service" [stack: 0x0000006896d00000,0x0000006896e00000] [id=7724]

Threads with active compile tasks:
C2 CompilerThread0    12649 6550       4       org.gradle.api.internal.artifacts.ivyservice.modulecache.StringDeduplicatingDecoder::readString (22 bytes)
C2 CompilerThread1    12649 6549       4       org.gradle.util.internal.SimpleMapInterner::intern (9 bytes)

VM state: at safepoint (normal execution)

VM Mutex/Monitor currently owned by a thread:  ([mutex/lock_event])
[0x000001cc282830a0] Threads_lock - owner thread: 0x000001cc48881da0
[0x000001cc282829e0] Heap_lock - owner thread: 0x000001cc8eca4a60

Heap address: 0x0000000080000000, size: 2048 MB, Compressed Oops mode: 32-bit

CDS archive(s) mapped at: [0x000001cc49000000-0x000001cc49bd0000-0x000001cc49bd0000), size 12386304, SharedBaseAddress: 0x000001cc49000000, ArchiveRelocationMode: 1.
Compressed class space mapped at: 0x000001cc4a000000-0x000001cc8a000000, reserved size: 1073741824
Narrow klass base: 0x000001cc49000000, Narrow klass shift: 0, Narrow klass range: 0x100000000

GC Precious Log:
 CPUs: 12 total, 12 available
 Memory: 7502M
 Large Page Support: Disabled
 NUMA Support: Disabled
 Compressed Oops: Enabled (32-bit)
 Heap Region Size: 1M
 Heap Min Capacity: 8M
 Heap Initial Capacity: 118M
 Heap Max Capacity: 2G
 Pre-touch: Disabled
 Parallel Workers: 10
 Concurrent Workers: 3
 Concurrent Refinement Workers: 10
 Periodic GC: Disabled

Heap:
 garbage-first heap   total 133120K, used 80520K [0x0000000080000000, 0x0000000100000000)
  region size 1024K, 3 young (3072K), 3 survivors (3072K)
 Metaspace       used 56501K, committed 57216K, reserved 1114112K
  class space    used 8010K, committed 8384K, reserved 1048576K

Heap Regions: E=young(eden), S=young(survivor), O=old, HS=humongous(starts), HC=humongous(continues), CS=collection set, F=free, OA=open archive, CA=closed archive, TAMS=top-at-mark-start (previous, next)
|   0|0x0000000080000000, 0x0000000080100000, 0x0000000080100000|100%| O|  |TAMS 0x0000000080100000, 0x0000000080100000| Untracked 
|   1|0x0000000080100000, 0x0000000080200000, 0x0000000080200000|100%|HS|  |TAMS 0x0000000080200000, 0x0000000080200000| Complete 
|   2|0x0000000080200000, 0x0000000080300000, 0x0000000080300000|100%|HC|  |TAMS 0x0000000080300000, 0x0000000080300000| Complete 
|   3|0x0000000080300000, 0x0000000080400000, 0x0000000080400000|100%|HC|  |TAMS 0x0000000080400000, 0x0000000080400000| Complete 
|   4|0x0000000080400000, 0x0000000080500000, 0x0000000080500000|100%| O|  |TAMS 0x0000000080500000, 0x0000000080500000| Untracked 
|   5|0x0000000080500000, 0x0000000080600000, 0x0000000080600000|100%| O|  |TAMS 0x0000000080600000, 0x0000000080600000| Untracked 
|   6|0x0000000080600000, 0x0000000080700000, 0x0000000080700000|100%| O|  |TAMS 0x0000000080700000, 0x0000000080700000| Untracked 
|   7|0x0000000080700000, 0x0000000080800000, 0x0000000080800000|100%|HS|  |TAMS 0x0000000080800000, 0x0000000080800000| Complete 
|   8|0x0000000080800000, 0x0000000080900000, 0x0000000080900000|100%| O|  |TAMS 0x0000000080900000, 0x0000000080900000| Untracked 
|   9|0x0000000080900000, 0x0000000080a00000, 0x0000000080a00000|100%| O|  |TAMS 0x0000000080a00000, 0x0000000080a00000| Untracked 
|  10|0x0000000080a00000, 0x0000000080b00000, 0x0000000080b00000|100%| O|  |TAMS 0x0000000080b00000, 0x0000000080b00000| Untracked 
|  11|0x0000000080b00000, 0x0000000080c00000, 0x0000000080c00000|100%| O|  |TAMS 0x0000000080c00000, 0x0000000080c00000| Untracked 
|  12|0x0000000080c00000, 0x0000000080d00000, 0x0000000080d00000|100%| O|  |TAMS 0x0000000080d00000, 0x0000000080d00000| Untracked 
|  13|0x0000000080d00000, 0x0000000080e00000, 0x0000000080e00000|100%| O|  |TAMS 0x0000000080e00000, 0x0000000080e00000| Untracked 
|  14|0x0000000080e00000, 0x0000000080f00000, 0x0000000080f00000|100%| O|  |TAMS 0x0000000080f00000, 0x0000000080f00000| Untracked 
|  15|0x0000000080f00000, 0x0000000081000000, 0x0000000081000000|100%| O|  |TAMS 0x0000000081000000, 0x0000000081000000| Untracked 
|  16|0x0000000081000000, 0x0000000081100000, 0x0000000081100000|100%| O|  |TAMS 0x0000000081100000, 0x0000000081100000| Untracked 
|  17|0x0000000081100000, 0x0000000081200000, 0x0000000081200000|100%| O|  |TAMS 0x0000000081200000, 0x0000000081200000| Untracked 
|  18|0x0000000081200000, 0x0000000081300000, 0x0000000081300000|100%| O|  |TAMS 0x0000000081300000, 0x0000000081300000| Untracked 
|  19|0x0000000081300000, 0x0000000081400000, 0x0000000081400000|100%| O|  |TAMS 0x0000000081400000, 0x0000000081400000| Untracked 
|  20|0x0000000081400000, 0x0000000081500000, 0x0000000081500000|100%| O|  |TAMS 0x0000000081500000, 0x0000000081500000| Untracked 
|  21|0x0000000081500000, 0x0000000081600000, 0x0000000081600000|100%| O|  |TAMS 0x0000000081600000, 0x0000000081600000| Untracked 
|  22|0x0000000081600000, 0x0000000081700000, 0x0000000081700000|100%|HS|  |TAMS 0x0000000081700000, 0x0000000081700000| Complete 
|  23|0x0000000081700000, 0x0000000081800000, 0x0000000081800000|100%|HC|  |TAMS 0x0000000081800000, 0x0000000081800000| Complete 
|  24|0x0000000081800000, 0x0000000081900000, 0x0000000081900000|100%|HC|  |TAMS 0x0000000081900000, 0x0000000081900000| Complete 
|  25|0x0000000081900000, 0x0000000081a00000, 0x0000000081a00000|100%|HC|  |TAMS 0x0000000081a00000, 0x0000000081a00000| Complete 
|  26|0x0000000081a00000, 0x0000000081b00000, 0x0000000081b00000|100%|HC|  |TAMS 0x0000000081b00000, 0x0000000081b00000| Complete 
|  27|0x0000000081b00000, 0x0000000081c00000, 0x0000000081c00000|100%|HC|  |TAMS 0x0000000081c00000, 0x0000000081c00000| Complete 
|  28|0x0000000081c00000, 0x0000000081d00000, 0x0000000081d00000|100%|HS|  |TAMS 0x0000000081d00000, 0x0000000081d00000| Complete 
|  29|0x0000000081d00000, 0x0000000081e00000, 0x0000000081e00000|100%|HC|  |TAMS 0x0000000081e00000, 0x0000000081e00000| Complete 
|  30|0x0000000081e00000, 0x0000000081f00000, 0x0000000081f00000|100%|HC|  |TAMS 0x0000000081f00000, 0x0000000081f00000| Complete 
|  31|0x0000000081f00000, 0x0000000082000000, 0x0000000082000000|100%|HC|  |TAMS 0x0000000082000000, 0x0000000082000000| Complete 
|  32|0x0000000082000000, 0x0000000082100000, 0x0000000082100000|100%|HS|  |TAMS 0x0000000082100000, 0x0000000082100000| Complete 
|  33|0x0000000082100000, 0x0000000082200000, 0x0000000082200000|100%|HC|  |TAMS 0x0000000082200000, 0x0000000082200000| Complete 
|  34|0x0000000082200000, 0x0000000082300000, 0x0000000082300000|100%|HS|  |TAMS 0x0000000082300000, 0x0000000082300000| Complete 
|  35|0x0000000082300000, 0x0000000082400000, 0x0000000082400000|100%| O|  |TAMS 0x0000000082400000, 0x0000000082400000| Untracked 
|  36|0x0000000082400000, 0x0000000082500000, 0x0000000082500000|100%| O|  |TAMS 0x0000000082500000, 0x0000000082500000| Untracked 
|  37|0x0000000082500000, 0x0000000082600000, 0x0000000082600000|100%| O|  |TAMS 0x0000000082600000, 0x0000000082600000| Untracked 
|  38|0x0000000082600000, 0x0000000082700000, 0x0000000082700000|100%| O|  |TAMS 0x0000000082700000, 0x0000000082700000| Untracked 
|  39|0x0000000082700000, 0x0000000082800000, 0x0000000082800000|100%| O|  |TAMS 0x0000000082800000, 0x0000000082800000| Untracked 
|  40|0x0000000082800000, 0x0000000082900000, 0x0000000082900000|100%| O|  |TAMS 0x0000000082900000, 0x0000000082900000| Untracked 
|  41|0x0000000082900000, 0x0000000082a00000, 0x0000000082a00000|100%| O|  |TAMS 0x0000000082a00000, 0x0000000082a00000| Untracked 
|  42|0x0000000082a00000, 0x0000000082b00000, 0x0000000082b00000|100%| O|  |TAMS 0x0000000082b00000, 0x0000000082b00000| Untracked 
|  43|0x0000000082b00000, 0x0000000082c00000, 0x0000000082c00000|100%| O|  |TAMS 0x0000000082c00000, 0x0000000082c00000| Untracked 
|  44|0x0000000082c00000, 0x0000000082d00000, 0x0000000082d00000|100%|HS|  |TAMS 0x0000000082d00000, 0x0000000082d00000| Complete 
|  45|0x0000000082d00000, 0x0000000082e00000, 0x0000000082e00000|100%|HC|  |TAMS 0x0000000082e00000, 0x0000000082e00000| Complete 
|  46|0x0000000082e00000, 0x0000000082f00000, 0x0000000082f00000|100%| O|  |TAMS 0x0000000082f00000, 0x0000000082f00000| Untracked 
|  47|0x0000000082f00000, 0x0000000083000000, 0x0000000083000000|100%| O|  |TAMS 0x0000000083000000, 0x0000000083000000| Untracked 
|  48|0x0000000083000000, 0x0000000083100000, 0x0000000083100000|100%| O|  |TAMS 0x0000000083100000, 0x0000000083100000| Untracked 
|  49|0x0000000083100000, 0x0000000083100000, 0x0000000083200000|  0%| F|  |TAMS 0x0000000083100000, 0x0000000083100000| Untracked 
|  50|0x0000000083200000, 0x0000000083300000, 0x0000000083300000|100%| O|  |TAMS 0x0000000083300000, 0x0000000083300000| Untracked 
|  51|0x0000000083300000, 0x0000000083400000, 0x0000000083400000|100%| O|  |TAMS 0x0000000083400000, 0x0000000083400000| Untracked 
|  52|0x0000000083400000, 0x0000000083500000, 0x0000000083500000|100%| O|  |TAMS 0x0000000083500000, 0x0000000083500000| Untracked 
|  53|0x0000000083500000, 0x0000000083600000, 0x0000000083600000|100%| O|  |TAMS 0x0000000083600000, 0x0000000083600000| Untracked 
|  54|0x0000000083600000, 0x0000000083700000, 0x0000000083700000|100%|HS|  |TAMS 0x0000000083700000, 0x0000000083700000| Complete 
|  55|0x0000000083700000, 0x0000000083800000, 0x0000000083800000|100%|HC|  |TAMS 0x0000000083800000, 0x0000000083800000| Complete 
|  56|0x0000000083800000, 0x0000000083900000, 0x0000000083900000|100%|HC|  |TAMS 0x0000000083900000, 0x0000000083900000| Complete 
|  57|0x0000000083900000, 0x0000000083a00000, 0x0000000083a00000|100%|HC|  |TAMS 0x0000000083a00000, 0x0000000083a00000| Complete 
|  58|0x0000000083a00000, 0x0000000083b00000, 0x0000000083b00000|100%|HC|  |TAMS 0x0000000083b00000, 0x0000000083b00000| Complete 
|  59|0x0000000083b00000, 0x0000000083c00000, 0x0000000083c00000|100%|HC|  |TAMS 0x0000000083c00000, 0x0000000083c00000| Complete 
|  60|0x0000000083c00000, 0x0000000083d00000, 0x0000000083d00000|100%|HS|  |TAMS 0x0000000083d00000, 0x0000000083d00000| Complete 
|  61|0x0000000083d00000, 0x0000000083e00000, 0x0000000083e00000|100%|HC|  |TAMS 0x0000000083e00000, 0x0000000083e00000| Complete 
|  62|0x0000000083e00000, 0x0000000083f00000, 0x0000000083f00000|100%|HC|  |TAMS 0x0000000083f00000, 0x0000000083f00000| Complete 
|  63|0x0000000083f00000, 0x0000000084000000, 0x0000000084000000|100%|HC|  |TAMS 0x0000000084000000, 0x0000000084000000| Complete 
|  64|0x0000000084000000, 0x0000000084100000, 0x0000000084100000|100%|HC|  |TAMS 0x0000000084100000, 0x0000000084100000| Complete 
|  65|0x0000000084100000, 0x0000000084200000, 0x0000000084200000|100%|HC|  |TAMS 0x0000000084200000, 0x0000000084200000| Complete 
|  66|0x0000000084200000, 0x0000000084300000, 0x0000000084300000|100%| O|  |TAMS 0x0000000084300000, 0x0000000084300000| Untracked 
|  67|0x0000000084300000, 0x0000000084400000, 0x0000000084400000|100%| O|  |TAMS 0x0000000084400000, 0x0000000084400000| Untracked 
|  68|0x0000000084400000, 0x0000000084500000, 0x0000000084500000|100%| O|  |TAMS 0x0000000084500000, 0x0000000084500000| Untracked 
|  69|0x0000000084500000, 0x0000000084600000, 0x0000000084600000|100%| O|  |TAMS 0x0000000084600000, 0x0000000084600000| Untracked 
|  70|0x0000000084600000, 0x0000000084700000, 0x0000000084700000|100%| O|  |TAMS 0x0000000084700000, 0x0000000084700000| Untracked 
|  71|0x0000000084700000, 0x0000000084800000, 0x0000000084800000|100%| O|  |TAMS 0x0000000084800000, 0x0000000084800000| Untracked 
|  72|0x0000000084800000, 0x0000000084900000, 0x0000000084900000|100%| O|  |TAMS 0x0000000084800000, 0x0000000084900000| Untracked 
|  73|0x0000000084900000, 0x0000000084a00000, 0x0000000084a00000|100%| O|  |TAMS 0x0000000084a00000, 0x0000000084a00000| Untracked 
|  74|0x0000000084a00000, 0x0000000084b00000, 0x0000000084b00000|100%| O|  |TAMS 0x0000000084a5de00, 0x0000000084b00000| Untracked 
|  75|0x0000000084b00000, 0x0000000084c00000, 0x0000000084c00000|100%| O|  |TAMS 0x0000000084b00000, 0x0000000084c00000| Untracked 
|  76|0x0000000084c00000, 0x0000000084ca6800, 0x0000000084d00000| 65%| O|  |TAMS 0x0000000084c00000, 0x0000000084ca6800| Untracked 
|  77|0x0000000084d00000, 0x0000000084d00000, 0x0000000084e00000|  0%| F|  |TAMS 0x0000000084d00000, 0x0000000084d00000| Untracked 
|  78|0x0000000084e00000, 0x0000000084e00000, 0x0000000084f00000|  0%| F|  |TAMS 0x0000000084e00000, 0x0000000084e00000| Untracked 
|  79|0x0000000084f00000, 0x0000000084f00000, 0x0000000085000000|  0%| F|  |TAMS 0x0000000084f00000, 0x0000000084f00000| Untracked 
|  80|0x0000000085000000, 0x0000000085000000, 0x0000000085100000|  0%| F|  |TAMS 0x0000000085000000, 0x0000000085000000| Untracked 
|  81|0x0000000085100000, 0x0000000085100000, 0x0000000085200000|  0%| F|  |TAMS 0x0000000085100000, 0x0000000085100000| Untracked 
|  82|0x0000000085200000, 0x0000000085200000, 0x0000000085300000|  0%| F|  |TAMS 0x0000000085200000, 0x0000000085200000| Untracked 
|  83|0x0000000085300000, 0x0000000085300000, 0x0000000085400000|  0%| F|  |TAMS 0x0000000085300000, 0x0000000085300000| Untracked 
|  84|0x0000000085400000, 0x0000000085400000, 0x0000000085500000|  0%| F|  |TAMS 0x0000000085400000, 0x0000000085400000| Untracked 
|  85|0x0000000085500000, 0x0000000085500000, 0x0000000085600000|  0%| F|  |TAMS 0x0000000085500000, 0x0000000085500000| Untracked 
|  86|0x0000000085600000, 0x0000000085600000, 0x0000000085700000|  0%| F|  |TAMS 0x0000000085600000, 0x0000000085600000| Untracked 
|  87|0x0000000085700000, 0x0000000085700000, 0x0000000085800000|  0%| F|  |TAMS 0x0000000085700000, 0x0000000085700000| Untracked 
|  88|0x0000000085800000, 0x0000000085800000, 0x0000000085900000|  0%| F|  |TAMS 0x0000000085800000, 0x0000000085800000| Untracked 
|  89|0x0000000085900000, 0x0000000085900000, 0x0000000085a00000|  0%| F|  |TAMS 0x0000000085900000, 0x0000000085900000| Untracked 
|  90|0x0000000085a00000, 0x0000000085a00000, 0x0000000085b00000|  0%| F|  |TAMS 0x0000000085a00000, 0x0000000085a00000| Untracked 
|  91|0x0000000085b00000, 0x0000000085b00000, 0x0000000085c00000|  0%| F|  |TAMS 0x0000000085b00000, 0x0000000085b00000| Untracked 
|  92|0x0000000085c00000, 0x0000000085c00000, 0x0000000085d00000|  0%| F|  |TAMS 0x0000000085c00000, 0x0000000085c00000| Untracked 
|  93|0x0000000085d00000, 0x0000000085d00000, 0x0000000085e00000|  0%| F|  |TAMS 0x0000000085d00000, 0x0000000085d00000| Untracked 
|  94|0x0000000085e00000, 0x0000000085e00000, 0x0000000085f00000|  0%| F|  |TAMS 0x0000000085e00000, 0x0000000085e00000| Untracked 
|  95|0x0000000085f00000, 0x0000000085ffbb40, 0x0000000086000000| 98%| S|CS|TAMS 0x0000000085f00000, 0x0000000085f00000| Complete 
|  96|0x0000000086000000, 0x0000000086100000, 0x0000000086100000|100%| S|CS|TAMS 0x0000000086000000, 0x0000000086000000| Complete 
|  97|0x0000000086100000, 0x0000000086200000, 0x0000000086200000|100%| S|CS|TAMS 0x0000000086100000, 0x0000000086100000| Complete 
|  98|0x0000000086200000, 0x0000000086200000, 0x0000000086300000|  0%| F|  |TAMS 0x0000000086200000, 0x0000000086200000| Untracked 
|  99|0x0000000086300000, 0x0000000086300000, 0x0000000086400000|  0%| F|  |TAMS 0x0000000086300000, 0x0000000086300000| Untracked 
| 100|0x0000000086400000, 0x0000000086400000, 0x0000000086500000|  0%| F|  |TAMS 0x0000000086400000, 0x0000000086400000| Untracked 
| 101|0x0000000086500000, 0x0000000086500000, 0x0000000086600000|  0%| F|  |TAMS 0x0000000086500000, 0x0000000086500000| Untracked 
| 102|0x0000000086600000, 0x0000000086600000, 0x0000000086700000|  0%| F|  |TAMS 0x0000000086600000, 0x0000000086600000| Untracked 
| 103|0x0000000086700000, 0x0000000086700000, 0x0000000086800000|  0%| F|  |TAMS 0x0000000086700000, 0x0000000086700000| Untracked 
| 104|0x0000000086800000, 0x0000000086800000, 0x0000000086900000|  0%| F|  |TAMS 0x0000000086800000, 0x0000000086800000| Untracked 
| 105|0x0000000086900000, 0x0000000086900000, 0x0000000086a00000|  0%| F|  |TAMS 0x0000000086900000, 0x0000000086900000| Untracked 
| 106|0x0000000086a00000, 0x0000000086a00000, 0x0000000086b00000|  0%| F|  |TAMS 0x0000000086a00000, 0x0000000086a00000| Untracked 
| 107|0x0000000086b00000, 0x0000000086b00000, 0x0000000086c00000|  0%| F|  |TAMS 0x0000000086b00000, 0x0000000086b00000| Untracked 
| 108|0x0000000086c00000, 0x0000000086c00000, 0x0000000086d00000|  0%| F|  |TAMS 0x0000000086c00000, 0x0000000086c00000| Untracked 
| 109|0x0000000086d00000, 0x0000000086d00000, 0x0000000086e00000|  0%| F|  |TAMS 0x0000000086d00000, 0x0000000086d00000| Untracked 
| 110|0x0000000086e00000, 0x0000000086e00000, 0x0000000086f00000|  0%| F|  |TAMS 0x0000000086e00000, 0x0000000086e00000| Untracked 
| 111|0x0000000086f00000, 0x0000000086f00000, 0x0000000087000000|  0%| F|  |TAMS 0x0000000086f00000, 0x0000000086f00000| Untracked 
| 112|0x0000000087000000, 0x0000000087000000, 0x0000000087100000|  0%| F|  |TAMS 0x0000000087000000, 0x0000000087000000| Untracked 
| 113|0x0000000087100000, 0x0000000087100000, 0x0000000087200000|  0%| F|  |TAMS 0x0000000087100000, 0x0000000087100000| Untracked 
| 114|0x0000000087200000, 0x0000000087200000, 0x0000000087300000|  0%| F|  |TAMS 0x0000000087200000, 0x0000000087200000| Untracked 
| 115|0x0000000087300000, 0x0000000087300000, 0x0000000087400000|  0%| F|  |TAMS 0x0000000087300000, 0x0000000087300000| Untracked 
| 116|0x0000000087400000, 0x0000000087400000, 0x0000000087500000|  0%| F|  |TAMS 0x0000000087400000, 0x0000000087400000| Untracked 
| 117|0x0000000087500000, 0x0000000087500000, 0x0000000087600000|  0%| F|  |TAMS 0x0000000087500000, 0x0000000087500000| Untracked 
| 118|0x0000000087600000, 0x0000000087600000, 0x0000000087700000|  0%| F|  |TAMS 0x0000000087600000, 0x0000000087600000| Untracked 
| 119|0x0000000087700000, 0x0000000087700000, 0x0000000087800000|  0%| F|  |TAMS 0x0000000087700000, 0x0000000087700000| Untracked 
| 120|0x0000000087800000, 0x0000000087800000, 0x0000000087900000|  0%| F|  |TAMS 0x0000000087800000, 0x0000000087800000| Untracked 
| 121|0x0000000087900000, 0x0000000087900000, 0x0000000087a00000|  0%| F|  |TAMS 0x0000000087900000, 0x0000000087900000| Untracked 
| 122|0x0000000087a00000, 0x0000000087a00000, 0x0000000087b00000|  0%| F|  |TAMS 0x0000000087a00000, 0x0000000087a00000| Untracked 
| 123|0x0000000087b00000, 0x0000000087b00000, 0x0000000087c00000|  0%| F|  |TAMS 0x0000000087b00000, 0x0000000087b00000| Untracked 
| 124|0x0000000087c00000, 0x0000000087c00000, 0x0000000087d00000|  0%| F|  |TAMS 0x0000000087c00000, 0x0000000087c00000| Untracked 
| 125|0x0000000087d00000, 0x0000000087d00000, 0x0000000087e00000|  0%| F|  |TAMS 0x0000000087d00000, 0x0000000087d00000| Untracked 
| 126|0x0000000087e00000, 0x0000000087e00000, 0x0000000087f00000|  0%| F|  |TAMS 0x0000000087e00000, 0x0000000087e00000| Untracked 
| 127|0x0000000087f00000, 0x0000000087f00000, 0x0000000088000000|  0%| F|  |TAMS 0x0000000087f00000, 0x0000000087f00000| Untracked 
| 128|0x0000000088000000, 0x0000000088000000, 0x0000000088100000|  0%| F|  |TAMS 0x0000000088000000, 0x0000000088000000| Untracked 
| 129|0x0000000088100000, 0x0000000088100000, 0x0000000088200000|  0%| F|  |TAMS 0x0000000088100000, 0x0000000088100000| Untracked 

Card table byte_map: [0x000001cc413a0000,0x000001cc417a0000] _byte_map_base: 0x000001cc40fa0000

Marking Bits (Prev, Next): (CMBitMap*) 0x000001cc282e58a0, (CMBitMap*) 0x000001cc282e5860
 Prev Bits: [0x000001cc43ba0000, 0x000001cc45ba0000)
 Next Bits: [0x000001cc41ba0000, 0x000001cc43ba0000)

Polling page: 0x000001cc28350000

Metaspace:

Usage:
  Non-class:     47.35 MB used.
      Class:      7.82 MB used.
       Both:     55.18 MB used.

Virtual space:
  Non-class space:       64.00 MB reserved,      47.69 MB ( 75%) committed,  1 nodes.
      Class space:        1.00 GB reserved,       8.19 MB ( <1%) committed,  1 nodes.
             Both:        1.06 GB reserved,      55.88 MB (  5%) committed. 

Chunk freelists:
   Non-Class:  15.50 MB
       Class:  7.73 MB
        Both:  23.23 MB

MaxMetaspaceSize: unlimited
CompressedClassSpaceSize: 1.00 GB
Initial GC threshold: 21.00 MB
Current GC threshold: 83.75 MB
CDS: on
MetaspaceReclaimPolicy: balanced
 - commit_granule_bytes: 65536.
 - commit_granule_words: 8192.
 - virtual_space_node_default_size: 8388608.
 - enlarge_chunks_in_place: 1.
 - new_chunks_are_fully_committed: 0.
 - uncommit_free_chunks: 1.
 - use_allocation_guard: 0.
 - handle_deallocations: 1.


Internal statistics:

num_allocs_failed_limit: 3.
num_arena_births: 852.
num_arena_deaths: 0.
num_vsnodes_births: 2.
num_vsnodes_deaths: 0.
num_space_committed: 894.
num_space_uncommitted: 0.
num_chunks_returned_to_freelist: 3.
num_chunks_taken_from_freelist: 3213.
num_chunk_merges: 3.
num_chunk_splits: 2102.
num_chunks_enlarged: 1404.
num_inconsistent_stats: 0.

CodeHeap 'non-profiled nmethods': size=120000Kb used=3244Kb max_used=3244Kb free=116755Kb
 bounds [0x000001cc38de0000, 0x000001cc39110000, 0x000001cc40310000]
CodeHeap 'profiled nmethods': size=120000Kb used=11282Kb max_used=11282Kb free=108718Kb
 bounds [0x000001cc31310000, 0x000001cc31e20000, 0x000001cc38840000]
CodeHeap 'non-nmethods': size=5760Kb used=2351Kb max_used=2388Kb free=3408Kb
 bounds [0x000001cc38840000, 0x000001cc38ab0000, 0x000001cc38de0000]
 total_blobs=6635 nmethods=5762 adapters=785
 compilation: enabled
              stopped_count=0, restarted_count=0
 full_count=0

Compilation events (20 events):
Event: 10.586 Thread 0x000001cc488a5aa0 6544       1       org.gradle.api.internal.artifacts.ivyservice.ivyresolve.CachingModuleComponentRepository::access$200 (5 bytes)
Event: 10.586 Thread 0x000001cc488a5aa0 nmethod 6544 0x000001cc3910a490 code [0x000001cc3910a620, 0x000001cc3910a6d8]
Event: 10.586 Thread 0x000001cc488a5aa0 6542       1       org.gradle.api.internal.attributes.immutable.ImmutableAttributesSchema::hashCode (5 bytes)
Event: 10.586 Thread 0x000001cc488a5aa0 nmethod 6542 0x000001cc3910a790 code [0x000001cc3910a920, 0x000001cc3910a9f8]
Event: 10.586 Thread 0x000001cc488a5aa0 6543       1       org.gradle.api.internal.artifacts.repositories.resolver.ExternalResourceResolver::getName (5 bytes)
Event: 10.586 Thread 0x000001cc488a5aa0 nmethod 6543 0x000001cc3910aa90 code [0x000001cc3910ac20, 0x000001cc3910acf8]
Event: 10.586 Thread 0x000001cc488a5aa0 6545       1       org.gradle.api.internal.artifacts.ivyservice.modulecache.ModuleComponentAtRepositoryKey::hashCode (5 bytes)
Event: 10.586 Thread 0x000001cc488a5aa0 nmethod 6545 0x000001cc3910ad90 code [0x000001cc3910af20, 0x000001cc3910aff8]
Event: 10.586 Thread 0x000001cc488a5aa0 6546       3       org.gradle.api.internal.artifacts.dependencies.DefaultImmutableVersionConstraint::<init> (152 bytes)
Event: 10.587 Thread 0x000001cc488a5aa0 nmethod 6546 0x000001cc31e10090 code [0x000001cc31e10340, 0x000001cc31e110c8]
Event: 10.587 Thread 0x000001cc488a5aa0 6547       3       org.gradle.api.internal.artifacts.ModuleComponentSelectorSerializer::readCapabilitySelectors (53 bytes)
Event: 10.588 Thread 0x000001cc488a5aa0 nmethod 6547 0x000001cc31e11490 code [0x000001cc31e117c0, 0x000001cc31e12f08]
Event: 10.588 Thread 0x000001cc488a5aa0 6548       3       org.gradle.api.internal.artifacts.ivyservice.resolveengine.result.IvyArtifactNameSerializer::readNullable (19 bytes)
Event: 10.588 Thread 0x000001cc488a5aa0 nmethod 6548 0x000001cc31e13610 code [0x000001cc31e137c0, 0x000001cc31e13a58]
Event: 10.589 Thread 0x000001cc91a94030 6549       4       org.gradle.util.internal.SimpleMapInterner::intern (9 bytes)
Event: 10.589 Thread 0x000001cc488a54d0 6550       4       org.gradle.api.internal.artifacts.ivyservice.modulecache.StringDeduplicatingDecoder::readString (22 bytes)
Event: 10.589 Thread 0x000001cc488a5aa0 6551       3       org.gradle.internal.component.model.DefaultIvyArtifactName::<init> (34 bytes)
Event: 10.590 Thread 0x000001cc488a5aa0 nmethod 6551 0x000001cc31e13b90 code [0x000001cc31e13d40, 0x000001cc31e14068]
Event: 10.590 Thread 0x000001cc488a5aa0 6552       3       org.gradle.internal.component.model.DefaultIvyArtifactName::computeHashCode (71 bytes)
Event: 10.590 Thread 0x000001cc488a5aa0 nmethod 6552 0x000001cc31e14190 code [0x000001cc31e14360, 0x000001cc31e14658]

GC Heap History (20 events):
Event: 7.708 GC heap after
{Heap after GC invocations=15 (full 0):
 garbage-first heap   total 110592K, used 53568K [0x0000000080000000, 0x0000000100000000)
  region size 1024K, 5 young (5120K), 5 survivors (5120K)
 Metaspace       used 41664K, committed 42240K, reserved 1114112K
  class space    used 5943K, committed 6208K, reserved 1048576K
}
Event: 7.965 GC heap before
{Heap before GC invocations=16 (full 0):
 garbage-first heap   total 110592K, used 68928K [0x0000000080000000, 0x0000000100000000)
  region size 1024K, 19 young (19456K), 5 survivors (5120K)
 Metaspace       used 41972K, committed 42496K, reserved 1114112K
  class space    used 5961K, committed 6208K, reserved 1048576K
}
Event: 7.968 GC heap after
{Heap after GC invocations=17 (full 0):
 garbage-first heap   total 110592K, used 58641K [0x0000000080000000, 0x0000000100000000)
  region size 1024K, 5 young (5120K), 5 survivors (5120K)
 Metaspace       used 41972K, committed 42496K, reserved 1114112K
  class space    used 5961K, committed 6208K, reserved 1048576K
}
Event: 8.329 GC heap before
{Heap before GC invocations=18 (full 0):
 garbage-first heap   total 112640K, used 97553K [0x0000000080000000, 0x0000000100000000)
  region size 1024K, 31 young (31744K), 5 survivors (5120K)
 Metaspace       used 44293K, committed 44928K, reserved 1114112K
  class space    used 6167K, committed 6464K, reserved 1048576K
}
Event: 8.332 GC heap after
{Heap after GC invocations=19 (full 0):
 garbage-first heap   total 112640K, used 74019K [0x0000000080000000, 0x0000000100000000)
  region size 1024K, 4 young (4096K), 4 survivors (4096K)
 Metaspace       used 44293K, committed 44928K, reserved 1114112K
  class space    used 6167K, committed 6464K, reserved 1048576K
}
Event: 8.334 GC heap before
{Heap before GC invocations=19 (full 0):
 garbage-first heap   total 112640K, used 75043K [0x0000000080000000, 0x0000000100000000)
  region size 1024K, 5 young (5120K), 4 survivors (4096K)
 Metaspace       used 44293K, committed 44928K, reserved 1114112K
  class space    used 6167K, committed 6464K, reserved 1048576K
}
Event: 8.336 GC heap after
{Heap after GC invocations=20 (full 0):
 garbage-first heap   total 112640K, used 74490K [0x0000000080000000, 0x0000000100000000)
  region size 1024K, 1 young (1024K), 1 survivors (1024K)
 Metaspace       used 44293K, committed 44928K, reserved 1114112K
  class space    used 6167K, committed 6464K, reserved 1048576K
}
Event: 8.381 GC heap before
{Heap before GC invocations=20 (full 0):
 garbage-first heap   total 112640K, used 92922K [0x0000000080000000, 0x0000000100000000)
  region size 1024K, 19 young (19456K), 1 survivors (1024K)
 Metaspace       used 44313K, committed 44928K, reserved 1114112K
  class space    used 6171K, committed 6464K, reserved 1048576K
}
Event: 8.382 GC heap after
{Heap after GC invocations=21 (full 0):
 garbage-first heap   total 112640K, used 74510K [0x0000000080000000, 0x0000000100000000)
  region size 1024K, 1 young (1024K), 1 survivors (1024K)
 Metaspace       used 44313K, committed 44928K, reserved 1114112K
  class space    used 6171K, committed 6464K, reserved 1048576K
}
Event: 8.750 GC heap before
{Heap before GC invocations=22 (full 0):
 garbage-first heap   total 130048K, used 93966K [0x0000000080000000, 0x0000000100000000)
  region size 1024K, 20 young (20480K), 1 survivors (1024K)
 Metaspace       used 46310K, committed 46976K, reserved 1114112K
  class space    used 6473K, committed 6720K, reserved 1048576K
}
Event: 8.752 GC heap after
{Heap after GC invocations=23 (full 0):
 garbage-first heap   total 130048K, used 75740K [0x0000000080000000, 0x0000000100000000)
  region size 1024K, 2 young (2048K), 2 survivors (2048K)
 Metaspace       used 46310K, committed 46976K, reserved 1114112K
  class space    used 6473K, committed 6720K, reserved 1048576K
}
Event: 8.799 GC heap before
{Heap before GC invocations=23 (full 0):
 garbage-first heap   total 130048K, used 79836K [0x0000000080000000, 0x0000000100000000)
  region size 1024K, 6 young (6144K), 2 survivors (2048K)
 Metaspace       used 46770K, committed 47424K, reserved 1114112K
  class space    used 6535K, committed 6784K, reserved 1048576K
}
Event: 8.801 GC heap after
{Heap after GC invocations=24 (full 0):
 garbage-first heap   total 130048K, used 75379K [0x0000000080000000, 0x0000000100000000)
  region size 1024K, 1 young (1024K), 1 survivors (1024K)
 Metaspace       used 46770K, committed 47424K, reserved 1114112K
  class space    used 6535K, committed 6784K, reserved 1048576K
}
Event: 9.211 GC heap before
{Heap before GC invocations=24 (full 0):
 garbage-first heap   total 130048K, used 104051K [0x0000000080000000, 0x0000000100000000)
  region size 1024K, 29 young (29696K), 1 survivors (1024K)
 Metaspace       used 50433K, committed 51136K, reserved 1114112K
  class space    used 7058K, committed 7424K, reserved 1048576K
}
Event: 9.213 GC heap after
{Heap after GC invocations=25 (full 0):
 garbage-first heap   total 130048K, used 76411K [0x0000000080000000, 0x0000000100000000)
  region size 1024K, 2 young (2048K), 2 survivors (2048K)
 Metaspace       used 50433K, committed 51136K, reserved 1114112K
  class space    used 7058K, committed 7424K, reserved 1048576K
}
Event: 9.691 GC heap before
{Heap before GC invocations=26 (full 0):
 garbage-first heap   total 133120K, used 106107K [0x0000000080000000, 0x0000000100000000)
  region size 1024K, 31 young (31744K), 2 survivors (2048K)
 Metaspace       used 53497K, committed 54208K, reserved 1114112K
  class space    used 7543K, committed 7872K, reserved 1048576K
}
Event: 9.693 GC heap after
{Heap after GC invocations=27 (full 0):
 garbage-first heap   total 133120K, used 77992K [0x0000000080000000, 0x0000000100000000)
  region size 1024K, 3 young (3072K), 3 survivors (3072K)
 Metaspace       used 53497K, committed 54208K, reserved 1114112K
  class space    used 7543K, committed 7872K, reserved 1048576K
}
Event: 9.722 GC heap before
{Heap before GC invocations=27 (full 0):
 garbage-first heap   total 133120K, used 81064K [0x0000000080000000, 0x0000000100000000)
  region size 1024K, 6 young (6144K), 3 survivors (3072K)
 Metaspace       used 53595K, committed 54272K, reserved 1114112K
  class space    used 7558K, committed 7872K, reserved 1048576K
}
Event: 9.725 GC heap after
{Heap after GC invocations=28 (full 0):
 garbage-first heap   total 133120K, used 78320K [0x0000000080000000, 0x0000000100000000)
  region size 1024K, 1 young (1024K), 1 survivors (1024K)
 Metaspace       used 53595K, committed 54272K, reserved 1114112K
  class space    used 7558K, committed 7872K, reserved 1048576K
}
Event: 10.592 GC heap before
{Heap before GC invocations=28 (full 0):
 garbage-first heap   total 133120K, used 110064K [0x0000000080000000, 0x0000000100000000)
  region size 1024K, 32 young (32768K), 1 survivors (1024K)
 Metaspace       used 56501K, committed 57216K, reserved 1114112K
  class space    used 8010K, committed 8384K, reserved 1048576K
}

Deoptimization events (20 events):
Event: 10.300 Thread 0x000001cc8eca4a60 Uncommon trap: trap_request=0xffffffc6 fr.pc=0x000001cc38f8db60 relative=0x0000000000000220
Event: 10.300 Thread 0x000001cc8eca4a60 Uncommon trap: reason=bimorphic_or_optimized_type_check action=maybe_recompile pc=0x000001cc38f8db60 method=com.google.common.base.CharMatcher.indexIn(Ljava/lang/CharSequence;I)I @ 31 c2
Event: 10.300 Thread 0x000001cc8eca4a60 DEOPT PACKING pc=0x000001cc38f8db60 sp=0x00000068986f8820
Event: 10.300 Thread 0x000001cc8eca4a60 DEOPT UNPACKING pc=0x000001cc388923a3 sp=0x00000068986f87c8 mode 2
Event: 10.312 Thread 0x000001cc8eca4a60 Uncommon trap: trap_request=0xffffffc6 fr.pc=0x000001cc38f8db60 relative=0x0000000000000220
Event: 10.312 Thread 0x000001cc8eca4a60 Uncommon trap: reason=bimorphic_or_optimized_type_check action=maybe_recompile pc=0x000001cc38f8db60 method=com.google.common.base.CharMatcher.indexIn(Ljava/lang/CharSequence;I)I @ 31 c2
Event: 10.312 Thread 0x000001cc8eca4a60 DEOPT PACKING pc=0x000001cc38f8db60 sp=0x00000068986f8120
Event: 10.312 Thread 0x000001cc8eca4a60 DEOPT UNPACKING pc=0x000001cc388923a3 sp=0x00000068986f80c8 mode 2
Event: 10.339 Thread 0x000001cc8eca4a60 Uncommon trap: trap_request=0xffffffbe fr.pc=0x000001cc38f6ca8c relative=0x000000000000094c
Event: 10.339 Thread 0x000001cc8eca4a60 Uncommon trap: reason=profile_predicate action=maybe_recompile pc=0x000001cc38f6ca8c method=java.util.regex.Pattern$BnM.optimize(Ljava/util/regex/Pattern$Node;)Ljava/util/regex/Pattern$Node; @ 67 c2
Event: 10.339 Thread 0x000001cc8eca4a60 DEOPT PACKING pc=0x000001cc38f6ca8c sp=0x00000068986f72d0
Event: 10.340 Thread 0x000001cc8eca4a60 DEOPT UNPACKING pc=0x000001cc388923a3 sp=0x00000068986f7220 mode 2
Event: 10.340 Thread 0x000001cc8eca4a60 Uncommon trap: trap_request=0xffffffbe fr.pc=0x000001cc38f6ca8c relative=0x000000000000094c
Event: 10.340 Thread 0x000001cc8eca4a60 Uncommon trap: reason=profile_predicate action=maybe_recompile pc=0x000001cc38f6ca8c method=java.util.regex.Pattern$BnM.optimize(Ljava/util/regex/Pattern$Node;)Ljava/util/regex/Pattern$Node; @ 67 c2
Event: 10.340 Thread 0x000001cc8eca4a60 DEOPT PACKING pc=0x000001cc38f6ca8c sp=0x00000068986f72d0
Event: 10.340 Thread 0x000001cc8eca4a60 DEOPT UNPACKING pc=0x000001cc388923a3 sp=0x00000068986f7220 mode 2
Event: 10.340 Thread 0x000001cc8eca4a60 Uncommon trap: trap_request=0xffffffbe fr.pc=0x000001cc38f6ca8c relative=0x000000000000094c
Event: 10.340 Thread 0x000001cc8eca4a60 Uncommon trap: reason=profile_predicate action=maybe_recompile pc=0x000001cc38f6ca8c method=java.util.regex.Pattern$BnM.optimize(Ljava/util/regex/Pattern$Node;)Ljava/util/regex/Pattern$Node; @ 67 c2
Event: 10.340 Thread 0x000001cc8eca4a60 DEOPT PACKING pc=0x000001cc38f6ca8c sp=0x00000068986f72d0
Event: 10.340 Thread 0x000001cc8eca4a60 DEOPT UNPACKING pc=0x000001cc388923a3 sp=0x00000068986f7220 mode 2

Classes unloaded (0 events):
No events

Classes redefined (0 events):
No events

Internal exceptions (20 events):
Event: 9.678 Thread 0x000001cc8eca4a60 Exception <a 'java/lang/ClassNotFoundException'{0x0000000086552408}: org/gradle/internal/serialize/codecs/core/ClosureCodec$BrokenScriptBeanInfo> (0x0000000086552408) 
thrown [s\open\src\hotspot\share\classfile\systemDictionary.cpp, line 256]
Event: 9.678 Thread 0x000001cc8eca4a60 Exception <a 'java/lang/ClassNotFoundException'{0x00000000865629f0}: org/gradle/internal/serialize/codecs/core/ClosureCodec$BrokenScriptCustomizer> (0x00000000865629f0) 
thrown [s\open\src\hotspot\share\classfile\systemDictionary.cpp, line 256]
Event: 9.681 Thread 0x000001cc8eca4a60 Exception <a 'java/lang/ClassNotFoundException'{0x000000008657ef48}: org/gradle/api/invocation/GradleBeanInfo> (0x000000008657ef48) 
thrown [s\open\src\hotspot\share\classfile\systemDictionary.cpp, line 256]
Event: 9.681 Thread 0x000001cc8eca4a60 Exception <a 'java/lang/ClassNotFoundException'{0x000000008658c408}: org/gradle/api/invocation/GradleCustomizer> (0x000000008658c408) 
thrown [s\open\src\hotspot\share\classfile\systemDictionary.cpp, line 256]
Event: 9.701 Thread 0x000001cc8eca4a60 Exception <a 'java/lang/ClassNotFoundException'{0x00000000880044f8}: org/gradle/api/internal/project/DefaultProject_DecoratedBeanInfo> (0x00000000880044f8) 
thrown [s\open\src\hotspot\share\classfile\systemDictionary.cpp, line 256]
Event: 9.702 Thread 0x000001cc8eca4a60 Exception <a 'java/lang/ClassNotFoundException'{0x0000000088011ae0}: org/gradle/api/internal/project/DefaultProjectBeanInfo> (0x0000000088011ae0) 
thrown [s\open\src\hotspot\share\classfile\systemDictionary.cpp, line 256]
Event: 9.702 Thread 0x000001cc8eca4a60 Exception <a 'java/lang/ClassNotFoundException'{0x000000008801f1b0}: org/gradle/api/internal/project/DefaultProjectCustomizer> (0x000000008801f1b0) 
thrown [s\open\src\hotspot\share\classfile\systemDictionary.cpp, line 256]
Event: 9.705 Thread 0x000001cc8eca4a60 Exception <a 'java/lang/ClassNotFoundException'{0x00000000880d47d0}: org/gradle/api/internal/project/DefaultProject_DecoratedCustomizer> (0x00000000880d47d0) 
thrown [s\open\src\hotspot\share\classfile\systemDictionary.cpp, line 256]
Event: 9.790 Thread 0x000001cc8eca4a60 Exception <a 'java/lang/NoSuchMethodError'{0x0000000087ca9d80}: 'java.lang.Object java.lang.invoke.DirectMethodHandle$Holder.invokeInterface(java.lang.Object, java.lang.Object, int)'> (0x0000000087ca9d80) 
thrown [s\open\src\hotspot\share\interpreter\linkResolver.cpp, line 759]
Event: 9.867 Thread 0x000001cc8eca4a60 Exception <a 'java/lang/NoSuchMethodError'{0x00000000878c3f70}: 'long java.lang.invoke.DirectMethodHandle$Holder.invokeStatic(java.lang.Object, long)'> (0x00000000878c3f70) 
thrown [s\open\src\hotspot\share\interpreter\linkResolver.cpp, line 759]
Event: 10.264 Thread 0x000001cc8eca4a60 Exception <a 'java/lang/NoSuchMethodError'{0x00000000870b2e50}: static Lorg/gradle/api/internal/catalog/DefaultVersionCatalog;.<clinit>()V> (0x00000000870b2e50) 
thrown [s\open\src\hotspot\share\prims\jni.cpp, line 1112]
Event: 10.271 Thread 0x000001cc8eca4a60 Exception <a 'java/lang/NoSuchMethodError'{0x0000000086f06000}: static [Ljava/lang/Object;.<clinit>()V> (0x0000000086f06000) 
thrown [s\open\src\hotspot\share\prims\jni.cpp, line 1112]
Event: 10.273 Thread 0x000001cc8eca4a60 Exception <a 'java/lang/NoSuchMethodError'{0x0000000086f2e9b0}: static Lorg/gradle/api/internal/catalog/DependencyModel;.<clinit>()V> (0x0000000086f2e9b0) 
thrown [s\open\src\hotspot\share\prims\jni.cpp, line 1112]
Event: 10.274 Thread 0x000001cc8eca4a60 Exception <a 'java/lang/NoSuchMethodError'{0x0000000086f323a8}: static Lorg/gradle/api/internal/catalog/AbstractContextAwareModel;.<clinit>()V> (0x0000000086f323a8) 
thrown [s\open\src\hotspot\share\prims\jni.cpp, line 1112]
Event: 10.275 Thread 0x000001cc8eca4a60 Exception <a 'java/lang/NoSuchMethodError'{0x0000000086f4bce8}: static Lorg/gradle/api/internal/artifacts/dependencies/AbstractVersionConstraint;.<clinit>()V> (0x0000000086f4bce8) 
thrown [s\open\src\hotspot\share\prims\jni.cpp, line 1112]
Event: 10.281 Thread 0x000001cc8eca4a60 Exception <a 'java/lang/NoSuchMethodError'{0x0000000086f9d088}: static Lorg/gradle/api/internal/catalog/PluginModel;.<clinit>()V> (0x0000000086f9d088) 
thrown [s\open\src\hotspot\share\prims\jni.cpp, line 1112]
Event: 10.282 Thread 0x000001cc8eca4a60 Exception <a 'java/lang/NoSuchMethodError'{0x0000000086fb3f00}: static Lorg/gradle/api/internal/catalog/VersionModel;.<clinit>()V> (0x0000000086fb3f00) 
thrown [s\open\src\hotspot\share\prims\jni.cpp, line 1112]
Event: 10.383 Thread 0x000001cc8eca4a60 Exception <a 'java/lang/NoSuchMethodError'{0x0000000086bd9308}: 'int java.lang.invoke.DirectMethodHandle$Holder.invokeSpecialIFC(java.lang.Object, java.lang.Object, java.lang.Object)'> (0x0000000086bd9308) 
thrown [s\open\src\hotspot\share\interpreter\linkResolver.cpp, line 759]
Event: 10.447 Thread 0x000001cc8eca4a60 Exception <a 'java/lang/NoSuchMethodError'{0x00000000867d6a30}: 'java.lang.Object java.lang.invoke.DirectMethodHandle$Holder.invokeSpecial(java.lang.Object, java.lang.Object, java.lang.Object, java.lang.Object, java.lang.Object, long)'> (0x00000000867d6a30) 
thrown [s\open\src\hotspot\share\interpreter\linkResolver.cpp, line 759]
Event: 10.449 Thread 0x000001cc8eca4a60 Exception <a 'java/lang/NoSuchMethodError'{0x00000000867faea0}: 'void java.lang.invoke.DirectMethodHandle$Holder.invokeStatic(java.lang.Object, java.lang.Object, java.lang.Object, int, java.lang.Object)'> (0x00000000867faea0) 
thrown [s\open\src\hotspot\share\interpreter\linkResolver.cpp, line 759]

VM Operations (20 events):
Event: 9.244 Executing VM operation: G1Concurrent done
Event: 9.290 Executing VM operation: HandshakeAllThreads
Event: 9.290 Executing VM operation: HandshakeAllThreads done
Event: 9.376 Executing VM operation: HandshakeAllThreads
Event: 9.376 Executing VM operation: HandshakeAllThreads done
Event: 9.554 Executing VM operation: HandshakeAllThreads
Event: 9.554 Executing VM operation: HandshakeAllThreads done
Event: 9.652 Executing VM operation: HandshakeAllThreads
Event: 9.652 Executing VM operation: HandshakeAllThreads done
Event: 9.690 Executing VM operation: G1CollectForAllocation
Event: 9.694 Executing VM operation: G1CollectForAllocation done
Event: 9.722 Executing VM operation: G1CollectForAllocation
Event: 9.725 Executing VM operation: G1CollectForAllocation done
Event: 10.267 Executing VM operation: HandshakeAllThreads
Event: 10.267 Executing VM operation: HandshakeAllThreads done
Event: 10.464 Executing VM operation: HandshakeAllThreads
Event: 10.464 Executing VM operation: HandshakeAllThreads done
Event: 10.562 Executing VM operation: ICBufferFull
Event: 10.563 Executing VM operation: ICBufferFull done
Event: 10.592 Executing VM operation: G1CollectForAllocation

Events (20 events):
Event: 9.636 loading class jdk/internal/reflect/UnsafeQualifiedLongFieldAccessorImpl done
Event: 9.638 loading class java/util/IdentityHashMap$EntrySet
Event: 9.639 loading class java/util/IdentityHashMap$EntrySet done
Event: 9.639 loading class java/util/IdentityHashMap$EntryIterator
Event: 9.639 loading class java/util/IdentityHashMap$EntryIterator done
Event: 9.639 loading class java/util/IdentityHashMap$EntryIterator$Entry
Event: 9.639 loading class java/util/IdentityHashMap$EntryIterator$Entry done
Event: 9.684 loading class java/lang/invoke/SerializedLambda$1
Event: 9.685 loading class java/lang/invoke/SerializedLambda$1 done
Event: 9.707 loading class org/xml/sax/Locator
Event: 9.707 loading class org/xml/sax/Locator done
Event: 9.707 loading class org/xml/sax/SAXParseException
Event: 9.707 loading class org/xml/sax/SAXParseException done
Event: 9.709 loading class org/xml/sax/Attributes
Event: 9.709 loading class org/xml/sax/Attributes done
Event: 9.780 loading class java/util/DualPivotQuicksort
Event: 9.781 loading class java/util/DualPivotQuicksort done
Event: 9.820 Thread 0x000001cc91a94030 Thread added: 0x000001cc91a94030
Event: 9.867 loading class java/util/function/LongUnaryOperator
Event: 9.867 loading class java/util/function/LongUnaryOperator done


Dynamic libraries:
0x00007ff6f8c10000 - 0x00007ff6f8c20000 	C:\Program Files\Java\jdk-17\bin\java.exe
0x00007fff4c6a0000 - 0x00007fff4c900000 	C:\WINDOWS\SYSTEM32\ntdll.dll
0x00007fff4b8a0000 - 0x00007fff4b967000 	C:\WINDOWS\System32\KERNEL32.DLL
0x00007fff49a90000 - 0x00007fff49e5a000 	C:\WINDOWS\System32\KERNELBASE.dll
0x00007fff4a0a0000 - 0x00007fff4a1eb000 	C:\WINDOWS\System32\ucrtbase.dll
0x00007fff1b2a0000 - 0x00007fff1b2bb000 	C:\Program Files\Java\jdk-17\bin\VCRUNTIME140.dll
0x00007fff1b2c0000 - 0x00007fff1b2d9000 	C:\Program Files\Java\jdk-17\bin\jli.dll
0x00007fff4bb50000 - 0x00007fff4bc02000 	C:\WINDOWS\System32\ADVAPI32.dll
0x00007fff4ade0000 - 0x00007fff4ae89000 	C:\WINDOWS\System32\msvcrt.dll
0x00007fff4c4c0000 - 0x00007fff4c566000 	C:\WINDOWS\System32\sechost.dll
0x00007fff4aca0000 - 0x00007fff4adb6000 	C:\WINDOWS\System32\RPCRT4.dll
0x00007fff4c2e0000 - 0x00007fff4c4ac000 	C:\WINDOWS\System32\USER32.dll
0x00007fff4a1f0000 - 0x00007fff4a217000 	C:\WINDOWS\System32\win32u.dll
0x00007fff4b970000 - 0x00007fff4b99a000 	C:\WINDOWS\System32\GDI32.dll
0x00007fff30bb0000 - 0x00007fff30e47000 	C:\WINDOWS\WinSxS\amd64_microsoft.windows.common-controls_6595b64144ccf1df_6.0.26100.3624_none_3e086962e3345f24\COMCTL32.dll
0x00007fff4a360000 - 0x00007fff4a491000 	C:\WINDOWS\System32\gdi32full.dll
0x00007fff4a220000 - 0x00007fff4a2c3000 	C:\WINDOWS\System32\msvcp_win.dll
0x00007fff41dc0000 - 0x00007fff41dcb000 	C:\WINDOWS\SYSTEM32\VERSION.dll
0x00007fff4bd40000 - 0x00007fff4bd6f000 	C:\WINDOWS\System32\IMM32.DLL
0x00007fff26910000 - 0x00007fff2691c000 	C:\Program Files\Java\jdk-17\bin\vcruntime140_1.dll
0x00007fff0a8d0000 - 0x00007fff0a95e000 	C:\Program Files\Java\jdk-17\bin\msvcp140.dll
0x00007ffeb2ea0000 - 0x00007ffeb3a80000 	C:\Program Files\Java\jdk-17\bin\server\jvm.dll
0x00007fff4c4b0000 - 0x00007fff4c4b8000 	C:\WINDOWS\System32\PSAPI.DLL
0x00007fff268a0000 - 0x00007fff268aa000 	C:\WINDOWS\SYSTEM32\WSOCK32.dll
0x00007fff41d80000 - 0x00007fff41db6000 	C:\WINDOWS\SYSTEM32\WINMM.dll
0x00007fff4ae90000 - 0x00007fff4af04000 	C:\WINDOWS\System32\WS2_32.dll
0x00007fff48690000 - 0x00007fff486aa000 	C:\WINDOWS\SYSTEM32\kernel.appcore.dll
0x00007fff26430000 - 0x00007fff2643a000 	C:\Program Files\Java\jdk-17\bin\jimage.dll
0x00007fff3d260000 - 0x00007fff3d4a1000 	C:\WINDOWS\SYSTEM32\DBGHELP.DLL
0x00007fff4a910000 - 0x00007fff4ac92000 	C:\WINDOWS\System32\combase.dll
0x00007fff4a640000 - 0x00007fff4a716000 	C:\WINDOWS\System32\OLEAUT32.dll
0x00007fff2f530000 - 0x00007fff2f569000 	C:\WINDOWS\SYSTEM32\dbgcore.DLL
0x00007fff499f0000 - 0x00007fff49a89000 	C:\WINDOWS\System32\bcryptPrimitives.dll
0x00007fff25b30000 - 0x00007fff25b3e000 	C:\Program Files\Java\jdk-17\bin\instrument.dll
0x00007fff1b270000 - 0x00007fff1b295000 	C:\Program Files\Java\jdk-17\bin\java.dll
0x00007fff05730000 - 0x00007fff05807000 	C:\Program Files\Java\jdk-17\bin\jsvml.dll
0x00007fff4b170000 - 0x00007fff4b899000 	C:\WINDOWS\System32\SHELL32.dll
0x00007fff49880000 - 0x00007fff499e8000 	C:\WINDOWS\System32\wintypes.dll
0x00007fff47540000 - 0x00007fff47d92000 	C:\WINDOWS\SYSTEM32\windows.storage.dll
0x00007fff4c570000 - 0x00007fff4c65d000 	C:\WINDOWS\System32\SHCORE.dll
0x00007fff4bdc0000 - 0x00007fff4be24000 	C:\WINDOWS\System32\shlwapi.dll
0x00007fff49790000 - 0x00007fff497bf000 	C:\WINDOWS\SYSTEM32\profapi.dll
0x00007fff1b250000 - 0x00007fff1b268000 	C:\Program Files\Java\jdk-17\bin\zip.dll
0x00007fff19c00000 - 0x00007fff19c19000 	C:\Program Files\Java\jdk-17\bin\net.dll
0x00007fff41c20000 - 0x00007fff41d3d000 	C:\WINDOWS\SYSTEM32\WINHTTP.dll
0x00007fff48bb0000 - 0x00007fff48c1a000 	C:\WINDOWS\system32\mswsock.dll
0x00007fff17fb0000 - 0x00007fff17fc6000 	C:\Program Files\Java\jdk-17\bin\nio.dll
0x00007fff1df00000 - 0x00007fff1df10000 	C:\Program Files\Java\jdk-17\bin\verify.dll
0x00007fff1db60000 - 0x00007fff1db87000 	C:\Users\Ari Awaludin\.gradle\native\c067742578af261105cb4f569cf0c3c89f3d7b1fecec35dd04571415982c5e48\windows-amd64\native-platform.dll
0x00007fff055e0000 - 0x00007fff05724000 	C:\Users\Ari Awaludin\.gradle\native\100fb08df4bc3b14c8652ba06237920a3bd2aa13389f12d3474272988ae205f9\windows-amd64\native-platform-file-events.dll
0x00007fff1b240000 - 0x00007fff1b24a000 	C:\Program Files\Java\jdk-17\bin\management.dll
0x00007fff1b1a0000 - 0x00007fff1b1ab000 	C:\Program Files\Java\jdk-17\bin\management_ext.dll
0x00007fff48ec0000 - 0x00007fff48edc000 	C:\WINDOWS\SYSTEM32\CRYPTSP.dll
0x00007fff485f0000 - 0x00007fff4862a000 	C:\WINDOWS\system32\rsaenh.dll
0x00007fff48c50000 - 0x00007fff48c7b000 	C:\WINDOWS\SYSTEM32\USERENV.dll
0x00007fff49760000 - 0x00007fff49786000 	C:\WINDOWS\SYSTEM32\bcrypt.dll
0x00007fff48ee0000 - 0x00007fff48eec000 	C:\WINDOWS\SYSTEM32\CRYPTBASE.dll
0x00007fff48170000 - 0x00007fff481a3000 	C:\WINDOWS\SYSTEM32\IPHLPAPI.DLL
0x00007fff4bd80000 - 0x00007fff4bd8a000 	C:\WINDOWS\System32\NSI.dll
0x00007fff42590000 - 0x00007fff425af000 	C:\WINDOWS\SYSTEM32\dhcpcsvc6.DLL
0x00007fff42560000 - 0x00007fff42585000 	C:\WINDOWS\SYSTEM32\dhcpcsvc.DLL
0x00007fff481b0000 - 0x00007fff482d5000 	C:\WINDOWS\SYSTEM32\DNSAPI.dll
0x00007fff17ef0000 - 0x00007fff17efe000 	C:\Program Files\Java\jdk-17\bin\sunmscapi.dll
0x00007fff49f20000 - 0x00007fff4a097000 	C:\WINDOWS\System32\CRYPT32.dll
0x00007fff490c0000 - 0x00007fff490f0000 	C:\WINDOWS\SYSTEM32\ncrypt.dll
0x00007fff49070000 - 0x00007fff490af000 	C:\WINDOWS\SYSTEM32\NTASN1.dll
0x00007fff0e250000 - 0x00007fff0e258000 	C:\WINDOWS\system32\wshunix.dll

dbghelp: loaded successfully - version: 4.0.5 - missing functions: none
symbol engine: initialized successfully - sym options: 0x614 - pdb path: .;C:\Program Files\Java\jdk-17\bin;C:\WINDOWS\SYSTEM32;C:\WINDOWS\WinSxS\amd64_microsoft.windows.common-controls_6595b64144ccf1df_6.0.26100.3624_none_3e086962e3345f24;C:\Program Files\Java\jdk-17\bin\server;C:\Users\Ari Awaludin\.gradle\native\c067742578af261105cb4f569cf0c3c89f3d7b1fecec35dd04571415982c5e48\windows-amd64;C:\Users\Ari Awaludin\.gradle\native\100fb08df4bc3b14c8652ba06237920a3bd2aa13389f12d3474272988ae205f9\windows-amd64

VM Arguments:
jvm_args: --add-opens=java.base/java.lang=ALL-UNNAMED --add-opens=java.base/java.lang.invoke=ALL-UNNAMED --add-opens=java.base/java.util=ALL-UNNAMED --add-opens=java.prefs/java.util.prefs=ALL-UNNAMED --add-exports=jdk.compiler/com.sun.tools.javac.api=ALL-UNNAMED --add-exports=jdk.compiler/com.sun.tools.javac.util=ALL-UNNAMED --add-opens=java.base/java.util=ALL-UNNAMED --add-opens=java.prefs/java.util.prefs=ALL-UNNAMED --add-opens=java.base/java.nio.charset=ALL-UNNAMED --add-opens=java.base/java.net=ALL-UNNAMED --add-opens=java.base/java.util.concurrent.atomic=ALL-UNNAMED --add-opens=java.xml/javax.xml.namespace=ALL-UNNAMED -Xmx2048m -Dfile.encoding=UTF-8 -Duser.country=ID -Duser.language=en -Duser.variant -javaagent:C:\Users\Ari Awaludin\.gradle\wrapper\dists\gradle-8.11.1-bin\bpt9gzteqjrbo1mjrsomdt32c\gradle-8.11.1\lib\agents\gradle-instrumentation-agent-8.11.1.jar 
java_command: org.gradle.launcher.daemon.bootstrap.GradleDaemon 8.11.1
java_class_path (initial): C:\Users\Ari Awaludin\.gradle\wrapper\dists\gradle-8.11.1-bin\bpt9gzteqjrbo1mjrsomdt32c\gradle-8.11.1\lib\gradle-daemon-main-8.11.1.jar
Launcher Type: SUN_STANDARD

[Global flags]
     intx CICompilerCount                          = 4                                         {product} {ergonomic}
     uint ConcGCThreads                            = 3                                         {product} {ergonomic}
     uint G1ConcRefinementThreads                  = 10                                        {product} {ergonomic}
   size_t G1HeapRegionSize                         = 1048576                                   {product} {ergonomic}
    uintx GCDrainStackTargetSize                   = 64                                        {product} {ergonomic}
   size_t InitialHeapSize                          = 123731968                                 {product} {ergonomic}
   size_t MarkStackSize                            = 4194304                                   {product} {ergonomic}
   size_t MaxHeapSize                              = 2147483648                                {product} {command line}
   size_t MaxNewSize                               = 1287651328                                {product} {ergonomic}
   size_t MinHeapDeltaBytes                        = 1048576                                   {product} {ergonomic}
   size_t MinHeapSize                              = 8388608                                   {product} {ergonomic}
    uintx NonNMethodCodeHeapSize                   = 5839372                                {pd product} {ergonomic}
    uintx NonProfiledCodeHeapSize                  = 122909434                              {pd product} {ergonomic}
    uintx ProfiledCodeHeapSize                     = 122909434                              {pd product} {ergonomic}
    uintx ReservedCodeCacheSize                    = 251658240                              {pd product} {ergonomic}
     bool SegmentedCodeCache                       = true                                      {product} {ergonomic}
   size_t SoftMaxHeapSize                          = 2147483648                             {manageable} {ergonomic}
     bool UseCompressedClassPointers               = true                           {product lp64_product} {ergonomic}
     bool UseCompressedOops                        = true                           {product lp64_product} {ergonomic}
     bool UseG1GC                                  = true                                      {product} {ergonomic}
     bool UseLargePagesIndividualAllocation        = false                                  {pd product} {ergonomic}

Logging:
Log output configuration:
 #0: stdout all=warning uptime,level,tags
 #1: stderr all=off uptime,level,tags

Environment Variables:
JAVA_HOME=C:\Program Files\Java\jdk-17\bin
PATH=C:\Program Files (x86)\Common Files\Intel\Shared Libraries\redist\intel64\compiler;C:\WINDOWS\system32;C:\WINDOWS;C:\WINDOWS\System32\Wbem;C:\WINDOWS\System32\WindowsPowerShell\v1.0\;C:\WINDOWS\System32\OpenSSH\;C:\Program Files\dotnet\;C:\Program Files\HP\HP One Agent;C:\Program Files\Git\cmd;C:\ProgramData\ComposerSetup\bin;C:\Users\Ari Awaludin\AppData\Local\Packages\PythonSoftwareFoundation.Python.3.11_qbz5n2kfra8p0\LocalCache\local-packages\Python311\Scripts;C:\WINDOWS\system32;C:\WINDOWS;C:\WINDOWS\System32\Wbem;C:\WINDOWS\System32\WindowsPowerShell\v1.0\;C:\WINDOWS\System32\OpenSSH\;C:\Users\Ari Awaludin\AppData\Local\Microsoft\WindowsApps\PythonSoftwareFoundation.Python.3.11_qbz5n2kfra8p0;C:\xampp\php;C:\Program Files\Go\bin;C:\Program Files\nodejs\;C:\ProgramData\chocolatey\bin;C:\Program Files\Java\jdk-17\bin\bin;C:\adb\platform-tools;C:\Android\Sdk;C:\flutter\src\flutter\bin;C:\Program Files\Java\jdk-11\bin;C:\Program Files (x86)\Microsoft SQL Server\160\DTS\Binn\;C:\Program Files (x86)\Microsoft SQL Server\160\Tools\Binn\;C:\Program Files\Microsoft SQL Server\160\Tools\Binn\;C:\Program Files\Microsoft SQL Server\Client SDK\ODBC\170\Tools\Binn\;C:\Program Files\Microsoft SQL Server\160\DTS\Binn\;C:\Program Files\Microsoft SQL Server\Client SDK\ODBC\170\Tools\Binn\;C:\Android\Sdk\emulator;C:\Program Files\Java\jdk-17\bin;%PNPM_HOME%;C:\laragon\bin;C:\laragon\bin\apache\httpd-2.4.54-win64-VS16\bin;C:\laragon\bin\composer;C:\laragon\bin\git\bin;C:\laragon\bin\git\cmd;C:\laragon\bin\git\mingw64\bin;C:\laragon\bin\git\usr\bin;C:\laragon\bin\laragon\utils;C:\laragon\bin\mysql\mysql-8.0.30-winx64\bin;C:\laragon\bin\nginx\nginx-1.22.0;C:\laragon\bin\ngrok;C:\laragon\bin\notepad++;C:\laragon\bin\python\python-3.10;C:\laragon\bin\python\python-3.10\Scripts;C:\laragon\bin\redis\redis-x64-5.0.14.1;C:\laragon\bin\telnet;C:\laragon\usr\bin;C:\Users\Ari Awaludin\AppData\Local\Yarn\config\global\node_modules\.bin;C:\Users\Ari Awaludin\AppData\Roaming\Composer\vendor\bi
USERNAME=Ari Awaludin
OS=Windows_NT
PROCESSOR_IDENTIFIER=AMD64 Family 23 Model 104 Stepping 1, AuthenticAMD



---------------  S Y S T E M  ---------------

OS:
 Windows 11 , 64 bit Build 26100 (10.0.26100.3775)
OS uptime: 3 days 10:04 hours

CPU: total 12 (initial active 12) (12 cores per cpu, 2 threads per core) family 23 model 104 stepping 1 microcode 0x8608104, cx8, cmov, fxsr, ht, mmx, 3dnowpref, sse, sse2, sse3, ssse3, sse4a, sse4.1, sse4.2, popcnt, lzcnt, tsc, tscinvbit, avx, avx2, aes, clmul, bmi1, bmi2, adx, sha, fma, vzeroupper, clflush, clflushopt

Memory: 4k page, system-wide physical 7502M (393M free)
TotalPageFile size 19790M (AvailPageFile size 35M)
current process WorkingSet (physical memory assigned to process): 314M, peak: 318M
current process commit charge ("private bytes"): 359M, peak: 514M

vm_info: Java HotSpot(TM) 64-Bit Server VM (17.0.12+8-LTS-286) for windows-amd64 JRE (17.0.12+8-LTS-286), built on Jun  5 2024 06:46:59 by "mach5one" with MS VC++ 17.6 (VS2022)

END.
