#
# There is insufficient memory for the Java Runtime Environment to continue.
# Native memory allocation (malloc) failed to allocate 1803376 bytes for Chunk::new
# Possible reasons:
#   The system is out of physical RAM or swap space
#   The process is running with CompressedOops enabled, and the Java Heap may be blocking the growth of the native heap
# Possible solutions:
#   Reduce memory load on the system
#   Increase physical memory or swap space
#   Check if swap backing store is full
#   Decrease Java heap size (-Xmx/-Xms)
#   Decrease number of Java threads
#   Decrease Java thread stack sizes (-Xss)
#   Set larger code cache with -XX:ReservedCodeCacheSize=
#   JVM is running with Unscaled Compressed Oops mode in which the Java heap is
#     placed in the first 4GB address space. The Java Heap base address is the
#     maximum limit for the native heap growth. Please use -XX:HeapBaseMinAddress
#     to set the Java Heap base and to place the Java Heap above 4GB virtual address.
# This output file may be truncated or incomplete.
#
#  Out of Memory Error (arena.cpp:189), pid=8440, tid=14072
#
# JRE version: Java(TM) SE Runtime Environment (17.0.12+8) (build 17.0.12+8-LTS-286)
# Java VM: Java HotSpot(TM) 64-Bit Server VM (17.0.12+8-LTS-286, mixed mode, sharing, tiered, compressed oops, compressed class ptrs, g1 gc, windows-amd64)
# No core dump will be written. Minidumps are not enabled by default on client versions of Windows
#

---------------  S U M M A R Y ------------

Command Line: org.jetbrains.kotlin.cli.jvm.K2JVMCompiler @C:\Project\MyApplication3\app\build\20250414_18166369304608535556.compiler.options

Host: AMD Ryzen 5 5500U with Radeon Graphics         , 12 cores, 7G,  Windows 11 , 64 bit Build 26100 (10.0.26100.3775)
Time: Mon Apr 14 15:41:27 2025 SE Asia Standard Time elapsed time: 18.628076 seconds (0d 0h 0m 18s)

---------------  T H R E A D  ---------------

Current thread (0x000001db6c75b1b0):  JavaThread "C2 CompilerThread0" daemon [_thread_in_native, id=14072, stack(0x000000040bf00000,0x000000040c000000)]


Current CompileTask:
C2:  18628 8379   !   4       jdk.internal.loader.BuiltinClassLoader::loadClassOrNull (143 bytes)

Stack: [0x000000040bf00000,0x000000040c000000]
Native frames: (J=compiled Java code, j=interpreted, Vv=VM code, C=native code)
V  [jvm.dll+0x67a04a]
V  [jvm.dll+0x7da4ed]
V  [jvm.dll+0x7dbe33]
V  [jvm.dll+0x7dc4a3]
V  [jvm.dll+0x24508f]
V  [jvm.dll+0xab773]
V  [jvm.dll+0xabd3c]
V  [jvm.dll+0x361b9f]
V  [jvm.dll+0x1ba64a]
V  [jvm.dll+0x216997]
V  [jvm.dll+0x215c6f]
V  [jvm.dll+0x1a2960]
V  [jvm.dll+0x22610b]
V  [jvm.dll+0x2242ab]
V  [jvm.dll+0x79075c]
V  [jvm.dll+0x78abea]
V  [jvm.dll+0x678f35]
C  [ucrtbase.dll+0x37b0]
C  [KERNEL32.DLL+0x2e8d7]
C  [ntdll.dll+0xb14fc]


---------------  P R O C E S S  ---------------

Threads class SMR info:
_java_thread_list=0x000001db7793b340, length=14, elements={
0x000001db4e751d40, 0x000001db6c73f190, 0x000001db6c741b60, 0x000001db6c7586d0,
0x000001db6c759090, 0x000001db6c759a50, 0x000001db6c75a410, 0x000001db6c75b1b0,
0x000001db6c75bc60, 0x000001db6c765590, 0x000001db6c9a5f10, 0x000001db6c9a4fe0,
0x000001db6c904030, 0x000001db76133090
}

Java Threads: ( => current thread )
  0x000001db4e751d40 JavaThread "main" [_thread_in_vm, id=16932, stack(0x000000040b200000,0x000000040b300000)]
  0x000001db6c73f190 JavaThread "Reference Handler" daemon [_thread_blocked, id=6464, stack(0x000000040b900000,0x000000040ba00000)]
  0x000001db6c741b60 JavaThread "Finalizer" daemon [_thread_blocked, id=15372, stack(0x000000040ba00000,0x000000040bb00000)]
  0x000001db6c7586d0 JavaThread "Signal Dispatcher" daemon [_thread_blocked, id=15452, stack(0x000000040bb00000,0x000000040bc00000)]
  0x000001db6c759090 JavaThread "Attach Listener" daemon [_thread_blocked, id=13468, stack(0x000000040bc00000,0x000000040bd00000)]
  0x000001db6c759a50 JavaThread "Service Thread" daemon [_thread_blocked, id=14520, stack(0x000000040bd00000,0x000000040be00000)]
  0x000001db6c75a410 JavaThread "Monitor Deflation Thread" daemon [_thread_blocked, id=14476, stack(0x000000040be00000,0x000000040bf00000)]
=>0x000001db6c75b1b0 JavaThread "C2 CompilerThread0" daemon [_thread_in_native, id=14072, stack(0x000000040bf00000,0x000000040c000000)]
  0x000001db6c75bc60 JavaThread "C1 CompilerThread0" daemon [_thread_blocked, id=9964, stack(0x000000040c000000,0x000000040c100000)]
  0x000001db6c765590 JavaThread "Sweeper thread" daemon [_thread_blocked, id=12824, stack(0x000000040c100000,0x000000040c200000)]
  0x000001db6c9a5f10 JavaThread "Notification Thread" daemon [_thread_blocked, id=452, stack(0x000000040c200000,0x000000040c300000)]
  0x000001db6c9a4fe0 JavaThread "Common-Cleaner" daemon [_thread_blocked, id=4992, stack(0x000000040c400000,0x000000040c500000)]
  0x000001db6c904030 JavaThread "C2 CompilerThread1" daemon [_thread_in_native, id=17128, stack(0x000000040d100000,0x000000040d200000)]
  0x000001db76133090 JavaThread "C2 CompilerThread2" daemon [_thread_in_native, id=14464, stack(0x000000040d300000,0x000000040d400000)]

Other Threads:
  0x000001db6c7387d0 VMThread "VM Thread" [stack: 0x000000040b800000,0x000000040b900000] [id=11576]
  0x000001db4e7c62c0 WatcherThread [stack: 0x000000040c300000,0x000000040c400000] [id=4112]
  0x000001db4e7a9d60 GCTaskThread "GC Thread#0" [stack: 0x000000040b300000,0x000000040b400000] [id=11852]
  0x000001db7121be80 GCTaskThread "GC Thread#1" [stack: 0x000000040c600000,0x000000040c700000] [id=19720]
  0x000001db71259050 GCTaskThread "GC Thread#2" [stack: 0x000000040c700000,0x000000040c800000] [id=3792]
  0x000001db71259310 GCTaskThread "GC Thread#3" [stack: 0x000000040c800000,0x000000040c900000] [id=3492]
  0x000001db6ccc4a80 GCTaskThread "GC Thread#4" [stack: 0x000000040c900000,0x000000040ca00000] [id=17660]
  0x000001db71638b50 GCTaskThread "GC Thread#5" [stack: 0x000000040c500000,0x000000040c600000] [id=10324]
  0x000001db7169c2f0 GCTaskThread "GC Thread#6" [stack: 0x000000040ca00000,0x000000040cb00000] [id=17608]
  0x000001db716670d0 GCTaskThread "GC Thread#7" [stack: 0x000000040cb00000,0x000000040cc00000] [id=12528]
  0x000001db723736c0 GCTaskThread "GC Thread#8" [stack: 0x000000040cc00000,0x000000040cd00000] [id=16500]
  0x000001db723741c0 GCTaskThread "GC Thread#9" [stack: 0x000000040cd00000,0x000000040ce00000] [id=13336]
  0x000001db4e7b9890 ConcurrentGCThread "G1 Main Marker" [stack: 0x000000040b400000,0x000000040b500000] [id=11432]
  0x000001db4e7bccd0 ConcurrentGCThread "G1 Conc#0" [stack: 0x000000040b500000,0x000000040b600000] [id=12024]
  0x000001db72374480 ConcurrentGCThread "G1 Conc#1" [stack: 0x000000040cf00000,0x000000040d000000] [id=10276]
  0x000001db72373980 ConcurrentGCThread "G1 Conc#2" [stack: 0x000000040d000000,0x000000040d100000] [id=6640]
  0x000001db4e81e3a0 ConcurrentGCThread "G1 Refine#0" [stack: 0x000000040b600000,0x000000040b700000] [id=20112]
  0x000001db72368340 ConcurrentGCThread "G1 Refine#1" [stack: 0x000000040ce00000,0x000000040cf00000] [id=5636]
  0x000001db72368050 ConcurrentGCThread "G1 Refine#2" [stack: 0x000000040d200000,0x000000040d300000] [id=4568]
  0x000001db4e81ec70 ConcurrentGCThread "G1 Service" [stack: 0x000000040b700000,0x000000040b800000] [id=2380]

Threads with active compile tasks:
C2 CompilerThread0    18656 8379   !   4       jdk.internal.loader.BuiltinClassLoader::loadClassOrNull (143 bytes)
C2 CompilerThread1    18656 8471       4       jdk.internal.loader.BuiltinClassLoader::loadClassOrNull (7 bytes)
C2 CompilerThread2    18656 8713       4       org.jetbrains.kotlin.fir.backend.Fir2IrTypeConverter::toIrType$has (90 bytes)

VM state: not at safepoint (normal execution)

VM Mutex/Monitor currently owned by a thread: None

Heap address: 0x000000008ac00000, size: 1876 MB, Compressed Oops mode: 32-bit

CDS archive(s) mapped at: [0x000001db00000000-0x000001db00bd0000-0x000001db00bd0000), size 12386304, SharedBaseAddress: 0x000001db00000000, ArchiveRelocationMode: 1.
Compressed class space mapped at: 0x000001db01000000-0x000001db41000000, reserved size: 1073741824
Narrow klass base: 0x000001db00000000, Narrow klass shift: 0, Narrow klass range: 0x100000000

GC Precious Log:
 CPUs: 12 total, 12 available
 Memory: 7502M
 Large Page Support: Disabled
 NUMA Support: Disabled
 Compressed Oops: Enabled (32-bit)
 Heap Region Size: 1M
 Heap Min Capacity: 8M
 Heap Initial Capacity: 118M
 Heap Max Capacity: 1876M
 Pre-touch: Disabled
 Parallel Workers: 10
 Concurrent Workers: 3
 Concurrent Refinement Workers: 10
 Periodic GC: Disabled

Heap:
 garbage-first heap   total 208896K, used 140290K [0x000000008ac00000, 0x0000000100000000)
  region size 1024K, 21 young (21504K), 2 survivors (2048K)
 Metaspace       used 63469K, committed 63808K, reserved 1114112K
  class space    used 7115K, committed 7232K, reserved 1048576K

Heap Regions: E=young(eden), S=young(survivor), O=old, HS=humongous(starts), HC=humongous(continues), CS=collection set, F=free, OA=open archive, CA=closed archive, TAMS=top-at-mark-start (previous, next)
|   0|0x000000008ac00000, 0x000000008ad00000, 0x000000008ad00000|100%|HS|  |TAMS 0x000000008ad00000, 0x000000008ac00000| Complete 
|   1|0x000000008ad00000, 0x000000008ae00000, 0x000000008ae00000|100%|HC|  |TAMS 0x000000008ae00000, 0x000000008ad00000| Complete 
|   2|0x000000008ae00000, 0x000000008af00000, 0x000000008af00000|100%|HC|  |TAMS 0x000000008af00000, 0x000000008ae00000| Complete 
|   3|0x000000008af00000, 0x000000008b000000, 0x000000008b000000|100%| O|  |TAMS 0x000000008b000000, 0x000000008af00000| Untracked 
|   4|0x000000008b000000, 0x000000008b100000, 0x000000008b100000|100%| O|  |TAMS 0x000000008b100000, 0x000000008b000000| Untracked 
|   5|0x000000008b100000, 0x000000008b200000, 0x000000008b200000|100%| O|  |TAMS 0x000000008b200000, 0x000000008b100000| Untracked 
|   6|0x000000008b200000, 0x000000008b300000, 0x000000008b300000|100%| O|  |TAMS 0x000000008b300000, 0x000000008b200000| Untracked 
|   7|0x000000008b300000, 0x000000008b400000, 0x000000008b400000|100%| O|  |TAMS 0x000000008b400000, 0x000000008b300000| Untracked 
|   8|0x000000008b400000, 0x000000008b500000, 0x000000008b500000|100%| O|  |TAMS 0x000000008b500000, 0x000000008b400000| Untracked 
|   9|0x000000008b500000, 0x000000008b600000, 0x000000008b600000|100%| O|  |TAMS 0x000000008b600000, 0x000000008b500000| Untracked 
|  10|0x000000008b600000, 0x000000008b6f4e00, 0x000000008b700000| 95%| O|  |TAMS 0x000000008b6f4e00, 0x000000008b600000| Untracked 
|  11|0x000000008b700000, 0x000000008b800000, 0x000000008b800000|100%| O|  |TAMS 0x000000008b800000, 0x000000008b700000| Untracked 
|  12|0x000000008b800000, 0x000000008b900000, 0x000000008b900000|100%| O|  |TAMS 0x000000008b900000, 0x000000008b800000| Untracked 
|  13|0x000000008b900000, 0x000000008ba00000, 0x000000008ba00000|100%| O|  |TAMS 0x000000008ba00000, 0x000000008b900000| Untracked 
|  14|0x000000008ba00000, 0x000000008bb00000, 0x000000008bb00000|100%| O|  |TAMS 0x000000008bb00000, 0x000000008ba00000| Untracked 
|  15|0x000000008bb00000, 0x000000008bc00000, 0x000000008bc00000|100%| O|  |TAMS 0x000000008bc00000, 0x000000008bb00000| Untracked 
|  16|0x000000008bc00000, 0x000000008bd00000, 0x000000008bd00000|100%| O|  |TAMS 0x000000008bd00000, 0x000000008bc00000| Untracked 
|  17|0x000000008bd00000, 0x000000008be00000, 0x000000008be00000|100%| O|  |TAMS 0x000000008be00000, 0x000000008bd00000| Untracked 
|  18|0x000000008be00000, 0x000000008bf00000, 0x000000008bf00000|100%| O|  |TAMS 0x000000008bf00000, 0x000000008be00000| Untracked 
|  19|0x000000008bf00000, 0x000000008c000000, 0x000000008c000000|100%| O|  |TAMS 0x000000008c000000, 0x000000008bf00000| Untracked 
|  20|0x000000008c000000, 0x000000008c100000, 0x000000008c100000|100%| O|  |TAMS 0x000000008c100000, 0x000000008c000000| Untracked 
|  21|0x000000008c100000, 0x000000008c200000, 0x000000008c200000|100%| O|  |TAMS 0x000000008c200000, 0x000000008c100000| Untracked 
|  22|0x000000008c200000, 0x000000008c300000, 0x000000008c300000|100%| O|  |TAMS 0x000000008c300000, 0x000000008c200000| Untracked 
|  23|0x000000008c300000, 0x000000008c400000, 0x000000008c400000|100%| O|  |TAMS 0x000000008c400000, 0x000000008c300000| Untracked 
|  24|0x000000008c400000, 0x000000008c500000, 0x000000008c500000|100%| O|  |TAMS 0x000000008c500000, 0x000000008c400000| Untracked 
|  25|0x000000008c500000, 0x000000008c600000, 0x000000008c600000|100%| O|  |TAMS 0x000000008c600000, 0x000000008c500000| Untracked 
|  26|0x000000008c600000, 0x000000008c700000, 0x000000008c700000|100%| O|  |TAMS 0x000000008c700000, 0x000000008c600000| Untracked 
|  27|0x000000008c700000, 0x000000008c800000, 0x000000008c800000|100%| O|  |TAMS 0x000000008c800000, 0x000000008c700000| Untracked 
|  28|0x000000008c800000, 0x000000008c900000, 0x000000008c900000|100%| O|  |TAMS 0x000000008c900000, 0x000000008c800000| Untracked 
|  29|0x000000008c900000, 0x000000008ca00000, 0x000000008ca00000|100%| O|  |TAMS 0x000000008ca00000, 0x000000008c900000| Untracked 
|  30|0x000000008ca00000, 0x000000008cb00000, 0x000000008cb00000|100%| O|  |TAMS 0x000000008cb00000, 0x000000008ca00000| Untracked 
|  31|0x000000008cb00000, 0x000000008cc00000, 0x000000008cc00000|100%| O|  |TAMS 0x000000008cc00000, 0x000000008cb00000| Untracked 
|  32|0x000000008cc00000, 0x000000008cd00000, 0x000000008cd00000|100%| O|  |TAMS 0x000000008cd00000, 0x000000008cc00000| Untracked 
|  33|0x000000008cd00000, 0x000000008ce00000, 0x000000008ce00000|100%| O|  |TAMS 0x000000008ce00000, 0x000000008cd00000| Untracked 
|  34|0x000000008ce00000, 0x000000008cf00000, 0x000000008cf00000|100%| O|  |TAMS 0x000000008cf00000, 0x000000008ce00000| Untracked 
|  35|0x000000008cf00000, 0x000000008d000000, 0x000000008d000000|100%| O|  |TAMS 0x000000008d000000, 0x000000008cf00000| Untracked 
|  36|0x000000008d000000, 0x000000008d100000, 0x000000008d100000|100%| O|  |TAMS 0x000000008d100000, 0x000000008d000000| Untracked 
|  37|0x000000008d100000, 0x000000008d200000, 0x000000008d200000|100%| O|  |TAMS 0x000000008d200000, 0x000000008d100000| Untracked 
|  38|0x000000008d200000, 0x000000008d300000, 0x000000008d300000|100%| O|  |TAMS 0x000000008d300000, 0x000000008d200000| Untracked 
|  39|0x000000008d300000, 0x000000008d400000, 0x000000008d400000|100%| O|  |TAMS 0x000000008d400000, 0x000000008d300000| Untracked 
|  40|0x000000008d400000, 0x000000008d500000, 0x000000008d500000|100%| O|  |TAMS 0x000000008d500000, 0x000000008d400000| Untracked 
|  41|0x000000008d500000, 0x000000008d600000, 0x000000008d600000|100%| O|  |TAMS 0x000000008d600000, 0x000000008d500000| Untracked 
|  42|0x000000008d600000, 0x000000008d700000, 0x000000008d700000|100%| O|  |TAMS 0x000000008d700000, 0x000000008d600000| Untracked 
|  43|0x000000008d700000, 0x000000008d800000, 0x000000008d800000|100%| O|  |TAMS 0x000000008d800000, 0x000000008d700000| Untracked 
|  44|0x000000008d800000, 0x000000008d900000, 0x000000008d900000|100%| O|  |TAMS 0x000000008d900000, 0x000000008d800000| Untracked 
|  45|0x000000008d900000, 0x000000008da00000, 0x000000008da00000|100%| O|  |TAMS 0x000000008da00000, 0x000000008d900000| Untracked 
|  46|0x000000008da00000, 0x000000008db00000, 0x000000008db00000|100%| O|  |TAMS 0x000000008db00000, 0x000000008da00000| Untracked 
|  47|0x000000008db00000, 0x000000008dc00000, 0x000000008dc00000|100%| O|  |TAMS 0x000000008dc00000, 0x000000008db00000| Untracked 
|  48|0x000000008dc00000, 0x000000008dd00000, 0x000000008dd00000|100%| O|  |TAMS 0x000000008dd00000, 0x000000008dc00000| Untracked 
|  49|0x000000008dd00000, 0x000000008de00000, 0x000000008de00000|100%| O|  |TAMS 0x000000008de00000, 0x000000008dd00000| Untracked 
|  50|0x000000008de00000, 0x000000008df00000, 0x000000008df00000|100%| O|  |TAMS 0x000000008df00000, 0x000000008de00000| Untracked 
|  51|0x000000008df00000, 0x000000008e000000, 0x000000008e000000|100%| O|  |TAMS 0x000000008e000000, 0x000000008df00000| Untracked 
|  52|0x000000008e000000, 0x000000008e100000, 0x000000008e100000|100%| O|  |TAMS 0x000000008e100000, 0x000000008e000000| Untracked 
|  53|0x000000008e100000, 0x000000008e200000, 0x000000008e200000|100%| O|  |TAMS 0x000000008e200000, 0x000000008e100000| Untracked 
|  54|0x000000008e200000, 0x000000008e300000, 0x000000008e300000|100%| O|  |TAMS 0x000000008e300000, 0x000000008e200000| Untracked 
|  55|0x000000008e300000, 0x000000008e400000, 0x000000008e400000|100%| O|  |TAMS 0x000000008e400000, 0x000000008e300000| Untracked 
|  56|0x000000008e400000, 0x000000008e500000, 0x000000008e500000|100%| O|  |TAMS 0x000000008e500000, 0x000000008e400000| Untracked 
|  57|0x000000008e500000, 0x000000008e600000, 0x000000008e600000|100%| O|  |TAMS 0x000000008e600000, 0x000000008e500000| Untracked 
|  58|0x000000008e600000, 0x000000008e700000, 0x000000008e700000|100%| O|  |TAMS 0x000000008e700000, 0x000000008e600000| Untracked 
|  59|0x000000008e700000, 0x000000008e800000, 0x000000008e800000|100%| O|  |TAMS 0x000000008e800000, 0x000000008e700000| Untracked 
|  60|0x000000008e800000, 0x000000008e900000, 0x000000008e900000|100%| O|  |TAMS 0x000000008e900000, 0x000000008e800000| Untracked 
|  61|0x000000008e900000, 0x000000008e900000, 0x000000008ea00000|  0%| F|  |TAMS 0x000000008e900000, 0x000000008e900000| Untracked 
|  62|0x000000008ea00000, 0x000000008eb00000, 0x000000008eb00000|100%| O|  |TAMS 0x000000008eb00000, 0x000000008ea00000| Untracked 
|  63|0x000000008eb00000, 0x000000008ec00000, 0x000000008ec00000|100%| O|  |TAMS 0x000000008ec00000, 0x000000008eb00000| Untracked 
|  64|0x000000008ec00000, 0x000000008ed00000, 0x000000008ed00000|100%| O|  |TAMS 0x000000008ed00000, 0x000000008ec00000| Untracked 
|  65|0x000000008ed00000, 0x000000008ee00000, 0x000000008ee00000|100%| O|  |TAMS 0x000000008ee00000, 0x000000008ed00000| Untracked 
|  66|0x000000008ee00000, 0x000000008ef00000, 0x000000008ef00000|100%| O|  |TAMS 0x000000008ef00000, 0x000000008ee00000| Untracked 
|  67|0x000000008ef00000, 0x000000008f000000, 0x000000008f000000|100%| O|  |TAMS 0x000000008f000000, 0x000000008ef00000| Untracked 
|  68|0x000000008f000000, 0x000000008f100000, 0x000000008f100000|100%| O|  |TAMS 0x000000008f100000, 0x000000008f000000| Untracked 
|  69|0x000000008f100000, 0x000000008f200000, 0x000000008f200000|100%| O|  |TAMS 0x000000008f200000, 0x000000008f100000| Untracked 
|  70|0x000000008f200000, 0x000000008f300000, 0x000000008f300000|100%| O|  |TAMS 0x000000008f300000, 0x000000008f200000| Untracked 
|  71|0x000000008f300000, 0x000000008f400000, 0x000000008f400000|100%| O|  |TAMS 0x000000008f400000, 0x000000008f300000| Untracked 
|  72|0x000000008f400000, 0x000000008f500000, 0x000000008f500000|100%| O|  |TAMS 0x000000008f500000, 0x000000008f400000| Untracked 
|  73|0x000000008f500000, 0x000000008f600000, 0x000000008f600000|100%| O|  |TAMS 0x000000008f600000, 0x000000008f500000| Untracked 
|  74|0x000000008f600000, 0x000000008f700000, 0x000000008f700000|100%| O|  |TAMS 0x000000008f700000, 0x000000008f600000| Untracked 
|  75|0x000000008f700000, 0x000000008f800000, 0x000000008f800000|100%| O|  |TAMS 0x000000008f800000, 0x000000008f700000| Untracked 
|  76|0x000000008f800000, 0x000000008f900000, 0x000000008f900000|100%| O|  |TAMS 0x000000008f900000, 0x000000008f800000| Untracked 
|  77|0x000000008f900000, 0x000000008fa00000, 0x000000008fa00000|100%| O|  |TAMS 0x000000008fa00000, 0x000000008f900000| Untracked 
|  78|0x000000008fa00000, 0x000000008fb00000, 0x000000008fb00000|100%| O|  |TAMS 0x000000008fb00000, 0x000000008fa00000| Untracked 
|  79|0x000000008fb00000, 0x000000008fc00000, 0x000000008fc00000|100%| O|  |TAMS 0x000000008fc00000, 0x000000008fb00000| Untracked 
|  80|0x000000008fc00000, 0x000000008fd00000, 0x000000008fd00000|100%| O|  |TAMS 0x000000008fd00000, 0x000000008fc00000| Untracked 
|  81|0x000000008fd00000, 0x000000008fe00000, 0x000000008fe00000|100%| O|  |TAMS 0x000000008fe00000, 0x000000008fd00000| Untracked 
|  82|0x000000008fe00000, 0x000000008ff00000, 0x000000008ff00000|100%| O|  |TAMS 0x000000008ff00000, 0x000000008fe00000| Untracked 
|  83|0x000000008ff00000, 0x0000000090000000, 0x0000000090000000|100%| O|  |TAMS 0x0000000090000000, 0x000000008ff00000| Untracked 
|  84|0x0000000090000000, 0x0000000090100000, 0x0000000090100000|100%| O|  |TAMS 0x0000000090100000, 0x0000000090000000| Untracked 
|  85|0x0000000090100000, 0x0000000090200000, 0x0000000090200000|100%| O|  |TAMS 0x0000000090200000, 0x0000000090100000| Untracked 
|  86|0x0000000090200000, 0x0000000090300000, 0x0000000090300000|100%| O|  |TAMS 0x0000000090300000, 0x0000000090200000| Untracked 
|  87|0x0000000090300000, 0x0000000090400000, 0x0000000090400000|100%| O|  |TAMS 0x0000000090400000, 0x0000000090300000| Untracked 
|  88|0x0000000090400000, 0x0000000090500000, 0x0000000090500000|100%| O|  |TAMS 0x0000000090500000, 0x0000000090400000| Untracked 
|  89|0x0000000090500000, 0x0000000090600000, 0x0000000090600000|100%| O|  |TAMS 0x0000000090600000, 0x0000000090500000| Untracked 
|  90|0x0000000090600000, 0x0000000090700000, 0x0000000090700000|100%| O|  |TAMS 0x0000000090700000, 0x0000000090600000| Untracked 
|  91|0x0000000090700000, 0x0000000090800000, 0x0000000090800000|100%| O|  |TAMS 0x0000000090800000, 0x0000000090700000| Untracked 
|  92|0x0000000090800000, 0x0000000090900000, 0x0000000090900000|100%| O|  |TAMS 0x0000000090900000, 0x0000000090800000| Untracked 
|  93|0x0000000090900000, 0x0000000090a00000, 0x0000000090a00000|100%| O|  |TAMS 0x0000000090a00000, 0x0000000090900000| Untracked 
|  94|0x0000000090a00000, 0x0000000090a00000, 0x0000000090b00000|  0%| F|  |TAMS 0x0000000090a00000, 0x0000000090a00000| Untracked 
|  95|0x0000000090b00000, 0x0000000090c00000, 0x0000000090c00000|100%| O|  |TAMS 0x0000000090b00000, 0x0000000090b00000| Untracked 
|  96|0x0000000090c00000, 0x0000000090d00000, 0x0000000090d00000|100%| O|  |TAMS 0x0000000090c00000, 0x0000000090c00000| Untracked 
|  97|0x0000000090d00000, 0x0000000090e00000, 0x0000000090e00000|100%| O|  |TAMS 0x0000000090d00000, 0x0000000090d00000| Untracked 
|  98|0x0000000090e00000, 0x0000000090f00000, 0x0000000090f00000|100%| O|  |TAMS 0x0000000090e00000, 0x0000000090e00000| Untracked 
|  99|0x0000000090f00000, 0x0000000091000000, 0x0000000091000000|100%| O|  |TAMS 0x0000000090f00000, 0x0000000090f00000| Untracked 
| 100|0x0000000091000000, 0x0000000091100000, 0x0000000091100000|100%| O|  |TAMS 0x0000000091000000, 0x0000000091000000| Untracked 
| 101|0x0000000091100000, 0x0000000091200000, 0x0000000091200000|100%| O|  |TAMS 0x0000000091100000, 0x0000000091100000| Untracked 
| 102|0x0000000091200000, 0x0000000091300000, 0x0000000091300000|100%| O|  |TAMS 0x0000000091200000, 0x0000000091200000| Untracked 
| 103|0x0000000091300000, 0x0000000091400000, 0x0000000091400000|100%| O|  |TAMS 0x0000000091300000, 0x0000000091300000| Untracked 
| 104|0x0000000091400000, 0x0000000091500000, 0x0000000091500000|100%| O|  |TAMS 0x0000000091400000, 0x0000000091400000| Untracked 
| 105|0x0000000091500000, 0x0000000091600000, 0x0000000091600000|100%| O|  |TAMS 0x0000000091500000, 0x0000000091500000| Untracked 
| 106|0x0000000091600000, 0x0000000091700000, 0x0000000091700000|100%| O|  |TAMS 0x0000000091600000, 0x0000000091600000| Untracked 
| 107|0x0000000091700000, 0x0000000091800000, 0x0000000091800000|100%| O|  |TAMS 0x0000000091700000, 0x0000000091700000| Untracked 
| 108|0x0000000091800000, 0x0000000091900000, 0x0000000091900000|100%| O|  |TAMS 0x0000000091800000, 0x0000000091800000| Untracked 
| 109|0x0000000091900000, 0x0000000091a00000, 0x0000000091a00000|100%| O|  |TAMS 0x0000000091900000, 0x0000000091900000| Untracked 
| 110|0x0000000091a00000, 0x0000000091b00000, 0x0000000091b00000|100%| O|  |TAMS 0x0000000091a00000, 0x0000000091a00000| Untracked 
| 111|0x0000000091b00000, 0x0000000091c00000, 0x0000000091c00000|100%| O|  |TAMS 0x0000000091b00000, 0x0000000091b00000| Untracked 
| 112|0x0000000091c00000, 0x0000000091d00000, 0x0000000091d00000|100%| O|  |TAMS 0x0000000091c00000, 0x0000000091c00000| Untracked 
| 113|0x0000000091d00000, 0x0000000091e00000, 0x0000000091e00000|100%| O|  |TAMS 0x0000000091d00000, 0x0000000091d00000| Untracked 
| 114|0x0000000091e00000, 0x0000000091f00000, 0x0000000091f00000|100%| O|  |TAMS 0x0000000091e00000, 0x0000000091e00000| Untracked 
| 115|0x0000000091f00000, 0x0000000092000000, 0x0000000092000000|100%| O|  |TAMS 0x0000000091f00000, 0x0000000091f00000| Untracked 
| 116|0x0000000092000000, 0x0000000092100000, 0x0000000092100000|100%| O|  |TAMS 0x0000000092000000, 0x0000000092000000| Untracked 
| 117|0x0000000092100000, 0x0000000092200000, 0x0000000092200000|100%| O|  |TAMS 0x0000000092100000, 0x0000000092100000| Untracked 
| 118|0x0000000092200000, 0x0000000092300000, 0x0000000092300000|100%| O|  |TAMS 0x0000000092200000, 0x0000000092200000| Untracked 
| 119|0x0000000092300000, 0x00000000923b5c00, 0x0000000092400000| 70%| O|  |TAMS 0x0000000092300000, 0x0000000092300000| Untracked 
| 120|0x0000000092400000, 0x0000000092400000, 0x0000000092500000|  0%| F|  |TAMS 0x0000000092400000, 0x0000000092400000| Untracked 
| 121|0x0000000092500000, 0x0000000092500000, 0x0000000092600000|  0%| F|  |TAMS 0x0000000092500000, 0x0000000092500000| Untracked 
| 122|0x0000000092600000, 0x0000000092600000, 0x0000000092700000|  0%| F|  |TAMS 0x0000000092600000, 0x0000000092600000| Untracked 
| 123|0x0000000092700000, 0x0000000092700000, 0x0000000092800000|  0%| F|  |TAMS 0x0000000092700000, 0x0000000092700000| Untracked 
| 124|0x0000000092800000, 0x0000000092800000, 0x0000000092900000|  0%| F|  |TAMS 0x0000000092800000, 0x0000000092800000| Untracked 
| 125|0x0000000092900000, 0x0000000092900000, 0x0000000092a00000|  0%| F|  |TAMS 0x0000000092900000, 0x0000000092900000| Untracked 
| 126|0x0000000092a00000, 0x0000000092a00000, 0x0000000092b00000|  0%| F|  |TAMS 0x0000000092a00000, 0x0000000092a00000| Untracked 
| 127|0x0000000092b00000, 0x0000000092b00000, 0x0000000092c00000|  0%| F|  |TAMS 0x0000000092b00000, 0x0000000092b00000| Untracked 
| 128|0x0000000092c00000, 0x0000000092c00000, 0x0000000092d00000|  0%| F|  |TAMS 0x0000000092c00000, 0x0000000092c00000| Untracked 
| 129|0x0000000092d00000, 0x0000000092d00000, 0x0000000092e00000|  0%| F|  |TAMS 0x0000000092d00000, 0x0000000092d00000| Untracked 
| 130|0x0000000092e00000, 0x0000000092e00000, 0x0000000092f00000|  0%| F|  |TAMS 0x0000000092e00000, 0x0000000092e00000| Untracked 
| 131|0x0000000092f00000, 0x0000000092f00000, 0x0000000093000000|  0%| F|  |TAMS 0x0000000092f00000, 0x0000000092f00000| Untracked 
| 132|0x0000000093000000, 0x0000000093000000, 0x0000000093100000|  0%| F|  |TAMS 0x0000000093000000, 0x0000000093000000| Untracked 
| 133|0x0000000093100000, 0x0000000093100000, 0x0000000093200000|  0%| F|  |TAMS 0x0000000093100000, 0x0000000093100000| Untracked 
| 134|0x0000000093200000, 0x0000000093200000, 0x0000000093300000|  0%| F|  |TAMS 0x0000000093200000, 0x0000000093200000| Untracked 
| 135|0x0000000093300000, 0x0000000093300000, 0x0000000093400000|  0%| F|  |TAMS 0x0000000093300000, 0x0000000093300000| Untracked 
| 136|0x0000000093400000, 0x0000000093400000, 0x0000000093500000|  0%| F|  |TAMS 0x0000000093400000, 0x0000000093400000| Untracked 
| 137|0x0000000093500000, 0x0000000093500000, 0x0000000093600000|  0%| F|  |TAMS 0x0000000093500000, 0x0000000093500000| Untracked 
| 138|0x0000000093600000, 0x0000000093600000, 0x0000000093700000|  0%| F|  |TAMS 0x0000000093600000, 0x0000000093600000| Untracked 
| 139|0x0000000093700000, 0x0000000093700000, 0x0000000093800000|  0%| F|  |TAMS 0x0000000093700000, 0x0000000093700000| Untracked 
| 140|0x0000000093800000, 0x0000000093800000, 0x0000000093900000|  0%| F|  |TAMS 0x0000000093800000, 0x0000000093800000| Untracked 
| 141|0x0000000093900000, 0x0000000093900000, 0x0000000093a00000|  0%| F|  |TAMS 0x0000000093900000, 0x0000000093900000| Untracked 
| 142|0x0000000093a00000, 0x0000000093a00000, 0x0000000093b00000|  0%| F|  |TAMS 0x0000000093a00000, 0x0000000093a00000| Untracked 
| 143|0x0000000093b00000, 0x0000000093b00000, 0x0000000093c00000|  0%| F|  |TAMS 0x0000000093b00000, 0x0000000093b00000| Untracked 
| 144|0x0000000093c00000, 0x0000000093c00000, 0x0000000093d00000|  0%| F|  |TAMS 0x0000000093c00000, 0x0000000093c00000| Untracked 
| 145|0x0000000093d00000, 0x0000000093d00000, 0x0000000093e00000|  0%| F|  |TAMS 0x0000000093d00000, 0x0000000093d00000| Untracked 
| 146|0x0000000093e00000, 0x0000000093e00000, 0x0000000093f00000|  0%| F|  |TAMS 0x0000000093e00000, 0x0000000093e00000| Untracked 
| 147|0x0000000093f00000, 0x0000000093f00000, 0x0000000094000000|  0%| F|  |TAMS 0x0000000093f00000, 0x0000000093f00000| Untracked 
| 148|0x0000000094000000, 0x0000000094000000, 0x0000000094100000|  0%| F|  |TAMS 0x0000000094000000, 0x0000000094000000| Untracked 
| 149|0x0000000094100000, 0x0000000094100000, 0x0000000094200000|  0%| F|  |TAMS 0x0000000094100000, 0x0000000094100000| Untracked 
| 150|0x0000000094200000, 0x0000000094200000, 0x0000000094300000|  0%| F|  |TAMS 0x0000000094200000, 0x0000000094200000| Untracked 
| 151|0x0000000094300000, 0x0000000094300000, 0x0000000094400000|  0%| F|  |TAMS 0x0000000094300000, 0x0000000094300000| Untracked 
| 152|0x0000000094400000, 0x0000000094400000, 0x0000000094500000|  0%| F|  |TAMS 0x0000000094400000, 0x0000000094400000| Untracked 
| 153|0x0000000094500000, 0x0000000094500000, 0x0000000094600000|  0%| F|  |TAMS 0x0000000094500000, 0x0000000094500000| Untracked 
| 154|0x0000000094600000, 0x0000000094600000, 0x0000000094700000|  0%| F|  |TAMS 0x0000000094600000, 0x0000000094600000| Untracked 
| 155|0x0000000094700000, 0x0000000094700000, 0x0000000094800000|  0%| F|  |TAMS 0x0000000094700000, 0x0000000094700000| Untracked 
| 156|0x0000000094800000, 0x0000000094800000, 0x0000000094900000|  0%| F|  |TAMS 0x0000000094800000, 0x0000000094800000| Untracked 
| 157|0x0000000094900000, 0x0000000094900000, 0x0000000094a00000|  0%| F|  |TAMS 0x0000000094900000, 0x0000000094900000| Untracked 
| 158|0x0000000094a00000, 0x0000000094a00000, 0x0000000094b00000|  0%| F|  |TAMS 0x0000000094a00000, 0x0000000094a00000| Untracked 
| 159|0x0000000094b00000, 0x0000000094b00000, 0x0000000094c00000|  0%| F|  |TAMS 0x0000000094b00000, 0x0000000094b00000| Untracked 
| 160|0x0000000094c00000, 0x0000000094c00000, 0x0000000094d00000|  0%| F|  |TAMS 0x0000000094c00000, 0x0000000094c00000| Untracked 
| 161|0x0000000094d00000, 0x0000000094d00000, 0x0000000094e00000|  0%| F|  |TAMS 0x0000000094d00000, 0x0000000094d00000| Untracked 
| 162|0x0000000094e00000, 0x0000000094e00000, 0x0000000094f00000|  0%| F|  |TAMS 0x0000000094e00000, 0x0000000094e00000| Untracked 
| 163|0x0000000094f00000, 0x0000000094f00000, 0x0000000095000000|  0%| F|  |TAMS 0x0000000094f00000, 0x0000000094f00000| Untracked 
| 164|0x0000000095000000, 0x0000000095000000, 0x0000000095100000|  0%| F|  |TAMS 0x0000000095000000, 0x0000000095000000| Untracked 
| 165|0x0000000095100000, 0x0000000095100000, 0x0000000095200000|  0%| F|  |TAMS 0x0000000095100000, 0x0000000095100000| Untracked 
| 166|0x0000000095200000, 0x0000000095200000, 0x0000000095300000|  0%| F|  |TAMS 0x0000000095200000, 0x0000000095200000| Untracked 
| 167|0x0000000095300000, 0x0000000095300000, 0x0000000095400000|  0%| F|  |TAMS 0x0000000095300000, 0x0000000095300000| Untracked 
| 168|0x0000000095400000, 0x0000000095400000, 0x0000000095500000|  0%| F|  |TAMS 0x0000000095400000, 0x0000000095400000| Untracked 
| 169|0x0000000095500000, 0x0000000095500000, 0x0000000095600000|  0%| F|  |TAMS 0x0000000095500000, 0x0000000095500000| Untracked 
| 170|0x0000000095600000, 0x0000000095600000, 0x0000000095700000|  0%| F|  |TAMS 0x0000000095600000, 0x0000000095600000| Untracked 
| 171|0x0000000095700000, 0x0000000095700000, 0x0000000095800000|  0%| F|  |TAMS 0x0000000095700000, 0x0000000095700000| Untracked 
| 172|0x0000000095800000, 0x0000000095800000, 0x0000000095900000|  0%| F|  |TAMS 0x0000000095800000, 0x0000000095800000| Untracked 
| 173|0x0000000095900000, 0x0000000095900000, 0x0000000095a00000|  0%| F|  |TAMS 0x0000000095900000, 0x0000000095900000| Untracked 
| 174|0x0000000095a00000, 0x0000000095a00000, 0x0000000095b00000|  0%| F|  |TAMS 0x0000000095a00000, 0x0000000095a00000| Untracked 
| 175|0x0000000095b00000, 0x0000000095b00000, 0x0000000095c00000|  0%| F|  |TAMS 0x0000000095b00000, 0x0000000095b00000| Untracked 
| 176|0x0000000095c00000, 0x0000000095c00000, 0x0000000095d00000|  0%| F|  |TAMS 0x0000000095c00000, 0x0000000095c00000| Untracked 
| 177|0x0000000095d00000, 0x0000000095d00000, 0x0000000095e00000|  0%| F|  |TAMS 0x0000000095d00000, 0x0000000095d00000| Untracked 
| 178|0x0000000095e00000, 0x0000000095e00000, 0x0000000095f00000|  0%| F|  |TAMS 0x0000000095e00000, 0x0000000095e00000| Untracked 
| 179|0x0000000095f00000, 0x0000000095f00000, 0x0000000096000000|  0%| F|  |TAMS 0x0000000095f00000, 0x0000000095f00000| Untracked 
| 180|0x0000000096000000, 0x0000000096000000, 0x0000000096100000|  0%| F|  |TAMS 0x0000000096000000, 0x0000000096000000| Untracked 
| 181|0x0000000096100000, 0x0000000096100000, 0x0000000096200000|  0%| F|  |TAMS 0x0000000096100000, 0x0000000096100000| Untracked 
| 182|0x0000000096200000, 0x0000000096217820, 0x0000000096300000|  9%| E|  |TAMS 0x0000000096200000, 0x0000000096200000| Complete 
| 183|0x0000000096300000, 0x0000000096400000, 0x0000000096400000|100%| E|CS|TAMS 0x0000000096300000, 0x0000000096300000| Complete 
| 184|0x0000000096400000, 0x0000000096500000, 0x0000000096500000|100%| E|CS|TAMS 0x0000000096400000, 0x0000000096400000| Complete 
| 185|0x0000000096500000, 0x0000000096600000, 0x0000000096600000|100%| E|CS|TAMS 0x0000000096500000, 0x0000000096500000| Complete 
| 186|0x0000000096600000, 0x0000000096700000, 0x0000000096700000|100%| E|CS|TAMS 0x0000000096600000, 0x0000000096600000| Complete 
| 187|0x0000000096700000, 0x0000000096800000, 0x0000000096800000|100%| E|CS|TAMS 0x0000000096700000, 0x0000000096700000| Complete 
| 188|0x0000000096800000, 0x0000000096900000, 0x0000000096900000|100%| E|CS|TAMS 0x0000000096800000, 0x0000000096800000| Complete 
| 189|0x0000000096900000, 0x0000000096a00000, 0x0000000096a00000|100%| E|CS|TAMS 0x0000000096900000, 0x0000000096900000| Complete 
| 190|0x0000000096a00000, 0x0000000096b00000, 0x0000000096b00000|100%| E|CS|TAMS 0x0000000096a00000, 0x0000000096a00000| Complete 
| 191|0x0000000096b00000, 0x0000000096c00000, 0x0000000096c00000|100%| E|CS|TAMS 0x0000000096b00000, 0x0000000096b00000| Complete 
| 192|0x0000000096c00000, 0x0000000096d00000, 0x0000000096d00000|100%| E|CS|TAMS 0x0000000096c00000, 0x0000000096c00000| Complete 
| 193|0x0000000096d00000, 0x0000000096e00000, 0x0000000096e00000|100%| E|CS|TAMS 0x0000000096d00000, 0x0000000096d00000| Complete 
| 194|0x0000000096e00000, 0x0000000096f00000, 0x0000000096f00000|100%| E|CS|TAMS 0x0000000096e00000, 0x0000000096e00000| Complete 
| 195|0x0000000096f00000, 0x0000000097000000, 0x0000000097000000|100%| E|CS|TAMS 0x0000000096f00000, 0x0000000096f00000| Complete 
| 196|0x0000000097000000, 0x0000000097100000, 0x0000000097100000|100%| E|CS|TAMS 0x0000000097000000, 0x0000000097000000| Complete 
| 197|0x0000000097100000, 0x0000000097200000, 0x0000000097200000|100%| E|CS|TAMS 0x0000000097100000, 0x0000000097100000| Complete 
| 198|0x0000000097200000, 0x0000000097300000, 0x0000000097300000|100%| E|CS|TAMS 0x0000000097200000, 0x0000000097200000| Complete 
| 199|0x0000000097300000, 0x0000000097355e78, 0x0000000097400000| 33%| S|CS|TAMS 0x0000000097300000, 0x0000000097300000| Complete 
| 200|0x0000000097400000, 0x0000000097500000, 0x0000000097500000|100%| S|CS|TAMS 0x0000000097400000, 0x0000000097400000| Complete 
| 201|0x0000000097500000, 0x0000000097600000, 0x0000000097600000|100%| E|CS|TAMS 0x0000000097500000, 0x0000000097500000| Complete 
| 202|0x0000000097600000, 0x0000000097700000, 0x0000000097700000|100%| E|CS|TAMS 0x0000000097600000, 0x0000000097600000| Complete 
| 203|0x0000000097700000, 0x0000000097800000, 0x0000000097800000|100%| E|CS|TAMS 0x0000000097700000, 0x0000000097700000| Complete 

Card table byte_map: [0x000001db65910000,0x000001db65cc0000] _byte_map_base: 0x000001db654ba000

Marking Bits (Prev, Next): (CMBitMap*) 0x000001db4e7aa380, (CMBitMap*) 0x000001db4e7aa3c0
 Prev Bits: [0x000001db66070000, 0x000001db67dc0000)
 Next Bits: [0x000001db67dc0000, 0x000001db69b10000)

Polling page: 0x000001db4c650000

Metaspace:

Usage:
  Non-class:     55.07 MB used.
      Class:      6.95 MB used.
       Both:     62.02 MB used.

Virtual space:
  Non-class space:       64.00 MB reserved,      55.25 MB ( 86%) committed,  1 nodes.
      Class space:        1.00 GB reserved,       7.12 MB ( <1%) committed,  1 nodes.
             Both:        1.06 GB reserved,      62.38 MB (  6%) committed. 

Chunk freelists:
   Non-Class:  7.58 MB
       Class:  8.92 MB
        Both:  16.50 MB

MaxMetaspaceSize: unlimited
CompressedClassSpaceSize: 1.00 GB
Initial GC threshold: 21.00 MB
Current GC threshold: 91.25 MB
CDS: on
MetaspaceReclaimPolicy: balanced
 - commit_granule_bytes: 65536.
 - commit_granule_words: 8192.
 - virtual_space_node_default_size: 8388608.
 - enlarge_chunks_in_place: 1.
 - new_chunks_are_fully_committed: 0.
 - uncommit_free_chunks: 1.
 - use_allocation_guard: 0.
 - handle_deallocations: 1.


Internal statistics:

num_allocs_failed_limit: 6.
num_arena_births: 316.
num_arena_deaths: 0.
num_vsnodes_births: 2.
num_vsnodes_deaths: 0.
num_space_committed: 998.
num_space_uncommitted: 0.
num_chunks_returned_to_freelist: 6.
num_chunks_taken_from_freelist: 2519.
num_chunk_merges: 6.
num_chunk_splits: 2079.
num_chunks_enlarged: 1872.
num_inconsistent_stats: 0.

CodeHeap 'non-profiled nmethods': size=120000Kb used=3886Kb max_used=3886Kb free=116113Kb
 bounds [0x000001db5dae0000, 0x000001db5dec0000, 0x000001db65010000]
CodeHeap 'profiled nmethods': size=120000Kb used=20607Kb max_used=20696Kb free=99392Kb
 bounds [0x000001db56010000, 0x000001db57450000, 0x000001db5d540000]
CodeHeap 'non-nmethods': size=5760Kb used=1429Kb max_used=1486Kb free=4330Kb
 bounds [0x000001db5d540000, 0x000001db5d7b0000, 0x000001db5dae0000]
 total_blobs=8119 nmethods=7349 adapters=680
 compilation: enabled
              stopped_count=0, restarted_count=0
 full_count=0

Compilation events (20 events):
Event: 16.911 Thread 0x000001db6c75bc60 nmethod 8720 0x000001db56b4f310 code [0x000001db56b4f4a0, 0x000001db56b4f5b8]
Event: 16.911 Thread 0x000001db6c75bc60 8715       2       org.jetbrains.kotlin.fir.types.ConeTypeApproximator::approximateToSuperType (36 bytes)
Event: 16.912 Thread 0x000001db6c75bc60 nmethod 8715 0x000001db56b4e890 code [0x000001db56b4eae0, 0x000001db56b4eff8]
Event: 16.912 Thread 0x000001db6c75bc60 8732       2       org.jetbrains.kotlin.types.AbstractTypeApproximator::approximateLocalTypes (520 bytes)
Event: 16.920 Thread 0x000001db6c75bc60 nmethod 8732 0x000001db56e5a890 code [0x000001db56e5b1c0, 0x000001db56e5e3d8]
Event: 16.920 Thread 0x000001db6c75bc60 8727       2       org.jetbrains.kotlin.types.AbstractTypeApproximator::checkExceptionalCases (77 bytes)
Event: 16.922 Thread 0x000001db6c75bc60 nmethod 8727 0x000001db56b4d810 code [0x000001db56b4dae0, 0x000001db56b4e378]
Event: 16.922 Thread 0x000001db6c75bc60 8728       2       org.jetbrains.kotlin.types.AbstractTypeApproximator::isSpecial (18 bytes)
Event: 16.923 Thread 0x000001db6c75bc60 nmethod 8728 0x000001db56b4d110 code [0x000001db56b4d300, 0x000001db56b4d5e8]
Event: 16.923 Thread 0x000001db6c75bc60 8729       2       org.jetbrains.kotlin.fir.types.ConeInferenceContext::isSpecial (9 bytes)
Event: 16.923 Thread 0x000001db6c75bc60 nmethod 8729 0x000001db56b4ca90 code [0x000001db56b4cc60, 0x000001db56b4cf18]
Event: 16.923 Thread 0x000001db6c75bc60 8730       2       org.jetbrains.kotlin.types.AbstractTypeApproximator::isError (21 bytes)
Event: 16.924 Thread 0x000001db6c75bc60 nmethod 8730 0x000001db56b4c390 code [0x000001db56b4c580, 0x000001db56b4c8c8]
Event: 16.924 Thread 0x000001db6c75bc60 8731       2       org.jetbrains.kotlin.types.AbstractTypeApproximator::approximateTo (321 bytes)
Event: 16.955 Thread 0x000001db6c75bc60 nmethod 8731 0x000001db56e56810 code [0x000001db56e56ec0, 0x000001db56e593b8]
Event: 16.955 Thread 0x000001db6c75bc60 8734       3       org.jetbrains.kotlin.backend.jvm.InlineClassAbiKt::getRequiresMangling (53 bytes)
Event: 16.957 Thread 0x000001db6c75bc60 nmethod 8734 0x000001db56b49c10 code [0x000001db56b4a020, 0x000001db56b4bb18]
Event: 16.957 Thread 0x000001db6c75bc60 8751       3       org.jetbrains.kotlin.backend.jvm.MemoizedValueClassAbstractReplacements::replaceOverriddenSymbols (38 bytes)
Event: 16.958 Thread 0x000001db6c75bc60 nmethod 8751 0x000001db56e55890 code [0x000001db56e55ae0, 0x000001db56e564c8]
Event: 16.958 Thread 0x000001db6c75bc60 8741       3       org.jetbrains.kotlin.backend.jvm.InlineClassAbiKt::isInlineClassFieldGetter (168 bytes)

GC Heap History (20 events):
Event: 8.955 GC heap before
{Heap before GC invocations=15 (full 0):
 garbage-first heap   total 92160K, used 56997K [0x000000008ac00000, 0x0000000100000000)
  region size 1024K, 4 young (4096K), 3 survivors (3072K)
 Metaspace       used 43133K, committed 43456K, reserved 1114112K
  class space    used 5215K, committed 5376K, reserved 1048576K
}
Event: 8.962 GC heap after
{Heap after GC invocations=16 (full 0):
 garbage-first heap   total 92160K, used 56047K [0x000000008ac00000, 0x0000000100000000)
  region size 1024K, 1 young (1024K), 1 survivors (1024K)
 Metaspace       used 43133K, committed 43456K, reserved 1114112K
  class space    used 5215K, committed 5376K, reserved 1048576K
}
Event: 9.118 GC heap before
{Heap before GC invocations=16 (full 0):
 garbage-first heap   total 92160K, used 71407K [0x000000008ac00000, 0x0000000100000000)
  region size 1024K, 16 young (16384K), 1 survivors (1024K)
 Metaspace       used 43231K, committed 43520K, reserved 1114112K
  class space    used 5221K, committed 5376K, reserved 1048576K
}
Event: 9.131 GC heap after
{Heap after GC invocations=17 (full 0):
 garbage-first heap   total 92160K, used 60371K [0x000000008ac00000, 0x0000000100000000)
  region size 1024K, 2 young (2048K), 2 survivors (2048K)
 Metaspace       used 43231K, committed 43520K, reserved 1114112K
  class space    used 5221K, committed 5376K, reserved 1048576K
}
Event: 9.418 GC heap before
{Heap before GC invocations=18 (full 0):
 garbage-first heap   total 104448K, used 72659K [0x000000008ac00000, 0x0000000100000000)
  region size 1024K, 15 young (15360K), 2 survivors (2048K)
 Metaspace       used 43703K, committed 44032K, reserved 1114112K
  class space    used 5274K, committed 5440K, reserved 1048576K
}
Event: 9.432 GC heap after
{Heap after GC invocations=19 (full 0):
 garbage-first heap   total 104448K, used 62139K [0x000000008ac00000, 0x0000000100000000)
  region size 1024K, 2 young (2048K), 2 survivors (2048K)
 Metaspace       used 43703K, committed 44032K, reserved 1114112K
  class space    used 5274K, committed 5440K, reserved 1048576K
}
Event: 9.520 GC heap before
{Heap before GC invocations=19 (full 0):
 garbage-first heap   total 104448K, used 65211K [0x000000008ac00000, 0x0000000100000000)
  region size 1024K, 5 young (5120K), 2 survivors (2048K)
 Metaspace       used 43733K, committed 44096K, reserved 1114112K
  class space    used 5274K, committed 5440K, reserved 1048576K
}
Event: 9.530 GC heap after
{Heap after GC invocations=20 (full 0):
 garbage-first heap   total 208896K, used 63121K [0x000000008ac00000, 0x0000000100000000)
  region size 1024K, 1 young (1024K), 1 survivors (1024K)
 Metaspace       used 43733K, committed 44096K, reserved 1114112K
  class space    used 5274K, committed 5440K, reserved 1048576K
}
Event: 9.946 GC heap before
{Heap before GC invocations=20 (full 0):
 garbage-first heap   total 208896K, used 141969K [0x000000008ac00000, 0x0000000100000000)
  region size 1024K, 78 young (79872K), 1 survivors (1024K)
 Metaspace       used 43787K, committed 44096K, reserved 1114112K
  class space    used 5277K, committed 5440K, reserved 1048576K
}
Event: 9.960 GC heap after
{Heap after GC invocations=21 (full 0):
 garbage-first heap   total 208896K, used 79827K [0x000000008ac00000, 0x0000000100000000)
  region size 1024K, 10 young (10240K), 10 survivors (10240K)
 Metaspace       used 43787K, committed 44096K, reserved 1114112K
  class space    used 5277K, committed 5440K, reserved 1048576K
}
Event: 11.133 GC heap before
{Heap before GC invocations=21 (full 0):
 garbage-first heap   total 208896K, used 143315K [0x000000008ac00000, 0x0000000100000000)
  region size 1024K, 72 young (73728K), 10 survivors (10240K)
 Metaspace       used 46347K, committed 46656K, reserved 1114112K
  class space    used 5517K, committed 5632K, reserved 1048576K
}
Event: 11.149 GC heap after
{Heap after GC invocations=22 (full 0):
 garbage-first heap   total 208896K, used 93432K [0x000000008ac00000, 0x0000000100000000)
  region size 1024K, 9 young (9216K), 9 survivors (9216K)
 Metaspace       used 46347K, committed 46656K, reserved 1114112K
  class space    used 5517K, committed 5632K, reserved 1048576K
}
Event: 12.977 GC heap before
{Heap before GC invocations=22 (full 0):
 garbage-first heap   total 208896K, used 150776K [0x000000008ac00000, 0x0000000100000000)
  region size 1024K, 65 young (66560K), 9 survivors (9216K)
 Metaspace       used 49830K, committed 50112K, reserved 1114112K
  class space    used 5811K, committed 5952K, reserved 1048576K
}
Event: 13.001 GC heap after
{Heap after GC invocations=23 (full 0):
 garbage-first heap   total 208896K, used 106451K [0x000000008ac00000, 0x0000000100000000)
  region size 1024K, 9 young (9216K), 9 survivors (9216K)
 Metaspace       used 49830K, committed 50112K, reserved 1114112K
  class space    used 5811K, committed 5952K, reserved 1048576K
}
Event: 14.384 GC heap before
{Heap before GC invocations=23 (full 0):
 garbage-first heap   total 208896K, used 156627K [0x000000008ac00000, 0x0000000100000000)
  region size 1024K, 58 young (59392K), 9 survivors (9216K)
 Metaspace       used 55604K, committed 55872K, reserved 1114112K
  class space    used 6275K, committed 6400K, reserved 1048576K
}
Event: 14.407 GC heap after
{Heap after GC invocations=24 (full 0):
 garbage-first heap   total 208896K, used 114015K [0x000000008ac00000, 0x0000000100000000)
  region size 1024K, 7 young (7168K), 7 survivors (7168K)
 Metaspace       used 55604K, committed 55872K, reserved 1114112K
  class space    used 6275K, committed 6400K, reserved 1048576K
}
Event: 15.970 GC heap before
{Heap before GC invocations=25 (full 0):
 garbage-first heap   total 208896K, used 161119K [0x000000008ac00000, 0x0000000100000000)
  region size 1024K, 53 young (54272K), 7 survivors (7168K)
 Metaspace       used 59754K, committed 60032K, reserved 1114112K
  class space    used 6760K, committed 6912K, reserved 1048576K
}
Event: 15.992 GC heap after
{Heap after GC invocations=26 (full 0):
 garbage-first heap   total 208896K, used 121284K [0x000000008ac00000, 0x0000000100000000)
  region size 1024K, 7 young (7168K), 7 survivors (7168K)
 Metaspace       used 59754K, committed 60032K, reserved 1114112K
  class space    used 6760K, committed 6912K, reserved 1048576K
}
Event: 16.126 GC heap before
{Heap before GC invocations=26 (full 0):
 garbage-first heap   total 208896K, used 123332K [0x000000008ac00000, 0x0000000100000000)
  region size 1024K, 10 young (10240K), 7 survivors (7168K)
 Metaspace       used 60380K, committed 60736K, reserved 1114112K
  class space    used 6829K, committed 6976K, reserved 1048576K
}
Event: 16.139 GC heap after
{Heap after GC invocations=27 (full 0):
 garbage-first heap   total 208896K, used 121858K [0x000000008ac00000, 0x0000000100000000)
  region size 1024K, 2 young (2048K), 2 survivors (2048K)
 Metaspace       used 60380K, committed 60736K, reserved 1114112K
  class space    used 6829K, committed 6976K, reserved 1048576K
}

Deoptimization events (20 events):
Event: 16.644 Thread 0x000001db4e751d40 Uncommon trap: trap_request=0xffffff45 fr.pc=0x000001db5ddcec64 relative=0x0000000000000884
Event: 16.644 Thread 0x000001db4e751d40 Uncommon trap: reason=unstable_if action=reinterpret pc=0x000001db5ddcec64 method=org.jetbrains.org.objectweb.asm.Type.getDescriptor()Ljava/lang/String; @ 35 c2
Event: 16.644 Thread 0x000001db4e751d40 DEOPT PACKING pc=0x000001db5ddcec64 sp=0x000000040b2fa710
Event: 16.644 Thread 0x000001db4e751d40 DEOPT UNPACKING pc=0x000001db5d5923a3 sp=0x000000040b2fa6e8 mode 2
Event: 16.737 Thread 0x000001db4e751d40 Uncommon trap: trap_request=0xffffffde fr.pc=0x000001db5ddee9d4 relative=0x0000000000000654
Event: 16.737 Thread 0x000001db4e751d40 Uncommon trap: reason=class_check action=maybe_recompile pc=0x000001db5ddee9d4 method=kotlin.collections.CollectionsKt___CollectionsKt.toSet(Ljava/lang/Iterable;)Ljava/util/Set; @ 71 c2
Event: 16.737 Thread 0x000001db4e751d40 DEOPT PACKING pc=0x000001db5ddee9d4 sp=0x000000040b2fd3e0
Event: 16.737 Thread 0x000001db4e751d40 DEOPT UNPACKING pc=0x000001db5d5923a3 sp=0x000000040b2fd3d0 mode 2
Event: 16.737 Thread 0x000001db4e751d40 Uncommon trap: trap_request=0xffffffde fr.pc=0x000001db5ddee9d4 relative=0x0000000000000654
Event: 16.737 Thread 0x000001db4e751d40 Uncommon trap: reason=class_check action=maybe_recompile pc=0x000001db5ddee9d4 method=kotlin.collections.CollectionsKt___CollectionsKt.toSet(Ljava/lang/Iterable;)Ljava/util/Set; @ 71 c2
Event: 16.737 Thread 0x000001db4e751d40 DEOPT PACKING pc=0x000001db5ddee9d4 sp=0x000000040b2fd3e0
Event: 16.737 Thread 0x000001db4e751d40 DEOPT UNPACKING pc=0x000001db5d5923a3 sp=0x000000040b2fd3d0 mode 2
Event: 16.737 Thread 0x000001db4e751d40 Uncommon trap: trap_request=0xffffffde fr.pc=0x000001db5ddee9d4 relative=0x0000000000000654
Event: 16.737 Thread 0x000001db4e751d40 Uncommon trap: reason=class_check action=maybe_recompile pc=0x000001db5ddee9d4 method=kotlin.collections.CollectionsKt___CollectionsKt.toSet(Ljava/lang/Iterable;)Ljava/util/Set; @ 71 c2
Event: 16.737 Thread 0x000001db4e751d40 DEOPT PACKING pc=0x000001db5ddee9d4 sp=0x000000040b2fd3e0
Event: 16.737 Thread 0x000001db4e751d40 DEOPT UNPACKING pc=0x000001db5d5923a3 sp=0x000000040b2fd3d0 mode 2
Event: 16.739 Thread 0x000001db4e751d40 Uncommon trap: trap_request=0xffffffde fr.pc=0x000001db5ddee9d4 relative=0x0000000000000654
Event: 16.739 Thread 0x000001db4e751d40 Uncommon trap: reason=class_check action=maybe_recompile pc=0x000001db5ddee9d4 method=kotlin.collections.CollectionsKt___CollectionsKt.toSet(Ljava/lang/Iterable;)Ljava/util/Set; @ 71 c2
Event: 16.739 Thread 0x000001db4e751d40 DEOPT PACKING pc=0x000001db5ddee9d4 sp=0x000000040b2fd3e0
Event: 16.739 Thread 0x000001db4e751d40 DEOPT UNPACKING pc=0x000001db5d5923a3 sp=0x000000040b2fd3d0 mode 2

Classes unloaded (0 events):
No events

Classes redefined (0 events):
No events

Internal exceptions (20 events):
Event: 11.564 Thread 0x000001db4e751d40 Exception <a 'java/lang/NoSuchMethodError'{0x0000000096dceef8}: 'java.lang.Object java.lang.invoke.Invokers$Holder.linkToTargetMethod(java.lang.Object, int, java.lang.Object, java.lang.Object, java.lang.Object, java.lang.Object)'> (0x0000000096dceef8) 
thrown [s\open\src\hotspot\share\interpreter\linkResolver.cpp, line 759]
Event: 12.860 Thread 0x000001db4e751d40 Implicit null exception at 0x000001db5db03172 to 0x000001db5db0373c
Event: 12.864 Thread 0x000001db4e751d40 Implicit null exception at 0x000001db5db08d72 to 0x000001db5db0934c
Event: 12.935 Thread 0x000001db4e751d40 Exception <a 'java/lang/NoSuchMethodError'{0x000000009417a3c8}: 'java.lang.Object java.lang.invoke.DirectMethodHandle$Holder.invokeStatic(java.lang.Object, java.lang.Object, int)'> (0x000000009417a3c8) 
thrown [s\open\src\hotspot\share\interpreter\linkResolver.cpp, line 759]
Event: 13.190 Thread 0x000001db4e751d40 Exception <a 'java/lang/NoSuchMethodError'{0x00000000971964d8}: 'java.lang.Object java.lang.invoke.DirectMethodHandle$Holder.newInvokeSpecial(java.lang.Object, java.lang.Object, java.lang.Object, java.lang.Object, java.lang.Object, java.lang.Object, java.lang.Object, java.lang.Object, int)'> (0x00000000971964d8) 
thrown [s\open\src\hotspot\share\interpreter\linkResolver.cpp, line 759]
Event: 13.191 Thread 0x000001db4e751d40 Exception <a 'java/lang/NoSuchMethodError'{0x000000009719bce8}: 'java.lang.Object java.lang.invoke.DirectMethodHandle$Holder.invokeSpecial(java.lang.Object, java.lang.Object, java.lang.Object, java.lang.Object, java.lang.Object, java.lang.Object, java.lang.Object, java.lang.Object, java.lang.Object, int)'> (0x000000009719bce8) 
thrown [s\open\src\hotspot\share\interpreter\linkResolver.cpp, line 759]
Event: 13.262 Thread 0x000001db4e751d40 Exception <a 'java/lang/NoSuchMethodError'{0x0000000096f4dd68}: 'java.lang.Object java.lang.invoke.DirectMethodHandle$Holder.invokeStatic(java.lang.Object, java.lang.Object, int, int)'> (0x0000000096f4dd68) 
thrown [s\open\src\hotspot\share\interpreter\linkResolver.cpp, line 759]
Event: 13.263 Thread 0x000001db4e751d40 Exception <a 'java/lang/NoSuchMethodError'{0x0000000096f55328}: 'java.lang.Object java.lang.invoke.DirectMethodHandle$Holder.newInvokeSpecial(java.lang.Object, java.lang.Object, int, int)'> (0x0000000096f55328) 
thrown [s\open\src\hotspot\share\interpreter\linkResolver.cpp, line 759]
Event: 14.543 Thread 0x000001db4e751d40 Exception <a 'java/lang/NoSuchMethodError'{0x00000000975d2560}: 'java.lang.Object java.lang.invoke.DirectMethodHandle$Holder.invokeStatic(java.lang.Object, java.lang.Object, int, java.lang.Object, java.lang.Object)'> (0x00000000975d2560) 
thrown [s\open\src\hotspot\share\interpreter\linkResolver.cpp, line 759]
Event: 14.545 Thread 0x000001db4e751d40 Exception <a 'java/lang/NoSuchMethodError'{0x00000000975daa08}: 'java.lang.Object java.lang.invoke.DirectMethodHandle$Holder.newInvokeSpecial(java.lang.Object, java.lang.Object, int, java.lang.Object, java.lang.Object)'> (0x00000000975daa08) 
thrown [s\open\src\hotspot\share\interpreter\linkResolver.cpp, line 759]
Event: 14.545 Thread 0x000001db4e751d40 Exception <a 'java/lang/NoSuchMethodError'{0x00000000975df198}: 'java.lang.Object java.lang.invoke.DirectMethodHandle$Holder.invokeSpecial(java.lang.Object, java.lang.Object, java.lang.Object, int, java.lang.Object, java.lang.Object)'> (0x00000000975df198) 
thrown [s\open\src\hotspot\share\interpreter\linkResolver.cpp, line 759]
Event: 14.546 Thread 0x000001db4e751d40 Exception <a 'java/lang/NoSuchMethodError'{0x00000000975e2ee8}: 'java.lang.Object java.lang.invoke.Invokers$Holder.linkToTargetMethod(java.lang.Object, int, java.lang.Object, java.lang.Object, java.lang.Object)'> (0x00000000975e2ee8) 
thrown [s\open\src\hotspot\share\interpreter\linkResolver.cpp, line 759]
Event: 15.231 Thread 0x000001db4e751d40 Exception <a 'java/lang/NoSuchMethodError'{0x0000000095b54580}: 'java.lang.Object java.lang.invoke.DirectMethodHandle$Holder.newInvokeSpecial(java.lang.Object, java.lang.Object, java.lang.Object, java.lang.Object, java.lang.Object, java.lang.Object, int)'> (0x0000000095b54580) 
thrown [s\open\src\hotspot\share\interpreter\linkResolver.cpp, line 759]
Event: 15.232 Thread 0x000001db4e751d40 Exception <a 'java/lang/NoSuchMethodError'{0x0000000095b59728}: 'java.lang.Object java.lang.invoke.DirectMethodHandle$Holder.invokeSpecial(java.lang.Object, java.lang.Object, java.lang.Object, java.lang.Object, java.lang.Object, java.lang.Object, java.lang.Object, int)'> (0x0000000095b59728) 
thrown [s\open\src\hotspot\share\interpreter\linkResolver.cpp, line 759]
Event: 15.613 Thread 0x000001db4e751d40 Exception <a 'java/lang/NoSuchMethodError'{0x00000000952576c0}: 'java.lang.Object java.lang.invoke.DirectMethodHandle$Holder.invokeStatic(java.lang.Object, java.lang.Object, java.lang.Object, java.lang.Object, java.lang.Object, int, java.lang.Object, java.lang.Object)'> (0x00000000952576c0) 
thrown [s\open\src\hotspot\share\interpreter\linkResolver.cpp, line 759]
Event: 15.670 Thread 0x000001db4e751d40 Exception <a 'java/lang/NoSuchMethodError'{0x00000000951c66b0}: 'java.lang.Object java.lang.invoke.DirectMethodHandle$Holder.newInvokeSpecial(java.lang.Object, int, java.lang.Object, java.lang.Object, java.lang.Object)'> (0x00000000951c66b0) 
thrown [s\open\src\hotspot\share\interpreter\linkResolver.cpp, line 759]
Event: 15.671 Thread 0x000001db4e751d40 Exception <a 'java/lang/NoSuchMethodError'{0x00000000951caac0}: 'java.lang.Object java.lang.invoke.DirectMethodHandle$Holder.invokeSpecial(java.lang.Object, java.lang.Object, int, java.lang.Object, java.lang.Object, java.lang.Object)'> (0x00000000951caac0) 
thrown [s\open\src\hotspot\share\interpreter\linkResolver.cpp, line 759]
Event: 15.671 Thread 0x000001db4e751d40 Exception <a 'java/lang/NoSuchMethodError'{0x00000000951ce560}: 'java.lang.Object java.lang.invoke.Invokers$Holder.linkToTargetMethod(int, java.lang.Object, java.lang.Object, java.lang.Object, java.lang.Object)'> (0x00000000951ce560) 
thrown [s\open\src\hotspot\share\interpreter\linkResolver.cpp, line 759]
Event: 16.196 Thread 0x000001db4e751d40 Exception <a 'java/lang/NoSuchMethodError'{0x00000000977cc758}: 'java.lang.Object java.lang.invoke.DirectMethodHandle$Holder.newInvokeSpecial(java.lang.Object, int, java.lang.Object, int)'> (0x00000000977cc758) 
thrown [s\open\src\hotspot\share\interpreter\linkResolver.cpp, line 759]
Event: 16.198 Thread 0x000001db4e751d40 Exception <a 'java/lang/NoSuchMethodError'{0x00000000977d07d0}: 'java.lang.Object java.lang.invoke.DirectMethodHandle$Holder.invokeSpecial(java.lang.Object, java.lang.Object, int, java.lang.Object, int)'> (0x00000000977d07d0) 
thrown [s\open\src\hotspot\share\interpreter\linkResolver.cpp, line 759]

VM Operations (20 events):
Event: 15.824 Executing VM operation: HandshakeAllThreads done
Event: 15.970 Executing VM operation: G1CollectForAllocation
Event: 15.993 Executing VM operation: G1CollectForAllocation done
Event: 16.126 Executing VM operation: G1CollectForAllocation
Event: 16.140 Executing VM operation: G1CollectForAllocation done
Event: 16.246 Executing VM operation: HandshakeAllThreads
Event: 16.246 Executing VM operation: HandshakeAllThreads done
Event: 16.247 Executing VM operation: HandshakeAllThreads
Event: 16.248 Executing VM operation: HandshakeAllThreads done
Event: 16.478 Executing VM operation: HandshakeAllThreads
Event: 16.478 Executing VM operation: HandshakeAllThreads done
Event: 16.510 Executing VM operation: HandshakeAllThreads
Event: 16.511 Executing VM operation: HandshakeAllThreads done
Event: 16.514 Executing VM operation: HandshakeAllThreads
Event: 16.514 Executing VM operation: HandshakeAllThreads done
Event: 16.709 Executing VM operation: ICBufferFull
Event: 16.709 Executing VM operation: ICBufferFull done
Event: 16.815 Executing VM operation: HandshakeAllThreads
Event: 16.815 Executing VM operation: HandshakeAllThreads done
Event: 17.821 Executing VM operation: Cleanup

Events (20 events):
Event: 15.373 Thread 0x000001db6c765590 flushing nmethod 0x000001db570beb90
Event: 15.373 Thread 0x000001db6c765590 flushing nmethod 0x000001db570d4190
Event: 15.373 Thread 0x000001db6c765590 flushing nmethod 0x000001db570ebd10
Event: 15.373 Thread 0x000001db6c765590 flushing nmethod 0x000001db57106410
Event: 15.373 Thread 0x000001db6c765590 flushing nmethod 0x000001db57111a10
Event: 15.373 Thread 0x000001db6c765590 flushing nmethod 0x000001db57118f10
Event: 15.373 Thread 0x000001db6c765590 flushing nmethod 0x000001db57120910
Event: 15.373 Thread 0x000001db6c765590 flushing nmethod 0x000001db57126790
Event: 15.373 Thread 0x000001db6c765590 flushing nmethod 0x000001db57129a10
Event: 15.373 Thread 0x000001db6c765590 flushing nmethod 0x000001db57177390
Event: 15.373 Thread 0x000001db6c765590 flushing nmethod 0x000001db57183c90
Event: 15.374 Thread 0x000001db6c765590 flushing nmethod 0x000001db571ac010
Event: 15.374 Thread 0x000001db6c765590 flushing nmethod 0x000001db571ae510
Event: 15.374 Thread 0x000001db6c765590 flushing nmethod 0x000001db571af090
Event: 15.374 Thread 0x000001db6c765590 flushing nmethod 0x000001db571b0890
Event: 15.374 Thread 0x000001db6c765590 flushing nmethod 0x000001db5721c290
Event: 15.375 Thread 0x000001db6c765590 flushing nmethod 0x000001db572ba110
Event: 15.375 Thread 0x000001db6c765590 flushing nmethod 0x000001db572d7b90
Event: 15.375 Thread 0x000001db6c765590 flushing nmethod 0x000001db57303990
Event: 15.375 Thread 0x000001db6c765590 flushing nmethod 0x000001db5734fa90


Dynamic libraries:
0x00007ff777900000 - 0x00007ff777910000 	C:\Program Files\Java\jdk-17\bin\java.exe
0x00007ffbd2520000 - 0x00007ffbd2780000 	C:\WINDOWS\SYSTEM32\ntdll.dll
0x00007ffbd19c0000 - 0x00007ffbd1a87000 	C:\WINDOWS\System32\KERNEL32.DLL
0x00007ffbcff50000 - 0x00007ffbd031a000 	C:\WINDOWS\System32\KERNELBASE.dll
0x00007ffbcf700000 - 0x00007ffbcf84b000 	C:\WINDOWS\System32\ucrtbase.dll
0x00007ffb9cdc0000 - 0x00007ffb9cddb000 	C:\Program Files\Java\jdk-17\bin\VCRUNTIME140.dll
0x00007ffba4170000 - 0x00007ffba4189000 	C:\Program Files\Java\jdk-17\bin\jli.dll
0x00007ffbd1900000 - 0x00007ffbd19b2000 	C:\WINDOWS\System32\ADVAPI32.dll
0x00007ffbd0ca0000 - 0x00007ffbd0d49000 	C:\WINDOWS\System32\msvcrt.dll
0x00007ffbd2080000 - 0x00007ffbd2126000 	C:\WINDOWS\System32\sechost.dll
0x00007ffbd1a90000 - 0x00007ffbd1ba6000 	C:\WINDOWS\System32\RPCRT4.dll
0x00007ffbd2140000 - 0x00007ffbd230c000 	C:\WINDOWS\System32\USER32.dll
0x00007ffbcf910000 - 0x00007ffbcf937000 	C:\WINDOWS\System32\win32u.dll
0x00007ffbc1000000 - 0x00007ffbc1297000 	C:\WINDOWS\WinSxS\amd64_microsoft.windows.common-controls_6595b64144ccf1df_6.0.26100.3624_none_3e086962e3345f24\COMCTL32.dll
0x00007ffbd1bb0000 - 0x00007ffbd1bda000 	C:\WINDOWS\System32\GDI32.dll
0x00007ffbcfc90000 - 0x00007ffbcfdc1000 	C:\WINDOWS\System32\gdi32full.dll
0x00007ffbcfbe0000 - 0x00007ffbcfc83000 	C:\WINDOWS\System32\msvcp_win.dll
0x00007ffbc7b80000 - 0x00007ffbc7b8b000 	C:\WINDOWS\SYSTEM32\VERSION.dll
0x00007ffbd23a0000 - 0x00007ffbd23cf000 	C:\WINDOWS\System32\IMM32.DLL
0x00007ffba4130000 - 0x00007ffba413c000 	C:\Program Files\Java\jdk-17\bin\vcruntime140_1.dll
0x00007ffb73df0000 - 0x00007ffb73e7e000 	C:\Program Files\Java\jdk-17\bin\msvcp140.dll
0x00007ffb6d420000 - 0x00007ffb6e000000 	C:\Program Files\Java\jdk-17\bin\server\jvm.dll
0x00007ffbd2130000 - 0x00007ffbd2138000 	C:\WINDOWS\System32\PSAPI.DLL
0x00007ffbc7d50000 - 0x00007ffbc7d86000 	C:\WINDOWS\SYSTEM32\WINMM.dll
0x00007ffba3cb0000 - 0x00007ffba3cba000 	C:\WINDOWS\SYSTEM32\WSOCK32.dll
0x00007ffbd0c20000 - 0x00007ffbd0c94000 	C:\WINDOWS\System32\WS2_32.dll
0x00007ffbce510000 - 0x00007ffbce52a000 	C:\WINDOWS\SYSTEM32\kernel.appcore.dll
0x00007ffba35f0000 - 0x00007ffba35fa000 	C:\Program Files\Java\jdk-17\bin\jimage.dll
0x00007ffbc3b90000 - 0x00007ffbc3dd1000 	C:\WINDOWS\SYSTEM32\DBGHELP.DLL
0x00007ffbd0d50000 - 0x00007ffbd10d2000 	C:\WINDOWS\System32\combase.dll
0x00007ffbd0ac0000 - 0x00007ffbd0b96000 	C:\WINDOWS\System32\OLEAUT32.dll
0x00007ffbac1a0000 - 0x00007ffbac1d9000 	C:\WINDOWS\SYSTEM32\dbgcore.DLL
0x00007ffbcf940000 - 0x00007ffbcf9d9000 	C:\WINDOWS\System32\bcryptPrimitives.dll
0x00007ffb783a0000 - 0x00007ffb783c5000 	C:\Program Files\Java\jdk-17\bin\java.dll
0x00007ffb71f40000 - 0x00007ffb72017000 	C:\Program Files\Java\jdk-17\bin\jsvml.dll
0x00007ffbd10e0000 - 0x00007ffbd1809000 	C:\WINDOWS\System32\SHELL32.dll
0x00007ffbcf9e0000 - 0x00007ffbcfb48000 	C:\WINDOWS\System32\wintypes.dll
0x00007ffbcd3c0000 - 0x00007ffbcdc12000 	C:\WINDOWS\SYSTEM32\windows.storage.dll
0x00007ffbd1810000 - 0x00007ffbd18fd000 	C:\WINDOWS\System32\SHCORE.dll
0x00007ffbd0320000 - 0x00007ffbd0384000 	C:\WINDOWS\System32\shlwapi.dll
0x00007ffbcf610000 - 0x00007ffbcf63f000 	C:\WINDOWS\SYSTEM32\profapi.dll
0x00007ffb84f80000 - 0x00007ffb84f99000 	C:\Program Files\Java\jdk-17\bin\net.dll
0x00007ffbc78f0000 - 0x00007ffbc7a0d000 	C:\WINDOWS\SYSTEM32\WINHTTP.dll
0x00007ffbcea30000 - 0x00007ffbcea9a000 	C:\WINDOWS\system32\mswsock.dll
0x00007ffb838f0000 - 0x00007ffb83906000 	C:\Program Files\Java\jdk-17\bin\nio.dll
0x00007ffb85c80000 - 0x00007ffb85c98000 	C:\Program Files\Java\jdk-17\bin\zip.dll
0x00007ffb86520000 - 0x00007ffb86530000 	C:\Program Files\Java\jdk-17\bin\verify.dll

dbghelp: loaded successfully - version: 4.0.5 - missing functions: none
symbol engine: initialized successfully - sym options: 0x614 - pdb path: .;C:\Program Files\Java\jdk-17\bin;C:\WINDOWS\SYSTEM32;C:\WINDOWS\WinSxS\amd64_microsoft.windows.common-controls_6595b64144ccf1df_6.0.26100.3624_none_3e086962e3345f24;C:\Program Files\Java\jdk-17\bin\server

VM Arguments:
java_command: org.jetbrains.kotlin.cli.jvm.K2JVMCompiler @C:\Project\MyApplication3\app\build\20250414_18166369304608535556.compiler.options
java_class_path (initial): C:\Users\Ari Awaludin\.gradle\caches\modules-2\files-2.1\org.jetbrains.kotlin\kotlin-compiler-embeddable\2.0.21\79346ed53db48b18312a472602eb5c057070c54d\kotlin-compiler-embeddable-2.0.21.jar;C:\Users\Ari Awaludin\.gradle\caches\modules-2\files-2.1\org.jetbrains.kotlin\kotlin-stdlib\2.0.21\618b539767b4899b4660a83006e052b63f1db551\kotlin-stdlib-2.0.21.jar;C:\Users\Ari Awaludin\.gradle\caches\modules-2\files-2.1\org.jetbrains.kotlin\kotlin-script-runtime\2.0.21\c9b044380ad41f89aa89aa896c2d32a8c0b2129d\kotlin-script-runtime-2.0.21.jar;C:\Users\Ari Awaludin\.gradle\caches\modules-2\files-2.1\org.jetbrains.kotlin\kotlin-reflect\1.6.10\1cbe9c92c12a94eea200d23c2bbaedaf3daf5132\kotlin-reflect-1.6.10.jar;C:\Users\Ari Awaludin\.gradle\caches\modules-2\files-2.1\org.jetbrains.kotlin\kotlin-daemon-embeddable\2.0.21\c9e933b23287de9b5a17e2116b4657bb91aea72c\kotlin-daemon-embeddable-2.0.21.jar;C:\Users\Ari Awaludin\.gradle\caches\modules-2\files-2.1\org.jetbrains.intellij.deps\trove4j\1.0.20200330\3afb14d5f9ceb459d724e907a21145e8ff394f02\trove4j-1.0.20200330.jar;C:\Users\Ari Awaludin\.gradle\caches\modules-2\files-2.1\org.jetbrains.kotlinx\kotlinx-coroutines-core-jvm\1.6.4\2c997cd1c0ef33f3e751d3831929aeff1390cb30\kotlinx-coroutines-core-jvm-1.6.4.jar;C:\Users\Ari Awaludin\.gradle\caches\modules-2\files-2.1\org.jetbrains\annotations\13.0\919f0dfe192fb4e063e7dacadee7f8bb9a2672a9\annotations-13.0.jar
Launcher Type: SUN_STANDARD

[Global flags]
     intx CICompilerCount                          = 4                                         {product} {ergonomic}
     uint ConcGCThreads                            = 3                                         {product} {ergonomic}
     uint G1ConcRefinementThreads                  = 10                                        {product} {ergonomic}
   size_t G1HeapRegionSize                         = 1048576                                   {product} {ergonomic}
    uintx GCDrainStackTargetSize                   = 64                                        {product} {ergonomic}
   size_t InitialHeapSize                          = 123731968                                 {product} {ergonomic}
   size_t MarkStackSize                            = 4194304                                   {product} {ergonomic}
   size_t MaxHeapSize                              = 1967128576                                {product} {ergonomic}
   size_t MaxNewSize                               = 1179648000                                {product} {ergonomic}
   size_t MinHeapDeltaBytes                        = 1048576                                   {product} {ergonomic}
   size_t MinHeapSize                              = 8388608                                   {product} {ergonomic}
    uintx NonNMethodCodeHeapSize                   = 5839372                                {pd product} {ergonomic}
    uintx NonProfiledCodeHeapSize                  = 122909434                              {pd product} {ergonomic}
    uintx ProfiledCodeHeapSize                     = 122909434                              {pd product} {ergonomic}
    uintx ReservedCodeCacheSize                    = 251658240                              {pd product} {ergonomic}
     bool SegmentedCodeCache                       = true                                      {product} {ergonomic}
   size_t SoftMaxHeapSize                          = 1967128576                             {manageable} {ergonomic}
     bool UseCompressedClassPointers               = true                           {product lp64_product} {ergonomic}
     bool UseCompressedOops                        = true                           {product lp64_product} {ergonomic}
     bool UseG1GC                                  = true                                      {product} {ergonomic}
     bool UseLargePagesIndividualAllocation        = false                                  {pd product} {ergonomic}

Logging:
Log output configuration:
 #0: stdout all=warning uptime,level,tags
 #1: stderr all=off uptime,level,tags

Environment Variables:
JAVA_HOME=C:\Program Files\Java\jdk-17\bin
PATH=C:\Program Files (x86)\Common Files\Intel\Shared Libraries\redist\intel64\compiler;C:\WINDOWS\system32;C:\WINDOWS;C:\WINDOWS\System32\Wbem;C:\WINDOWS\System32\WindowsPowerShell\v1.0\;C:\WINDOWS\System32\OpenSSH\;C:\Program Files\dotnet\;C:\Program Files\HP\HP One Agent;C:\Program Files\Git\cmd;C:\ProgramData\ComposerSetup\bin;C:\Users\Ari Awaludin\AppData\Local\Packages\PythonSoftwareFoundation.Python.3.11_qbz5n2kfra8p0\LocalCache\local-packages\Python311\Scripts;C:\WINDOWS\system32;C:\WINDOWS;C:\WINDOWS\System32\Wbem;C:\WINDOWS\System32\WindowsPowerShell\v1.0\;C:\WINDOWS\System32\OpenSSH\;C:\Users\Ari Awaludin\AppData\Local\Microsoft\WindowsApps\PythonSoftwareFoundation.Python.3.11_qbz5n2kfra8p0;C:\xampp\php;C:\Program Files\Go\bin;C:\Program Files\nodejs\;C:\ProgramData\chocolatey\bin;C:\Program Files\Java\jdk-17\bin\bin;C:\adb\platform-tools;C:\Android\Sdk;C:\flutter\src\flutter\bin;C:\Program Files\Java\jdk-11\bin;C:\Program Files (x86)\Microsoft SQL Server\160\DTS\Binn\;C:\Program Files (x86)\Microsoft SQL Server\160\Tools\Binn\;C:\Program Files\Microsoft SQL Server\160\Tools\Binn\;C:\Program Files\Microsoft SQL Server\Client SDK\ODBC\170\Tools\Binn\;C:\Program Files\Microsoft SQL Server\160\DTS\Binn\;C:\Program Files\Microsoft SQL Server\Client SDK\ODBC\170\Tools\Binn\;C:\Android\Sdk\emulator;C:\Program Files\Java\jdk-17\bin;%PNPM_HOME%;C:\laragon\bin;C:\laragon\bin\apache\httpd-2.4.54-win64-VS16\bin;C:\laragon\bin\composer;C:\laragon\bin\git\bin;C:\laragon\bin\git\cmd;C:\laragon\bin\git\mingw64\bin;C:\laragon\bin\git\usr\bin;C:\laragon\bin\laragon\utils;C:\laragon\bin\mysql\mysql-8.0.30-winx64\bin;C:\laragon\bin\nginx\nginx-1.22.0;C:\laragon\bin\ngrok;C:\laragon\bin\notepad++;C:\laragon\bin\python\python-3.10;C:\laragon\bin\python\python-3.10\Scripts;C:\laragon\bin\redis\redis-x64-5.0.14.1;C:\laragon\bin\telnet;C:\laragon\usr\bin;C:\Users\Ari Awaludin\AppData\Local\Yarn\config\global\node_modules\.bin;C:\Users\Ari Awaludin\AppData\Roaming\Composer\vendor\bi
USERNAME=Ari Awaludin
OS=Windows_NT
PROCESSOR_IDENTIFIER=AMD64 Family 23 Model 104 Stepping 1, AuthenticAMD



---------------  S Y S T E M  ---------------

OS:
 Windows 11 , 64 bit Build 26100 (10.0.26100.3775)
OS uptime: 0 days 6:42 hours

CPU: total 12 (initial active 12) (12 cores per cpu, 2 threads per core) family 23 model 104 stepping 1 microcode 0x8608104, cx8, cmov, fxsr, ht, mmx, 3dnowpref, sse, sse2, sse3, ssse3, sse4a, sse4.1, sse4.2, popcnt, lzcnt, tsc, tscinvbit, avx, avx2, aes, clmul, bmi1, bmi2, adx, sha, fma, vzeroupper, clflush, clflushopt

Memory: 4k page, system-wide physical 7502M (1231M free)
TotalPageFile size 19790M (AvailPageFile size 1760M)
current process WorkingSet (physical memory assigned to process): 402M, peak: 408M
current process commit charge ("private bytes"): 451M, peak: 455M

vm_info: Java HotSpot(TM) 64-Bit Server VM (17.0.12+8-LTS-286) for windows-amd64 JRE (17.0.12+8-LTS-286), built on Jun  5 2024 06:46:59 by "mach5one" with MS VC++ 17.6 (VS2022)

END.
